#
# There is insufficient memory for the Java Runtime Environment to continue.
# Native memory allocation (malloc) failed to allocate 1235856 bytes. Error detail: Chunk::new
# Possible reasons:
#   The system is out of physical RAM or swap space
#   This process is running with CompressedOops enabled, and the Java Heap may be blocking the growth of the native heap
# Possible solutions:
#   Reduce memory load on the system
#   Increase physical memory or swap space
#   Check if swap backing store is full
#   Decrease Java heap size (-Xmx/-Xms)
#   Decrease number of Java threads
#   Decrease Java thread stack sizes (-Xss)
#   Set larger code cache with -XX:ReservedCodeCacheSize=
#   JVM is running with Unscaled Compressed Oops mode in which the Java heap is
#     placed in the first 4GB address space. The Java Heap base address is the
#     maximum limit for the native heap growth. Please use -XX:HeapBaseMinAddress
#     to set the Java Heap base and to place the Java Heap above 4GB virtual address.
# This output file may be truncated or incomplete.
#
#  Out of Memory Error (arena.cpp:191), pid=1560, tid=28096
#
# JRE version: OpenJDK Runtime Environment Temurin-17.0.13+11 (17.0.13+11) (build 17.0.13+11)
# Java VM: OpenJDK 64-Bit Server VM Temurin-17.0.13+11 (17.0.13+11, mixed mode, tiered, compressed oops, compressed class ptrs, g1 gc, windows-amd64)
# No core dump will be written. Minidumps are not enabled by default on client versions of Windows
#

---------------  S U M M A R Y ------------

Command Line: -agentlib:jdwp=transport=dt_socket,server=n,suspend=y,address=localhost:62535 -XX:+ShowCodeDetailsInExceptionMessages com.bot.watsappbot.WatsappbotApplication

Host: 12th Gen Intel(R) Core(TM) i5-1235U, 12 cores, 7G,  Windows 10 , 64 bit Build 19041 (10.0.19041.5198)
Time: Sun Dec 15 22:17:15 2024 Pakistan Standard Time elapsed time: 8.018294 seconds (0d 0h 0m 8s)

---------------  T H R E A D  ---------------

Current thread (0x000001796c51be50):  JavaThread "C2 CompilerThread1" daemon [_thread_in_native, id=28096, stack(0x00000006afd00000,0x00000006afe00000)]


Current CompileTask:
C2:   8018 4585       4       java.lang.invoke.MethodType::makeImpl (109 bytes)

Stack: [0x00000006afd00000,0x00000006afe00000]
Native frames: (J=compiled Java code, j=interpreted, Vv=VM code, C=native code)
V  [jvm.dll+0x682a19]
V  [jvm.dll+0x839538]
V  [jvm.dll+0x83afe3]
V  [jvm.dll+0x83b653]
V  [jvm.dll+0x24704f]
V  [jvm.dll+0xace34]
V  [jvm.dll+0xad4cc]
V  [jvm.dll+0x36592f]
V  [jvm.dll+0x32fbd8]
V  [jvm.dll+0x32f05a]
V  [jvm.dll+0x21804f]
V  [jvm.dll+0x21748f]
V  [jvm.dll+0x1a3070]
V  [jvm.dll+0x22788c]
V  [jvm.dll+0x2259eb]
V  [jvm.dll+0x7eec98]
V  [jvm.dll+0x7e8ffc]
V  [jvm.dll+0x6818f7]
C  [ucrtbase.dll+0x21bb2]
C  [KERNEL32.DLL+0x17374]
C  [ntdll.dll+0x4cc91]


---------------  P R O C E S S  ---------------

Threads class SMR info:
_java_thread_list=0x000001796dc538d0, length=26, elements={
0x000001794aae7cf0, 0x0000017966290680, 0x0000017966294ac0, 0x0000017966289900,
0x000001796628a2c0, 0x000001796628ac80, 0x000001796628b640, 0x000001796628c330,
0x000001796628cd30, 0x000001796628ea50, 0x000001796646f6a0, 0x0000017966473760,
0x0000017966475880, 0x000001796647cd30, 0x0000017966493020, 0x000001796ba215c0,
0x000001796ba21aa0, 0x000001796e0a3e30, 0x000001796e0a3920, 0x000001796e0a5780,
0x000001796e0a61a0, 0x000001796e0a4d60, 0x000001796c51be50, 0x000001796e0a2f00,
0x000001796e0a5270, 0x000001796e0a3410
}

Java Threads: ( => current thread )
  0x000001794aae7cf0 JavaThread "main" [_thread_blocked, id=29012, stack(0x00000006ae700000,0x00000006ae800000)]
  0x0000017966290680 JavaThread "Reference Handler" daemon [_thread_blocked, id=2556, stack(0x00000006aee00000,0x00000006aef00000)]
  0x0000017966294ac0 JavaThread "Finalizer" daemon [_thread_blocked, id=28952, stack(0x00000006aef00000,0x00000006af000000)]
  0x0000017966289900 JavaThread "Signal Dispatcher" daemon [_thread_blocked, id=13400, stack(0x00000006af000000,0x00000006af100000)]
  0x000001796628a2c0 JavaThread "Attach Listener" daemon [_thread_blocked, id=22184, stack(0x00000006af100000,0x00000006af200000)]
  0x000001796628ac80 JavaThread "Service Thread" daemon [_thread_blocked, id=27412, stack(0x00000006af200000,0x00000006af300000)]
  0x000001796628b640 JavaThread "Monitor Deflation Thread" daemon [_thread_blocked, id=8380, stack(0x00000006af300000,0x00000006af400000)]
  0x000001796628c330 JavaThread "C2 CompilerThread0" daemon [_thread_blocked, id=28768, stack(0x00000006af400000,0x00000006af500000)]
  0x000001796628cd30 JavaThread "C1 CompilerThread0" daemon [_thread_blocked, id=14972, stack(0x00000006af500000,0x00000006af600000)]
  0x000001796628ea50 JavaThread "Sweeper thread" daemon [_thread_blocked, id=28700, stack(0x00000006af600000,0x00000006af700000)]
  0x000001796646f6a0 JavaThread "JDWP Transport Listener: dt_socket" daemon [_thread_blocked, id=27488, stack(0x00000006af700000,0x00000006af800000)]
  0x0000017966473760 JavaThread "JDWP Event Helper Thread" daemon [_thread_blocked, id=3708, stack(0x00000006af800000,0x00000006af900000)]
  0x0000017966475880 JavaThread "JDWP Command Reader" daemon [_thread_in_native, id=24200, stack(0x00000006af900000,0x00000006afa00000)]
  0x000001796647cd30 JavaThread "Notification Thread" daemon [_thread_blocked, id=29172, stack(0x00000006afa00000,0x00000006afb00000)]
  0x0000017966493020 JavaThread "Common-Cleaner" daemon [_thread_blocked, id=9976, stack(0x00000006afc00000,0x00000006afd00000)]
  0x000001796ba215c0 JavaThread "Thread-0" [_thread_blocked, id=12472, stack(0x00000006aff00000,0x00000006b0000000)]
  0x000001796ba21aa0 JavaThread "restartedMain" [_thread_in_Java, id=29340, stack(0x00000006b0000000,0x00000006b0100000)]
  0x000001796e0a3e30 JavaThread "Catalina-utility-1" [_thread_blocked, id=8056, stack(0x00000006b0700000,0x00000006b0800000)]
  0x000001796e0a3920 JavaThread "Catalina-utility-2" [_thread_blocked, id=17220, stack(0x00000006b0d00000,0x00000006b0e00000)]
  0x000001796e0a5780 JavaThread "container-0" [_thread_blocked, id=5996, stack(0x00000006b0e00000,0x00000006b0f00000)]
  0x000001796e0a61a0 JavaThread "oracle.jdbc.driver.BlockSource.ThreadedCachingBlockSource.BlockReleaser" daemon [_thread_blocked, id=16396, stack(0x00000006afe00000,0x00000006aff00000)]
  0x000001796e0a4d60 JavaThread "InterruptTimer" daemon [_thread_blocked, id=8740, stack(0x00000006b0f00000,0x00000006b1000000)]
=>0x000001796c51be50 JavaThread "C2 CompilerThread1" daemon [_thread_in_native, id=28096, stack(0x00000006afd00000,0x00000006afe00000)]
  0x000001796e0a2f00 JavaThread "OJDBC-WORKER-THREAD-1" daemon [_thread_blocked, id=15316, stack(0x00000006b1000000,0x00000006b1100000)]
  0x000001796e0a5270 JavaThread "HikariPool-1 housekeeper" daemon [_thread_blocked, id=27272, stack(0x00000006b1100000,0x00000006b1200000)]
  0x000001796e0a3410 JavaThread "HikariPool-1 connection adder" daemon [_thread_in_native, id=26868, stack(0x00000006b1200000,0x00000006b1300000)]

Other Threads:
  0x0000017966265650 VMThread "VM Thread" [stack: 0x00000006aed00000,0x00000006aee00000] [id=28344]
  0x000001796647d620 WatcherThread [stack: 0x00000006afb00000,0x00000006afc00000] [id=21988]
  0x000001794ab481b0 GCTaskThread "GC Thread#0" [stack: 0x00000006ae800000,0x00000006ae900000] [id=20460]
  0x000001796b998ad0 GCTaskThread "GC Thread#1" [stack: 0x00000006b0100000,0x00000006b0200000] [id=27556]
  0x000001796b837570 GCTaskThread "GC Thread#2" [stack: 0x00000006b0200000,0x00000006b0300000] [id=22772]
  0x000001796b97f760 GCTaskThread "GC Thread#3" [stack: 0x00000006b0300000,0x00000006b0400000] [id=26020]
  0x000001796c31c5e0 GCTaskThread "GC Thread#4" [stack: 0x00000006b0400000,0x00000006b0500000] [id=27820]
  0x000001796c1dfc40 GCTaskThread "GC Thread#5" [stack: 0x00000006b0500000,0x00000006b0600000] [id=23360]
  0x000001796c078c80 GCTaskThread "GC Thread#6" [stack: 0x00000006b0600000,0x00000006b0700000] [id=28316]
  0x000001796bed9fd0 GCTaskThread "GC Thread#7" [stack: 0x00000006b0800000,0x00000006b0900000] [id=27568]
  0x000001796c22dd50 GCTaskThread "GC Thread#8" [stack: 0x00000006b0900000,0x00000006b0a00000] [id=27668]
  0x000001796cc3e8c0 GCTaskThread "GC Thread#9" [stack: 0x00000006b0a00000,0x00000006b0b00000] [id=6664]
  0x000001794ab58880 ConcurrentGCThread "G1 Main Marker" [stack: 0x00000006ae900000,0x00000006aea00000] [id=24840]
  0x000001794ab5a2b0 ConcurrentGCThread "G1 Conc#0" [stack: 0x00000006aea00000,0x00000006aeb00000] [id=29464]
  0x000001796c1cfed0 ConcurrentGCThread "G1 Conc#1" [stack: 0x00000006b0b00000,0x00000006b0c00000] [id=29368]
  0x000001796c1d0190 ConcurrentGCThread "G1 Conc#2" [stack: 0x00000006b0c00000,0x00000006b0d00000] [id=27140]
  0x00000179660cdd60 ConcurrentGCThread "G1 Refine#0" [stack: 0x00000006aeb00000,0x00000006aec00000] [id=26932]
  0x00000179660ce5a0 ConcurrentGCThread "G1 Service" [stack: 0x00000006aec00000,0x00000006aed00000] [id=25536]

Threads with active compile tasks:
C2 CompilerThread1     8043 4585       4       java.lang.invoke.MethodType::makeImpl (109 bytes)

VM state: not at safepoint (normal execution)

VM Mutex/Monitor currently owned by a thread: None

Heap address: 0x0000000084400000, size: 1980 MB, Compressed Oops mode: 32-bit

CDS archive(s) not mapped
Compressed class space mapped at: 0x0000000100000000-0x0000000140000000, reserved size: 1073741824
Narrow klass base: 0x0000000000000000, Narrow klass shift: 3, Narrow klass range: 0x140000000

GC Precious Log:
 CPUs: 12 total, 12 available
 Memory: 7916M
 Large Page Support: Disabled
 NUMA Support: Disabled
 Compressed Oops: Enabled (32-bit)
 Heap Region Size: 1M
 Heap Min Capacity: 8M
 Heap Initial Capacity: 124M
 Heap Max Capacity: 1980M
 Pre-touch: Disabled
 Parallel Workers: 10
 Concurrent Workers: 3
 Concurrent Refinement Workers: 10
 Periodic GC: Disabled

Heap:
 garbage-first heap   total 75776K, used 43586K [0x0000000084400000, 0x0000000100000000)
  region size 1024K, 26 young (26624K), 4 survivors (4096K)
 Metaspace       used 58222K, committed 58688K, reserved 1114112K
  class space    used 7478K, committed 7680K, reserved 1048576K

Heap Regions: E=young(eden), S=young(survivor), O=old, HS=humongous(starts), HC=humongous(continues), CS=collection set, F=free, OA=open archive, CA=closed archive, TAMS=top-at-mark-start (previous, next)
|   0|0x0000000084400000, 0x0000000084500000, 0x0000000084500000|100%|HS|  |TAMS 0x0000000084500000, 0x0000000084400000| Complete 
|   1|0x0000000084500000, 0x0000000084600000, 0x0000000084600000|100%| O|  |TAMS 0x0000000084600000, 0x0000000084500000| Untracked 
|   2|0x0000000084600000, 0x0000000084700000, 0x0000000084700000|100%| O|  |TAMS 0x0000000084700000, 0x0000000084600000| Untracked 
|   3|0x0000000084700000, 0x0000000084800000, 0x0000000084800000|100%| O|  |TAMS 0x0000000084800000, 0x0000000084700000| Untracked 
|   4|0x0000000084800000, 0x0000000084900000, 0x0000000084900000|100%| O|  |TAMS 0x0000000084900000, 0x0000000084800000| Untracked 
|   5|0x0000000084900000, 0x0000000084a00000, 0x0000000084a00000|100%| O|  |TAMS 0x0000000084a00000, 0x0000000084900000| Untracked 
|   6|0x0000000084a00000, 0x0000000084b00000, 0x0000000084b00000|100%| O|  |TAMS 0x0000000084b00000, 0x0000000084a00000| Untracked 
|   7|0x0000000084b00000, 0x0000000084c00000, 0x0000000084c00000|100%| O|  |TAMS 0x0000000084c00000, 0x0000000084b00000| Untracked 
|   8|0x0000000084c00000, 0x0000000084d00000, 0x0000000084d00000|100%| O|  |TAMS 0x0000000084d00000, 0x0000000084c00000| Untracked 
|   9|0x0000000084d00000, 0x0000000084e00000, 0x0000000084e00000|100%| O|  |TAMS 0x0000000084e00000, 0x0000000084d00000| Untracked 
|  10|0x0000000084e00000, 0x0000000084f00000, 0x0000000084f00000|100%| O|  |TAMS 0x0000000084f00000, 0x0000000084e00000| Untracked 
|  11|0x0000000084f00000, 0x0000000085000000, 0x0000000085000000|100%| O|  |TAMS 0x0000000085000000, 0x0000000084f00000| Untracked 
|  12|0x0000000085000000, 0x0000000085100000, 0x0000000085100000|100%| O|  |TAMS 0x0000000085100000, 0x0000000085000000| Untracked 
|  13|0x0000000085100000, 0x0000000085200000, 0x0000000085200000|100%| O|  |TAMS 0x0000000085200000, 0x0000000085100000| Untracked 
|  14|0x0000000085200000, 0x0000000085300000, 0x0000000085300000|100%| O|  |TAMS 0x0000000085300000, 0x0000000085200000| Untracked 
|  15|0x0000000085300000, 0x0000000085400000, 0x0000000085400000|100%| O|  |TAMS 0x0000000085400000, 0x0000000085300000| Untracked 
|  16|0x0000000085400000, 0x0000000085500000, 0x0000000085500000|100%| O|  |TAMS 0x00000000854a6000, 0x0000000085400000| Untracked 
|  17|0x0000000085500000, 0x0000000085600000, 0x0000000085600000|100%| O|  |TAMS 0x0000000085500000, 0x0000000085500000| Untracked 
|  18|0x0000000085600000, 0x000000008563ee00, 0x0000000085700000| 24%| O|  |TAMS 0x0000000085600000, 0x0000000085600000| Untracked 
|  19|0x0000000085700000, 0x0000000085700000, 0x0000000085800000|  0%| F|  |TAMS 0x0000000085700000, 0x0000000085700000| Untracked 
|  20|0x0000000085800000, 0x0000000085800000, 0x0000000085900000|  0%| F|  |TAMS 0x0000000085800000, 0x0000000085800000| Untracked 
|  21|0x0000000085900000, 0x0000000085900000, 0x0000000085a00000|  0%| F|  |TAMS 0x0000000085900000, 0x0000000085900000| Untracked 
|  22|0x0000000085a00000, 0x0000000085a00000, 0x0000000085b00000|  0%| F|  |TAMS 0x0000000085a00000, 0x0000000085a00000| Untracked 
|  23|0x0000000085b00000, 0x0000000085b00000, 0x0000000085c00000|  0%| F|  |TAMS 0x0000000085b00000, 0x0000000085b00000| Untracked 
|  24|0x0000000085c00000, 0x0000000085c00000, 0x0000000085d00000|  0%| F|  |TAMS 0x0000000085c00000, 0x0000000085c00000| Untracked 
|  25|0x0000000085d00000, 0x0000000085d00000, 0x0000000085e00000|  0%| F|  |TAMS 0x0000000085d00000, 0x0000000085d00000| Untracked 
|  26|0x0000000085e00000, 0x0000000085e00000, 0x0000000085f00000|  0%| F|  |TAMS 0x0000000085e00000, 0x0000000085e00000| Untracked 
|  27|0x0000000085f00000, 0x0000000085f00000, 0x0000000086000000|  0%| F|  |TAMS 0x0000000085f00000, 0x0000000085f00000| Untracked 
|  28|0x0000000086000000, 0x0000000086000000, 0x0000000086100000|  0%| F|  |TAMS 0x0000000086000000, 0x0000000086000000| Untracked 
|  29|0x0000000086100000, 0x0000000086100000, 0x0000000086200000|  0%| F|  |TAMS 0x0000000086100000, 0x0000000086100000| Untracked 
|  30|0x0000000086200000, 0x0000000086200000, 0x0000000086300000|  0%| F|  |TAMS 0x0000000086200000, 0x0000000086200000| Untracked 
|  31|0x0000000086300000, 0x0000000086300000, 0x0000000086400000|  0%| F|  |TAMS 0x0000000086300000, 0x0000000086300000| Untracked 
|  32|0x0000000086400000, 0x0000000086400000, 0x0000000086500000|  0%| F|  |TAMS 0x0000000086400000, 0x0000000086400000| Untracked 
|  33|0x0000000086500000, 0x0000000086500000, 0x0000000086600000|  0%| F|  |TAMS 0x0000000086500000, 0x0000000086500000| Untracked 
|  34|0x0000000086600000, 0x0000000086651d58, 0x0000000086700000| 31%| S|CS|TAMS 0x0000000086600000, 0x0000000086600000| Complete 
|  35|0x0000000086700000, 0x0000000086800000, 0x0000000086800000|100%| S|CS|TAMS 0x0000000086700000, 0x0000000086700000| Complete 
|  36|0x0000000086800000, 0x0000000086900000, 0x0000000086900000|100%| S|CS|TAMS 0x0000000086800000, 0x0000000086800000| Complete 
|  37|0x0000000086900000, 0x0000000086a00000, 0x0000000086a00000|100%| S|CS|TAMS 0x0000000086900000, 0x0000000086900000| Complete 
|  38|0x0000000086a00000, 0x0000000086a00000, 0x0000000086b00000|  0%| F|  |TAMS 0x0000000086a00000, 0x0000000086a00000| Untracked 
|  39|0x0000000086b00000, 0x0000000086b00000, 0x0000000086c00000|  0%| F|  |TAMS 0x0000000086b00000, 0x0000000086b00000| Untracked 
|  40|0x0000000086c00000, 0x0000000086c00000, 0x0000000086d00000|  0%| F|  |TAMS 0x0000000086c00000, 0x0000000086c00000| Untracked 
|  41|0x0000000086d00000, 0x0000000086d00000, 0x0000000086e00000|  0%| F|  |TAMS 0x0000000086d00000, 0x0000000086d00000| Untracked 
|  42|0x0000000086e00000, 0x0000000086e00000, 0x0000000086f00000|  0%| F|  |TAMS 0x0000000086e00000, 0x0000000086e00000| Untracked 
|  43|0x0000000086f00000, 0x0000000086f00000, 0x0000000087000000|  0%| F|  |TAMS 0x0000000086f00000, 0x0000000086f00000| Untracked 
|  44|0x0000000087000000, 0x0000000087000000, 0x0000000087100000|  0%| F|  |TAMS 0x0000000087000000, 0x0000000087000000| Untracked 
|  45|0x0000000087100000, 0x0000000087100000, 0x0000000087200000|  0%| F|  |TAMS 0x0000000087100000, 0x0000000087100000| Untracked 
|  46|0x0000000087200000, 0x0000000087200000, 0x0000000087300000|  0%| F|  |TAMS 0x0000000087200000, 0x0000000087200000| Untracked 
|  47|0x0000000087300000, 0x0000000087300000, 0x0000000087400000|  0%| F|  |TAMS 0x0000000087300000, 0x0000000087300000| Untracked 
|  48|0x0000000087400000, 0x0000000087400000, 0x0000000087500000|  0%| F|  |TAMS 0x0000000087400000, 0x0000000087400000| Untracked 
|  49|0x0000000087500000, 0x0000000087500000, 0x0000000087600000|  0%| F|  |TAMS 0x0000000087500000, 0x0000000087500000| Untracked 
|  50|0x0000000087600000, 0x0000000087600000, 0x0000000087700000|  0%| F|  |TAMS 0x0000000087600000, 0x0000000087600000| Untracked 
|  51|0x0000000087700000, 0x0000000087700000, 0x0000000087800000|  0%| F|  |TAMS 0x0000000087700000, 0x0000000087700000| Untracked 
|  52|0x0000000087800000, 0x000000008788c630, 0x0000000087900000| 54%| E|  |TAMS 0x0000000087800000, 0x0000000087800000| Complete 
|  53|0x0000000087900000, 0x0000000087a00000, 0x0000000087a00000|100%| E|CS|TAMS 0x0000000087900000, 0x0000000087900000| Complete 
|  54|0x0000000087a00000, 0x0000000087b00000, 0x0000000087b00000|100%| E|CS|TAMS 0x0000000087a00000, 0x0000000087a00000| Complete 
|  55|0x0000000087b00000, 0x0000000087c00000, 0x0000000087c00000|100%| E|CS|TAMS 0x0000000087b00000, 0x0000000087b00000| Complete 
|  56|0x0000000087c00000, 0x0000000087d00000, 0x0000000087d00000|100%| E|CS|TAMS 0x0000000087c00000, 0x0000000087c00000| Complete 
|  57|0x0000000087d00000, 0x0000000087e00000, 0x0000000087e00000|100%| E|CS|TAMS 0x0000000087d00000, 0x0000000087d00000| Complete 
|  58|0x0000000087e00000, 0x0000000087f00000, 0x0000000087f00000|100%| E|CS|TAMS 0x0000000087e00000, 0x0000000087e00000| Complete 
|  59|0x0000000087f00000, 0x0000000088000000, 0x0000000088000000|100%| E|CS|TAMS 0x0000000087f00000, 0x0000000087f00000| Complete 
|  60|0x0000000088000000, 0x0000000088100000, 0x0000000088100000|100%| E|CS|TAMS 0x0000000088000000, 0x0000000088000000| Complete 
|  61|0x0000000088100000, 0x0000000088200000, 0x0000000088200000|100%| E|CS|TAMS 0x0000000088100000, 0x0000000088100000| Complete 
|  62|0x0000000088200000, 0x0000000088300000, 0x0000000088300000|100%| E|CS|TAMS 0x0000000088200000, 0x0000000088200000| Complete 
|  63|0x0000000088300000, 0x0000000088400000, 0x0000000088400000|100%| E|CS|TAMS 0x0000000088300000, 0x0000000088300000| Complete 
|  64|0x0000000088400000, 0x0000000088500000, 0x0000000088500000|100%| E|CS|TAMS 0x0000000088400000, 0x0000000088400000| Complete 
|  65|0x0000000088500000, 0x0000000088600000, 0x0000000088600000|100%| E|CS|TAMS 0x0000000088500000, 0x0000000088500000| Complete 
|  66|0x0000000088600000, 0x0000000088700000, 0x0000000088700000|100%| E|CS|TAMS 0x0000000088600000, 0x0000000088600000| Complete 
|  67|0x0000000088700000, 0x0000000088800000, 0x0000000088800000|100%| E|CS|TAMS 0x0000000088700000, 0x0000000088700000| Complete 
|  68|0x0000000088800000, 0x0000000088900000, 0x0000000088900000|100%| E|CS|TAMS 0x0000000088800000, 0x0000000088800000| Complete 
|  69|0x0000000088900000, 0x0000000088a00000, 0x0000000088a00000|100%| E|CS|TAMS 0x0000000088900000, 0x0000000088900000| Complete 
| 111|0x000000008b300000, 0x000000008b400000, 0x000000008b400000|100%| E|CS|TAMS 0x000000008b300000, 0x000000008b300000| Complete 
| 112|0x000000008b400000, 0x000000008b500000, 0x000000008b500000|100%| E|CS|TAMS 0x000000008b400000, 0x000000008b400000| Complete 
| 113|0x000000008b500000, 0x000000008b600000, 0x000000008b600000|100%| E|CS|TAMS 0x000000008b500000, 0x000000008b500000| Complete 
| 123|0x000000008bf00000, 0x000000008c000000, 0x000000008c000000|100%| E|CS|TAMS 0x000000008bf00000, 0x000000008bf00000| Complete 

Card table byte_map: [0x000001795efd0000,0x000001795f3b0000] _byte_map_base: 0x000001795ebae000

Marking Bits (Prev, Next): (CMBitMap*) 0x000001794ab48810, (CMBitMap*) 0x000001794ab487d0
 Prev Bits: [0x0000017961680000, 0x0000017963570000)
 Next Bits: [0x000001795f790000, 0x0000017961680000)

Polling page: 0x000001794aba0000

Metaspace:

Usage:
  Non-class:     49.57 MB used.
      Class:      7.31 MB used.
       Both:     56.87 MB used.

Virtual space:
  Non-class space:       64.00 MB reserved,      49.81 MB ( 78%) committed,  1 nodes.
      Class space:        1.00 GB reserved,       7.50 MB ( <1%) committed,  1 nodes.
             Both:        1.06 GB reserved,      57.31 MB (  5%) committed. 

Chunk freelists:
   Non-Class:  13.67 MB
       Class:  8.53 MB
        Both:  22.19 MB

MaxMetaspaceSize: unlimited
CompressedClassSpaceSize: 1.00 GB
Initial GC threshold: 21.00 MB
Current GC threshold: 66.81 MB
CDS: off
MetaspaceReclaimPolicy: balanced
 - commit_granule_bytes: 65536.
 - commit_granule_words: 8192.
 - virtual_space_node_default_size: 8388608.
 - enlarge_chunks_in_place: 1.
 - new_chunks_are_fully_committed: 0.
 - uncommit_free_chunks: 1.
 - use_allocation_guard: 0.
 - handle_deallocations: 1.


Internal statistics:

num_allocs_failed_limit: 8.
num_arena_births: 588.
num_arena_deaths: 0.
num_vsnodes_births: 2.
num_vsnodes_deaths: 0.
num_space_committed: 917.
num_space_uncommitted: 0.
num_chunks_returned_to_freelist: 8.
num_chunks_taken_from_freelist: 2371.
num_chunk_merges: 3.
num_chunk_splits: 1709.
num_chunks_enlarged: 1357.
num_inconsistent_stats: 0.

CodeHeap 'non-profiled nmethods': size=120000Kb used=2735Kb max_used=3274Kb free=117264Kb
 bounds [0x0000017956a20000, 0x0000017956d60000, 0x000001795df50000]
CodeHeap 'profiled nmethods': size=120000Kb used=7449Kb max_used=9262Kb free=112550Kb
 bounds [0x000001794ef50000, 0x000001794f860000, 0x0000017956480000]
CodeHeap 'non-nmethods': size=5760Kb used=1377Kb max_used=1421Kb free=4382Kb
 bounds [0x0000017956480000, 0x00000179566f0000, 0x0000017956a20000]
 total_blobs=4509 nmethods=3878 adapters=542
 compilation: enabled
              stopped_count=0, restarted_count=0
 full_count=0

Compilation events (20 events):
Event: 7.997 Thread 0x000001796628cd30 4609       1       org.hibernate.boot.model.naming.Identifier::getText (5 bytes)
Event: 7.997 Thread 0x000001796628cd30 nmethod 4609 0x0000017956b18b90 code [0x0000017956b18d20, 0x0000017956b18df8]
Event: 7.998 Thread 0x000001796628cd30 4610       1       org.hibernate.boot.model.internal.AnnotatedColumn::getParent (5 bytes)
Event: 7.998 Thread 0x000001796628cd30 nmethod 4610 0x0000017956b18890 code [0x0000017956b18a20, 0x0000017956b18af8]
Event: 7.998 Thread 0x000001796628cd30 4607       1       java.lang.ClassValue$ClassValueMap::getCache (5 bytes)
Event: 7.999 Thread 0x000001796628cd30 nmethod 4607 0x0000017956b18390 code [0x0000017956b18520, 0x0000017956b185f8]
Event: 7.999 Thread 0x000001796628cd30 4612       3       org.hibernate.annotations.common.reflection.java.TypeEnvironmentMap::getOrCompute (24 bytes)
Event: 8.001 Thread 0x000001796628cd30 nmethod 4612 0x000001794f120f10 code [0x000001794f1211a0, 0x000001794f121ee8]
Event: 8.001 Thread 0x000001796628cd30 4611       1       org.hibernate.jpa.event.spi.CallbackType::getCallbackAnnotation (5 bytes)
Event: 8.001 Thread 0x000001796628cd30 nmethod 4611 0x0000017956bb7210 code [0x0000017956bb73a0, 0x0000017956bb7478]
Event: 8.001 Thread 0x000001796628cd30 4613       3       org.hibernate.annotations.common.reflection.java.TypeEnvironmentMap::getOrInitRootMap (27 bytes)
Event: 8.001 Thread 0x000001796628cd30 nmethod 4613 0x000001794f1e3910 code [0x000001794f1e3ae0, 0x000001794f1e3d28]
Event: 8.001 Thread 0x000001796628cd30 4614       3       org.hibernate.annotations.common.reflection.java.TypeEnvironmentMap$$Lambda$908/0x0000000100742d48::<init> (10 bytes)
Event: 8.001 Thread 0x000001796628cd30 nmethod 4614 0x000001794f354110 code [0x000001794f3542a0, 0x000001794f354458]
Event: 8.001 Thread 0x000001796628cd30 4615       3       org.hibernate.annotations.common.reflection.java.TypeEnvironmentMap$ContextScope::getOrCompute (12 bytes)
Event: 8.001 Thread 0x000001796628cd30 nmethod 4615 0x000001794f0a4f90 code [0x000001794f0a5180, 0x000001794f0a57d8]
Event: 8.005 Thread 0x000001796628cd30 4617       3       org.hibernate.annotations.common.reflection.java.JavaXMember::getAnnotation (6 bytes)
Event: 8.005 Thread 0x000001796628cd30 nmethod 4617 0x000001794f0adb10 code [0x000001794f0add20, 0x000001794f0ae3d8]
Event: 8.005 Thread 0x000001796628cd30 4618       1       org.hibernate.boot.internal.MetadataBuildingContextRootImpl::getBootstrapContext (5 bytes)
Event: 8.005 Thread 0x000001796628cd30 nmethod 4618 0x0000017956bb6f10 code [0x0000017956bb70a0, 0x0000017956bb7178]

GC Heap History (20 events):
Event: 2.590 GC heap before
{Heap before GC invocations=5 (full 0):
 garbage-first heap   total 37888K, used 11399K [0x0000000084400000, 0x0000000100000000)
  region size 1024K, 4 young (4096K), 3 survivors (3072K)
 Metaspace       used 26179K, committed 26368K, reserved 1114112K
  class space    used 3132K, committed 3200K, reserved 1048576K
}
Event: 2.593 GC heap after
{Heap after GC invocations=6 (full 0):
 garbage-first heap   total 37888K, used 11694K [0x0000000084400000, 0x0000000100000000)
  region size 1024K, 1 young (1024K), 1 survivors (1024K)
 Metaspace       used 26179K, committed 26368K, reserved 1114112K
  class space    used 3132K, committed 3200K, reserved 1048576K
}
Event: 2.975 GC heap before
{Heap before GC invocations=6 (full 0):
 garbage-first heap   total 37888K, used 26030K [0x0000000084400000, 0x0000000100000000)
  region size 1024K, 16 young (16384K), 1 survivors (1024K)
 Metaspace       used 28448K, committed 28736K, reserved 1114112K
  class space    used 3447K, committed 3584K, reserved 1048576K
}
Event: 2.978 GC heap after
{Heap after GC invocations=7 (full 0):
 garbage-first heap   total 37888K, used 13684K [0x0000000084400000, 0x0000000100000000)
  region size 1024K, 2 young (2048K), 2 survivors (2048K)
 Metaspace       used 28448K, committed 28736K, reserved 1114112K
  class space    used 3447K, committed 3584K, reserved 1048576K
}
Event: 3.458 GC heap before
{Heap before GC invocations=7 (full 0):
 garbage-first heap   total 37888K, used 28020K [0x0000000084400000, 0x0000000100000000)
  region size 1024K, 16 young (16384K), 2 survivors (2048K)
 Metaspace       used 30165K, committed 30464K, reserved 1114112K
  class space    used 3653K, committed 3840K, reserved 1048576K
}
Event: 3.462 GC heap after
{Heap after GC invocations=8 (full 0):
 garbage-first heap   total 37888K, used 14916K [0x0000000084400000, 0x0000000100000000)
  region size 1024K, 2 young (2048K), 2 survivors (2048K)
 Metaspace       used 30165K, committed 30464K, reserved 1114112K
  class space    used 3653K, committed 3840K, reserved 1048576K
}
Event: 3.993 GC heap before
{Heap before GC invocations=8 (full 0):
 garbage-first heap   total 37888K, used 28228K [0x0000000084400000, 0x0000000100000000)
  region size 1024K, 15 young (15360K), 2 survivors (2048K)
 Metaspace       used 32134K, committed 32448K, reserved 1114112K
  class space    used 3937K, committed 4096K, reserved 1048576K
}
Event: 3.996 GC heap after
{Heap after GC invocations=9 (full 0):
 garbage-first heap   total 37888K, used 15753K [0x0000000084400000, 0x0000000100000000)
  region size 1024K, 2 young (2048K), 2 survivors (2048K)
 Metaspace       used 32134K, committed 32448K, reserved 1114112K
  class space    used 3937K, committed 4096K, reserved 1048576K
}
Event: 4.627 GC heap before
{Heap before GC invocations=9 (full 0):
 garbage-first heap   total 37888K, used 29065K [0x0000000084400000, 0x0000000100000000)
  region size 1024K, 15 young (15360K), 2 survivors (2048K)
 Metaspace       used 34854K, committed 35200K, reserved 1114112K
  class space    used 4309K, committed 4480K, reserved 1048576K
}
Event: 4.631 GC heap after
{Heap after GC invocations=10 (full 0):
 garbage-first heap   total 37888K, used 16986K [0x0000000084400000, 0x0000000100000000)
  region size 1024K, 2 young (2048K), 2 survivors (2048K)
 Metaspace       used 34854K, committed 35200K, reserved 1114112K
  class space    used 4309K, committed 4480K, reserved 1048576K
}
Event: 4.840 GC heap before
{Heap before GC invocations=10 (full 0):
 garbage-first heap   total 37888K, used 23130K [0x0000000084400000, 0x0000000100000000)
  region size 1024K, 9 young (9216K), 2 survivors (2048K)
 Metaspace       used 35750K, committed 36096K, reserved 1114112K
  class space    used 4488K, committed 4672K, reserved 1048576K
}
Event: 4.844 GC heap after
{Heap after GC invocations=11 (full 0):
 garbage-first heap   total 37888K, used 17969K [0x0000000084400000, 0x0000000100000000)
  region size 1024K, 1 young (1024K), 1 survivors (1024K)
 Metaspace       used 35750K, committed 36096K, reserved 1114112K
  class space    used 4488K, committed 4672K, reserved 1048576K
}
Event: 5.295 GC heap before
{Heap before GC invocations=12 (full 0):
 garbage-first heap   total 37888K, used 28209K [0x0000000084400000, 0x0000000100000000)
  region size 1024K, 12 young (12288K), 1 survivors (1024K)
 Metaspace       used 38199K, committed 38592K, reserved 1114112K
  class space    used 4761K, committed 4928K, reserved 1048576K
}
Event: 5.298 GC heap after
{Heap after GC invocations=13 (full 0):
 garbage-first heap   total 37888K, used 18722K [0x0000000084400000, 0x0000000100000000)
  region size 1024K, 2 young (2048K), 2 survivors (2048K)
 Metaspace       used 38199K, committed 38592K, reserved 1114112K
  class space    used 4761K, committed 4928K, reserved 1048576K
}
Event: 5.642 GC heap before
{Heap before GC invocations=13 (full 0):
 garbage-first heap   total 37888K, used 28962K [0x0000000084400000, 0x0000000100000000)
  region size 1024K, 12 young (12288K), 2 survivors (2048K)
 Metaspace       used 40665K, committed 41024K, reserved 1114112K
  class space    used 5071K, committed 5248K, reserved 1048576K
}
Event: 5.646 GC heap after
{Heap after GC invocations=14 (full 0):
 garbage-first heap   total 37888K, used 19772K [0x0000000084400000, 0x0000000100000000)
  region size 1024K, 2 young (2048K), 2 survivors (2048K)
 Metaspace       used 40665K, committed 41024K, reserved 1114112K
  class space    used 5071K, committed 5248K, reserved 1048576K
}
Event: 5.948 GC heap before
{Heap before GC invocations=15 (full 0):
 garbage-first heap   total 37888K, used 30012K [0x0000000084400000, 0x0000000100000000)
  region size 1024K, 12 young (12288K), 2 survivors (2048K)
 Metaspace       used 42451K, committed 42816K, reserved 1114112K
  class space    used 5308K, committed 5504K, reserved 1048576K
}
Event: 5.952 GC heap after
{Heap after GC invocations=16 (full 0):
 garbage-first heap   total 75776K, used 20317K [0x0000000084400000, 0x0000000100000000)
  region size 1024K, 2 young (2048K), 2 survivors (2048K)
 Metaspace       used 42451K, committed 42816K, reserved 1114112K
  class space    used 5308K, committed 5504K, reserved 1048576K
}
Event: 7.340 GC heap before
{Heap before GC invocations=16 (full 0):
 garbage-first heap   total 75776K, used 57181K [0x0000000084400000, 0x0000000100000000)
  region size 1024K, 38 young (38912K), 2 survivors (2048K)
 Metaspace       used 53383K, committed 53824K, reserved 1114112K
  class space    used 6824K, committed 7040K, reserved 1048576K
}
Event: 7.345 GC heap after
{Heap after GC invocations=17 (full 0):
 garbage-first heap   total 75776K, used 22082K [0x0000000084400000, 0x0000000100000000)
  region size 1024K, 4 young (4096K), 4 survivors (4096K)
 Metaspace       used 53383K, committed 53824K, reserved 1114112K
  class space    used 6824K, committed 7040K, reserved 1048576K
}

Dll operation events (10 events):
Event: 0.008 Loaded shared library C:\Users\PMLS\.vscode\extensions\redhat.java-1.37.0-win32-x64\jre\17.0.13-win32-x86_64\bin\java.dll
Event: 0.338 Loaded shared library C:\Users\PMLS\.vscode\extensions\redhat.java-1.37.0-win32-x64\jre\17.0.13-win32-x86_64\bin\net.dll
Event: 0.339 Loaded shared library C:\Users\PMLS\.vscode\extensions\redhat.java-1.37.0-win32-x64\jre\17.0.13-win32-x86_64\bin\nio.dll
Event: 0.342 Loaded shared library C:\Users\PMLS\.vscode\extensions\redhat.java-1.37.0-win32-x64\jre\17.0.13-win32-x86_64\bin\zip.dll
Event: 0.447 Loaded shared library C:\Users\PMLS\.vscode\extensions\redhat.java-1.37.0-win32-x64\jre\17.0.13-win32-x86_64\bin\jimage.dll
Event: 0.889 Loaded shared library C:\Users\PMLS\.vscode\extensions\redhat.java-1.37.0-win32-x64\jre\17.0.13-win32-x86_64\bin\management.dll
Event: 0.892 Loaded shared library C:\Users\PMLS\.vscode\extensions\redhat.java-1.37.0-win32-x64\jre\17.0.13-win32-x86_64\bin\management_ext.dll
Event: 2.835 Loaded shared library C:\Users\PMLS\.vscode\extensions\redhat.java-1.37.0-win32-x64\jre\17.0.13-win32-x86_64\bin\sunmscapi.dll
Event: 6.288 Loaded shared library C:\Users\PMLS\.vscode\extensions\redhat.java-1.37.0-win32-x64\jre\17.0.13-win32-x86_64\bin\verify.dll
Event: 6.724 Loaded shared library C:\Users\PMLS\.vscode\extensions\redhat.java-1.37.0-win32-x64\jre\17.0.13-win32-x86_64\bin\extnet.dll

Deoptimization events (20 events):
Event: 7.996 Thread 0x000001796ba21aa0 DEOPT PACKING pc=0x0000017956c611c8 sp=0x00000006b00fca30
Event: 7.996 Thread 0x000001796ba21aa0 DEOPT UNPACKING pc=0x00000179564d7143 sp=0x00000006b00fbec8 mode 1
Event: 7.997 Thread 0x000001796ba21aa0 DEOPT PACKING pc=0x000001794f44ad49 sp=0x00000006b00fc660
Event: 7.997 Thread 0x000001796ba21aa0 DEOPT UNPACKING pc=0x00000179564d7143 sp=0x00000006b00fbb48 mode 1
Event: 7.997 Thread 0x000001796ba21aa0 DEOPT PACKING pc=0x000001794f50ddc4 sp=0x00000006b00fc700
Event: 7.997 Thread 0x000001796ba21aa0 DEOPT UNPACKING pc=0x00000179564d7143 sp=0x00000006b00fbcb0 mode 1
Event: 7.997 Thread 0x000001796ba21aa0 DEOPT PACKING pc=0x000001794f442404 sp=0x00000006b00fc870
Event: 7.997 Thread 0x000001796ba21aa0 DEOPT UNPACKING pc=0x00000179564d7143 sp=0x00000006b00fbe40 mode 1
Event: 7.997 Thread 0x000001796ba21aa0 DEOPT PACKING pc=0x0000017956c611c8 sp=0x00000006b00fbf30
Event: 7.997 Thread 0x000001796ba21aa0 DEOPT UNPACKING pc=0x00000179564d7143 sp=0x00000006b00fb3c8 mode 1
Event: 7.998 Thread 0x000001796ba21aa0 DEOPT PACKING pc=0x0000017956bb2dd4 sp=0x00000006b00fc920
Event: 7.998 Thread 0x000001796ba21aa0 DEOPT UNPACKING pc=0x00000179564d7143 sp=0x00000006b00fbdb0 mode 1
Event: 7.998 Thread 0x000001796ba21aa0 DEOPT PACKING pc=0x0000017956c611c8 sp=0x00000006b00fca30
Event: 7.998 Thread 0x000001796ba21aa0 DEOPT UNPACKING pc=0x00000179564d7143 sp=0x00000006b00fbec8 mode 1
Event: 7.998 Thread 0x000001796ba21aa0 DEOPT PACKING pc=0x0000017956c611c8 sp=0x00000006b00fca30
Event: 7.998 Thread 0x000001796ba21aa0 DEOPT UNPACKING pc=0x00000179564d7143 sp=0x00000006b00fbec8 mode 1
Event: 7.998 Thread 0x000001796ba21aa0 DEOPT PACKING pc=0x0000017956c611c8 sp=0x00000006b00fcbc0
Event: 7.998 Thread 0x000001796ba21aa0 DEOPT UNPACKING pc=0x00000179564d7143 sp=0x00000006b00fc058 mode 1
Event: 7.998 Thread 0x000001796ba21aa0 DEOPT PACKING pc=0x0000017956bb2dd4 sp=0x00000006b00fd5b0
Event: 7.998 Thread 0x000001796ba21aa0 DEOPT UNPACKING pc=0x00000179564d7143 sp=0x00000006b00fca40 mode 1

Classes loaded (20 events):
Event: 7.377 Loading class jdk/internal/reflect/SerializationConstructorAccessorImpl
Event: 7.377 Loading class jdk/internal/reflect/SerializationConstructorAccessorImpl done
Event: 7.378 Loading class java/io/ClassCache$CacheRef
Event: 7.378 Loading class java/io/ClassCache$CacheRef done
Event: 7.378 Loading class java/io/ObjectStreamClass$FieldReflectorKey
Event: 7.378 Loading class java/io/ObjectStreamClass$FieldReflectorKey done
Event: 7.378 Loading class java/io/ObjectStreamClass$FieldReflector
Event: 7.378 Loading class java/io/ObjectStreamClass$FieldReflector done
Event: 7.382 Loading class java/io/ObjectStreamClass$ClassDataSlot
Event: 7.382 Loading class java/io/ObjectStreamClass$ClassDataSlot done
Event: 7.382 Loading class java/io/ObjectInputStream$FieldValues
Event: 7.382 Loading class java/io/ObjectInputStream$GetField
Event: 7.382 Loading class java/io/ObjectInputStream$GetField done
Event: 7.382 Loading class java/io/ObjectInputStream$FieldValues done
Event: 7.383 Loading class java/io/ObjectStreamClass$ExceptionInfo
Event: 7.383 Loading class java/io/ObjectStreamClass$ExceptionInfo done
Event: 7.557 Loading class java/util/regex/Pattern$1MatcherIterator
Event: 7.557 Loading class java/util/regex/Pattern$1MatcherIterator done
Event: 7.692 Loading class jdk/internal/reflect/UnsafeQualifiedStaticIntegerFieldAccessorImpl
Event: 7.693 Loading class jdk/internal/reflect/UnsafeQualifiedStaticIntegerFieldAccessorImpl done

Classes unloaded (0 events):
No events

Classes redefined (0 events):
No events

Internal exceptions (20 events):
Event: 5.336 Thread 0x000001796ba21aa0 Exception <a 'java/lang/NoSuchMethodError'{0x000000008b592ff8}: 'int java.lang.invoke.DirectMethodHandle$Holder.invokeInterface(java.lang.Object, java.lang.Object, java.lang.Object, java.lang.Object)'> (0x000000008b592ff8) 
thrown [s\src\hotspot\share\interpreter\linkResolver.cpp, line 759]
Event: 5.451 Thread 0x000001796ba21aa0 Exception <a 'java/lang/NoSuchMethodError'{0x000000008b394b40}: 'long java.lang.invoke.DirectMethodHandle$Holder.invokeVirtual(java.lang.Object, java.lang.Object)'> (0x000000008b394b40) 
thrown [s\src\hotspot\share\interpreter\linkResolver.cpp, line 759]
Event: 5.459 Thread 0x000001796ba21aa0 Exception <a 'java/io/FileNotFoundException'{0x000000008b3c1bb0}> (0x000000008b3c1bb0) 
thrown [s\src\hotspot\share\prims\jni.cpp, line 516]
Event: 5.531 Thread 0x000001796ba21aa0 Exception <a 'java/lang/NoSuchMethodError'{0x000000008637d5a8}: 'void java.lang.invoke.DirectMethodHandle$Holder.invokeStaticInit(java.lang.Object)'> (0x000000008637d5a8) 
thrown [s\src\hotspot\share\interpreter\linkResolver.cpp, line 759]
Event: 5.546 Thread 0x000001796ba21aa0 Exception <a 'java/lang/IncompatibleClassChangeError'{0x000000008639c620}: Found class java.lang.Object, but interface was expected> (0x000000008639c620) 
thrown [s\src\hotspot\share\interpreter\linkResolver.cpp, line 826]
Event: 5.628 Thread 0x000001796ba21aa0 Exception <a 'java/lang/NoClassDefFoundError'{0x00000000861ee7f8}: oracle/security/pki/OraclePKIProvider> (0x00000000861ee7f8) 
thrown [s\src\hotspot\share\classfile\systemDictionary.cpp, line 245]
Event: 5.641 Thread 0x000001796ba21aa0 Implicit null exception at 0x0000017956c5f408 to 0x0000017956c5fbc8
Event: 5.647 Thread 0x000001796ba21aa0 Implicit null exception at 0x0000017956c5e009 to 0x0000017956c5e624
Event: 5.718 Thread 0x000001796ba21aa0 Implicit null exception at 0x0000017956bb8063 to 0x0000017956bb8458
Event: 5.722 Thread 0x000001796ba21aa0 Exception <a 'sun/nio/fs/WindowsException'{0x000000008b3a0180}> (0x000000008b3a0180) 
thrown [s\src\hotspot\share\prims\jni.cpp, line 516]
Event: 6.612 Thread 0x000001796ba21aa0 Exception <a 'java/lang/NoSuchMethodError'{0x00000000878a3650}: 'int java.lang.invoke.DirectMethodHandle$Holder.invokeStatic(java.lang.Object)'> (0x00000000878a3650) 
thrown [s\src\hotspot\share\interpreter\linkResolver.cpp, line 759]
Event: 6.684 Thread 0x000001796ba21aa0 Exception <a 'java/lang/NoSuchMethodError'{0x00000000874249d0}: 'int java.lang.invoke.DirectMethodHandle$Holder.invokeStaticInit(java.lang.Object, java.lang.Object, java.lang.Object, java.lang.Object)'> (0x00000000874249d0) 
thrown [s\src\hotspot\share\interpreter\linkResolver.cpp, line 759]
Event: 6.686 Thread 0x000001796ba21aa0 Exception <a 'sun/nio/fs/WindowsException'{0x0000000087458170}> (0x0000000087458170) 
thrown [s\src\hotspot\share\prims\jni.cpp, line 516]
Event: 6.693 Thread 0x000001796ba21aa0 Exception <a 'java/lang/NoClassDefFoundError'{0x00000000874b5670}: oracle/dms/console/DMSConsole> (0x00000000874b5670) 
thrown [s\src\hotspot\share\classfile\systemDictionary.cpp, line 245]
Event: 6.693 Thread 0x000001796ba21aa0 Exception <a 'java/lang/reflect/InvocationTargetException'{0x00000000874b5e90}> (0x00000000874b5e90) 
thrown [s\src\hotspot\share\runtime\reflection.cpp, line 1128]
Event: 6.845 Thread 0x000001796ba21aa0 Exception <a 'java/lang/NoSuchMethodError'{0x0000000087190cf0}: 'java.lang.Object java.lang.invoke.DirectMethodHandle$Holder.invokeVirtual(java.lang.Object, java.lang.Object, int)'> (0x0000000087190cf0) 
thrown [s\src\hotspot\share\interpreter\linkResolver.cpp, line 759]
Event: 7.056 Thread 0x000001796ba21aa0 Implicit null exception at 0x0000017956d318d6 to 0x0000017956d322cc
Event: 7.451 Thread 0x000001796ba21aa0 Exception <a 'java/lang/NoSuchMethodError'{0x000000008b3398e8}: 'java.lang.Object java.lang.invoke.DirectMethodHandle$Holder.invokeStaticInit(java.lang.Object, java.lang.Object, java.lang.Object, java.lang.Object)'> (0x000000008b3398e8) 
thrown [s\src\hotspot\share\interpreter\linkResolver.cpp, line 759]
Event: 7.755 Thread 0x000001796e0a3410 Implicit null exception at 0x0000017956d4d0b1 to 0x0000017956d4db40
Event: 7.755 Thread 0x000001796e0a3410 Implicit null exception at 0x0000017956d50d11 to 0x0000017956d50e80

VM Operations (20 events):
Event: 5.642 Executing VM operation: G1CollectForAllocation
Event: 5.646 Executing VM operation: G1CollectForAllocation done
Event: 5.655 Executing VM operation: G1PauseRemark
Event: 5.660 Executing VM operation: G1PauseRemark done
Event: 5.665 Executing VM operation: G1PauseCleanup
Event: 5.665 Executing VM operation: G1PauseCleanup done
Event: 5.871 Executing VM operation: HandshakeAllThreads
Event: 5.871 Executing VM operation: HandshakeAllThreads done
Event: 5.948 Executing VM operation: G1CollectForAllocation
Event: 5.952 Executing VM operation: G1CollectForAllocation done
Event: 6.689 Executing VM operation: HandshakeAllThreads
Event: 6.689 Executing VM operation: HandshakeAllThreads done
Event: 7.339 Executing VM operation: G1CollectForAllocation
Event: 7.345 Executing VM operation: G1CollectForAllocation done
Event: 7.446 Executing VM operation: HandshakeAllThreads
Event: 7.459 Executing VM operation: HandshakeAllThreads done
Event: 7.512 Executing VM operation: HandshakeAllThreads
Event: 7.512 Executing VM operation: HandshakeAllThreads done
Event: 7.620 Executing VM operation: HandshakeAllThreads
Event: 7.620 Executing VM operation: HandshakeAllThreads done

Memory protections (0 events):
No events

Nmethod flushes (20 events):
Event: 7.631 Thread 0x000001796628ea50 flushing  nmethod 0x000001794f801d90
Event: 7.631 Thread 0x000001796628ea50 flushing  nmethod 0x000001794f802210
Event: 7.631 Thread 0x000001796628ea50 flushing  nmethod 0x000001794f802690
Event: 7.631 Thread 0x000001796628ea50 flushing  nmethod 0x000001794f802a90
Event: 7.631 Thread 0x000001796628ea50 flushing  nmethod 0x000001794f802f90
Event: 7.631 Thread 0x000001796628ea50 flushing  nmethod 0x000001794f803490
Event: 7.631 Thread 0x000001796628ea50 flushing  nmethod 0x000001794f803d90
Event: 7.631 Thread 0x000001796628ea50 flushing  nmethod 0x000001794f804110
Event: 7.631 Thread 0x000001796628ea50 flushing  nmethod 0x000001794f806a90
Event: 7.631 Thread 0x000001796628ea50 flushing  nmethod 0x000001794f80af10
Event: 7.631 Thread 0x000001796628ea50 flushing  nmethod 0x000001794f80c510
Event: 7.631 Thread 0x000001796628ea50 flushing  nmethod 0x000001794f80c910
Event: 7.631 Thread 0x000001796628ea50 flushing  nmethod 0x000001794f80cd10
Event: 7.631 Thread 0x000001796628ea50 flushing  nmethod 0x000001794f819d10
Event: 7.631 Thread 0x000001796628ea50 flushing  nmethod 0x000001794f81a710
Event: 7.631 Thread 0x000001796628ea50 flushing  nmethod 0x000001794f81b010
Event: 7.631 Thread 0x000001796628ea50 flushing  nmethod 0x000001794f81bf10
Event: 7.631 Thread 0x000001796628ea50 flushing osr nmethod 0x000001794f81c590
Event: 7.631 Thread 0x000001796628ea50 flushing  nmethod 0x000001794f81fa10
Event: 7.631 Thread 0x000001796628ea50 flushing  nmethod 0x000001794f829490

Events (20 events):
Event: 0.395 Thread 0x0000017966617fc0 Thread added: 0x000001796662b050
Event: 0.955 Thread 0x000001794aae7cf0 Thread added: 0x000001796ba215c0
Event: 0.959 Thread 0x000001796ba215c0 Thread added: 0x000001796ba21aa0
Event: 1.439 Thread 0x000001796ba21aa0 Thread added: 0x000001796bffc1c0
Event: 2.347 Thread 0x000001796ba21aa0 Thread added: 0x000001796d3d7cf0
Event: 2.594 Thread 0x000001796d3d7cf0 Thread exited: 0x000001796d3d7cf0
Event: 2.871 Thread 0x000001796bffc1c0 Thread exited: 0x000001796bffc1c0
Event: 5.478 Thread 0x000001796ba21aa0 Thread added: 0x000001796e0a3e30
Event: 5.481 Thread 0x000001796e0a3e30 Thread added: 0x000001796e0a3920
Event: 5.487 Thread 0x000001796ba21aa0 Thread added: 0x000001796e0a5780
Event: 6.318 Thread 0x000001796662b050 Thread exited: 0x000001796662b050
Event: 6.695 Thread 0x000001796ba21aa0 Thread added: 0x000001796e0a61a0
Event: 6.718 Thread 0x000001796ba21aa0 Thread added: 0x000001796e0a4d60
Event: 6.834 Thread 0x0000017966617fc0 Thread exited: 0x0000017966617fc0
Event: 6.954 Thread 0x000001796628c330 Thread added: 0x000001796c51be50
Event: 7.235 Thread 0x000001796ba21aa0 Thread added: 0x000001796e0a2f00
Event: 7.236 Thread 0x000001796ba21aa0 Thread added: 0x000001796e0a5270
Event: 7.238 Thread 0x000001796e0a5270 Thread exited: 0x000001796e0a5270
Event: 7.239 Thread 0x000001796ba21aa0 Thread added: 0x000001796e0a5270
Event: 7.349 Thread 0x000001796e0a5270 Thread added: 0x000001796e0a3410


Dynamic libraries:
0x00007ff71ebe0000 - 0x00007ff71ebee000 	C:\Users\PMLS\.vscode\extensions\redhat.java-1.37.0-win32-x64\jre\17.0.13-win32-x86_64\bin\java.exe
0x00007ffe5c710000 - 0x00007ffe5c908000 	C:\Windows\SYSTEM32\ntdll.dll
0x00007ffe5b060000 - 0x00007ffe5b122000 	C:\Windows\System32\KERNEL32.DLL
0x00007ffe5a240000 - 0x00007ffe5a53e000 	C:\Windows\System32\KERNELBASE.dll
0x00007ffe59db0000 - 0x00007ffe59eb0000 	C:\Windows\System32\ucrtbase.dll
0x00007ffe2ffe0000 - 0x00007ffe2fff7000 	C:\Users\PMLS\.vscode\extensions\redhat.java-1.37.0-win32-x64\jre\17.0.13-win32-x86_64\bin\jli.dll
0x00007ffe5c480000 - 0x00007ffe5c61d000 	C:\Windows\System32\USER32.dll
0x00007ffe5a690000 - 0x00007ffe5a6b2000 	C:\Windows\System32\win32u.dll
0x00007ffe2e280000 - 0x00007ffe2e29e000 	C:\Users\PMLS\.vscode\extensions\redhat.java-1.37.0-win32-x64\jre\17.0.13-win32-x86_64\bin\VCRUNTIME140.dll
0x00007ffe5bb30000 - 0x00007ffe5bb5b000 	C:\Windows\System32\GDI32.dll
0x00007ffe5a540000 - 0x00007ffe5a657000 	C:\Windows\System32\gdi32full.dll
0x00007ffe34f40000 - 0x00007ffe351da000 	C:\Windows\WinSxS\amd64_microsoft.windows.common-controls_6595b64144ccf1df_6.0.19041.4355_none_60b8b9eb71f62e16\COMCTL32.dll
0x00007ffe5b9b0000 - 0x00007ffe5ba4e000 	C:\Windows\System32\msvcrt.dll
0x00007ffe5a1a0000 - 0x00007ffe5a23d000 	C:\Windows\System32\msvcp_win.dll
0x00007ffe5ae20000 - 0x00007ffe5ae4f000 	C:\Windows\System32\IMM32.DLL
0x00007ffe53eb0000 - 0x00007ffe53ebc000 	C:\Users\PMLS\.vscode\extensions\redhat.java-1.37.0-win32-x64\jre\17.0.13-win32-x86_64\bin\vcruntime140_1.dll
0x00007ffdee880000 - 0x00007ffdee90d000 	C:\Users\PMLS\.vscode\extensions\redhat.java-1.37.0-win32-x64\jre\17.0.13-win32-x86_64\bin\msvcp140.dll
0x00007ffde5220000 - 0x00007ffde5e8b000 	C:\Users\PMLS\.vscode\extensions\redhat.java-1.37.0-win32-x64\jre\17.0.13-win32-x86_64\bin\server\jvm.dll
0x00007ffe5acd0000 - 0x00007ffe5ad81000 	C:\Windows\System32\ADVAPI32.dll
0x00007ffe5b760000 - 0x00007ffe5b7ff000 	C:\Windows\System32\sechost.dll
0x00007ffe5aba0000 - 0x00007ffe5acc3000 	C:\Windows\System32\RPCRT4.dll
0x00007ffe5a660000 - 0x00007ffe5a687000 	C:\Windows\System32\bcrypt.dll
0x00007ffe5b930000 - 0x00007ffe5b99b000 	C:\Windows\System32\WS2_32.dll
0x00007ffe43ba0000 - 0x00007ffe43baa000 	C:\Windows\SYSTEM32\VERSION.dll
0x00007ffe4d240000 - 0x00007ffe4d267000 	C:\Windows\SYSTEM32\WINMM.dll
0x00007ffe59b60000 - 0x00007ffe59bab000 	C:\Windows\SYSTEM32\POWRPROF.dll
0x00007ffe59b40000 - 0x00007ffe59b52000 	C:\Windows\SYSTEM32\UMPDC.dll
0x00007ffe58590000 - 0x00007ffe585a2000 	C:\Windows\SYSTEM32\kernel.appcore.dll
0x00007ffe35940000 - 0x00007ffe3594a000 	C:\Users\PMLS\.vscode\extensions\redhat.java-1.37.0-win32-x64\jre\17.0.13-win32-x86_64\bin\jimage.dll
0x00007ffe57950000 - 0x00007ffe57b34000 	C:\Windows\SYSTEM32\DBGHELP.DLL
0x00007ffe37240000 - 0x00007ffe37274000 	C:\Windows\SYSTEM32\dbgcore.DLL
0x00007ffe5a010000 - 0x00007ffe5a092000 	C:\Windows\System32\bcryptPrimitives.dll
0x00007ffe21dc0000 - 0x00007ffe21dfb000 	C:\Users\PMLS\.vscode\extensions\redhat.java-1.37.0-win32-x64\jre\17.0.13-win32-x86_64\bin\jdwp.dll
0x00007ffe2aa70000 - 0x00007ffe2aa95000 	C:\Users\PMLS\.vscode\extensions\redhat.java-1.37.0-win32-x64\jre\17.0.13-win32-x86_64\bin\java.dll
0x00007ffe2c7d0000 - 0x00007ffe2c7e8000 	C:\Users\PMLS\.vscode\extensions\redhat.java-1.37.0-win32-x64\jre\17.0.13-win32-x86_64\bin\zip.dll
0x00007ffe5bd10000 - 0x00007ffe5c47d000 	C:\Windows\System32\SHELL32.dll
0x00007ffe57dd0000 - 0x00007ffe58574000 	C:\Windows\SYSTEM32\windows.storage.dll
0x00007ffe5b130000 - 0x00007ffe5b483000 	C:\Windows\System32\combase.dll
0x00007ffe59630000 - 0x00007ffe5965e000 	C:\Windows\SYSTEM32\Wldp.dll
0x00007ffe5bc40000 - 0x00007ffe5bd0d000 	C:\Windows\System32\OLEAUT32.dll
0x00007ffe5b650000 - 0x00007ffe5b6fd000 	C:\Windows\System32\SHCORE.dll
0x00007ffe5bad0000 - 0x00007ffe5bb25000 	C:\Windows\System32\shlwapi.dll
0x00007ffe59ce0000 - 0x00007ffe59d04000 	C:\Windows\SYSTEM32\profapi.dll
0x00007ffe253d0000 - 0x00007ffe253dc000 	C:\Users\PMLS\.vscode\extensions\redhat.java-1.37.0-win32-x64\jre\17.0.13-win32-x86_64\bin\dt_socket.dll
0x00007ffe59110000 - 0x00007ffe5914b000 	C:\Windows\SYSTEM32\IPHLPAPI.DLL
0x00007ffe59410000 - 0x00007ffe5947a000 	C:\Windows\system32\mswsock.dll
0x00007ffe59150000 - 0x00007ffe5921a000 	C:\Windows\SYSTEM32\DNSAPI.dll
0x00007ffe5b9a0000 - 0x00007ffe5b9a8000 	C:\Windows\System32\NSI.dll
0x00007ffe50dd0000 - 0x00007ffe50dda000 	C:\Windows\System32\rasadhlp.dll
0x00007ffe4f640000 - 0x00007ffe4f6c0000 	C:\Windows\System32\fwpuclnt.dll
0x00007ffe2c0c0000 - 0x00007ffe2c0d9000 	C:\Users\PMLS\.vscode\extensions\redhat.java-1.37.0-win32-x64\jre\17.0.13-win32-x86_64\bin\net.dll
0x00007ffe568f0000 - 0x00007ffe569fd000 	C:\Windows\SYSTEM32\WINHTTP.dll
0x00007ffe2bf50000 - 0x00007ffe2bf66000 	C:\Users\PMLS\.vscode\extensions\redhat.java-1.37.0-win32-x64\jre\17.0.13-win32-x86_64\bin\nio.dll
0x00007ffe24930000 - 0x00007ffe2493a000 	C:\Users\PMLS\.vscode\extensions\redhat.java-1.37.0-win32-x64\jre\17.0.13-win32-x86_64\bin\management.dll
0x00007ffe24500000 - 0x00007ffe2450b000 	C:\Users\PMLS\.vscode\extensions\redhat.java-1.37.0-win32-x64\jre\17.0.13-win32-x86_64\bin\management_ext.dll
0x00007ffe5b640000 - 0x00007ffe5b648000 	C:\Windows\System32\PSAPI.DLL
0x00007ffe2c2b0000 - 0x00007ffe2c2be000 	C:\Users\PMLS\.vscode\extensions\redhat.java-1.37.0-win32-x64\jre\17.0.13-win32-x86_64\bin\sunmscapi.dll
0x00007ffe59eb0000 - 0x00007ffe5a00c000 	C:\Windows\System32\CRYPT32.dll
0x00007ffe597e0000 - 0x00007ffe59807000 	C:\Windows\SYSTEM32\ncrypt.dll
0x00007ffe597a0000 - 0x00007ffe597db000 	C:\Windows\SYSTEM32\NTASN1.dll
0x00007ffe59670000 - 0x00007ffe59688000 	C:\Windows\SYSTEM32\CRYPTSP.dll
0x00007ffe58d50000 - 0x00007ffe58d84000 	C:\Windows\system32\rsaenh.dll
0x00007ffe59c60000 - 0x00007ffe59c8e000 	C:\Windows\SYSTEM32\USERENV.dll
0x00007ffe595a0000 - 0x00007ffe595ac000 	C:\Windows\SYSTEM32\CRYPTBASE.dll
0x00007ffe519e0000 - 0x00007ffe519f7000 	C:\Windows\SYSTEM32\dhcpcsvc6.DLL
0x00007ffe519c0000 - 0x00007ffe519dd000 	C:\Windows\SYSTEM32\dhcpcsvc.DLL
0x00007ffe2eb70000 - 0x00007ffe2eb80000 	C:\Users\PMLS\.vscode\extensions\redhat.java-1.37.0-win32-x64\jre\17.0.13-win32-x86_64\bin\verify.dll
0x00007ffe56d90000 - 0x00007ffe56d99000 	C:\Users\PMLS\.vscode\extensions\redhat.java-1.37.0-win32-x64\jre\17.0.13-win32-x86_64\bin\extnet.dll
0x00007ffe2c910000 - 0x00007ffe2c927000 	C:\Windows\system32\napinsp.dll
0x00007ffe2c8f0000 - 0x00007ffe2c90b000 	C:\Windows\system32\pnrpnsp.dll
0x00007ffe2c6e0000 - 0x00007ffe2c6f5000 	C:\Windows\system32\wshbth.dll
0x00007ffe568c0000 - 0x00007ffe568dd000 	C:\Windows\system32\NLAapi.dll
0x00007ffe2c6c0000 - 0x00007ffe2c6d2000 	C:\Windows\System32\winrnr.dll

dbghelp: loaded successfully - version: 4.0.5 - missing functions: none
symbol engine: initialized successfully - sym options: 0x614 - pdb path: .;C:\Users\PMLS\.vscode\extensions\redhat.java-1.37.0-win32-x64\jre\17.0.13-win32-x86_64\bin;C:\Windows\SYSTEM32;C:\Windows\WinSxS\amd64_microsoft.windows.common-controls_6595b64144ccf1df_6.0.19041.4355_none_60b8b9eb71f62e16;C:\Users\PMLS\.vscode\extensions\redhat.java-1.37.0-win32-x64\jre\17.0.13-win32-x86_64\bin\server

VM Arguments:
jvm_args: -agentlib:jdwp=transport=dt_socket,server=n,suspend=y,address=localhost:62535 -XX:+ShowCodeDetailsInExceptionMessages 
java_command: com.bot.watsappbot.WatsappbotApplication
java_class_path (initial): E:\FYP\backup2.0\watsappbot-main-main\target\classes;C:\Users\PMLS\.m2\repository\org\springframework\boot\spring-boot-starter-web\3.3.4\spring-boot-starter-web-3.3.4.jar;C:\Users\PMLS\.m2\repository\org\springframework\boot\spring-boot-starter\3.3.4\spring-boot-starter-3.3.4.jar;C:\Users\PMLS\.m2\repository\org\springframework\boot\spring-boot-starter-logging\3.3.4\spring-boot-starter-logging-3.3.4.jar;C:\Users\PMLS\.m2\repository\ch\qos\logback\logback-classic\1.5.8\logback-classic-1.5.8.jar;C:\Users\PMLS\.m2\repository\ch\qos\logback\logback-core\1.5.8\logback-core-1.5.8.jar;C:\Users\PMLS\.m2\repository\org\apache\logging\log4j\log4j-to-slf4j\2.23.1\log4j-to-slf4j-2.23.1.jar;C:\Users\PMLS\.m2\repository\org\apache\logging\log4j\log4j-api\2.23.1\log4j-api-2.23.1.jar;C:\Users\PMLS\.m2\repository\org\slf4j\jul-to-slf4j\2.0.16\jul-to-slf4j-2.0.16.jar;C:\Users\PMLS\.m2\repository\jakarta\annotation\jakarta.annotation-api\2.1.1\jakarta.annotation-api-2.1.1.jar;C:\Users\PMLS\.m2\repository\org\yaml\snakeyaml\2.2\snakeyaml-2.2.jar;C:\Users\PMLS\.m2\repository\org\springframework\boot\spring-boot-starter-json\3.3.4\spring-boot-starter-json-3.3.4.jar;C:\Users\PMLS\.m2\repository\com\fasterxml\jackson\datatype\jackson-datatype-jdk8\2.17.2\jackson-datatype-jdk8-2.17.2.jar;C:\Users\PMLS\.m2\repository\com\fasterxml\jackson\datatype\jackson-datatype-jsr310\2.17.2\jackson-datatype-jsr310-2.17.2.jar;C:\Users\PMLS\.m2\repository\com\fasterxml\jackson\module\jackson-module-parameter-names\2.17.2\jackson-module-parameter-names-2.17.2.jar;C:\Users\PMLS\.m2\repository\org\springframework\boot\spring-boot-starter-tomcat\3.3.4\spring-boot-starter-tomcat-3.3.4.jar;C:\Users\PMLS\.m2\repository\org\apache\tomcat\embed\tomcat-embed-core\10.1.30\tomcat-embed-core-10.1.30.jar;C:\Users\PMLS\.m2\repository\org\apache\tomcat\embed\tomcat-embed-websocket\10.1.30\tomcat-embed-websocket-10.1.30.jar;C:\Users\PMLS\.m2\repository\org\springframework\spring-webmvc\6.1.13\s
Launcher Type: SUN_STANDARD

[Global flags]
     intx CICompilerCount                          = 4                                         {product} {ergonomic}
     uint ConcGCThreads                            = 3                                         {product} {ergonomic}
     uint G1ConcRefinementThreads                  = 10                                        {product} {ergonomic}
   size_t G1HeapRegionSize                         = 1048576                                   {product} {ergonomic}
    uintx GCDrainStackTargetSize                   = 64                                        {product} {ergonomic}
   size_t InitialHeapSize                          = 130023424                                 {product} {ergonomic}
   size_t MarkStackSize                            = 4194304                                   {product} {ergonomic}
   size_t MaxHeapSize                              = 2076180480                                {product} {ergonomic}
   size_t MaxNewSize                               = 1245708288                                {product} {ergonomic}
   size_t MinHeapDeltaBytes                        = 1048576                                   {product} {ergonomic}
   size_t MinHeapSize                              = 8388608                                   {product} {ergonomic}
    uintx NonNMethodCodeHeapSize                   = 5839372                                {pd product} {ergonomic}
    uintx NonProfiledCodeHeapSize                  = 122909434                              {pd product} {ergonomic}
    uintx ProfiledCodeHeapSize                     = 122909434                              {pd product} {ergonomic}
    uintx ReservedCodeCacheSize                    = 251658240                              {pd product} {ergonomic}
     bool SegmentedCodeCache                       = true                                      {product} {ergonomic}
     bool ShowCodeDetailsInExceptionMessages       = true                                   {manageable} {command line}
   size_t SoftMaxHeapSize                          = 2076180480                             {manageable} {ergonomic}
     bool UseCompressedClassPointers               = true                           {product lp64_product} {ergonomic}
     bool UseCompressedOops                        = true                           {product lp64_product} {ergonomic}
     bool UseG1GC                                  = true                                      {product} {ergonomic}
     bool UseLargePagesIndividualAllocation        = false                                  {pd product} {ergonomic}

Logging:
Log output configuration:
 #0: stdout all=warning uptime,level,tags
 #1: stderr all=off uptime,level,tags

Environment Variables:
JAVA_HOME=C:\Program Files\Java\jdk-18.0.2
CLASSPATH=C:\Users\PMLS\Desktop\projct\pak.jar
PATH=C:\app\PMYLS\product\21c\dbhomeXE\bin;C:\Program Files\Common Files\Oracle\Java\javapath;C:\Windows\system32;C:\Windows;C:\Windows\System32\Wbem;C:\Windows\System32\WindowsPowerShell\v1.0\;C:\Windows\System32\OpenSSH\;C:\Program Files\Git\cmd;C:\Program Files\nodejs\;C:\Program Files\MySQL\MySQL Server 8.0\bin;C:\msys64\ucrt64\bin;E:\data;C:\Program Files\Java\jdk-18.0.2\bin;C:\Users\PMLS\AppData\Local\Programs\Python\Python310;C:\Users\PMLS\Downloads\ngrok-v3-stable-windows-amd64;C:\Program Files\Docker\Docker\resources\bin;C:\Users\PMLS\AppData\Local\Programs\Python\Python310\Scripts\;C:\Users\PMLS\AppData\Local\Programs\Python\Python310\;C:\Program Files\MySQL\MySQL Shell 8.0\bin\;C:\Users\PMLS\AppData\Local\Microsoft\WindowsApps;C:\Users\PMLS\AppData\Local\Programs\Microsoft VS Code\bin;C:\Users\PMLS\AppData\Roaming\npm;C:\ngrok;
USERNAME=PMYLS
LANG=en_US.UTF-8
OS=Windows_NT
PROCESSOR_IDENTIFIER=Intel64 Family 6 Model 154 Stepping 4, GenuineIntel
TMP=C:\Users\PMLS\AppData\Local\Temp
TEMP=C:\Users\PMLS\AppData\Local\Temp



Periodic native trim disabled


---------------  S Y S T E M  ---------------

OS:
 Windows 10 , 64 bit Build 19041 (10.0.19041.5198)
OS uptime: 0 days 9:27 hours
Hyper-V role detected

CPU: total 12 (initial active 12) (6 cores per cpu, 2 threads per core) family 6 model 154 stepping 4 microcode 0x424, cx8, cmov, fxsr, ht, mmx, 3dnowpref, sse, sse2, sse3, ssse3, sse4.1, sse4.2, popcnt, lzcnt, tsc, tscinvbit, avx, avx2, aes, erms, clmul, bmi1, bmi2, adx, sha, fma, vzeroupper, clflush, clflushopt, clwb, hv
Processor Information for processor 0
  Max Mhz: 1300, Current Mhz: 1300, Mhz Limit: 1300
Processor Information for processor 1
  Max Mhz: 1300, Current Mhz: 1300, Mhz Limit: 1300
Processor Information for processor 2
  Max Mhz: 1300, Current Mhz: 1300, Mhz Limit: 1300
Processor Information for processor 3
  Max Mhz: 1300, Current Mhz: 1300, Mhz Limit: 1300
Processor Information for processor 4
  Max Mhz: 900, Current Mhz: 900, Mhz Limit: 900
Processor Information for processor 5
  Max Mhz: 900, Current Mhz: 900, Mhz Limit: 900
Processor Information for processor 6
  Max Mhz: 900, Current Mhz: 900, Mhz Limit: 900
Processor Information for processor 7
  Max Mhz: 900, Current Mhz: 900, Mhz Limit: 900
Processor Information for processor 8
  Max Mhz: 900, Current Mhz: 900, Mhz Limit: 900
Processor Information for processor 9
  Max Mhz: 900, Current Mhz: 900, Mhz Limit: 900
Processor Information for processor 10
  Max Mhz: 900, Current Mhz: 900, Mhz Limit: 900
Processor Information for processor 11
  Max Mhz: 900, Current Mhz: 900, Mhz Limit: 900

Memory: 4k page, system-wide physical 7916M (380M free)
TotalPageFile size 20533M (AvailPageFile size 5M)
current process WorkingSet (physical memory assigned to process): 272M, peak: 274M
current process commit charge ("private bytes"): 310M, peak: 314M

vm_info: OpenJDK 64-Bit Server VM (17.0.13+11) for windows-amd64 JRE (17.0.13+11), built on Oct 16 2024 00:10:08 by "admin" with MS VC++ 17.7 (VS2022)

END.
