#
# There is insufficient memory for the Java Runtime Environment to continue.
# Native memory allocation (malloc) failed to allocate 1375056 bytes. Error detail: Chunk::new
# Possible reasons:
#   The system is out of physical RAM or swap space
#   This process is running with CompressedOops enabled, and the Java Heap may be blocking the growth of the native heap
# Possible solutions:
#   Reduce memory load on the system
#   Increase physical memory or swap space
#   Check if swap backing store is full
#   Decrease Java heap size (-Xmx/-Xms)
#   Decrease number of Java threads
#   Decrease Java thread stack sizes (-Xss)
#   Set larger code cache with -XX:ReservedCodeCacheSize=
#   JVM is running with Unscaled Compressed Oops mode in which the Java heap is
#     placed in the first 4GB address space. The Java Heap base address is the
#     maximum limit for the native heap growth. Please use -XX:HeapBaseMinAddress
#     to set the Java Heap base and to place the Java Heap above 4GB virtual address.
# This output file may be truncated or incomplete.
#
#  Out of Memory Error (arena.cpp:191), pid=8268, tid=29896
#
# JRE version: OpenJDK Runtime Environment Temurin-17.0.13+11 (17.0.13+11) (build 17.0.13+11)
# Java VM: OpenJDK 64-Bit Server VM Temurin-17.0.13+11 (17.0.13+11, mixed mode, tiered, compressed oops, compressed class ptrs, parallel gc, windows-amd64)
# No core dump will be written. Minidumps are not enabled by default on client versions of Windows
#

---------------  S U M M A R Y ------------

Command Line: --add-modules=ALL-SYSTEM --add-opens=java.base/java.util=ALL-UNNAMED --add-opens=java.base/java.lang=ALL-UNNAMED --add-opens=java.base/sun.nio.fs=ALL-UNNAMED -Declipse.application=org.eclipse.jdt.ls.core.id1 -Dosgi.bundles.defaultStartLevel=4 -Declipse.product=org.eclipse.jdt.ls.core.product -Djava.import.generatesMetadataFilesAtProjectRoot=false -DDetectVMInstallationsJob.disabled=true -Dfile.encoding=utf8 -XX:+UseParallelGC -XX:GCTimeRatio=4 -XX:AdaptiveSizePolicyWeight=90 -Dsun.zip.disableMemoryMapping=true -Xmx1G -Xms100m -Xlog:disable -javaagent:c:\Users\PMLS\.vscode\extensions\redhat.java-1.36.0-win32-x64\lombok\lombok-1.18.35.jar -XX:+HeapDumpOnOutOfMemoryError -XX:HeapDumpPath=c:\Users\PMLS\AppData\Roaming\Code\User\workspaceStorage\517f850426764a345860a14730837554\redhat.java -Daether.dependencyCollector.impl=bf c:\Users\PMLS\.vscode\extensions\redhat.java-1.36.0-win32-x64\server\plugins\org.eclipse.equinox.launcher_1.6.900.v20240613-2009.jar -configuration c:\Users\PMLS\AppData\Roaming\Code\User\globalStorage\redhat.java\1.36.0\config_win -data c:\Users\PMLS\AppData\Roaming\Code\User\workspaceStorage\517f850426764a345860a14730837554\redhat.java\jdt_ws --pipe=\\.\pipe\lsp-117c24994f02a507afc6aecb2168c3f0-sock

Host: 12th Gen Intel(R) Core(TM) i5-1235U, 12 cores, 7G,  Windows 10 , 64 bit Build 19041 (10.0.19041.5198)
Time: Tue Nov 26 23:18:48 2024 Pakistan Standard Time elapsed time: 11.914931 seconds (0d 0h 0m 11s)

---------------  T H R E A D  ---------------

Current thread (0x000001e79448f990):  JavaThread "C2 CompilerThread2" daemon [_thread_in_native, id=29896, stack(0x0000002286e00000,0x0000002286f00000)]


Current CompileTask:
C2:  11915 10552   !   4       org.codehaus.plexus.interpolation.StringSearchInterpolator::interpolate (668 bytes)

Stack: [0x0000002286e00000,0x0000002286f00000]
Native frames: (J=compiled Java code, j=interpreted, Vv=VM code, C=native code)
V  [jvm.dll+0x682a19]
V  [jvm.dll+0x839538]
V  [jvm.dll+0x83afe3]
V  [jvm.dll+0x83b653]
V  [jvm.dll+0x24704f]
V  [jvm.dll+0xace34]
V  [jvm.dll+0xad4cc]
V  [jvm.dll+0x36592f]
V  [jvm.dll+0x32fbd8]
V  [jvm.dll+0x32f05a]
V  [jvm.dll+0x21804f]
V  [jvm.dll+0x21748f]
V  [jvm.dll+0x1a3070]
V  [jvm.dll+0x22788c]
V  [jvm.dll+0x2259eb]
V  [jvm.dll+0x7eec98]
V  [jvm.dll+0x7e8ffc]
V  [jvm.dll+0x6818f7]
C  [ucrtbase.dll+0x21bb2]
C  [KERNEL32.DLL+0x17374]
C  [ntdll.dll+0x4cc91]


---------------  P R O C E S S  ---------------

Threads class SMR info:
_java_thread_list=0x000001e795aa3f00, length=78, elements={
0x000001e7f818fa50, 0x000001e7fd026500, 0x000001e7fe2d3d80, 0x000001e7fd0288f0,
0x000001e7fd029680, 0x000001e7fd02e420, 0x000001e7fe3243b0, 0x000001e7fe329600,
0x000001e7fe329f10, 0x000001e7fe32a820, 0x000001e7fe49e780, 0x000001e7fe66d1e0,
0x000001e79381f560, 0x000001e79370c7e0, 0x000001e7936b7390, 0x000001e7936b7c40,
0x000001e793e90d50, 0x000001e7943c0390, 0x000001e7943c0db0, 0x000001e7943be530,
0x000001e7943bea40, 0x000001e7943bd600, 0x000001e793ad67c0, 0x000001e7943be020,
0x000001e79448f990, 0x000001e7943bef50, 0x000001e7943bf460, 0x000001e7943bfe80,
0x000001e794c139e0, 0x000001e794c13ef0, 0x000001e794c12090, 0x000001e794c15330,
0x000001e794c125a0, 0x000001e794c12fc0, 0x000001e794c134d0, 0x000001e794c14400,
0x000001e794c12ab0, 0x000001e794c14910, 0x000001e794c15840, 0x000001e794c14e20,
0x000001e79630b9b0, 0x000001e79630bec0, 0x000001e79630cdf0, 0x000001e79630b4a0,
0x000001e79630aa80, 0x000001e79630af90, 0x000001e79630c8e0, 0x000001e79630d810,
0x000001e79630d300, 0x000001e7943bdb10, 0x000001e795a21e40, 0x000001e795a23790,
0x000001e795a28380, 0x000001e795a22350, 0x000001e795a23ca0, 0x000001e795a26a30,
0x000001e795a27450, 0x000001e795a27960, 0x000001e795a22d70, 0x000001e795a20f10,
0x000001e795a241b0, 0x000001e795a22860, 0x000001e795a23280, 0x000001e795a28890,
0x000001e795a27e70, 0x000001e795a246c0, 0x000001e795a24bd0, 0x000001e795a25b00,
0x000001e795a26010, 0x000001e795a26520, 0x000001e795a26f40, 0x000001e7943c08a0,
0x000001e794f68a80, 0x000001e794f64dc0, 0x000001e794f68f90, 0x000001e794f63e90,
0x000001e794f66710, 0x000001e794f68570
}

Java Threads: ( => current thread )
  0x000001e7f818fa50 JavaThread "main" [_thread_blocked, id=29392, stack(0x0000002284900000,0x0000002284a00000)]
  0x000001e7fd026500 JavaThread "Reference Handler" daemon [_thread_blocked, id=34736, stack(0x0000002284c00000,0x0000002284d00000)]
  0x000001e7fe2d3d80 JavaThread "Finalizer" daemon [_thread_blocked, id=34844, stack(0x0000002284d00000,0x0000002284e00000)]
  0x000001e7fd0288f0 JavaThread "Signal Dispatcher" daemon [_thread_blocked, id=37568, stack(0x0000002284e00000,0x0000002284f00000)]
  0x000001e7fd029680 JavaThread "Attach Listener" daemon [_thread_blocked, id=36348, stack(0x0000002284f00000,0x0000002285000000)]
  0x000001e7fd02e420 JavaThread "Service Thread" daemon [_thread_blocked, id=13572, stack(0x0000002285000000,0x0000002285100000)]
  0x000001e7fe3243b0 JavaThread "Monitor Deflation Thread" daemon [_thread_blocked, id=34040, stack(0x0000002285100000,0x0000002285200000)]
  0x000001e7fe329600 JavaThread "C2 CompilerThread0" daemon [_thread_blocked, id=25316, stack(0x0000002285200000,0x0000002285300000)]
  0x000001e7fe329f10 JavaThread "C1 CompilerThread0" daemon [_thread_blocked, id=35432, stack(0x0000002285300000,0x0000002285400000)]
  0x000001e7fe32a820 JavaThread "Sweeper thread" daemon [_thread_blocked, id=28280, stack(0x0000002285400000,0x0000002285500000)]
  0x000001e7fe49e780 JavaThread "Common-Cleaner" daemon [_thread_blocked, id=25488, stack(0x0000002285500000,0x0000002285600000)]
  0x000001e7fe66d1e0 JavaThread "Notification Thread" daemon [_thread_blocked, id=26812, stack(0x0000002285700000,0x0000002285800000)]
  0x000001e79381f560 JavaThread "Active Thread: Equinox Container: 64ba0eb6-50e4-4bf4-b446-37a1acc0737b" [_thread_blocked, id=32116, stack(0x0000002286000000,0x0000002286100000)]
  0x000001e79370c7e0 JavaThread "Refresh Thread: Equinox Container: 64ba0eb6-50e4-4bf4-b446-37a1acc0737b" daemon [_thread_blocked, id=12928, stack(0x0000002286100000,0x0000002286200000)]
  0x000001e7936b7390 JavaThread "Framework Event Dispatcher: Equinox Container: 64ba0eb6-50e4-4bf4-b446-37a1acc0737b" daemon [_thread_blocked, id=35576, stack(0x0000002286200000,0x0000002286300000)]
  0x000001e7936b7c40 JavaThread "Start Level: Equinox Container: 64ba0eb6-50e4-4bf4-b446-37a1acc0737b" daemon [_thread_blocked, id=35180, stack(0x0000002286300000,0x0000002286400000)]
  0x000001e793e90d50 JavaThread "Bundle File Closer" daemon [_thread_blocked, id=26288, stack(0x0000002286500000,0x0000002286600000)]
  0x000001e7943c0390 JavaThread "SCR Component Actor" daemon [_thread_blocked, id=21088, stack(0x0000002286700000,0x0000002286800000)]
  0x000001e7943c0db0 JavaThread "Worker-JM" [_thread_blocked, id=29856, stack(0x0000002286a00000,0x0000002286b00000)]
  0x000001e7943be530 JavaThread "JNA Cleaner" daemon [_thread_blocked, id=33444, stack(0x0000002285600000,0x0000002285700000)]
  0x000001e7943bea40 JavaThread "Worker-0: Building" [_thread_in_native, id=34436, stack(0x0000002285900000,0x0000002285a00000)]
  0x000001e7943bd600 JavaThread "Worker-1" [_thread_blocked, id=36628, stack(0x0000002286b00000,0x0000002286c00000)]
  0x000001e793ad67c0 JavaThread "C2 CompilerThread1" daemon [_thread_blocked, id=37316, stack(0x0000002286c00000,0x0000002286d00000)]
  0x000001e7943be020 JavaThread "Worker-2" [_thread_blocked, id=32280, stack(0x0000002286d00000,0x0000002286e00000)]
=>0x000001e79448f990 JavaThread "C2 CompilerThread2" daemon [_thread_in_native, id=29896, stack(0x0000002286e00000,0x0000002286f00000)]
  0x000001e7943bef50 JavaThread "Java indexing" daemon [_thread_in_Java, id=34656, stack(0x0000002286f00000,0x0000002287000000)]
  0x000001e7943bf460 JavaThread "Worker-3" [_thread_blocked, id=35316, stack(0x0000002287000000,0x0000002287100000)]
  0x000001e7943bfe80 JavaThread "Thread-2" daemon [_thread_in_native, id=36948, stack(0x0000002287300000,0x0000002287400000)]
  0x000001e794c139e0 JavaThread "Thread-3" daemon [_thread_in_native, id=17428, stack(0x0000002287400000,0x0000002287500000)]
  0x000001e794c13ef0 JavaThread "Thread-4" daemon [_thread_in_native, id=14412, stack(0x0000002287500000,0x0000002287600000)]
  0x000001e794c12090 JavaThread "Thread-5" daemon [_thread_in_native, id=32724, stack(0x0000002287600000,0x0000002287700000)]
  0x000001e794c15330 JavaThread "Thread-6" daemon [_thread_in_native, id=29452, stack(0x0000002287700000,0x0000002287800000)]
  0x000001e794c125a0 JavaThread "Thread-7" daemon [_thread_in_native, id=33392, stack(0x0000002287800000,0x0000002287900000)]
  0x000001e794c12fc0 JavaThread "Thread-8" daemon [_thread_in_native, id=31856, stack(0x0000002287900000,0x0000002287a00000)]
  0x000001e794c134d0 JavaThread "Thread-9" daemon [_thread_in_native, id=28460, stack(0x0000002287a00000,0x0000002287b00000)]
  0x000001e794c14400 JavaThread "Thread-10" daemon [_thread_in_native, id=28388, stack(0x0000002287b00000,0x0000002287c00000)]
  0x000001e794c12ab0 JavaThread "Thread-11" daemon [_thread_in_native, id=35720, stack(0x0000002287c00000,0x0000002287d00000)]
  0x000001e794c14910 JavaThread "Thread-12" daemon [_thread_in_native, id=6708, stack(0x0000002287d00000,0x0000002287e00000)]
  0x000001e794c15840 JavaThread "Thread-13" daemon [_thread_in_native, id=37620, stack(0x0000002287e00000,0x0000002287f00000)]
  0x000001e794c14e20 JavaThread "Thread-14" daemon [_thread_in_native, id=31396, stack(0x0000002287f00000,0x0000002288000000)]
  0x000001e79630b9b0 JavaThread "Worker-4: Java indexing... " [_thread_blocked, id=2796, stack(0x0000002288000000,0x0000002288100000)]
  0x000001e79630bec0 JavaThread "Worker-5" [_thread_blocked, id=25460, stack(0x0000002288100000,0x0000002288200000)]
  0x000001e79630cdf0 JavaThread "pool-2-thread-1" [_thread_blocked, id=16996, stack(0x0000002288200000,0x0000002288300000)]
  0x000001e79630b4a0 JavaThread "WorkspaceEventsHandler" [_thread_blocked, id=37464, stack(0x0000002288300000,0x0000002288400000)]
  0x000001e79630aa80 JavaThread "pool-1-thread-1" [_thread_blocked, id=32604, stack(0x0000002288400000,0x0000002288500000)]
  0x000001e79630af90 JavaThread "LocalFile Deleter" daemon [_thread_blocked, id=31632, stack(0x0000002288500000,0x0000002288600000)]
  0x000001e79630c8e0 JavaThread "LocalFile Deleter" daemon [_thread_blocked, id=32496, stack(0x0000002288600000,0x0000002288700000)]
  0x000001e79630d810 JavaThread "LocalFile Deleter" daemon [_thread_blocked, id=35032, stack(0x0000002288700000,0x0000002288800000)]
  0x000001e79630d300 JavaThread "LocalFile Deleter" daemon [_thread_blocked, id=36304, stack(0x0000002288800000,0x0000002288900000)]
  0x000001e7943bdb10 JavaThread "LocalFile Deleter" daemon [_thread_blocked, id=13648, stack(0x0000002288900000,0x0000002288a00000)]
  0x000001e795a21e40 JavaThread "LocalFile Deleter" daemon [_thread_blocked, id=34500, stack(0x0000002288a00000,0x0000002288b00000)]
  0x000001e795a23790 JavaThread "LocalFile Deleter" daemon [_thread_blocked, id=33980, stack(0x0000002288b00000,0x0000002288c00000)]
  0x000001e795a28380 JavaThread "LocalFile Deleter" daemon [_thread_blocked, id=1264, stack(0x0000002288c00000,0x0000002288d00000)]
  0x000001e795a22350 JavaThread "LocalFile Deleter" daemon [_thread_blocked, id=31824, stack(0x0000002288d00000,0x0000002288e00000)]
  0x000001e795a23ca0 JavaThread "LocalFile Deleter" daemon [_thread_blocked, id=24772, stack(0x0000002288e00000,0x0000002288f00000)]
  0x000001e795a26a30 JavaThread "LocalFile Deleter" daemon [_thread_blocked, id=35476, stack(0x0000002288f00000,0x0000002289000000)]
  0x000001e795a27450 JavaThread "LocalFile Deleter" daemon [_thread_blocked, id=21948, stack(0x0000002289000000,0x0000002289100000)]
  0x000001e795a27960 JavaThread "Compiler Source File Reader" daemon [_thread_blocked, id=22172, stack(0x0000002289100000,0x0000002289200000)]
  0x000001e795a22d70 JavaThread "Compiler Source File Reader" daemon [_thread_blocked, id=29996, stack(0x0000002289200000,0x0000002289300000)]
  0x000001e795a20f10 JavaThread "Compiler Source File Reader" daemon [_thread_blocked, id=35716, stack(0x0000002289300000,0x0000002289400000)]
  0x000001e795a241b0 JavaThread "Compiler Source File Reader" daemon [_thread_blocked, id=14204, stack(0x0000002289400000,0x0000002289500000)]
  0x000001e795a22860 JavaThread "Compiler Source File Reader" daemon [_thread_blocked, id=1448, stack(0x0000002289500000,0x0000002289600000)]
  0x000001e795a23280 JavaThread "Compiler Source File Reader" daemon [_thread_blocked, id=35384, stack(0x0000002289600000,0x0000002289700000)]
  0x000001e795a28890 JavaThread "Compiler Source File Reader" daemon [_thread_blocked, id=11880, stack(0x0000002289700000,0x0000002289800000)]
  0x000001e795a27e70 JavaThread "Compiler Source File Reader" daemon [_thread_blocked, id=17112, stack(0x0000002289800000,0x0000002289900000)]
  0x000001e795a246c0 JavaThread "Compiler Source File Reader" daemon [_thread_blocked, id=34912, stack(0x0000002289900000,0x0000002289a00000)]
  0x000001e795a24bd0 JavaThread "Compiler Source File Reader" daemon [_thread_blocked, id=31672, stack(0x0000002289a00000,0x0000002289b00000)]
  0x000001e795a25b00 JavaThread "Compiler Processing Task" daemon [_thread_blocked, id=37036, stack(0x0000002286800000,0x0000002286900000)]
  0x000001e795a26010 JavaThread "Compiler Class File Writer" daemon [_thread_blocked, id=34584, stack(0x0000002289b00000,0x0000002289c00000)]
  0x000001e795a26520 JavaThread "Compiler Class File Writer" daemon [_thread_blocked, id=15176, stack(0x0000002289c00000,0x0000002289d00000)]
  0x000001e795a26f40 JavaThread "Compiler Class File Writer" daemon [_thread_blocked, id=14780, stack(0x0000002289d00000,0x0000002289e00000)]
  0x000001e7943c08a0 JavaThread "Compiler Class File Writer" daemon [_thread_blocked, id=34800, stack(0x0000002289e00000,0x0000002289f00000)]
  0x000001e794f68a80 JavaThread "Compiler Class File Writer" daemon [_thread_blocked, id=36884, stack(0x0000002289f00000,0x000000228a000000)]
  0x000001e794f64dc0 JavaThread "Compiler Class File Writer" daemon [_thread_blocked, id=35796, stack(0x000000228a000000,0x000000228a100000)]
  0x000001e794f68f90 JavaThread "Compiler Class File Writer" daemon [_thread_blocked, id=15168, stack(0x000000228a100000,0x000000228a200000)]
  0x000001e794f63e90 JavaThread "Compiler Class File Writer" daemon [_thread_blocked, id=30456, stack(0x000000228a200000,0x000000228a300000)]
  0x000001e794f66710 JavaThread "Compiler Class File Writer" daemon [_thread_blocked, id=2876, stack(0x000000228a300000,0x000000228a400000)]
  0x000001e794f68570 JavaThread "Compiler Class File Writer" daemon [_thread_blocked, id=6220, stack(0x000000228a400000,0x000000228a500000)]

Other Threads:
  0x000001e7f8218fd0 VMThread "VM Thread" [stack: 0x0000002284b00000,0x0000002284c00000] [id=25436]
  0x000001e7fe627440 WatcherThread [stack: 0x0000002285800000,0x0000002285900000] [id=14416]
  0x000001e7f81a6f60 GCTaskThread "GC Thread#0" [stack: 0x0000002284a00000,0x0000002284b00000] [id=15448]
  0x000001e79337d6f0 GCTaskThread "GC Thread#1" [stack: 0x0000002285a00000,0x0000002285b00000] [id=33300]
  0x000001e793416270 GCTaskThread "GC Thread#2" [stack: 0x0000002285b00000,0x0000002285c00000] [id=15012]
  0x000001e7933830d0 GCTaskThread "GC Thread#3" [stack: 0x0000002285c00000,0x0000002285d00000] [id=25784]
  0x000001e793383390 GCTaskThread "GC Thread#4" [stack: 0x0000002285d00000,0x0000002285e00000] [id=34524]
  0x000001e7933c7ab0 GCTaskThread "GC Thread#5" [stack: 0x0000002285e00000,0x0000002285f00000] [id=20200]
  0x000001e7933c7d70 GCTaskThread "GC Thread#6" [stack: 0x0000002285f00000,0x0000002286000000] [id=35104]
  0x000001e793e55c30 GCTaskThread "GC Thread#7" [stack: 0x0000002286400000,0x0000002286500000] [id=8940]
  0x000001e793cba5e0 GCTaskThread "GC Thread#8" [stack: 0x0000002286600000,0x0000002286700000] [id=33148]
  0x000001e7940ac340 GCTaskThread "GC Thread#9" [stack: 0x0000002286900000,0x0000002286a00000] [id=34980]

Threads with active compile tasks:
C2 CompilerThread2    11932 10552   !   4       org.codehaus.plexus.interpolation.StringSearchInterpolator::interpolate (668 bytes)

VM state: not at safepoint (normal execution)

VM Mutex/Monitor currently owned by a thread: None

Heap address: 0x00000000c0000000, size: 1024 MB, Compressed Oops mode: 32-bit

CDS archive(s) not mapped
Compressed class space mapped at: 0x0000000100000000-0x0000000140000000, reserved size: 1073741824
Narrow klass base: 0x0000000000000000, Narrow klass shift: 3, Narrow klass range: 0x140000000

GC Precious Log:
 CPUs: 12 total, 12 available
 Memory: 7916M
 Large Page Support: Disabled
 NUMA Support: Disabled
 Compressed Oops: Enabled (32-bit)
 Alignments: Space 512K, Generation 512K, Heap 2M
 Heap Min Capacity: 100M
 Heap Initial Capacity: 100M
 Heap Max Capacity: 1G
 Pre-touch: Disabled
 Parallel Workers: 10

Heap:
 PSYoungGen      total 23040K, used 18676K [0x00000000eab00000, 0x00000000ec800000, 0x0000000100000000)
  eden space 18432K, 77% used [0x00000000eab00000,0x00000000eb8fb510,0x00000000ebd00000)
  from space 4608K, 94% used [0x00000000ec380000,0x00000000ec7c1da8,0x00000000ec800000)
  to   space 5120K, 0% used [0x00000000ebe00000,0x00000000ebe00000,0x00000000ec300000)
 ParOldGen       total 316928K, used 270713K [0x00000000c0000000, 0x00000000d3580000, 0x00000000eab00000)
  object space 316928K, 85% used [0x00000000c0000000,0x00000000d085e4d8,0x00000000d3580000)
 Metaspace       used 66936K, committed 68160K, reserved 1114112K
  class space    used 6979K, committed 7552K, reserved 1048576K

Card table byte_map: [0x000001e7f7b30000,0x000001e7f7d40000] _byte_map_base: 0x000001e7f7530000

Marking Bits: (ParMarkBitMap*) 0x00007ff8187d6940
 Begin Bits: [0x000001e7fae30000, 0x000001e7fbe30000)
 End Bits:   [0x000001e7fbe30000, 0x000001e7fce30000)

Polling page: 0x000001e7f60d0000

Metaspace:

Usage:
  Non-class:     58.55 MB used.
      Class:      6.82 MB used.
       Both:     65.37 MB used.

Virtual space:
  Non-class space:       64.00 MB reserved,      59.19 MB ( 92%) committed,  1 nodes.
      Class space:        1.00 GB reserved,       7.38 MB ( <1%) committed,  1 nodes.
             Both:        1.06 GB reserved,      66.56 MB (  6%) committed. 

Chunk freelists:
   Non-Class:  4.08 MB
       Class:  8.68 MB
        Both:  12.75 MB

MaxMetaspaceSize: unlimited
CompressedClassSpaceSize: 1.00 GB
Initial GC threshold: 21.00 MB
Current GC threshold: 110.56 MB
CDS: off
MetaspaceReclaimPolicy: balanced
 - commit_granule_bytes: 65536.
 - commit_granule_words: 8192.
 - virtual_space_node_default_size: 8388608.
 - enlarge_chunks_in_place: 1.
 - new_chunks_are_fully_committed: 0.
 - uncommit_free_chunks: 1.
 - use_allocation_guard: 0.
 - handle_deallocations: 1.


Internal statistics:

num_allocs_failed_limit: 10.
num_arena_births: 874.
num_arena_deaths: 30.
num_vsnodes_births: 2.
num_vsnodes_deaths: 0.
num_space_committed: 1065.
num_space_uncommitted: 0.
num_chunks_returned_to_freelist: 48.
num_chunks_taken_from_freelist: 3693.
num_chunk_merges: 24.
num_chunk_splits: 2239.
num_chunks_enlarged: 1226.
num_inconsistent_stats: 0.

CodeHeap 'non-profiled nmethods': size=120000Kb used=6435Kb max_used=6435Kb free=113564Kb
 bounds [0x000001e787ad0000, 0x000001e788120000, 0x000001e78f000000]
CodeHeap 'profiled nmethods': size=120000Kb used=17492Kb max_used=17492Kb free=102507Kb
 bounds [0x000001e780000000, 0x000001e781120000, 0x000001e787530000]
CodeHeap 'non-nmethods': size=5760Kb used=1352Kb max_used=1520Kb free=4407Kb
 bounds [0x000001e787530000, 0x000001e7877a0000, 0x000001e787ad0000]
 total_blobs=9607 nmethods=8912 adapters=608
 compilation: enabled
              stopped_count=0, restarted_count=0
 full_count=0

Compilation events (20 events):
Event: 11.868 Thread 0x000001e7fe329f10 10695       3       org.eclipse.aether.artifact.AbstractArtifact::isSnapshot (8 bytes)
Event: 11.869 Thread 0x000001e7fe329f10 nmethod 10695 0x000001e78110c590 code [0x000001e78110c7a0, 0x000001e78110cd48]
Event: 11.869 Thread 0x000001e7fe329f10 10696       3       org.eclipse.aether.RepositoryEvent$Builder::setRepository (7 bytes)
Event: 11.869 Thread 0x000001e7fe329f10 nmethod 10696 0x000001e78110d010 code [0x000001e78110d1a0, 0x000001e78110d2d8]
Event: 11.869 Thread 0x000001e7fe329f10 10697       3       org.eclipse.aether.resolution.ArtifactResult::setArtifact (7 bytes)
Event: 11.869 Thread 0x000001e7fe329f10 nmethod 10697 0x000001e78110d390 code [0x000001e78110d520, 0x000001e78110d658]
Event: 11.870 Thread 0x000001e7fe329f10 10698       3       org.eclipse.aether.resolution.ArtifactResult::setRepository (7 bytes)
Event: 11.870 Thread 0x000001e7fe329f10 nmethod 10698 0x000001e78110d710 code [0x000001e78110d8a0, 0x000001e78110d9d8]
Event: 11.870 Thread 0x000001e7fe329f10 10699   !   3       org.eclipse.aether.internal.impl.DefaultArtifactResolver::getFile (163 bytes)
Event: 11.873 Thread 0x000001e7fe329f10 nmethod 10699 0x000001e78110da90 code [0x000001e78110df80, 0x000001e781110298]
Event: 11.873 Thread 0x000001e7fe329f10 10700       3       org.eclipse.aether.internal.impl.DefaultArtifactResolver::artifactResolved (74 bytes)
Event: 11.874 Thread 0x000001e7fe329f10 nmethod 10700 0x000001e781111010 code [0x000001e781111220, 0x000001e781111948]
Event: 11.874 Thread 0x000001e793ad67c0 10701       4       java.util.regex.Pattern$$Lambda$117/0x0000000100171d50::is (13 bytes)
Event: 11.875 Thread 0x000001e793ad67c0 nmethod 10701 0x000001e788118890 code [0x000001e788118a00, 0x000001e788118a98]
Event: 11.887 Thread 0x000001e7fe329600 10702       4       sun.nio.ch.FileKey::hashCode (42 bytes)
Event: 11.887 Thread 0x000001e7fe329600 nmethod 10702 0x000001e788118b90 code [0x000001e788118d00, 0x000001e788118db8]
Event: 11.900 Thread 0x000001e7fe329f10 10703       3       org.eclipse.aether.artifact.AbstractArtifact::toBaseVersion (92 bytes)
Event: 11.900 Thread 0x000001e7fe329f10 nmethod 10703 0x000001e781111d10 code [0x000001e781111f80, 0x000001e781112618]
Event: 11.910 Thread 0x000001e7fe329f10 10704       3       org.eclipse.aether.AbstractForwardingRepositorySystemSession::getCache (10 bytes)
Event: 11.911 Thread 0x000001e7fe329f10 nmethod 10704 0x000001e781112890 code [0x000001e781112a40, 0x000001e781112bf8]

GC Heap History (20 events):
Event: 10.831 GC heap before
{Heap before GC invocations=157 (full 10):
 PSYoungGen      total 13312K, used 13184K [0x00000000eab00000, 0x00000000eba80000, 0x0000000100000000)
  eden space 11264K, 100% used [0x00000000eab00000,0x00000000eb600000,0x00000000eb600000)
  from space 2048K, 93% used [0x00000000eb880000,0x00000000eba60218,0x00000000eba80000)
  to   space 2048K, 0% used [0x00000000eb680000,0x00000000eb680000,0x00000000eb880000)
 ParOldGen       total 275968K, used 241122K [0x00000000c0000000, 0x00000000d0d80000, 0x00000000eab00000)
  object space 275968K, 87% used [0x00000000c0000000,0x00000000ceb789d0,0x00000000d0d80000)
 Metaspace       used 65894K, committed 67136K, reserved 1114112K
  class space    used 6926K, committed 7488K, reserved 1048576K
}
Event: 10.833 GC heap after
{Heap after GC invocations=157 (full 10):
 PSYoungGen      total 13312K, used 2038K [0x00000000eab00000, 0x00000000ebe00000, 0x0000000100000000)
  eden space 11264K, 0% used [0x00000000eab00000,0x00000000eab00000,0x00000000eb600000)
  from space 2048K, 99% used [0x00000000eb680000,0x00000000eb87d998,0x00000000eb880000)
  to   space 4096K, 0% used [0x00000000eba00000,0x00000000eba00000,0x00000000ebe00000)
 ParOldGen       total 275968K, used 242475K [0x00000000c0000000, 0x00000000d0d80000, 0x00000000eab00000)
  object space 275968K, 87% used [0x00000000c0000000,0x00000000ceccaff8,0x00000000d0d80000)
 Metaspace       used 65894K, committed 67136K, reserved 1114112K
  class space    used 6926K, committed 7488K, reserved 1048576K
}
Event: 10.898 GC heap before
{Heap before GC invocations=158 (full 10):
 PSYoungGen      total 13312K, used 13302K [0x00000000eab00000, 0x00000000ebe00000, 0x0000000100000000)
  eden space 11264K, 100% used [0x00000000eab00000,0x00000000eb600000,0x00000000eb600000)
  from space 2048K, 99% used [0x00000000eb680000,0x00000000eb87d998,0x00000000eb880000)
  to   space 4096K, 0% used [0x00000000eba00000,0x00000000eba00000,0x00000000ebe00000)
 ParOldGen       total 275968K, used 242510K [0x00000000c0000000, 0x00000000d0d80000, 0x00000000eab00000)
  object space 275968K, 87% used [0x00000000c0000000,0x00000000cecd38d0,0x00000000d0d80000)
 Metaspace       used 65926K, committed 67136K, reserved 1114112K
  class space    used 6927K, committed 7488K, reserved 1048576K
}
Event: 10.900 GC heap after
{Heap after GC invocations=158 (full 10):
 PSYoungGen      total 14336K, used 2001K [0x00000000eab00000, 0x00000000ebc00000, 0x0000000100000000)
  eden space 12288K, 0% used [0x00000000eab00000,0x00000000eab00000,0x00000000eb700000)
  from space 2048K, 97% used [0x00000000eba00000,0x00000000ebbf44d0,0x00000000ebc00000)
  to   space 2560K, 0% used [0x00000000eb700000,0x00000000eb700000,0x00000000eb980000)
 ParOldGen       total 275968K, used 244482K [0x00000000c0000000, 0x00000000d0d80000, 0x00000000eab00000)
  object space 275968K, 88% used [0x00000000c0000000,0x00000000ceec09b8,0x00000000d0d80000)
 Metaspace       used 65926K, committed 67136K, reserved 1114112K
  class space    used 6927K, committed 7488K, reserved 1048576K
}
Event: 10.951 GC heap before
{Heap before GC invocations=159 (full 10):
 PSYoungGen      total 14336K, used 14232K [0x00000000eab00000, 0x00000000ebc00000, 0x0000000100000000)
  eden space 12288K, 99% used [0x00000000eab00000,0x00000000eb6f1e08,0x00000000eb700000)
  from space 2048K, 97% used [0x00000000eba00000,0x00000000ebbf44d0,0x00000000ebc00000)
  to   space 2560K, 0% used [0x00000000eb700000,0x00000000eb700000,0x00000000eb980000)
 ParOldGen       total 275968K, used 244482K [0x00000000c0000000, 0x00000000d0d80000, 0x00000000eab00000)
  object space 275968K, 88% used [0x00000000c0000000,0x00000000ceec09b8,0x00000000d0d80000)
 Metaspace       used 65969K, committed 67200K, reserved 1114112K
  class space    used 6928K, committed 7488K, reserved 1048576K
}
Event: 10.954 GC heap after
{Heap after GC invocations=159 (full 10):
 PSYoungGen      total 14848K, used 2549K [0x00000000eab00000, 0x00000000ec400000, 0x0000000100000000)
  eden space 12288K, 0% used [0x00000000eab00000,0x00000000eab00000,0x00000000eb700000)
  from space 2560K, 99% used [0x00000000eb700000,0x00000000eb97d5a0,0x00000000eb980000)
  to   space 6144K, 0% used [0x00000000ebe00000,0x00000000ebe00000,0x00000000ec400000)
 ParOldGen       total 275968K, used 247302K [0x00000000c0000000, 0x00000000d0d80000, 0x00000000eab00000)
  object space 275968K, 89% used [0x00000000c0000000,0x00000000cf181af8,0x00000000d0d80000)
 Metaspace       used 65969K, committed 67200K, reserved 1114112K
  class space    used 6928K, committed 7488K, reserved 1048576K
}
Event: 11.010 GC heap before
{Heap before GC invocations=160 (full 10):
 PSYoungGen      total 14848K, used 14837K [0x00000000eab00000, 0x00000000ec400000, 0x0000000100000000)
  eden space 12288K, 100% used [0x00000000eab00000,0x00000000eb700000,0x00000000eb700000)
  from space 2560K, 99% used [0x00000000eb700000,0x00000000eb97d5a0,0x00000000eb980000)
  to   space 6144K, 0% used [0x00000000ebe00000,0x00000000ebe00000,0x00000000ec400000)
 ParOldGen       total 275968K, used 247302K [0x00000000c0000000, 0x00000000d0d80000, 0x00000000eab00000)
  object space 275968K, 89% used [0x00000000c0000000,0x00000000cf181af8,0x00000000d0d80000)
 Metaspace       used 66082K, committed 67264K, reserved 1114112K
  class space    used 6928K, committed 7488K, reserved 1048576K
}
Event: 11.014 GC heap after
{Heap after GC invocations=160 (full 10):
 PSYoungGen      total 18432K, used 5032K [0x00000000eab00000, 0x00000000ec300000, 0x0000000100000000)
  eden space 13312K, 0% used [0x00000000eab00000,0x00000000eab00000,0x00000000eb800000)
  from space 5120K, 98% used [0x00000000ebe00000,0x00000000ec2ea370,0x00000000ec300000)
  to   space 5632K, 0% used [0x00000000eb800000,0x00000000eb800000,0x00000000ebd80000)
 ParOldGen       total 275968K, used 249261K [0x00000000c0000000, 0x00000000d0d80000, 0x00000000eab00000)
  object space 275968K, 90% used [0x00000000c0000000,0x00000000cf36b7c8,0x00000000d0d80000)
 Metaspace       used 66082K, committed 67264K, reserved 1114112K
  class space    used 6928K, committed 7488K, reserved 1048576K
}
Event: 11.083 GC heap before
{Heap before GC invocations=161 (full 10):
 PSYoungGen      total 18432K, used 18344K [0x00000000eab00000, 0x00000000ec300000, 0x0000000100000000)
  eden space 13312K, 100% used [0x00000000eab00000,0x00000000eb800000,0x00000000eb800000)
  from space 5120K, 98% used [0x00000000ebe00000,0x00000000ec2ea370,0x00000000ec300000)
  to   space 5632K, 0% used [0x00000000eb800000,0x00000000eb800000,0x00000000ebd80000)
 ParOldGen       total 275968K, used 249261K [0x00000000c0000000, 0x00000000d0d80000, 0x00000000eab00000)
  object space 275968K, 90% used [0x00000000c0000000,0x00000000cf36b7c8,0x00000000d0d80000)
 Metaspace       used 66157K, committed 67392K, reserved 1114112K
  class space    used 6929K, committed 7488K, reserved 1048576K
}
Event: 11.088 GC heap after
{Heap after GC invocations=161 (full 10):
 PSYoungGen      total 18944K, used 5601K [0x00000000eab00000, 0x00000000ecc00000, 0x0000000100000000)
  eden space 13312K, 0% used [0x00000000eab00000,0x00000000eab00000,0x00000000eb800000)
  from space 5632K, 99% used [0x00000000eb800000,0x00000000ebd78620,0x00000000ebd80000)
  to   space 9728K, 0% used [0x00000000ec280000,0x00000000ec280000,0x00000000ecc00000)
 ParOldGen       total 275968K, used 252485K [0x00000000c0000000, 0x00000000d0d80000, 0x00000000eab00000)
  object space 275968K, 91% used [0x00000000c0000000,0x00000000cf691798,0x00000000d0d80000)
 Metaspace       used 66157K, committed 67392K, reserved 1114112K
  class space    used 6929K, committed 7488K, reserved 1048576K
}
Event: 11.171 GC heap before
{Heap before GC invocations=162 (full 10):
 PSYoungGen      total 18944K, used 18913K [0x00000000eab00000, 0x00000000ecc00000, 0x0000000100000000)
  eden space 13312K, 100% used [0x00000000eab00000,0x00000000eb800000,0x00000000eb800000)
  from space 5632K, 99% used [0x00000000eb800000,0x00000000ebd78620,0x00000000ebd80000)
  to   space 9728K, 0% used [0x00000000ec280000,0x00000000ec280000,0x00000000ecc00000)
 ParOldGen       total 275968K, used 252485K [0x00000000c0000000, 0x00000000d0d80000, 0x00000000eab00000)
  object space 275968K, 91% used [0x00000000c0000000,0x00000000cf691798,0x00000000d0d80000)
 Metaspace       used 66299K, committed 67520K, reserved 1114112K
  class space    used 6941K, committed 7488K, reserved 1048576K
}
Event: 11.176 GC heap after
{Heap after GC invocations=162 (full 10):
 PSYoungGen      total 19456K, used 5039K [0x00000000eab00000, 0x00000000ec780000, 0x0000000100000000)
  eden space 14336K, 0% used [0x00000000eab00000,0x00000000eab00000,0x00000000eb900000)
  from space 5120K, 98% used [0x00000000ec280000,0x00000000ec76be90,0x00000000ec780000)
  to   space 6656K, 0% used [0x00000000eba80000,0x00000000eba80000,0x00000000ec100000)
 ParOldGen       total 275968K, used 257361K [0x00000000c0000000, 0x00000000d0d80000, 0x00000000eab00000)
  object space 275968K, 93% used [0x00000000c0000000,0x00000000cfb544b8,0x00000000d0d80000)
 Metaspace       used 66299K, committed 67520K, reserved 1114112K
  class space    used 6941K, committed 7488K, reserved 1048576K
}
Event: 11.321 GC heap before
{Heap before GC invocations=163 (full 10):
 PSYoungGen      total 19456K, used 19375K [0x00000000eab00000, 0x00000000ec780000, 0x0000000100000000)
  eden space 14336K, 100% used [0x00000000eab00000,0x00000000eb900000,0x00000000eb900000)
  from space 5120K, 98% used [0x00000000ec280000,0x00000000ec76be90,0x00000000ec780000)
  to   space 6656K, 0% used [0x00000000eba80000,0x00000000eba80000,0x00000000ec100000)
 ParOldGen       total 275968K, used 257361K [0x00000000c0000000, 0x00000000d0d80000, 0x00000000eab00000)
  object space 275968K, 93% used [0x00000000c0000000,0x00000000cfb544b8,0x00000000d0d80000)
 Metaspace       used 66499K, committed 67712K, reserved 1114112K
  class space    used 6963K, committed 7488K, reserved 1048576K
}
Event: 11.332 GC heap after
{Heap after GC invocations=163 (full 10):
 PSYoungGen      total 22016K, used 6649K [0x00000000eab00000, 0x00000000eda00000, 0x0000000100000000)
  eden space 15360K, 0% used [0x00000000eab00000,0x00000000eab00000,0x00000000eba00000)
  from space 6656K, 99% used [0x00000000eba80000,0x00000000ec0fe430,0x00000000ec100000)
  to   space 16384K, 0% used [0x00000000eca00000,0x00000000eca00000,0x00000000eda00000)
 ParOldGen       total 275968K, used 265095K [0x00000000c0000000, 0x00000000d0d80000, 0x00000000eab00000)
  object space 275968K, 96% used [0x00000000c0000000,0x00000000d02e1c90,0x00000000d0d80000)
 Metaspace       used 66499K, committed 67712K, reserved 1114112K
  class space    used 6963K, committed 7488K, reserved 1048576K
}
Event: 11.433 GC heap before
{Heap before GC invocations=164 (full 10):
 PSYoungGen      total 22016K, used 22009K [0x00000000eab00000, 0x00000000eda00000, 0x0000000100000000)
  eden space 15360K, 100% used [0x00000000eab00000,0x00000000eba00000,0x00000000eba00000)
  from space 6656K, 99% used [0x00000000eba80000,0x00000000ec0fe430,0x00000000ec100000)
  to   space 16384K, 0% used [0x00000000eca00000,0x00000000eca00000,0x00000000eda00000)
 ParOldGen       total 275968K, used 265095K [0x00000000c0000000, 0x00000000d0d80000, 0x00000000eab00000)
  object space 275968K, 96% used [0x00000000c0000000,0x00000000d02e1c90,0x00000000d0d80000)
 Metaspace       used 66647K, committed 67904K, reserved 1114112K
  class space    used 6979K, committed 7552K, reserved 1048576K
}
Event: 11.439 GC heap after
{Heap after GC invocations=164 (full 10):
 PSYoungGen      total 18944K, used 2516K [0x00000000eab00000, 0x00000000ecc80000, 0x0000000100000000)
  eden space 16384K, 0% used [0x00000000eab00000,0x00000000eab00000,0x00000000ebb00000)
  from space 2560K, 98% used [0x00000000eca00000,0x00000000ecc75020,0x00000000ecc80000)
  to   space 7168K, 0% used [0x00000000ebe80000,0x00000000ebe80000,0x00000000ec580000)
 ParOldGen       total 275968K, used 271774K [0x00000000c0000000, 0x00000000d0d80000, 0x00000000eab00000)
  object space 275968K, 98% used [0x00000000c0000000,0x00000000d0967b18,0x00000000d0d80000)
 Metaspace       used 66647K, committed 67904K, reserved 1114112K
  class space    used 6979K, committed 7552K, reserved 1048576K
}
Event: 11.494 GC heap before
{Heap before GC invocations=165 (full 11):
 PSYoungGen      total 18944K, used 18900K [0x00000000eab00000, 0x00000000ecc80000, 0x0000000100000000)
  eden space 16384K, 100% used [0x00000000eab00000,0x00000000ebb00000,0x00000000ebb00000)
  from space 2560K, 98% used [0x00000000eca00000,0x00000000ecc75020,0x00000000ecc80000)
  to   space 7168K, 0% used [0x00000000ebe80000,0x00000000ebe80000,0x00000000ec580000)
 ParOldGen       total 275968K, used 271774K [0x00000000c0000000, 0x00000000d0d80000, 0x00000000eab00000)
  object space 275968K, 98% used [0x00000000c0000000,0x00000000d0967b18,0x00000000d0d80000)
 Metaspace       used 66705K, committed 67904K, reserved 1114112K
  class space    used 6980K, committed 7552K, reserved 1048576K
}
Event: 11.614 GC heap after
{Heap after GC invocations=165 (full 11):
 PSYoungGen      total 17920K, used 0K [0x00000000eab00000, 0x00000000eca80000, 0x0000000100000000)
  eden space 17408K, 0% used [0x00000000eab00000,0x00000000eab00000,0x00000000ebc00000)
  from space 512K, 0% used [0x00000000ebe80000,0x00000000ebe80000,0x00000000ebf00000)
  to   space 7168K, 0% used [0x00000000ec380000,0x00000000ec380000,0x00000000eca80000)
 ParOldGen       total 316928K, used 270705K [0x00000000c0000000, 0x00000000d3580000, 0x00000000eab00000)
  object space 316928K, 85% used [0x00000000c0000000,0x00000000d085c4d8,0x00000000d3580000)
 Metaspace       used 66691K, committed 67904K, reserved 1114112K
  class space    used 6976K, committed 7552K, reserved 1048576K
}
Event: 11.736 GC heap before
{Heap before GC invocations=166 (full 11):
 PSYoungGen      total 17920K, used 17408K [0x00000000eab00000, 0x00000000eca80000, 0x0000000100000000)
  eden space 17408K, 100% used [0x00000000eab00000,0x00000000ebc00000,0x00000000ebc00000)
  from space 512K, 0% used [0x00000000ebe80000,0x00000000ebe80000,0x00000000ebf00000)
  to   space 7168K, 0% used [0x00000000ec380000,0x00000000ec380000,0x00000000eca80000)
 ParOldGen       total 316928K, used 270705K [0x00000000c0000000, 0x00000000d3580000, 0x00000000eab00000)
  object space 316928K, 85% used [0x00000000c0000000,0x00000000d085c4d8,0x00000000d3580000)
 Metaspace       used 66815K, committed 68032K, reserved 1114112K
  class space    used 6977K, committed 7552K, reserved 1048576K
}
Event: 11.741 GC heap after
{Heap after GC invocations=166 (full 11):
 PSYoungGen      total 23040K, used 4359K [0x00000000eab00000, 0x00000000ec800000, 0x0000000100000000)
  eden space 18432K, 0% used [0x00000000eab00000,0x00000000eab00000,0x00000000ebd00000)
  from space 4608K, 94% used [0x00000000ec380000,0x00000000ec7c1da8,0x00000000ec800000)
  to   space 5120K, 0% used [0x00000000ebe00000,0x00000000ebe00000,0x00000000ec300000)
 ParOldGen       total 316928K, used 270713K [0x00000000c0000000, 0x00000000d3580000, 0x00000000eab00000)
  object space 316928K, 85% used [0x00000000c0000000,0x00000000d085e4d8,0x00000000d3580000)
 Metaspace       used 66815K, committed 68032K, reserved 1114112K
  class space    used 6977K, committed 7552K, reserved 1048576K
}

Dll operation events (10 events):
Event: 0.008 Loaded shared library c:\Users\PMLS\.vscode\extensions\redhat.java-1.36.0-win32-x64\jre\17.0.13-win32-x86_64\bin\java.dll
Event: 0.138 Loaded shared library c:\Users\PMLS\.vscode\extensions\redhat.java-1.36.0-win32-x64\jre\17.0.13-win32-x86_64\bin\zip.dll
Event: 0.141 Loaded shared library C:\Users\PMLS\.vscode\extensions\redhat.java-1.36.0-win32-x64\jre\17.0.13-win32-x86_64\bin\instrument.dll
Event: 0.148 Loaded shared library C:\Users\PMLS\.vscode\extensions\redhat.java-1.36.0-win32-x64\jre\17.0.13-win32-x86_64\bin\net.dll
Event: 0.149 Loaded shared library C:\Users\PMLS\.vscode\extensions\redhat.java-1.36.0-win32-x64\jre\17.0.13-win32-x86_64\bin\nio.dll
Event: 0.153 Loaded shared library C:\Users\PMLS\.vscode\extensions\redhat.java-1.36.0-win32-x64\jre\17.0.13-win32-x86_64\bin\zip.dll
Event: 0.166 Loaded shared library C:\Users\PMLS\.vscode\extensions\redhat.java-1.36.0-win32-x64\jre\17.0.13-win32-x86_64\bin\jimage.dll
Event: 0.214 Loaded shared library c:\Users\PMLS\.vscode\extensions\redhat.java-1.36.0-win32-x64\jre\17.0.13-win32-x86_64\bin\verify.dll
Event: 1.082 Loaded shared library C:\Users\PMLS\AppData\Roaming\Code\User\globalStorage\redhat.java\1.36.0\config_win\org.eclipse.equinox.launcher\org.eclipse.equinox.launcher.win32.win32.x86_64_1.2.1100.v20240722-2106\eclipse_11904.dll
Event: 2.665 Loaded shared library C:\Users\PMLS\AppData\Local\Temp\jna-76263555\jna16861439402096315787.dll

Deoptimization events (20 events):
Event: 11.660 Thread 0x000001e794f657e0 Uncommon trap: trap_request=0xffffffbe fr.pc=0x000001e7880ed85c relative=0x0000000000000cbc
Event: 11.660 Thread 0x000001e794f657e0 Uncommon trap: reason=profile_predicate action=maybe_recompile pc=0x000001e7880ed85c method=java.util.regex.Pattern$CharPropertyGreedy.match(Ljava/util/regex/Matcher;ILjava/lang/CharSequence;)Z @ 15 c2
Event: 11.661 Thread 0x000001e794f657e0 DEOPT PACKING pc=0x000001e7880ed85c sp=0x000000228a7fe0d0
Event: 11.661 Thread 0x000001e794f657e0 DEOPT UNPACKING pc=0x000001e7875866a3 sp=0x000000228a7fe060 mode 2
Event: 11.784 Thread 0x000001e7943bea40 Uncommon trap: trap_request=0xffffff45 fr.pc=0x000001e7880f9d2c relative=0x000000000000040c
Event: 11.784 Thread 0x000001e7943bea40 Uncommon trap: reason=unstable_if action=reinterpret pc=0x000001e7880f9d2c method=java.util.HashMap.getNode(Ljava/lang/Object;)Ljava/util/HashMap$Node; @ 57 c2
Event: 11.784 Thread 0x000001e7943bea40 DEOPT PACKING pc=0x000001e7880f9d2c sp=0x00000022859fd740
Event: 11.784 Thread 0x000001e7943bea40 DEOPT UNPACKING pc=0x000001e7875866a3 sp=0x00000022859fd660 mode 2
Event: 11.784 Thread 0x000001e7943bea40 Uncommon trap: trap_request=0xffffff45 fr.pc=0x000001e7880f452c relative=0x000000000000040c
Event: 11.784 Thread 0x000001e7943bea40 Uncommon trap: reason=unstable_if action=reinterpret pc=0x000001e7880f452c method=java.util.HashMap.getNode(Ljava/lang/Object;)Ljava/util/HashMap$Node; @ 57 c2
Event: 11.784 Thread 0x000001e7943bea40 DEOPT PACKING pc=0x000001e7880f452c sp=0x00000022859fd6d0
Event: 11.784 Thread 0x000001e7943bea40 DEOPT UNPACKING pc=0x000001e7875866a3 sp=0x00000022859fd660 mode 2
Event: 11.793 Thread 0x000001e7943bea40 Uncommon trap: trap_request=0xffffff45 fr.pc=0x000001e787ee64a0 relative=0x0000000000000100
Event: 11.793 Thread 0x000001e7943bea40 Uncommon trap: reason=unstable_if action=reinterpret pc=0x000001e787ee64a0 method=java.util.ArrayDeque.addFirst(Ljava/lang/Object;)V @ 42 c2
Event: 11.793 Thread 0x000001e7943bea40 DEOPT PACKING pc=0x000001e787ee64a0 sp=0x00000022859fd840
Event: 11.793 Thread 0x000001e7943bea40 DEOPT UNPACKING pc=0x000001e7875866a3 sp=0x00000022859fd768 mode 2
Event: 11.793 Thread 0x000001e7943bea40 Uncommon trap: trap_request=0xffffff45 fr.pc=0x000001e787f38220 relative=0x0000000000000100
Event: 11.793 Thread 0x000001e7943bea40 Uncommon trap: reason=unstable_if action=reinterpret pc=0x000001e787f38220 method=java.util.ArrayDeque.addFirst(Ljava/lang/Object;)V @ 42 c2
Event: 11.793 Thread 0x000001e7943bea40 DEOPT PACKING pc=0x000001e787f38220 sp=0x00000022859fd7d0
Event: 11.793 Thread 0x000001e7943bea40 DEOPT UNPACKING pc=0x000001e7875866a3 sp=0x00000022859fd760 mode 2

Classes loaded (20 events):
Event: 8.403 Loading class java/util/Hashtable$ValueCollection
Event: 8.403 Loading class java/util/Hashtable$ValueCollection done
Event: 8.409 Loading class java/util/concurrent/ConcurrentHashMap$KeySpliterator
Event: 8.409 Loading class java/util/concurrent/ConcurrentHashMap$KeySpliterator done
Event: 8.419 Loading class java/nio/channels/Channels$1
Event: 8.420 Loading class java/nio/channels/Channels$1 done
Event: 8.486 Loading class java/util/stream/ReferencePipeline$4
Event: 8.487 Loading class java/util/stream/ReferencePipeline$4 done
Event: 8.488 Loading class java/util/stream/Nodes$IntFixedNodeBuilder
Event: 8.488 Loading class java/util/stream/Node$Builder$OfInt
Event: 8.488 Loading class java/util/stream/Node$Builder$OfInt done
Event: 8.488 Loading class java/util/stream/Nodes$IntArrayNode
Event: 8.488 Loading class java/util/stream/Nodes$IntArrayNode done
Event: 8.488 Loading class java/util/stream/Nodes$IntFixedNodeBuilder done
Event: 8.489 Loading class java/util/stream/ReferencePipeline$4$1
Event: 8.489 Loading class java/util/stream/ReferencePipeline$4$1 done
Event: 9.524 Loading class jdk/internal/module/IllegalAccessLogger
Event: 9.525 Loading class jdk/internal/module/IllegalAccessLogger done
Event: 11.419 Loading class sun/nio/cs/ISO_8859_1$Decoder
Event: 11.420 Loading class sun/nio/cs/ISO_8859_1$Decoder done

Classes unloaded (15 events):
Event: 3.579 Thread 0x000001e7f8218fd0 Unloading class 0x0000000100257c00 'java/lang/invoke/LambdaForm$MH+0x0000000100257c00'
Event: 3.579 Thread 0x000001e7f8218fd0 Unloading class 0x0000000100257800 'java/lang/invoke/LambdaForm$MH+0x0000000100257800'
Event: 3.579 Thread 0x000001e7f8218fd0 Unloading class 0x0000000100257400 'java/lang/invoke/LambdaForm$MH+0x0000000100257400'
Event: 3.579 Thread 0x000001e7f8218fd0 Unloading class 0x0000000100257000 'java/lang/invoke/LambdaForm$MH+0x0000000100257000'
Event: 3.579 Thread 0x000001e7f8218fd0 Unloading class 0x0000000100256c00 'java/lang/invoke/LambdaForm$BMH+0x0000000100256c00'
Event: 3.579 Thread 0x000001e7f8218fd0 Unloading class 0x0000000100256800 'java/lang/invoke/LambdaForm$DMH+0x0000000100256800'
Event: 3.579 Thread 0x000001e7f8218fd0 Unloading class 0x0000000100254000 'java/lang/invoke/LambdaForm$DMH+0x0000000100254000'
Event: 11.537 Thread 0x000001e7f8218fd0 Unloading class 0x000000010074e800 'java/lang/invoke/LambdaForm$MH+0x000000010074e800'
Event: 11.537 Thread 0x000001e7f8218fd0 Unloading class 0x000000010074e000 'java/lang/invoke/LambdaForm$MH+0x000000010074e000'
Event: 11.537 Thread 0x000001e7f8218fd0 Unloading class 0x000000010074dc00 'java/lang/invoke/LambdaForm$MH+0x000000010074dc00'
Event: 11.537 Thread 0x000001e7f8218fd0 Unloading class 0x000000010074e400 'java/lang/invoke/LambdaForm$MH+0x000000010074e400'
Event: 11.537 Thread 0x000001e7f8218fd0 Unloading class 0x000000010074d400 'java/lang/invoke/LambdaForm$DMH+0x000000010074d400'
Event: 11.537 Thread 0x000001e7f8218fd0 Unloading class 0x000000010074cc00 'java/lang/invoke/LambdaForm$DMH+0x000000010074cc00'
Event: 11.537 Thread 0x000001e7f8218fd0 Unloading class 0x000000010074c800 'java/lang/invoke/LambdaForm$DMH+0x000000010074c800'
Event: 11.537 Thread 0x000001e7f8218fd0 Unloading class 0x000000010074d000 'java/lang/invoke/LambdaForm$DMH+0x000000010074d000'

Classes redefined (0 events):
No events

Internal exceptions (20 events):
Event: 8.395 Thread 0x000001e795a25b00 Exception <a 'java/lang/NoSuchMethodError'{0x00000000eab3a210}: 'int java.lang.invoke.DirectMethodHandle$Holder.invokeStatic(java.lang.Object, int, java.lang.Object)'> (0x00000000eab3a210) 
thrown [s\src\hotspot\share\interpreter\linkResolver.cpp, line 759]
Event: 8.409 Thread 0x000001e7943bea40 Exception <a 'java/lang/NoSuchMethodError'{0x00000000eaede278}: 'java.lang.Object java.lang.invoke.DirectMethodHandle$Holder.invokeInterface(java.lang.Object, java.lang.Object, java.lang.Object)'> (0x00000000eaede278) 
thrown [s\src\hotspot\share\interpreter\linkResolver.cpp, line 759]
Event: 8.413 Thread 0x000001e7943bea40 Exception <a 'java/lang/NoSuchMethodError'{0x00000000eb043280}: 'java.lang.Object java.lang.invoke.DirectMethodHandle$Holder.newInvokeSpecial(java.lang.Object, java.lang.Object, int, int, java.lang.Object)'> (0x00000000eb043280) 
thrown [s\src\hotspot\share\interpreter\linkResolver.cpp, line 759]
Event: 8.513 Thread 0x000001e795a25b00 Implicit null exception at 0x000001e787d5d09e to 0x000001e787d5d1ec
Event: 8.587 Thread 0x000001e795a25b00 Exception <a 'java/lang/NoSuchMethodError'{0x00000000eb1cb2a8}: 'void java.lang.invoke.DirectMethodHandle$Holder.invokeStatic(java.lang.Object, int, java.lang.Object)'> (0x00000000eb1cb2a8) 
thrown [s\src\hotspot\share\interpreter\linkResolver.cpp, line 759]
Event: 9.447 Thread 0x000001e7943bea40 Exception <a 'sun/nio/fs/WindowsException'{0x00000000eb02bc38}> (0x00000000eb02bc38) 
thrown [s\src\hotspot\share\prims\jni.cpp, line 516]
Event: 9.447 Thread 0x000001e79630c8e0 Exception <a 'sun/nio/fs/WindowsException'{0x00000000eb02f170}> (0x00000000eb02f170) 
thrown [s\src\hotspot\share\prims\jni.cpp, line 516]
Event: 9.448 Thread 0x000001e79630af90 Exception <a 'sun/nio/fs/WindowsException'{0x00000000eb032d10}> (0x00000000eb032d10) 
thrown [s\src\hotspot\share\prims\jni.cpp, line 516]
Event: 9.466 Thread 0x000001e7943bea40 Implicit null exception at 0x000001e787f98d61 to 0x000001e787f99420
Event: 9.559 Thread 0x000001e7943bea40 Exception <a 'sun/nio/fs/WindowsException'{0x00000000eb57b2b8}> (0x00000000eb57b2b8) 
thrown [s\src\hotspot\share\prims\jni.cpp, line 516]
Event: 9.559 Thread 0x000001e7943bea40 Exception <a 'sun/nio/fs/WindowsException'{0x00000000eb57bb10}> (0x00000000eb57bb10) 
thrown [s\src\hotspot\share\prims\jni.cpp, line 516]
Event: 11.187 Thread 0x000001e7943bea40 Exception <a 'java/lang/NoSuchMethodError'{0x00000000ead478b8}: 'void java.lang.invoke.DirectMethodHandle$Holder.invokeInterface(java.lang.Object, java.lang.Object)'> (0x00000000ead478b8) 
thrown [s\src\hotspot\share\interpreter\linkResolver.cpp, line 759]
Event: 11.200 Thread 0x000001e7943bea40 Exception <a 'java/lang/NoSuchMethodError'{0x00000000eae67ef8}: 'java.lang.Object java.lang.invoke.DirectMethodHandle$Holder.newInvokeSpecial(java.lang.Object, java.lang.Object, java.lang.Object, java.lang.Object, java.lang.Object, java.lang.Object)'> (0x00000000eae67ef8) 
thrown [s\src\hotspot\share\interpreter\linkResolver.cpp, line 759]
Event: 11.298 Thread 0x000001e794f657e0 Exception <a 'java/lang/NoSuchMethodError'{0x00000000eb6959d8}: 'java.lang.Object java.lang.invoke.Invokers$Holder.linkToTargetMethod(java.lang.Object, java.lang.Object, java.lang.Object, java.lang.Object, java.lang.Object, java.lang.Object, java.lang.Object)'> (0x00000000eb6959d8) 
thrown [s\src\hotspot\share\interpreter\linkResolver.cpp, line 759]
Event: 11.298 Thread 0x000001e794f699b0 Exception <a 'java/lang/NoSuchMethodError'{0x00000000eb664d10}: 'java.lang.Object java.lang.invoke.Invokers$Holder.linkToTargetMethod(java.lang.Object, java.lang.Object, java.lang.Object, java.lang.Object, java.lang.Object, java.lang.Object, java.lang.Object)'> (0x00000000eb664d10) 
thrown [s\src\hotspot\share\interpreter\linkResolver.cpp, line 759]
Event: 11.298 Thread 0x000001e794f694a0 Exception <a 'java/lang/NoSuchMethodError'{0x00000000eb63c098}: 'java.lang.Object java.lang.invoke.Invokers$Holder.linkToTargetMethod(java.lang.Object, java.lang.Object, java.lang.Object, java.lang.Object, java.lang.Object, java.lang.Object, java.lang.Object)'> (0x00000000eb63c098) 
thrown [s\src\hotspot\share\interpreter\linkResolver.cpp, line 759]
Event: 11.298 Thread 0x000001e794f67130 Exception <a 'java/lang/NoSuchMethodError'{0x00000000eb6720c8}: 'java.lang.Object java.lang.invoke.Invokers$Holder.linkToTargetMethod(java.lang.Object, java.lang.Object, java.lang.Object, java.lang.Object, java.lang.Object, java.lang.Object, java.lang.Object)'> (0x00000000eb6720c8) 
thrown [s\src\hotspot\share\interpreter\linkResolver.cpp, line 759]
Event: 11.298 Thread 0x000001e794f69ec0 Exception <a 'java/lang/NoSuchMethodError'{0x00000000eb682598}: 'java.lang.Object java.lang.invoke.Invokers$Holder.linkToTargetMethod(java.lang.Object, java.lang.Object, java.lang.Object, java.lang.Object, java.lang.Object, java.lang.Object, java.lang.Object)'> (0x00000000eb682598) 
thrown [s\src\hotspot\share\interpreter\linkResolver.cpp, line 759]
Event: 11.784 Thread 0x000001e7943bea40 Implicit null exception at 0x000001e7880f99ff to 0x000001e7880f9d0c
Event: 11.784 Thread 0x000001e7943bea40 Implicit null exception at 0x000001e7880f41ff to 0x000001e7880f450c

VM Operations (20 events):
Event: 10.898 Executing VM operation: ParallelGCFailedAllocation
Event: 10.901 Executing VM operation: ParallelGCFailedAllocation done
Event: 10.951 Executing VM operation: ParallelGCFailedAllocation
Event: 10.954 Executing VM operation: ParallelGCFailedAllocation done
Event: 11.010 Executing VM operation: ParallelGCFailedAllocation
Event: 11.014 Executing VM operation: ParallelGCFailedAllocation done
Event: 11.083 Executing VM operation: ParallelGCFailedAllocation
Event: 11.088 Executing VM operation: ParallelGCFailedAllocation done
Event: 11.171 Executing VM operation: ParallelGCFailedAllocation
Event: 11.176 Executing VM operation: ParallelGCFailedAllocation done
Event: 11.308 Executing VM operation: HandshakeAllThreads
Event: 11.308 Executing VM operation: HandshakeAllThreads done
Event: 11.321 Executing VM operation: ParallelGCFailedAllocation
Event: 11.332 Executing VM operation: ParallelGCFailedAllocation done
Event: 11.432 Executing VM operation: ParallelGCFailedAllocation
Event: 11.439 Executing VM operation: ParallelGCFailedAllocation done
Event: 11.494 Executing VM operation: ParallelGCFailedAllocation
Event: 11.615 Executing VM operation: ParallelGCFailedAllocation done
Event: 11.736 Executing VM operation: ParallelGCFailedAllocation
Event: 11.741 Executing VM operation: ParallelGCFailedAllocation done

Memory protections (0 events):
No events

Nmethod flushes (20 events):
Event: 8.510 Thread 0x000001e7fe32a820 flushing  nmethod 0x000001e780d39910
Event: 8.510 Thread 0x000001e7fe32a820 flushing  nmethod 0x000001e780d3a710
Event: 8.510 Thread 0x000001e7fe32a820 flushing  nmethod 0x000001e780d3b290
Event: 8.510 Thread 0x000001e7fe32a820 flushing  nmethod 0x000001e780d3d090
Event: 8.510 Thread 0x000001e7fe32a820 flushing  nmethod 0x000001e780d3f590
Event: 8.510 Thread 0x000001e7fe32a820 flushing  nmethod 0x000001e780d43790
Event: 8.510 Thread 0x000001e7fe32a820 flushing  nmethod 0x000001e780d46610
Event: 8.510 Thread 0x000001e7fe32a820 flushing  nmethod 0x000001e780d46c10
Event: 8.510 Thread 0x000001e7fe32a820 flushing  nmethod 0x000001e780d47090
Event: 8.510 Thread 0x000001e7fe32a820 flushing  nmethod 0x000001e780d4ac10
Event: 8.510 Thread 0x000001e7fe32a820 flushing  nmethod 0x000001e780d54110
Event: 8.510 Thread 0x000001e7fe32a820 flushing  nmethod 0x000001e780d79290
Event: 8.510 Thread 0x000001e7fe32a820 flushing  nmethod 0x000001e780d88490
Event: 8.510 Thread 0x000001e7fe32a820 flushing  nmethod 0x000001e780da0690
Event: 8.510 Thread 0x000001e7fe32a820 flushing  nmethod 0x000001e780dc3c10
Event: 10.000 Thread 0x000001e7fe32a820 flushing  nmethod 0x000001e78012e610
Event: 10.000 Thread 0x000001e7fe32a820 flushing  nmethod 0x000001e780159410
Event: 10.007 Thread 0x000001e7fe32a820 flushing  nmethod 0x000001e780d28490
Event: 10.007 Thread 0x000001e7fe32a820 flushing osr nmethod 0x000001e780d30f90
Event: 10.007 Thread 0x000001e7fe32a820 flushing  nmethod 0x000001e780d3ff10

Events (20 events):
Event: 8.414 Thread 0x000001e7943bea40 Thread added: 0x000001e795a26010
Event: 8.424 Thread 0x000001e7943bea40 Thread added: 0x000001e795a26520
Event: 8.485 Thread 0x000001e7943bea40 Thread added: 0x000001e795a26f40
Event: 8.543 Thread 0x000001e7943bea40 Thread added: 0x000001e7943c08a0
Event: 8.554 Thread 0x000001e7943bea40 Thread added: 0x000001e794f68a80
Event: 8.594 Thread 0x000001e7943bea40 Thread added: 0x000001e794f64dc0
Event: 8.594 Thread 0x000001e7943bea40 Thread added: 0x000001e794f68f90
Event: 8.599 Thread 0x000001e7943bea40 Thread added: 0x000001e794f63e90
Event: 8.617 Thread 0x000001e7943bea40 Thread added: 0x000001e794f66710
Event: 8.701 Thread 0x000001e7943bea40 Thread added: 0x000001e794f68570
Event: 11.203 Thread 0x000001e7943bea40 Thread added: 0x000001e794f694a0
Event: 11.203 Thread 0x000001e7943bea40 Thread added: 0x000001e794f699b0
Event: 11.203 Thread 0x000001e7943bea40 Thread added: 0x000001e794f657e0
Event: 11.203 Thread 0x000001e7943bea40 Thread added: 0x000001e794f69ec0
Event: 11.204 Thread 0x000001e7943bea40 Thread added: 0x000001e794f67130
Event: 11.777 Thread 0x000001e794f694a0 Thread exited: 0x000001e794f694a0
Event: 11.777 Thread 0x000001e794f67130 Thread exited: 0x000001e794f67130
Event: 11.777 Thread 0x000001e794f657e0 Thread exited: 0x000001e794f657e0
Event: 11.777 Thread 0x000001e794f69ec0 Thread exited: 0x000001e794f69ec0
Event: 11.777 Thread 0x000001e794f699b0 Thread exited: 0x000001e794f699b0


Dynamic libraries:
0x00007ff7be310000 - 0x00007ff7be31e000 	c:\Users\PMLS\.vscode\extensions\redhat.java-1.36.0-win32-x64\jre\17.0.13-win32-x86_64\bin\java.exe
0x00007ff87f6d0000 - 0x00007ff87f8c8000 	C:\Windows\SYSTEM32\ntdll.dll
0x00007ff87d7e0000 - 0x00007ff87d8a2000 	C:\Windows\System32\KERNEL32.DLL
0x00007ff87d360000 - 0x00007ff87d65e000 	C:\Windows\System32\KERNELBASE.dll
0x00007ff87d1c0000 - 0x00007ff87d2c0000 	C:\Windows\System32\ucrtbase.dll
0x00007ff86fa30000 - 0x00007ff86fa47000 	c:\Users\PMLS\.vscode\extensions\redhat.java-1.36.0-win32-x64\jre\17.0.13-win32-x86_64\bin\jli.dll
0x00007ff87ded0000 - 0x00007ff87e06d000 	C:\Windows\System32\USER32.dll
0x00007ff87d190000 - 0x00007ff87d1b2000 	C:\Windows\System32\win32u.dll
0x00007ff857b50000 - 0x00007ff857b6e000 	c:\Users\PMLS\.vscode\extensions\redhat.java-1.36.0-win32-x64\jre\17.0.13-win32-x86_64\bin\VCRUNTIME140.dll
0x00007ff85a100000 - 0x00007ff85a39a000 	C:\Windows\WinSxS\amd64_microsoft.windows.common-controls_6595b64144ccf1df_6.0.19041.4355_none_60b8b9eb71f62e16\COMCTL32.dll
0x00007ff87d6f0000 - 0x00007ff87d71b000 	C:\Windows\System32\GDI32.dll
0x00007ff87d070000 - 0x00007ff87d187000 	C:\Windows\System32\gdi32full.dll
0x00007ff87ee80000 - 0x00007ff87ef1e000 	C:\Windows\System32\msvcrt.dll
0x00007ff87cfd0000 - 0x00007ff87d06d000 	C:\Windows\System32\msvcp_win.dll
0x00007ff87e2e0000 - 0x00007ff87e30f000 	C:\Windows\System32\IMM32.DLL
0x00007ff874f80000 - 0x00007ff874f8c000 	c:\Users\PMLS\.vscode\extensions\redhat.java-1.36.0-win32-x64\jre\17.0.13-win32-x86_64\bin\vcruntime140_1.dll
0x00007ff851840000 - 0x00007ff8518cd000 	c:\Users\PMLS\.vscode\extensions\redhat.java-1.36.0-win32-x64\jre\17.0.13-win32-x86_64\bin\msvcp140.dll
0x00007ff817c30000 - 0x00007ff81889b000 	c:\Users\PMLS\.vscode\extensions\redhat.java-1.36.0-win32-x64\jre\17.0.13-win32-x86_64\bin\server\jvm.dll
0x00007ff87d720000 - 0x00007ff87d7d1000 	C:\Windows\System32\ADVAPI32.dll
0x00007ff87ede0000 - 0x00007ff87ee7f000 	C:\Windows\System32\sechost.dll
0x00007ff87db90000 - 0x00007ff87dcb3000 	C:\Windows\System32\RPCRT4.dll
0x00007ff87d330000 - 0x00007ff87d357000 	C:\Windows\System32\bcrypt.dll
0x00007ff87ecf0000 - 0x00007ff87ed5b000 	C:\Windows\System32\WS2_32.dll
0x00007ff86cb60000 - 0x00007ff86cb87000 	C:\Windows\SYSTEM32\WINMM.dll
0x00007ff867620000 - 0x00007ff86762a000 	C:\Windows\SYSTEM32\VERSION.dll
0x00007ff87cb20000 - 0x00007ff87cb6b000 	C:\Windows\SYSTEM32\POWRPROF.dll
0x00007ff87cb00000 - 0x00007ff87cb12000 	C:\Windows\SYSTEM32\UMPDC.dll
0x00007ff87b550000 - 0x00007ff87b562000 	C:\Windows\SYSTEM32\kernel.appcore.dll
0x00007ff871290000 - 0x00007ff87129a000 	c:\Users\PMLS\.vscode\extensions\redhat.java-1.36.0-win32-x64\jre\17.0.13-win32-x86_64\bin\jimage.dll
0x00007ff87aaa0000 - 0x00007ff87ac84000 	C:\Windows\SYSTEM32\DBGHELP.DLL
0x00007ff8725c0000 - 0x00007ff8725f4000 	C:\Windows\SYSTEM32\dbgcore.DLL
0x00007ff87d660000 - 0x00007ff87d6e2000 	C:\Windows\System32\bcryptPrimitives.dll
0x00007ff8706d0000 - 0x00007ff8706de000 	c:\Users\PMLS\.vscode\extensions\redhat.java-1.36.0-win32-x64\jre\17.0.13-win32-x86_64\bin\instrument.dll
0x00007ff852d90000 - 0x00007ff852db5000 	c:\Users\PMLS\.vscode\extensions\redhat.java-1.36.0-win32-x64\jre\17.0.13-win32-x86_64\bin\java.dll
0x00007ff853090000 - 0x00007ff8530a8000 	c:\Users\PMLS\.vscode\extensions\redhat.java-1.36.0-win32-x64\jre\17.0.13-win32-x86_64\bin\zip.dll
0x00007ff87ef20000 - 0x00007ff87f68d000 	C:\Windows\System32\SHELL32.dll
0x00007ff87ad90000 - 0x00007ff87b533000 	C:\Windows\SYSTEM32\windows.storage.dll
0x00007ff87e470000 - 0x00007ff87e7c3000 	C:\Windows\System32\combase.dll
0x00007ff87c5f0000 - 0x00007ff87c61e000 	C:\Windows\SYSTEM32\Wldp.dll
0x00007ff87d990000 - 0x00007ff87da5d000 	C:\Windows\System32\OLEAUT32.dll
0x00007ff87ec40000 - 0x00007ff87eced000 	C:\Windows\System32\SHCORE.dll
0x00007ff87e3a0000 - 0x00007ff87e3f5000 	C:\Windows\System32\shlwapi.dll
0x00007ff87cca0000 - 0x00007ff87ccc4000 	C:\Windows\SYSTEM32\profapi.dll
0x00007ff852e70000 - 0x00007ff852e89000 	C:\Users\PMLS\.vscode\extensions\redhat.java-1.36.0-win32-x64\jre\17.0.13-win32-x86_64\bin\net.dll
0x00007ff8772e0000 - 0x00007ff8773ed000 	C:\Windows\SYSTEM32\WINHTTP.dll
0x00007ff87c3d0000 - 0x00007ff87c43a000 	C:\Windows\system32\mswsock.dll
0x00007ff852920000 - 0x00007ff852936000 	C:\Users\PMLS\.vscode\extensions\redhat.java-1.36.0-win32-x64\jre\17.0.13-win32-x86_64\bin\nio.dll
0x00007ff86f920000 - 0x00007ff86f930000 	c:\Users\PMLS\.vscode\extensions\redhat.java-1.36.0-win32-x64\jre\17.0.13-win32-x86_64\bin\verify.dll
0x00007ff851190000 - 0x00007ff8511d5000 	C:\Users\PMLS\AppData\Roaming\Code\User\globalStorage\redhat.java\1.36.0\config_win\org.eclipse.equinox.launcher\org.eclipse.equinox.launcher.win32.win32.x86_64_1.2.1100.v20240722-2106\eclipse_11904.dll
0x00007ff87da60000 - 0x00007ff87db8b000 	C:\Windows\System32\ole32.dll
0x00007ff87c630000 - 0x00007ff87c648000 	C:\Windows\SYSTEM32\CRYPTSP.dll
0x00007ff87bd10000 - 0x00007ff87bd44000 	C:\Windows\system32\rsaenh.dll
0x00007ff87cc20000 - 0x00007ff87cc4e000 	C:\Windows\SYSTEM32\USERENV.dll
0x00007ff87c560000 - 0x00007ff87c56c000 	C:\Windows\SYSTEM32\CRYPTBASE.dll
0x00007ff87c0d0000 - 0x00007ff87c10b000 	C:\Windows\SYSTEM32\IPHLPAPI.DLL
0x00007ff87e400000 - 0x00007ff87e408000 	C:\Windows\System32\NSI.dll
0x00007ff8746c0000 - 0x00007ff8746d7000 	C:\Windows\SYSTEM32\dhcpcsvc6.DLL
0x00007ff8746a0000 - 0x00007ff8746bd000 	C:\Windows\SYSTEM32\dhcpcsvc.DLL
0x00007ff87c110000 - 0x00007ff87c1da000 	C:\Windows\SYSTEM32\DNSAPI.dll
0x00007ff84f8c0000 - 0x00007ff84f909000 	C:\Users\PMLS\AppData\Local\Temp\jna-76263555\jna16861439402096315787.dll
0x00007ff87e070000 - 0x00007ff87e078000 	C:\Windows\System32\PSAPI.DLL

dbghelp: loaded successfully - version: 4.0.5 - missing functions: none
symbol engine: initialized successfully - sym options: 0x614 - pdb path: .;c:\Users\PMLS\.vscode\extensions\redhat.java-1.36.0-win32-x64\jre\17.0.13-win32-x86_64\bin;C:\Windows\SYSTEM32;C:\Windows\WinSxS\amd64_microsoft.windows.common-controls_6595b64144ccf1df_6.0.19041.4355_none_60b8b9eb71f62e16;c:\Users\PMLS\.vscode\extensions\redhat.java-1.36.0-win32-x64\jre\17.0.13-win32-x86_64\bin\server;C:\Users\PMLS\AppData\Roaming\Code\User\globalStorage\redhat.java\1.36.0\config_win\org.eclipse.equinox.launcher\org.eclipse.equinox.launcher.win32.win32.x86_64_1.2.1100.v20240722-2106;C:\Users\PMLS\AppData\Local\Temp\jna-76263555

VM Arguments:
jvm_args: --add-modules=ALL-SYSTEM --add-opens=java.base/java.util=ALL-UNNAMED --add-opens=java.base/java.lang=ALL-UNNAMED --add-opens=java.base/sun.nio.fs=ALL-UNNAMED -Declipse.application=org.eclipse.jdt.ls.core.id1 -Dosgi.bundles.defaultStartLevel=4 -Declipse.product=org.eclipse.jdt.ls.core.product -Djava.import.generatesMetadataFilesAtProjectRoot=false -DDetectVMInstallationsJob.disabled=true -Dfile.encoding=utf8 -XX:+UseParallelGC -XX:GCTimeRatio=4 -XX:AdaptiveSizePolicyWeight=90 -Dsun.zip.disableMemoryMapping=true -Xmx1G -Xms100m -Xlog:disable -javaagent:c:\Users\PMLS\.vscode\extensions\redhat.java-1.36.0-win32-x64\lombok\lombok-1.18.35.jar -XX:+HeapDumpOnOutOfMemoryError -XX:HeapDumpPath=c:\Users\PMLS\AppData\Roaming\Code\User\workspaceStorage\517f850426764a345860a14730837554\redhat.java -Daether.dependencyCollector.impl=bf 
java_command: c:\Users\PMLS\.vscode\extensions\redhat.java-1.36.0-win32-x64\server\plugins\org.eclipse.equinox.launcher_1.6.900.v20240613-2009.jar -configuration c:\Users\PMLS\AppData\Roaming\Code\User\globalStorage\redhat.java\1.36.0\config_win -data c:\Users\PMLS\AppData\Roaming\Code\User\workspaceStorage\517f850426764a345860a14730837554\redhat.java\jdt_ws --pipe=\\.\pipe\lsp-117c24994f02a507afc6aecb2168c3f0-sock
java_class_path (initial): c:\Users\PMLS\.vscode\extensions\redhat.java-1.36.0-win32-x64\server\plugins\org.eclipse.equinox.launcher_1.6.900.v20240613-2009.jar
Launcher Type: SUN_STANDARD

[Global flags]
    uintx AdaptiveSizePolicyWeight                 = 90                                        {product} {command line}
     intx CICompilerCount                          = 4                                         {product} {ergonomic}
    uintx GCTimeRatio                              = 4                                         {product} {command line}
     bool HeapDumpOnOutOfMemoryError               = true                                   {manageable} {command line}
    ccstr HeapDumpPath                             = c:\Users\PMLS\AppData\Roaming\Code\User\workspaceStorage\517f850426764a345860a14730837554\redhat.java         {manageable} {command line}
   size_t InitialHeapSize                          = 104857600                                 {product} {command line}
   size_t MaxHeapSize                              = 1073741824                                {product} {command line}
   size_t MaxNewSize                               = 357564416                                 {product} {ergonomic}
   size_t MinHeapDeltaBytes                        = 524288                                    {product} {ergonomic}
   size_t MinHeapSize                              = 104857600                                 {product} {command line}
   size_t NewSize                                  = 34603008                                  {product} {ergonomic}
    uintx NonNMethodCodeHeapSize                   = 5839372                                {pd product} {ergonomic}
    uintx NonProfiledCodeHeapSize                  = 122909434                              {pd product} {ergonomic}
   size_t OldSize                                  = 70254592                                  {product} {ergonomic}
    uintx ProfiledCodeHeapSize                     = 122909434                              {pd product} {ergonomic}
    uintx ReservedCodeCacheSize                    = 251658240                              {pd product} {ergonomic}
     bool SegmentedCodeCache                       = true                                      {product} {ergonomic}
   size_t SoftMaxHeapSize                          = 1073741824                             {manageable} {ergonomic}
     bool UseCompressedClassPointers               = true                           {product lp64_product} {ergonomic}
     bool UseCompressedOops                        = true                           {product lp64_product} {ergonomic}
     bool UseLargePagesIndividualAllocation        = false                                  {pd product} {ergonomic}
     bool UseParallelGC                            = true                                      {product} {command line}

Logging:
Log output configuration:
 #0: stdout all=off uptime,level,tags
 #1: stderr all=off uptime,level,tags

Environment Variables:
JAVA_HOME=C:\Program Files\Java\jdk-18.0.2
CLASSPATH=C:\Users\PMLS\Desktop\projct\pak.jar
PATH=C:\app\PMYLS\product\21c\dbhomeXE\bin;C:\Program Files\Common Files\Oracle\Java\javapath;C:\Windows\system32;C:\Windows;C:\Windows\System32\Wbem;C:\Windows\System32\WindowsPowerShell\v1.0\;C:\Windows\System32\OpenSSH\;C:\Program Files\Git\cmd;C:\Program Files\nodejs\;C:\Program Files\MySQL\MySQL Server 8.0\bin;C:\msys64\ucrt64\bin;E:\data;C:\Program Files\Java\jdk-18.0.2\bin;C:\Users\PMLS\AppData\Local\Programs\Python\Python310;C:\Users\PMLS\Downloads\ngrok-v3-stable-windows-amd64;C:\Program Files\Docker\Docker\resources\bin;C:\Users\PMLS\AppData\Local\Programs\Python\Python310\Scripts\;C:\Users\PMLS\AppData\Local\Programs\Python\Python310\;C:\Program Files\MySQL\MySQL Shell 8.0\bin\;C:\Users\PMLS\AppData\Local\Microsoft\WindowsApps;C:\Users\PMLS\AppData\Local\Programs\Microsoft VS Code\bin;C:\Users\PMLS\AppData\Roaming\npm;C:\ngrok;
USERNAME=PMYLS
OS=Windows_NT
PROCESSOR_IDENTIFIER=Intel64 Family 6 Model 154 Stepping 4, GenuineIntel
TMP=C:\Users\PMLS\AppData\Local\Temp
TEMP=C:\Users\PMLS\AppData\Local\Temp



Periodic native trim disabled


---------------  S Y S T E M  ---------------

OS:
 Windows 10 , 64 bit Build 19041 (10.0.19041.5198)
OS uptime: 0 days 7:19 hours
Hyper-V role detected

CPU: total 12 (initial active 12) (6 cores per cpu, 2 threads per core) family 6 model 154 stepping 4 microcode 0x424, cx8, cmov, fxsr, ht, mmx, 3dnowpref, sse, sse2, sse3, ssse3, sse4.1, sse4.2, popcnt, lzcnt, tsc, tscinvbit, avx, avx2, aes, erms, clmul, bmi1, bmi2, adx, sha, fma, vzeroupper, clflush, clflushopt, clwb, hv
Processor Information for processor 0
  Max Mhz: 1300, Current Mhz: 1300, Mhz Limit: 1300
Processor Information for processor 1
  Max Mhz: 1300, Current Mhz: 1300, Mhz Limit: 1300
Processor Information for processor 2
  Max Mhz: 1300, Current Mhz: 1300, Mhz Limit: 1300
Processor Information for processor 3
  Max Mhz: 1300, Current Mhz: 1300, Mhz Limit: 1300
Processor Information for processor 4
  Max Mhz: 900, Current Mhz: 900, Mhz Limit: 900
Processor Information for processor 5
  Max Mhz: 900, Current Mhz: 900, Mhz Limit: 900
Processor Information for processor 6
  Max Mhz: 900, Current Mhz: 900, Mhz Limit: 900
Processor Information for processor 7
  Max Mhz: 900, Current Mhz: 900, Mhz Limit: 900
Processor Information for processor 8
  Max Mhz: 900, Current Mhz: 900, Mhz Limit: 900
Processor Information for processor 9
  Max Mhz: 900, Current Mhz: 900, Mhz Limit: 900
Processor Information for processor 10
  Max Mhz: 900, Current Mhz: 900, Mhz Limit: 900
Processor Information for processor 11
  Max Mhz: 900, Current Mhz: 900, Mhz Limit: 900

Memory: 4k page, system-wide physical 7916M (474M free)
TotalPageFile size 20533M (AvailPageFile size 5M)
current process WorkingSet (physical memory assigned to process): 572M, peak: 572M
current process commit charge ("private bytes"): 622M, peak: 625M

vm_info: OpenJDK 64-Bit Server VM (17.0.13+11) for windows-amd64 JRE (17.0.13+11), built on Oct 16 2024 00:10:08 by "admin" with MS VC++ 17.7 (VS2022)

END.
