#
# There is insufficient memory for the Java Runtime Environment to continue.
# Native memory allocation (malloc) failed to allocate 1423056 bytes. Error detail: Chunk::new
# Possible reasons:
#   The system is out of physical RAM or swap space
#   This process is running with CompressedOops enabled, and the Java Heap may be blocking the growth of the native heap
# Possible solutions:
#   Reduce memory load on the system
#   Increase physical memory or swap space
#   Check if swap backing store is full
#   Decrease Java heap size (-Xmx/-Xms)
#   Decrease number of Java threads
#   Decrease Java thread stack sizes (-Xss)
#   Set larger code cache with -XX:ReservedCodeCacheSize=
#   JVM is running with Unscaled Compressed Oops mode in which the Java heap is
#     placed in the first 4GB address space. The Java Heap base address is the
#     maximum limit for the native heap growth. Please use -XX:HeapBaseMinAddress
#     to set the Java Heap base and to place the Java Heap above 4GB virtual address.
# This output file may be truncated or incomplete.
#
#  Out of Memory Error (arena.cpp:191), pid=32600, tid=9168
#
# JRE version: OpenJDK Runtime Environment Temurin-17.0.13+11 (17.0.13+11) (build 17.0.13+11)
# Java VM: OpenJDK 64-Bit Server VM Temurin-17.0.13+11 (17.0.13+11, mixed mode, tiered, compressed oops, compressed class ptrs, parallel gc, windows-amd64)
# No core dump will be written. Minidumps are not enabled by default on client versions of Windows
#

---------------  S U M M A R Y ------------

Command Line: --add-modules=ALL-SYSTEM --add-opens=java.base/java.util=ALL-UNNAMED --add-opens=java.base/java.lang=ALL-UNNAMED --add-opens=java.base/sun.nio.fs=ALL-UNNAMED -Declipse.application=org.eclipse.jdt.ls.core.id1 -Dosgi.bundles.defaultStartLevel=4 -Declipse.product=org.eclipse.jdt.ls.core.product -Djava.import.generatesMetadataFilesAtProjectRoot=false -DDetectVMInstallationsJob.disabled=true -Dfile.encoding=utf8 -XX:+UseParallelGC -XX:GCTimeRatio=4 -XX:AdaptiveSizePolicyWeight=90 -Dsun.zip.disableMemoryMapping=true -Xmx1G -Xms100m -Xlog:disable -javaagent:c:\Users\PMLS\.vscode\extensions\redhat.java-1.36.0-win32-x64\lombok\lombok-1.18.35.jar -XX:+HeapDumpOnOutOfMemoryError -XX:HeapDumpPath=c:\Users\PMLS\AppData\Roaming\Code\User\workspaceStorage\517f850426764a345860a14730837554\redhat.java -Daether.dependencyCollector.impl=bf c:\Users\PMLS\.vscode\extensions\redhat.java-1.36.0-win32-x64\server\plugins\org.eclipse.equinox.launcher_1.6.900.v20240613-2009.jar -configuration c:\Users\PMLS\AppData\Roaming\Code\User\globalStorage\redhat.java\1.36.0\config_win -data c:\Users\PMLS\AppData\Roaming\Code\User\workspaceStorage\517f850426764a345860a14730837554\redhat.java\jdt_ws --pipe=\\.\pipe\lsp-e71789c38f7567b3277f8342328d0bfe-sock

Host: 12th Gen Intel(R) Core(TM) i5-1235U, 12 cores, 7G,  Windows 10 , 64 bit Build 19041 (10.0.19041.5198)
Time: Wed Nov 27 02:29:34 2024 Pakistan Standard Time elapsed time: 3523.715506 seconds (0d 0h 58m 43s)

---------------  T H R E A D  ---------------

Current thread (0x000002da7b0898f0):  JavaThread "C2 CompilerThread0" daemon [_thread_in_native, id=9168, stack(0x000000f371c00000,0x000000f371d00000)]


Current CompileTask:
C2:3523715 33786       4       org.eclipse.jdt.internal.compiler.SourceElementNotifier::notifySourceElementRequestor (1138 bytes)

Stack: [0x000000f371c00000,0x000000f371d00000]
Native frames: (J=compiled Java code, j=interpreted, Vv=VM code, C=native code)
V  [jvm.dll+0x682a19]
V  [jvm.dll+0x839538]
V  [jvm.dll+0x83afe3]
V  [jvm.dll+0x83b653]
V  [jvm.dll+0x24704f]
V  [jvm.dll+0xace34]
V  [jvm.dll+0xad4cc]
V  [jvm.dll+0x36592f]
V  [jvm.dll+0x32fbd8]
V  [jvm.dll+0x32f05a]
V  [jvm.dll+0x21804f]
V  [jvm.dll+0x21748f]
V  [jvm.dll+0x1a3070]
V  [jvm.dll+0x22788c]
V  [jvm.dll+0x2259eb]
V  [jvm.dll+0x7eec98]
V  [jvm.dll+0x7e8ffc]
V  [jvm.dll+0x6818f7]
C  [ucrtbase.dll+0x21bb2]
C  [KERNEL32.DLL+0x17374]
C  [ntdll.dll+0x4cc91]


---------------  P R O C E S S  ---------------

Threads class SMR info:
_java_thread_list=0x000002da7c820bf0, length=72, elements={
0x000002da70e502b0, 0x000002da70f06be0, 0x000002da70f08110, 0x000002da70f0d330,
0x000002da70f0e0c0, 0x000002da7b087010, 0x000002da7b088cf0, 0x000002da7b0898f0,
0x000002da7b08a9a0, 0x000002da7b08d2c0, 0x000002da7b190ba0, 0x000002da7b2daf10,
0x000002da7ccb4080, 0x000002da7cd01ab0, 0x000002da7cee3860, 0x000002da7cede990,
0x000002da7cdfe900, 0x000002da7cc79020, 0x000002da7cc79f50, 0x000002da7cc7c7d0,
0x000002da7cc79530, 0x000002da7cc7a460, 0x000002da7ead2c70, 0x000002da7ead03f0,
0x000002da7ead0900, 0x000002da7ead1320, 0x000002da7ead6420, 0x000002da7ead45c0,
0x000002da7ead3180, 0x000002da7ead7860, 0x000002da7ead4ad0, 0x000002da7ead1830,
0x000002da7ead4fe0, 0x000002da7ead40b0, 0x000002da7ead2760, 0x000002da7ead3ba0,
0x000002da7ead6e40, 0x000002da7e7037b0, 0x000002da7e702880, 0x000002da7e6fdc90,
0x000002da7e6ff0d0, 0x000002da7e705100, 0x000002da7f376c20, 0x000002da7f3743a0,
0x000002da7f373e90, 0x000002da7f372f60, 0x000002da7f3799b0, 0x000002da7f5cade0,
0x000002da7f5cb2f0, 0x000002da7f5cbd10, 0x000002da7e6fe6b0, 0x000002da7f372030,
0x000002da7f373980, 0x000002da7f5d0900, 0x000002da7cc7b390, 0x000002da7e6febc0,
0x000002da199371a0, 0x000002da19934e30, 0x000002da199385e0, 0x000002da19936780,
0x000002da7f5c9eb0, 0x000002da7f5cc730, 0x000002da19935850, 0x000002da199376b0,
0x000002da199380d0, 0x000002da19937bc0, 0x000002da19936c90, 0x000002da7e6ff5e0,
0x000002da7e703cc0, 0x000002da7e7046e0, 0x000002da7e700000, 0x000002da7e701950
}

Java Threads: ( => current thread )
  0x000002da70e502b0 JavaThread "main" [_thread_blocked, id=19888, stack(0x000000f371300000,0x000000f371400000)]
  0x000002da70f06be0 JavaThread "Reference Handler" daemon [_thread_blocked, id=38832, stack(0x000000f371600000,0x000000f371700000)]
  0x000002da70f08110 JavaThread "Finalizer" daemon [_thread_blocked, id=34996, stack(0x000000f371700000,0x000000f371800000)]
  0x000002da70f0d330 JavaThread "Signal Dispatcher" daemon [_thread_blocked, id=23324, stack(0x000000f371800000,0x000000f371900000)]
  0x000002da70f0e0c0 JavaThread "Attach Listener" daemon [_thread_blocked, id=38196, stack(0x000000f371900000,0x000000f371a00000)]
  0x000002da7b087010 JavaThread "Service Thread" daemon [_thread_blocked, id=28880, stack(0x000000f371a00000,0x000000f371b00000)]
  0x000002da7b088cf0 JavaThread "Monitor Deflation Thread" daemon [_thread_blocked, id=16512, stack(0x000000f371b00000,0x000000f371c00000)]
=>0x000002da7b0898f0 JavaThread "C2 CompilerThread0" daemon [_thread_in_native, id=9168, stack(0x000000f371c00000,0x000000f371d00000)]
  0x000002da7b08a9a0 JavaThread "C1 CompilerThread0" daemon [_thread_blocked, id=31056, stack(0x000000f371d00000,0x000000f371e00000)]
  0x000002da7b08d2c0 JavaThread "Sweeper thread" daemon [_thread_blocked, id=3444, stack(0x000000f371e00000,0x000000f371f00000)]
  0x000002da7b190ba0 JavaThread "Common-Cleaner" daemon [_thread_blocked, id=19012, stack(0x000000f371f00000,0x000000f372000000)]
  0x000002da7b2daf10 JavaThread "Notification Thread" daemon [_thread_blocked, id=17792, stack(0x000000f372100000,0x000000f372200000)]
  0x000002da7ccb4080 JavaThread "Active Thread: Equinox Container: 4533c662-79df-46d2-afa0-9b7fe132c070" [_thread_blocked, id=13848, stack(0x000000f372a00000,0x000000f372b00000)]
  0x000002da7cd01ab0 JavaThread "Refresh Thread: Equinox Container: 4533c662-79df-46d2-afa0-9b7fe132c070" daemon [_thread_blocked, id=9256, stack(0x000000f372b00000,0x000000f372c00000)]
  0x000002da7cee3860 JavaThread "Framework Event Dispatcher: Equinox Container: 4533c662-79df-46d2-afa0-9b7fe132c070" daemon [_thread_blocked, id=16908, stack(0x000000f372c00000,0x000000f372d00000)]
  0x000002da7cede990 JavaThread "Start Level: Equinox Container: 4533c662-79df-46d2-afa0-9b7fe132c070" daemon [_thread_blocked, id=32496, stack(0x000000f372d00000,0x000000f372e00000)]
  0x000002da7cdfe900 JavaThread "Bundle File Closer" daemon [_thread_blocked, id=7344, stack(0x000000f372f00000,0x000000f373000000)]
  0x000002da7cc79020 JavaThread "SCR Component Actor" daemon [_thread_blocked, id=33220, stack(0x000000f373100000,0x000000f373200000)]
  0x000002da7cc79f50 JavaThread "Worker-JM" [_thread_blocked, id=32644, stack(0x000000f373400000,0x000000f373500000)]
  0x000002da7cc7c7d0 JavaThread "Java indexing" daemon [_thread_in_Java, id=27676, stack(0x000000f373700000,0x000000f373800000)]
  0x000002da7cc79530 JavaThread "JNA Cleaner" daemon [_thread_blocked, id=30212, stack(0x000000f373800000,0x000000f373900000)]
  0x000002da7cc7a460 JavaThread "Thread-2" daemon [_thread_in_native, id=17572, stack(0x000000f373b00000,0x000000f373c00000)]
  0x000002da7ead2c70 JavaThread "Thread-3" daemon [_thread_in_native, id=2712, stack(0x000000f373c00000,0x000000f373d00000)]
  0x000002da7ead03f0 JavaThread "Thread-4" daemon [_thread_in_native, id=14656, stack(0x000000f373d00000,0x000000f373e00000)]
  0x000002da7ead0900 JavaThread "Thread-5" daemon [_thread_in_native, id=32352, stack(0x000000f373e00000,0x000000f373f00000)]
  0x000002da7ead1320 JavaThread "Thread-6" daemon [_thread_in_native, id=25028, stack(0x000000f373f00000,0x000000f374000000)]
  0x000002da7ead6420 JavaThread "Thread-7" daemon [_thread_in_native, id=38588, stack(0x000000f374000000,0x000000f374100000)]
  0x000002da7ead45c0 JavaThread "Thread-8" daemon [_thread_in_native, id=36492, stack(0x000000f374100000,0x000000f374200000)]
  0x000002da7ead3180 JavaThread "Thread-9" daemon [_thread_in_native, id=34788, stack(0x000000f374200000,0x000000f374300000)]
  0x000002da7ead7860 JavaThread "Thread-10" daemon [_thread_in_native, id=38656, stack(0x000000f374300000,0x000000f374400000)]
  0x000002da7ead4ad0 JavaThread "Thread-11" daemon [_thread_in_native, id=35392, stack(0x000000f374400000,0x000000f374500000)]
  0x000002da7ead1830 JavaThread "Thread-12" daemon [_thread_in_native, id=30012, stack(0x000000f374500000,0x000000f374600000)]
  0x000002da7ead4fe0 JavaThread "Thread-13" daemon [_thread_in_native, id=38336, stack(0x000000f374600000,0x000000f374700000)]
  0x000002da7ead40b0 JavaThread "Thread-14" daemon [_thread_in_native, id=18388, stack(0x000000f374700000,0x000000f374800000)]
  0x000002da7ead2760 JavaThread "pool-2-thread-1" [_thread_blocked, id=38236, stack(0x000000f374800000,0x000000f374900000)]
  0x000002da7ead3ba0 JavaThread "WorkspaceEventsHandler" [_thread_blocked, id=19156, stack(0x000000f374900000,0x000000f374a00000)]
  0x000002da7ead6e40 JavaThread "pool-1-thread-1" [_thread_blocked, id=38048, stack(0x000000f374a00000,0x000000f374b00000)]
  0x000002da7e7037b0 JavaThread "ForkJoinPool.commonPool-worker-2" daemon [_thread_blocked, id=31308, stack(0x000000f376600000,0x000000f376700000)]
  0x000002da7e702880 JavaThread "ForkJoinPool.commonPool-worker-4" daemon [_thread_blocked, id=36856, stack(0x000000f376800000,0x000000f376900000)]
  0x000002da7e6fdc90 JavaThread "ForkJoinPool.commonPool-worker-5" daemon [_thread_blocked, id=32576, stack(0x000000f376900000,0x000000f376a00000)]
  0x000002da7e6ff0d0 JavaThread "ForkJoinPool.commonPool-worker-7" daemon [_thread_blocked, id=29592, stack(0x000000f376b00000,0x000000f376c00000)]
  0x000002da7e705100 JavaThread "ForkJoinPool.commonPool-worker-9" daemon [_thread_blocked, id=29572, stack(0x000000f376f00000,0x000000f377000000)]
  0x000002da7f376c20 JavaThread "Cleaner-0" daemon [_thread_blocked, id=34056, stack(0x000000f377c00000,0x000000f377d00000)]
  0x000002da7f3743a0 JavaThread "ForkJoinPool.commonPool-worker-10" daemon [_thread_blocked, id=17868, stack(0x000000f376400000,0x000000f376500000)]
  0x000002da7f373e90 JavaThread "Java Debug Server" daemon [_thread_in_native, id=13392, stack(0x000000f377e00000,0x000000f377f00000)]
  0x000002da7f372f60 JavaThread "RxSchedulerPurge-1" daemon [_thread_blocked, id=5164, stack(0x000000f377d00000,0x000000f377e00000)]
  0x000002da7f3799b0 JavaThread "RxCachedWorkerPoolEvictor-1" daemon [_thread_blocked, id=35128, stack(0x000000f378000000,0x000000f378100000)]
  0x000002da7f5cade0 JavaThread "ForkJoinPool.commonPool-worker-14" daemon [_thread_blocked, id=26944, stack(0x000000f371000000,0x000000f371100000)]
  0x000002da7f5cb2f0 JavaThread "ForkJoinPool.commonPool-worker-15" daemon [_thread_blocked, id=35208, stack(0x000000f371100000,0x000000f371200000)]
  0x000002da7f5cbd10 JavaThread "ForkJoinPool.commonPool-worker-16" daemon [_thread_blocked, id=33028, stack(0x000000f372900000,0x000000f372a00000)]
  0x000002da7e6fe6b0 JavaThread "process reaper (pid 29060)" daemon [_thread_in_native, id=33768, stack(0x000000f370db0000,0x000000f370dd0000)]
  0x000002da7f372030 JavaThread "pool-7-thread-3" [_thread_in_native, id=33460, stack(0x000000f375000000,0x000000f375100000)]
  0x000002da7f373980 JavaThread "RxNewThreadScheduler-9" daemon [_thread_blocked, id=17884, stack(0x000000f375900000,0x000000f375a00000)]
  0x000002da7f5d0900 JavaThread "ForkJoinPool.commonPool-worker-18" daemon [_thread_blocked, id=27140, stack(0x000000f373200000,0x000000f373300000)]
  0x000002da7cc7b390 JavaThread "ForkJoinPool.commonPool-worker-19" daemon [_thread_blocked, id=38264, stack(0x000000f371200000,0x000000f371300000)]
  0x000002da7e6febc0 JavaThread "Worker-43" [_thread_blocked, id=1784, stack(0x000000f374e00000,0x000000f374f00000)]
  0x000002da199371a0 JavaThread "Worker-45" [_thread_blocked, id=21032, stack(0x000000f373500000,0x000000f373600000)]
  0x000002da19934e30 JavaThread "Compiler Source File Reader" daemon [_thread_blocked, id=31916, stack(0x000000f373900000,0x000000f373a00000)]
  0x000002da199385e0 JavaThread "Compiler Source File Reader" daemon [_thread_blocked, id=38532, stack(0x000000f374c00000,0x000000f374d00000)]
  0x000002da19936780 JavaThread "Compiler Source File Reader" daemon [_thread_blocked, id=28356, stack(0x000000f374d00000,0x000000f374e00000)]
  0x000002da7f5c9eb0 JavaThread "Compiler Source File Reader" daemon [_thread_blocked, id=37128, stack(0x000000f373a00000,0x000000f373b00000)]
  0x000002da7f5cc730 JavaThread "pool-1-thread-20" [_thread_blocked, id=7836, stack(0x000000f372800000,0x000000f372900000)]
  0x000002da19935850 JavaThread "Worker-48" [_thread_blocked, id=30836, stack(0x000000f375200000,0x000000f375300000)]
  0x000002da199376b0 JavaThread "Worker-49" [_thread_blocked, id=32528, stack(0x000000f374b00000,0x000000f374c00000)]
  0x000002da199380d0 JavaThread "Compiler Source File Reader" daemon [_thread_blocked, id=19816, stack(0x000000f375100000,0x000000f375200000)]
  0x000002da19937bc0 JavaThread "Compiler Processing Task" daemon [_thread_blocked, id=31832, stack(0x000000f375300000,0x000000f375400000)]
  0x000002da19936c90 JavaThread "Compiler Source File Reader" daemon [_thread_blocked, id=30228, stack(0x000000f375400000,0x000000f375500000)]
  0x000002da7e6ff5e0 JavaThread "Compiler Source File Reader" daemon [_thread_blocked, id=7712, stack(0x000000f375500000,0x000000f375600000)]
  0x000002da7e703cc0 JavaThread "Compiler Source File Reader" daemon [_thread_blocked, id=2064, stack(0x000000f375600000,0x000000f375700000)]
  0x000002da7e7046e0 JavaThread "Compiler Source File Reader" daemon [_thread_blocked, id=28340, stack(0x000000f375700000,0x000000f375800000)]
  0x000002da7e700000 JavaThread "Worker-50: Building" [_thread_in_native, id=36804, stack(0x000000f375800000,0x000000f375900000)]
  0x000002da7e701950 JavaThread "Compiler Source File Reader" daemon [_thread_blocked, id=31448, stack(0x000000f375a00000,0x000000f375b00000)]

Other Threads:
  0x000002da70edadb0 VMThread "VM Thread" [stack: 0x000000f371500000,0x000000f371600000] [id=1640]
  0x000002da7b3b9f60 WatcherThread [stack: 0x000000f372200000,0x000000f372300000] [id=4024]
  0x000002da70e649a0 GCTaskThread "GC Thread#0" [stack: 0x000000f371400000,0x000000f371500000] [id=30192]
  0x000002da7cb83030 GCTaskThread "GC Thread#1" [stack: 0x000000f372000000,0x000000f372100000] [id=36884]
  0x000002da7cb83700 GCTaskThread "GC Thread#2" [stack: 0x000000f372300000,0x000000f372400000] [id=32760]
  0x000002da7cb839c0 GCTaskThread "GC Thread#3" [stack: 0x000000f372400000,0x000000f372500000] [id=35828]
  0x000002da7c71ada0 GCTaskThread "GC Thread#4" [stack: 0x000000f372500000,0x000000f372600000] [id=15084]
  0x000002da7c71b060 GCTaskThread "GC Thread#5" [stack: 0x000000f372600000,0x000000f372700000] [id=27988]
  0x000002da7c71b320 GCTaskThread "GC Thread#6" [stack: 0x000000f372700000,0x000000f372800000] [id=38892]
  0x000002da7cb84210 GCTaskThread "GC Thread#7" [stack: 0x000000f372e00000,0x000000f372f00000] [id=7352]
  0x000002da7d391850 GCTaskThread "GC Thread#8" [stack: 0x000000f373000000,0x000000f373100000] [id=29920]
  0x000002da7d24fee0 GCTaskThread "GC Thread#9" [stack: 0x000000f373300000,0x000000f373400000] [id=29616]

Threads with active compile tasks:
C2 CompilerThread0  3523765 33786       4       org.eclipse.jdt.internal.compiler.SourceElementNotifier::notifySourceElementRequestor (1138 bytes)

VM state: not at safepoint (normal execution)

VM Mutex/Monitor currently owned by a thread: None

Heap address: 0x00000000c0000000, size: 1024 MB, Compressed Oops mode: 32-bit

CDS archive(s) not mapped
Compressed class space mapped at: 0x0000000100000000-0x0000000140000000, reserved size: 1073741824
Narrow klass base: 0x0000000000000000, Narrow klass shift: 3, Narrow klass range: 0x140000000

GC Precious Log:
 CPUs: 12 total, 12 available
 Memory: 7916M
 Large Page Support: Disabled
 NUMA Support: Disabled
 Compressed Oops: Enabled (32-bit)
 Alignments: Space 512K, Generation 512K, Heap 2M
 Heap Min Capacity: 100M
 Heap Initial Capacity: 100M
 Heap Max Capacity: 1G
 Pre-touch: Disabled
 Parallel Workers: 10

Heap:
 PSYoungGen      total 12800K, used 11376K [0x00000000eab00000, 0x00000000ebb00000, 0x0000000100000000)
  eden space 11264K, 87% used [0x00000000eab00000,0x00000000eb49d6d0,0x00000000eb600000)
  from space 1536K, 99% used [0x00000000eb880000,0x00000000eb9feb30,0x00000000eba00000)
  to   space 2560K, 0% used [0x00000000eb600000,0x00000000eb600000,0x00000000eb880000)
 ParOldGen       total 192512K, used 171027K [0x00000000c0000000, 0x00000000cbc00000, 0x00000000eab00000)
  object space 192512K, 88% used [0x00000000c0000000,0x00000000ca704c68,0x00000000cbc00000)
 Metaspace       used 111889K, committed 113344K, reserved 1179648K
  class space    used 11195K, committed 11840K, reserved 1048576K

Card table byte_map: [0x000002da707f0000,0x000002da70a00000] _byte_map_base: 0x000002da701f0000

Marking Bits: (ParMarkBitMap*) 0x00007ff81c636940
 Begin Bits: [0x000002da73af0000, 0x000002da74af0000)
 End Bits:   [0x000002da74af0000, 0x000002da75af0000)

Polling page: 0x000002da6ed80000

Metaspace:

Usage:
  Non-class:     98.33 MB used.
      Class:     10.93 MB used.
       Both:    109.27 MB used.

Virtual space:
  Non-class space:      128.00 MB reserved,      99.12 MB ( 77%) committed,  2 nodes.
      Class space:        1.00 GB reserved,      11.56 MB (  1%) committed,  1 nodes.
             Both:        1.12 GB reserved,     110.69 MB ( 10%) committed. 

Chunk freelists:
   Non-Class:  12.83 MB
       Class:  4.29 MB
        Both:  17.12 MB

MaxMetaspaceSize: unlimited
CompressedClassSpaceSize: 1.00 GB
Initial GC threshold: 21.00 MB
Current GC threshold: 184.38 MB
CDS: off
MetaspaceReclaimPolicy: balanced
 - commit_granule_bytes: 65536.
 - commit_granule_words: 8192.
 - virtual_space_node_default_size: 8388608.
 - enlarge_chunks_in_place: 1.
 - new_chunks_are_fully_committed: 0.
 - uncommit_free_chunks: 1.
 - use_allocation_guard: 0.
 - handle_deallocations: 1.


Internal statistics:

num_allocs_failed_limit: 9.
num_arena_births: 1542.
num_arena_deaths: 490.
num_vsnodes_births: 3.
num_vsnodes_deaths: 0.
num_space_committed: 1771.
num_space_uncommitted: 0.
num_chunks_returned_to_freelist: 571.
num_chunks_taken_from_freelist: 6677.
num_chunk_merges: 216.
num_chunk_splits: 3923.
num_chunks_enlarged: 2187.
num_inconsistent_stats: 0.

CodeHeap 'non-profiled nmethods': size=120000Kb used=31409Kb max_used=31507Kb free=88590Kb
 bounds [0x000002da07ad0000, 0x000002da099a0000, 0x000002da0f000000]
CodeHeap 'profiled nmethods': size=120000Kb used=47469Kb max_used=48764Kb free=72530Kb
 bounds [0x000002da00000000, 0x000002da02fc0000, 0x000002da07530000]
CodeHeap 'non-nmethods': size=5760Kb used=1495Kb max_used=1569Kb free=4264Kb
 bounds [0x000002da07530000, 0x000002da077a0000, 0x000002da07ad0000]
 total_blobs=23711 nmethods=22855 adapters=765
 compilation: enabled
              stopped_count=0, restarted_count=0
 full_count=0

Compilation events (20 events):
Event: 3523.443 Thread 0x000002da7b08a9a0 nmethod 33783 0x000002da021c5e90 code [0x000002da021c6020, 0x000002da021c61b8]
Event: 3523.443 Thread 0x000002da7b08a9a0 33784       3       org.eclipse.jdt.internal.core.DeltaProcessor$4::run (25 bytes)
Event: 3523.444 Thread 0x000002da7b08a9a0 nmethod 33784 0x000002da01c2b810 code [0x000002da01c2b9e0, 0x000002da01c2bf68]
Event: 3523.445 Thread 0x000002da7b08a9a0 33785   !   3       org.eclipse.core.internal.filesystem.local.LocalFile::openInputStream (20 bytes)
Event: 3523.445 Thread 0x000002da7b08a9a0 nmethod 33785 0x000002da01708610 code [0x000002da017087c0, 0x000002da017089f8]
Event: 3523.463 Thread 0x000002da7b0898f0 33788       4       org.eclipse.jdt.internal.compiler.SourceElementNotifier::extractTypeReferences (47 bytes)
Event: 3523.466 Thread 0x000002da7b08a9a0 33789   !   3       org.eclipse.jdt.internal.core.DeltaProcessor::fire (202 bytes)
Event: 3523.468 Thread 0x000002da7b08a9a0 nmethod 33789 0x000002da018bdd10 code [0x000002da018bdfc0, 0x000002da018bee78]
Event: 3523.469 Thread 0x000002da7b0898f0 nmethod 33788 0x000002da095fc110 code [0x000002da095fc2a0, 0x000002da095fc7d8]
Event: 3523.469 Thread 0x000002da7b0898f0 33786       4       org.eclipse.jdt.internal.compiler.SourceElementNotifier::notifySourceElementRequestor (1138 bytes)
Event: 3523.548 Thread 0x000002da7b08a9a0 33790       3       org.eclipse.core.internal.resources.MarkerManager::basicFindMatching (176 bytes)
Event: 3523.549 Thread 0x000002da7b08a9a0 nmethod 33790 0x000002da026deb90 code [0x000002da026dee80, 0x000002da026e0338]
Event: 3523.550 Thread 0x000002da7b08a9a0 33791   !   3       org.eclipse.jdt.internal.core.JavaProject::findContainingClasspathEntry (190 bytes)
Event: 3523.551 Thread 0x000002da7b08a9a0 nmethod 33791 0x000002da02720590 code [0x000002da027208c0, 0x000002da02721a68]
Event: 3523.551 Thread 0x000002da7b08a9a0 33792   !   3       org.eclipse.jdt.internal.core.builder.NameEnvironment::computeClasspathLocations (2518 bytes)
Event: 3523.566 Thread 0x000002da7b08a9a0 nmethod 33792 0x000002da02a8f110 code [0x000002da02a904a0, 0x000002da02a9fd58]
Event: 3523.566 Thread 0x000002da7b08a9a0 33793       3       com.sun.org.apache.xerces.internal.parsers.XML11Configuration::setLocale (14 bytes)
Event: 3523.567 Thread 0x000002da7b08a9a0 nmethod 33793 0x000002da01cc7990 code [0x000002da01cc7b20, 0x000002da01cc7c78]
Event: 3523.573 Thread 0x000002da7b08a9a0 33796       3       org.eclipse.jdt.internal.core.builder.BuildNotifier::updateProgressDelta (11 bytes)
Event: 3523.573 Thread 0x000002da7b08a9a0 nmethod 33796 0x000002da01f5c690 code [0x000002da01f5c840, 0x000002da01f5c988]

GC Heap History (20 events):
Event: 3519.360 GC heap before
{Heap before GC invocations=8194 (full 200):
 PSYoungGen      total 9216K, used 9196K [0x00000000eab00000, 0x00000000eb700000, 0x0000000100000000)
  eden space 8192K, 100% used [0x00000000eab00000,0x00000000eb300000,0x00000000eb300000)
  from space 1024K, 98% used [0x00000000eb480000,0x00000000eb57b1c0,0x00000000eb580000)
  to   space 1536K, 0% used [0x00000000eb300000,0x00000000eb300000,0x00000000eb480000)
 ParOldGen       total 188416K, used 175327K [0x00000000c0000000, 0x00000000cb800000, 0x00000000eab00000)
  object space 188416K, 93% used [0x00000000c0000000,0x00000000cab37ce8,0x00000000cb800000)
 Metaspace       used 111851K, committed 113344K, reserved 1179648K
  class space    used 11195K, committed 11840K, reserved 1048576K
}
Event: 3519.362 GC heap after
{Heap after GC invocations=8194 (full 200):
 PSYoungGen      total 9728K, used 1532K [0x00000000eab00000, 0x00000000ec100000, 0x0000000100000000)
  eden space 8192K, 0% used [0x00000000eab00000,0x00000000eab00000,0x00000000eb300000)
  from space 1536K, 99% used [0x00000000eb300000,0x00000000eb47f250,0x00000000eb480000)
  to   space 6656K, 0% used [0x00000000eba80000,0x00000000eba80000,0x00000000ec100000)
 ParOldGen       total 188416K, used 179236K [0x00000000c0000000, 0x00000000cb800000, 0x00000000eab00000)
  object space 188416K, 95% used [0x00000000c0000000,0x00000000caf090b8,0x00000000cb800000)
 Metaspace       used 111851K, committed 113344K, reserved 1179648K
  class space    used 11195K, committed 11840K, reserved 1048576K
}
Event: 3519.381 GC heap before
{Heap before GC invocations=8195 (full 200):
 PSYoungGen      total 9728K, used 9724K [0x00000000eab00000, 0x00000000ec100000, 0x0000000100000000)
  eden space 8192K, 100% used [0x00000000eab00000,0x00000000eb300000,0x00000000eb300000)
  from space 1536K, 99% used [0x00000000eb300000,0x00000000eb47f250,0x00000000eb480000)
  to   space 6656K, 0% used [0x00000000eba80000,0x00000000eba80000,0x00000000ec100000)
 ParOldGen       total 188416K, used 179236K [0x00000000c0000000, 0x00000000cb800000, 0x00000000eab00000)
  object space 188416K, 95% used [0x00000000c0000000,0x00000000caf090b8,0x00000000cb800000)
 Metaspace       used 111851K, committed 113344K, reserved 1179648K
  class space    used 11195K, committed 11840K, reserved 1048576K
}
Event: 3519.383 GC heap after
{Heap after GC invocations=8195 (full 200):
 PSYoungGen      total 11264K, used 1606K [0x00000000eab00000, 0x00000000ebc80000, 0x0000000100000000)
  eden space 9216K, 0% used [0x00000000eab00000,0x00000000eab00000,0x00000000eb400000)
  from space 2048K, 78% used [0x00000000eba80000,0x00000000ebc11ac0,0x00000000ebc80000)
  to   space 3072K, 0% used [0x00000000eb680000,0x00000000eb680000,0x00000000eb980000)
 ParOldGen       total 188416K, used 179392K [0x00000000c0000000, 0x00000000cb800000, 0x00000000eab00000)
  object space 188416K, 95% used [0x00000000c0000000,0x00000000caf302b8,0x00000000cb800000)
 Metaspace       used 111851K, committed 113344K, reserved 1179648K
  class space    used 11195K, committed 11840K, reserved 1048576K
}
Event: 3519.892 GC heap before
{Heap before GC invocations=8196 (full 200):
 PSYoungGen      total 11264K, used 10822K [0x00000000eab00000, 0x00000000ebc80000, 0x0000000100000000)
  eden space 9216K, 100% used [0x00000000eab00000,0x00000000eb400000,0x00000000eb400000)
  from space 2048K, 78% used [0x00000000eba80000,0x00000000ebc11ac0,0x00000000ebc80000)
  to   space 3072K, 0% used [0x00000000eb680000,0x00000000eb680000,0x00000000eb980000)
 ParOldGen       total 188416K, used 179392K [0x00000000c0000000, 0x00000000cb800000, 0x00000000eab00000)
  object space 188416K, 95% used [0x00000000c0000000,0x00000000caf302b8,0x00000000cb800000)
 Metaspace       used 111851K, committed 113344K, reserved 1179648K
  class space    used 11195K, committed 11840K, reserved 1048576K
}
Event: 3519.894 GC heap after
{Heap after GC invocations=8196 (full 200):
 PSYoungGen      total 11776K, used 1398K [0x00000000eab00000, 0x00000000ebb00000, 0x0000000100000000)
  eden space 10240K, 0% used [0x00000000eab00000,0x00000000eab00000,0x00000000eb500000)
  from space 1536K, 91% used [0x00000000eb680000,0x00000000eb7ddad0,0x00000000eb800000)
  to   space 2048K, 0% used [0x00000000eb900000,0x00000000eb900000,0x00000000ebb00000)
 ParOldGen       total 188416K, used 179392K [0x00000000c0000000, 0x00000000cb800000, 0x00000000eab00000)
  object space 188416K, 95% used [0x00000000c0000000,0x00000000caf302b8,0x00000000cb800000)
 Metaspace       used 111851K, committed 113344K, reserved 1179648K
  class space    used 11195K, committed 11840K, reserved 1048576K
}
Event: 3522.052 GC heap before
{Heap before GC invocations=8197 (full 200):
 PSYoungGen      total 11776K, used 11638K [0x00000000eab00000, 0x00000000ebb00000, 0x0000000100000000)
  eden space 10240K, 100% used [0x00000000eab00000,0x00000000eb500000,0x00000000eb500000)
  from space 1536K, 91% used [0x00000000eb680000,0x00000000eb7ddad0,0x00000000eb800000)
  to   space 2048K, 0% used [0x00000000eb900000,0x00000000eb900000,0x00000000ebb00000)
 ParOldGen       total 188416K, used 179392K [0x00000000c0000000, 0x00000000cb800000, 0x00000000eab00000)
  object space 188416K, 95% used [0x00000000c0000000,0x00000000caf302b8,0x00000000cb800000)
 Metaspace       used 111851K, committed 113344K, reserved 1179648K
  class space    used 11195K, committed 11840K, reserved 1048576K
}
Event: 3522.054 GC heap after
{Heap after GC invocations=8197 (full 200):
 PSYoungGen      total 11776K, used 1170K [0x00000000eab00000, 0x00000000eba80000, 0x0000000100000000)
  eden space 10240K, 0% used [0x00000000eab00000,0x00000000eab00000,0x00000000eb500000)
  from space 1536K, 76% used [0x00000000eb900000,0x00000000eba248a0,0x00000000eba80000)
  to   space 1536K, 0% used [0x00000000eb680000,0x00000000eb680000,0x00000000eb800000)
 ParOldGen       total 188416K, used 179392K [0x00000000c0000000, 0x00000000cb800000, 0x00000000eab00000)
  object space 188416K, 95% used [0x00000000c0000000,0x00000000caf302b8,0x00000000cb800000)
 Metaspace       used 111851K, committed 113344K, reserved 1179648K
  class space    used 11195K, committed 11840K, reserved 1048576K
}
Event: 3522.065 GC heap before
{Heap before GC invocations=8198 (full 200):
 PSYoungGen      total 11776K, used 11410K [0x00000000eab00000, 0x00000000eba80000, 0x0000000100000000)
  eden space 10240K, 100% used [0x00000000eab00000,0x00000000eb500000,0x00000000eb500000)
  from space 1536K, 76% used [0x00000000eb900000,0x00000000eba248a0,0x00000000eba80000)
  to   space 1536K, 0% used [0x00000000eb680000,0x00000000eb680000,0x00000000eb800000)
 ParOldGen       total 188416K, used 179392K [0x00000000c0000000, 0x00000000cb800000, 0x00000000eab00000)
  object space 188416K, 95% used [0x00000000c0000000,0x00000000caf302b8,0x00000000cb800000)
 Metaspace       used 111851K, committed 113344K, reserved 1179648K
  class space    used 11195K, committed 11840K, reserved 1048576K
}
Event: 3522.067 GC heap after
{Heap after GC invocations=8198 (full 200):
 PSYoungGen      total 12800K, used 1532K [0x00000000eab00000, 0x00000000ebc00000, 0x0000000100000000)
  eden space 11264K, 0% used [0x00000000eab00000,0x00000000eab00000,0x00000000eb600000)
  from space 1536K, 99% used [0x00000000eb680000,0x00000000eb7ff1d0,0x00000000eb800000)
  to   space 3072K, 0% used [0x00000000eb900000,0x00000000eb900000,0x00000000ebc00000)
 ParOldGen       total 188416K, used 180271K [0x00000000c0000000, 0x00000000cb800000, 0x00000000eab00000)
  object space 188416K, 95% used [0x00000000c0000000,0x00000000cb00bd78,0x00000000cb800000)
 Metaspace       used 111851K, committed 113344K, reserved 1179648K
  class space    used 11195K, committed 11840K, reserved 1048576K
}
Event: 3522.307 GC heap before
{Heap before GC invocations=8199 (full 200):
 PSYoungGen      total 12800K, used 12796K [0x00000000eab00000, 0x00000000ebc00000, 0x0000000100000000)
  eden space 11264K, 100% used [0x00000000eab00000,0x00000000eb600000,0x00000000eb600000)
  from space 1536K, 99% used [0x00000000eb680000,0x00000000eb7ff1d0,0x00000000eb800000)
  to   space 3072K, 0% used [0x00000000eb900000,0x00000000eb900000,0x00000000ebc00000)
 ParOldGen       total 188416K, used 180271K [0x00000000c0000000, 0x00000000cb800000, 0x00000000eab00000)
  object space 188416K, 95% used [0x00000000c0000000,0x00000000cb00bd78,0x00000000cb800000)
 Metaspace       used 111851K, committed 113344K, reserved 1179648K
  class space    used 11195K, committed 11840K, reserved 1048576K
}
Event: 3522.309 GC heap after
{Heap after GC invocations=8199 (full 200):
 PSYoungGen      total 12800K, used 1243K [0x00000000eab00000, 0x00000000eba80000, 0x0000000100000000)
  eden space 11264K, 0% used [0x00000000eab00000,0x00000000eab00000,0x00000000eb600000)
  from space 1536K, 80% used [0x00000000eb900000,0x00000000eba36ce0,0x00000000eba80000)
  to   space 2048K, 0% used [0x00000000eb680000,0x00000000eb680000,0x00000000eb880000)
 ParOldGen       total 188416K, used 181257K [0x00000000c0000000, 0x00000000cb800000, 0x00000000eab00000)
  object space 188416K, 96% used [0x00000000c0000000,0x00000000cb102618,0x00000000cb800000)
 Metaspace       used 111851K, committed 113344K, reserved 1179648K
  class space    used 11195K, committed 11840K, reserved 1048576K
}
Event: 3522.717 GC heap before
{Heap before GC invocations=8200 (full 200):
 PSYoungGen      total 12800K, used 12502K [0x00000000eab00000, 0x00000000eba80000, 0x0000000100000000)
  eden space 11264K, 99% used [0x00000000eab00000,0x00000000eb5fedd8,0x00000000eb600000)
  from space 1536K, 80% used [0x00000000eb900000,0x00000000eba36ce0,0x00000000eba80000)
  to   space 2048K, 0% used [0x00000000eb680000,0x00000000eb680000,0x00000000eb880000)
 ParOldGen       total 188416K, used 181257K [0x00000000c0000000, 0x00000000cb800000, 0x00000000eab00000)
  object space 188416K, 96% used [0x00000000c0000000,0x00000000cb102618,0x00000000cb800000)
 Metaspace       used 111851K, committed 113344K, reserved 1179648K
  class space    used 11195K, committed 11840K, reserved 1048576K
}
Event: 3522.718 GC heap after
{Heap after GC invocations=8200 (full 200):
 PSYoungGen      total 13312K, used 1917K [0x00000000eab00000, 0x00000000eba00000, 0x0000000100000000)
  eden space 11264K, 0% used [0x00000000eab00000,0x00000000eab00000,0x00000000eb600000)
  from space 2048K, 93% used [0x00000000eb680000,0x00000000eb85f590,0x00000000eb880000)
  to   space 1536K, 0% used [0x00000000eb880000,0x00000000eb880000,0x00000000eba00000)
 ParOldGen       total 188416K, used 181257K [0x00000000c0000000, 0x00000000cb800000, 0x00000000eab00000)
  object space 188416K, 96% used [0x00000000c0000000,0x00000000cb102618,0x00000000cb800000)
 Metaspace       used 111851K, committed 113344K, reserved 1179648K
  class space    used 11195K, committed 11840K, reserved 1048576K
}
Event: 3523.472 GC heap before
{Heap before GC invocations=8201 (full 200):
 PSYoungGen      total 13312K, used 13168K [0x00000000eab00000, 0x00000000eba00000, 0x0000000100000000)
  eden space 11264K, 99% used [0x00000000eab00000,0x00000000eb5fcdb8,0x00000000eb600000)
  from space 2048K, 93% used [0x00000000eb680000,0x00000000eb85f590,0x00000000eb880000)
  to   space 1536K, 0% used [0x00000000eb880000,0x00000000eb880000,0x00000000eba00000)
 ParOldGen       total 188416K, used 181257K [0x00000000c0000000, 0x00000000cb800000, 0x00000000eab00000)
  object space 188416K, 96% used [0x00000000c0000000,0x00000000cb102618,0x00000000cb800000)
 Metaspace       used 111853K, committed 113344K, reserved 1179648K
  class space    used 11195K, committed 11840K, reserved 1048576K
}
Event: 3523.474 GC heap after
{Heap after GC invocations=8201 (full 200):
 PSYoungGen      total 12800K, used 1509K [0x00000000eab00000, 0x00000000ebb00000, 0x0000000100000000)
  eden space 11264K, 0% used [0x00000000eab00000,0x00000000eab00000,0x00000000eb600000)
  from space 1536K, 98% used [0x00000000eb880000,0x00000000eb9f94b0,0x00000000eba00000)
  to   space 2560K, 0% used [0x00000000eb600000,0x00000000eb600000,0x00000000eb880000)
 ParOldGen       total 188416K, used 182112K [0x00000000c0000000, 0x00000000cb800000, 0x00000000eab00000)
  object space 188416K, 96% used [0x00000000c0000000,0x00000000cb1d80f8,0x00000000cb800000)
 Metaspace       used 111853K, committed 113344K, reserved 1179648K
  class space    used 11195K, committed 11840K, reserved 1048576K
}
Event: 3523.497 GC heap before
{Heap before GC invocations=8202 (full 200):
 PSYoungGen      total 12800K, used 12773K [0x00000000eab00000, 0x00000000ebb00000, 0x0000000100000000)
  eden space 11264K, 100% used [0x00000000eab00000,0x00000000eb600000,0x00000000eb600000)
  from space 1536K, 98% used [0x00000000eb880000,0x00000000eb9f94b0,0x00000000eba00000)
  to   space 2560K, 0% used [0x00000000eb600000,0x00000000eb600000,0x00000000eb880000)
 ParOldGen       total 188416K, used 182112K [0x00000000c0000000, 0x00000000cb800000, 0x00000000eab00000)
  object space 188416K, 96% used [0x00000000c0000000,0x00000000cb1d80f8,0x00000000cb800000)
 Metaspace       used 111853K, committed 113344K, reserved 1179648K
  class space    used 11195K, committed 11840K, reserved 1048576K
}
Event: 3523.506 GC heap after
{Heap after GC invocations=8202 (full 200):
 PSYoungGen      total 13824K, used 2556K [0x00000000eab00000, 0x00000000ebb00000, 0x0000000100000000)
  eden space 11264K, 0% used [0x00000000eab00000,0x00000000eab00000,0x00000000eb600000)
  from space 2560K, 99% used [0x00000000eb600000,0x00000000eb87f3e0,0x00000000eb880000)
  to   space 1536K, 0% used [0x00000000eb880000,0x00000000eb880000,0x00000000eba00000)
 ParOldGen       total 192512K, used 192364K [0x00000000c0000000, 0x00000000cbc00000, 0x00000000eab00000)
  object space 192512K, 99% used [0x00000000c0000000,0x00000000cbbdb338,0x00000000cbc00000)
 Metaspace       used 111853K, committed 113344K, reserved 1179648K
  class space    used 11195K, committed 11840K, reserved 1048576K
}
Event: 3523.575 GC heap before
{Heap before GC invocations=8203 (full 201):
 PSYoungGen      total 13824K, used 13789K [0x00000000eab00000, 0x00000000ebb00000, 0x0000000100000000)
  eden space 11264K, 99% used [0x00000000eab00000,0x00000000eb5f8328,0x00000000eb600000)
  from space 2560K, 99% used [0x00000000eb600000,0x00000000eb87f3e0,0x00000000eb880000)
  to   space 1536K, 0% used [0x00000000eb880000,0x00000000eb880000,0x00000000eba00000)
 ParOldGen       total 192512K, used 192364K [0x00000000c0000000, 0x00000000cbc00000, 0x00000000eab00000)
  object space 192512K, 99% used [0x00000000c0000000,0x00000000cbbdb338,0x00000000cbc00000)
 Metaspace       used 111886K, committed 113344K, reserved 1179648K
  class space    used 11195K, committed 11840K, reserved 1048576K
}
Event: 3523.708 GC heap after
{Heap after GC invocations=8203 (full 201):
 PSYoungGen      total 12800K, used 0K [0x00000000eab00000, 0x00000000ebb00000, 0x0000000100000000)
  eden space 11264K, 0% used [0x00000000eab00000,0x00000000eab00000,0x00000000eb600000)
  from space 1536K, 0% used [0x00000000eb880000,0x00000000eb880000,0x00000000eba00000)
  to   space 2560K, 0% used [0x00000000eb600000,0x00000000eb600000,0x00000000eb880000)
 ParOldGen       total 192512K, used 148881K [0x00000000c0000000, 0x00000000cbc00000, 0x00000000eab00000)
  object space 192512K, 77% used [0x00000000c0000000,0x00000000c9164568,0x00000000cbc00000)
 Metaspace       used 111886K, committed 113344K, reserved 1179648K
  class space    used 11195K, committed 11840K, reserved 1048576K
}

Dll operation events (14 events):
Event: 0.006 Loaded shared library c:\Users\PMLS\.vscode\extensions\redhat.java-1.36.0-win32-x64\jre\17.0.13-win32-x86_64\bin\java.dll
Event: 0.106 Loaded shared library c:\Users\PMLS\.vscode\extensions\redhat.java-1.36.0-win32-x64\jre\17.0.13-win32-x86_64\bin\zip.dll
Event: 0.110 Loaded shared library C:\Users\PMLS\.vscode\extensions\redhat.java-1.36.0-win32-x64\jre\17.0.13-win32-x86_64\bin\instrument.dll
Event: 0.128 Loaded shared library C:\Users\PMLS\.vscode\extensions\redhat.java-1.36.0-win32-x64\jre\17.0.13-win32-x86_64\bin\net.dll
Event: 0.130 Loaded shared library C:\Users\PMLS\.vscode\extensions\redhat.java-1.36.0-win32-x64\jre\17.0.13-win32-x86_64\bin\nio.dll
Event: 0.139 Loaded shared library C:\Users\PMLS\.vscode\extensions\redhat.java-1.36.0-win32-x64\jre\17.0.13-win32-x86_64\bin\zip.dll
Event: 0.156 Loaded shared library C:\Users\PMLS\.vscode\extensions\redhat.java-1.36.0-win32-x64\jre\17.0.13-win32-x86_64\bin\jimage.dll
Event: 0.201 Loaded shared library c:\Users\PMLS\.vscode\extensions\redhat.java-1.36.0-win32-x64\jre\17.0.13-win32-x86_64\bin\verify.dll
Event: 1.902 Loaded shared library C:\Users\PMLS\AppData\Roaming\Code\User\globalStorage\redhat.java\1.36.0\config_win\org.eclipse.equinox.launcher\org.eclipse.equinox.launcher.win32.win32.x86_64_1.2.1100.v20240722-2106\eclipse_11904.dll
Event: 3.232 Loaded shared library C:\Users\PMLS\.vscode\extensions\redhat.java-1.36.0-win32-x64\jre\17.0.13-win32-x86_64\bin\management.dll
Event: 3.234 Loaded shared library C:\Users\PMLS\.vscode\extensions\redhat.java-1.36.0-win32-x64\jre\17.0.13-win32-x86_64\bin\management_ext.dll
Event: 4.282 Loaded shared library C:\Users\PMLS\AppData\Local\Temp\jna-76263555\jna12327120663647816746.dll
Event: 7.620 Loaded shared library C:\Users\PMLS\.vscode\extensions\redhat.java-1.36.0-win32-x64\jre\17.0.13-win32-x86_64\bin\sunmscapi.dll
Event: 7.849 Loaded shared library C:\Users\PMLS\.vscode\extensions\redhat.java-1.36.0-win32-x64\jre\17.0.13-win32-x86_64\bin\extnet.dll

Deoptimization events (20 events):
Event: 3470.276 Thread 0x000002da7cc7c7d0 DEOPT PACKING pc=0x000002da09908194 sp=0x000000f3737feca0
Event: 3470.276 Thread 0x000002da7cc7c7d0 DEOPT UNPACKING pc=0x000002da075866a3 sp=0x000000f3737fec40 mode 2
Event: 3500.961 Thread 0x000002da199371a0 Uncommon trap: trap_request=0xffffffbe fr.pc=0x000002da09039f58 relative=0x0000000000000878
Event: 3500.961 Thread 0x000002da199371a0 Uncommon trap: reason=profile_predicate action=maybe_recompile pc=0x000002da09039f58 method=org.eclipse.jdt.core.compiler.CharOperation.toCharArrays(Ljava/util/List;)[[C @ 43 c2
Event: 3500.961 Thread 0x000002da199371a0 DEOPT PACKING pc=0x000002da09039f58 sp=0x000000f3735fcdc0
Event: 3500.961 Thread 0x000002da199371a0 DEOPT UNPACKING pc=0x000002da075866a3 sp=0x000000f3735fcda0 mode 2
Event: 3501.964 Thread 0x000002da7cc7b390 DEOPT PACKING pc=0x000002da00857569 sp=0x000000f3712fe600
Event: 3501.964 Thread 0x000002da7cc7b390 DEOPT UNPACKING pc=0x000002da07586e43 sp=0x000000f3712fdad0 mode 0
Event: 3519.370 Thread 0x000002da7cc7b390 Uncommon trap: trap_request=0xffffffbe fr.pc=0x000002da09039f58 relative=0x0000000000000878
Event: 3519.370 Thread 0x000002da7cc7b390 Uncommon trap: reason=profile_predicate action=maybe_recompile pc=0x000002da09039f58 method=org.eclipse.jdt.core.compiler.CharOperation.toCharArrays(Ljava/util/List;)[[C @ 43 c2
Event: 3519.370 Thread 0x000002da7cc7b390 DEOPT PACKING pc=0x000002da09039f58 sp=0x000000f3712fe550
Event: 3519.370 Thread 0x000002da7cc7b390 DEOPT UNPACKING pc=0x000002da075866a3 sp=0x000000f3712fe530 mode 2
Event: 3519.370 Thread 0x000002da7cc7b390 Uncommon trap: trap_request=0xffffffbe fr.pc=0x000002da09039f58 relative=0x0000000000000878
Event: 3519.370 Thread 0x000002da7cc7b390 Uncommon trap: reason=profile_predicate action=maybe_recompile pc=0x000002da09039f58 method=org.eclipse.jdt.core.compiler.CharOperation.toCharArrays(Ljava/util/List;)[[C @ 43 c2
Event: 3519.370 Thread 0x000002da7cc7b390 DEOPT PACKING pc=0x000002da09039f58 sp=0x000000f3712fe5a0
Event: 3519.370 Thread 0x000002da7cc7b390 DEOPT UNPACKING pc=0x000002da075866a3 sp=0x000000f3712fe580 mode 2
Event: 3519.371 Thread 0x000002da7cc7b390 Uncommon trap: trap_request=0xffffffbe fr.pc=0x000002da09039f58 relative=0x0000000000000878
Event: 3519.371 Thread 0x000002da7cc7b390 Uncommon trap: reason=profile_predicate action=maybe_recompile pc=0x000002da09039f58 method=org.eclipse.jdt.core.compiler.CharOperation.toCharArrays(Ljava/util/List;)[[C @ 43 c2
Event: 3519.371 Thread 0x000002da7cc7b390 DEOPT PACKING pc=0x000002da09039f58 sp=0x000000f3712fd660
Event: 3519.371 Thread 0x000002da7cc7b390 DEOPT UNPACKING pc=0x000002da075866a3 sp=0x000000f3712fd640 mode 2

Classes loaded (20 events):
Event: 2897.136 Loading class jdk/internal/module/IllegalAccessLogger
Event: 2897.137 Loading class jdk/internal/module/IllegalAccessLogger done
Event: 2935.030 Loading class jdk/internal/module/IllegalAccessLogger
Event: 2935.031 Loading class jdk/internal/module/IllegalAccessLogger done
Event: 2973.312 Loading class jdk/internal/module/IllegalAccessLogger
Event: 2973.312 Loading class jdk/internal/module/IllegalAccessLogger done
Event: 3006.236 Loading class jdk/internal/module/IllegalAccessLogger
Event: 3006.236 Loading class jdk/internal/module/IllegalAccessLogger done
Event: 3230.809 Loading class jdk/internal/module/IllegalAccessLogger
Event: 3230.809 Loading class jdk/internal/module/IllegalAccessLogger done
Event: 3238.186 Loading class jdk/internal/module/IllegalAccessLogger
Event: 3238.186 Loading class jdk/internal/module/IllegalAccessLogger done
Event: 3270.159 Loading class jdk/internal/module/IllegalAccessLogger
Event: 3270.159 Loading class jdk/internal/module/IllegalAccessLogger done
Event: 3334.312 Loading class jdk/internal/module/IllegalAccessLogger
Event: 3334.312 Loading class jdk/internal/module/IllegalAccessLogger done
Event: 3470.206 Loading class jdk/internal/module/IllegalAccessLogger
Event: 3470.206 Loading class jdk/internal/module/IllegalAccessLogger done
Event: 3500.949 Loading class jdk/internal/module/IllegalAccessLogger
Event: 3500.949 Loading class jdk/internal/module/IllegalAccessLogger done

Classes unloaded (20 events):
Event: 2188.815 Thread 0x000002da70edadb0 Unloading class 0x00000001001bc400 'java/lang/invoke/LambdaForm$MH+0x00000001001bc400'
Event: 2188.815 Thread 0x000002da70edadb0 Unloading class 0x00000001001bc000 'java/lang/invoke/LambdaForm$MH+0x00000001001bc000'
Event: 2272.237 Thread 0x000002da70edadb0 Unloading class 0x0000000100855400 'jdk/internal/reflect/GeneratedConstructorAccessor31'
Event: 2272.237 Thread 0x000002da70edadb0 Unloading class 0x0000000100855000 'jdk/internal/reflect/GeneratedConstructorAccessor30'
Event: 2272.237 Thread 0x000002da70edadb0 Unloading class 0x0000000100854c00 'jdk/internal/reflect/GeneratedConstructorAccessor29'
Event: 2272.237 Thread 0x000002da70edadb0 Unloading class 0x0000000100854800 'jdk/internal/reflect/GeneratedConstructorAccessor28'
Event: 2272.237 Thread 0x000002da70edadb0 Unloading class 0x0000000100854400 'jdk/internal/reflect/GeneratedConstructorAccessor27'
Event: 2272.237 Thread 0x000002da70edadb0 Unloading class 0x0000000100854000 'jdk/internal/reflect/GeneratedConstructorAccessor26'
Event: 2272.237 Thread 0x000002da70edadb0 Unloading class 0x0000000100226400 'java/lang/invoke/LambdaForm$MH+0x0000000100226400'
Event: 2272.237 Thread 0x000002da70edadb0 Unloading class 0x0000000100226000 'java/lang/invoke/LambdaForm$MH+0x0000000100226000'
Event: 2272.237 Thread 0x000002da70edadb0 Unloading class 0x0000000100225c00 'java/lang/invoke/LambdaForm$MH+0x0000000100225c00'
Event: 2331.259 Thread 0x000002da70edadb0 Unloading class 0x0000000100ba1400 'java/lang/invoke/LambdaForm$MH+0x0000000100ba1400'
Event: 2331.259 Thread 0x000002da70edadb0 Unloading class 0x0000000100ba1000 'java/lang/invoke/LambdaForm$MH+0x0000000100ba1000'
Event: 2331.259 Thread 0x000002da70edadb0 Unloading class 0x0000000100ba0c00 'java/lang/invoke/LambdaForm$MH+0x0000000100ba0c00'
Event: 2331.259 Thread 0x000002da70edadb0 Unloading class 0x0000000100ba0800 'java/lang/invoke/LambdaForm$MH+0x0000000100ba0800'
Event: 2331.259 Thread 0x000002da70edadb0 Unloading class 0x0000000100ba0400 'java/lang/invoke/LambdaForm$MH+0x0000000100ba0400'
Event: 2331.259 Thread 0x000002da70edadb0 Unloading class 0x0000000100ba0000 'java/lang/invoke/LambdaForm$MH+0x0000000100ba0000'
Event: 2331.259 Thread 0x000002da70edadb0 Unloading class 0x0000000100270000 'java/lang/invoke/LambdaForm$MH+0x0000000100270000'
Event: 2331.259 Thread 0x000002da70edadb0 Unloading class 0x000000010026dc00 'java/lang/invoke/LambdaForm$MH+0x000000010026dc00'
Event: 2331.259 Thread 0x000002da70edadb0 Unloading class 0x000000010026d400 'java/lang/invoke/LambdaForm$MH+0x000000010026d400'

Classes redefined (0 events):
No events

Internal exceptions (20 events):
Event: 3470.004 Thread 0x000002da7cc7c7d0 Exception <a 'sun/nio/fs/WindowsException'{0x00000000eaea5008}> (0x00000000eaea5008) 
thrown [s\src\hotspot\share\prims\jni.cpp, line 516]
Event: 3470.273 Thread 0x000002da7cc7c7d0 Exception <a 'sun/nio/fs/WindowsException'{0x00000000eab06f00}> (0x00000000eab06f00) 
thrown [s\src\hotspot\share\prims\jni.cpp, line 516]
Event: 3498.586 Thread 0x000002da7f5cc730 Exception <a 'java/lang/ClassNotFoundException'{0x00000000eab542b8}: sun/net/www/protocol/jdt/Handler> (0x00000000eab542b8) 
thrown [s\src\hotspot\share\classfile\systemDictionary.cpp, line 256]
Event: 3498.586 Thread 0x000002da7f5cc730 Exception <a 'java/lang/ClassNotFoundException'{0x00000000eab820b0}: sun/net/www/protocol/jdt/Handler> (0x00000000eab820b0) 
thrown [s\src\hotspot\share\classfile\systemDictionary.cpp, line 256]
Event: 3498.586 Thread 0x000002da7f5cc730 Exception <a 'java/lang/ClassNotFoundException'{0x00000000eab874c8}: sun/net/www/protocol/jdt/Handler> (0x00000000eab874c8) 
thrown [s\src\hotspot\share\classfile\systemDictionary.cpp, line 256]
Event: 3498.586 Thread 0x000002da7f5cc730 Exception <a 'java/lang/ClassNotFoundException'{0x00000000eab89838}: sun/net/www/protocol/jdt/Handler> (0x00000000eab89838) 
thrown [s\src\hotspot\share\classfile\systemDictionary.cpp, line 256]
Event: 3498.586 Thread 0x000002da7f5cc730 Exception <a 'java/lang/ClassNotFoundException'{0x00000000eab8bdf0}: sun/net/www/protocol/jdt/Handler> (0x00000000eab8bdf0) 
thrown [s\src\hotspot\share\classfile\systemDictionary.cpp, line 256]
Event: 3498.586 Thread 0x000002da7f5cc730 Exception <a 'java/lang/ClassNotFoundException'{0x00000000eab8dd00}: sun/net/www/protocol/jdt/Handler> (0x00000000eab8dd00) 
thrown [s\src\hotspot\share\classfile\systemDictionary.cpp, line 256]
Event: 3498.586 Thread 0x000002da7f5cc730 Exception <a 'java/lang/ClassNotFoundException'{0x00000000eab8fe30}: sun/net/www/protocol/jdt/Handler> (0x00000000eab8fe30) 
thrown [s\src\hotspot\share\classfile\systemDictionary.cpp, line 256]
Event: 3498.586 Thread 0x000002da7f5cc730 Exception <a 'java/lang/ClassNotFoundException'{0x00000000eab91e20}: sun/net/www/protocol/jdt/Handler> (0x00000000eab91e20) 
thrown [s\src\hotspot\share\classfile\systemDictionary.cpp, line 256]
Event: 3498.586 Thread 0x000002da7f5cc730 Exception <a 'java/lang/ClassNotFoundException'{0x00000000eab94ac8}: sun/net/www/protocol/jdt/Handler> (0x00000000eab94ac8) 
thrown [s\src\hotspot\share\classfile\systemDictionary.cpp, line 256]
Event: 3498.586 Thread 0x000002da7f5cc730 Exception <a 'java/lang/ClassNotFoundException'{0x00000000eab97298}: sun/net/www/protocol/jdt/Handler> (0x00000000eab97298) 
thrown [s\src\hotspot\share\classfile\systemDictionary.cpp, line 256]
Event: 3498.586 Thread 0x000002da7f5cc730 Exception <a 'java/lang/ClassNotFoundException'{0x00000000eab99608}: sun/net/www/protocol/jdt/Handler> (0x00000000eab99608) 
thrown [s\src\hotspot\share\classfile\systemDictionary.cpp, line 256]
Event: 3498.586 Thread 0x000002da7f5cc730 Exception <a 'java/lang/ClassNotFoundException'{0x00000000eab9ba00}: sun/net/www/protocol/jdt/Handler> (0x00000000eab9ba00) 
thrown [s\src\hotspot\share\classfile\systemDictionary.cpp, line 256]
Event: 3498.586 Thread 0x000002da7f5cc730 Exception <a 'java/lang/ClassNotFoundException'{0x00000000eab9fd38}: sun/net/www/protocol/jdt/Handler> (0x00000000eab9fd38) 
thrown [s\src\hotspot\share\classfile\systemDictionary.cpp, line 256]
Event: 3498.586 Thread 0x000002da7f5cc730 Exception <a 'java/lang/ClassNotFoundException'{0x00000000eabd2a10}: sun/net/www/protocol/jdt/Handler> (0x00000000eabd2a10) 
thrown [s\src\hotspot\share\classfile\systemDictionary.cpp, line 256]
Event: 3498.586 Thread 0x000002da7f5cc730 Exception <a 'java/lang/ClassNotFoundException'{0x00000000eabd50e8}: sun/net/www/protocol/jdt/Handler> (0x00000000eabd50e8) 
thrown [s\src\hotspot\share\classfile\systemDictionary.cpp, line 256]
Event: 3500.780 Thread 0x000002da7cc7c7d0 Exception <a 'sun/nio/fs/WindowsException'{0x00000000eac6a6d8}> (0x00000000eac6a6d8) 
thrown [s\src\hotspot\share\prims\jni.cpp, line 516]
Event: 3501.150 Thread 0x000002da7cc7c7d0 Exception <a 'sun/nio/fs/WindowsException'{0x00000000eac1d1b0}> (0x00000000eac1d1b0) 
thrown [s\src\hotspot\share\prims\jni.cpp, line 516]
Event: 3523.467 Thread 0x000002da7cc7c7d0 Exception <a 'sun/nio/fs/WindowsException'{0x00000000eb30a8b8}> (0x00000000eb30a8b8) 
thrown [s\src\hotspot\share\prims\jni.cpp, line 516]

VM Operations (20 events):
Event: 3519.381 Executing VM operation: ParallelGCFailedAllocation
Event: 3519.383 Executing VM operation: ParallelGCFailedAllocation done
Event: 3519.891 Executing VM operation: ParallelGCFailedAllocation
Event: 3519.894 Executing VM operation: ParallelGCFailedAllocation done
Event: 3521.894 Executing VM operation: Cleanup
Event: 3521.894 Executing VM operation: Cleanup done
Event: 3522.051 Executing VM operation: ParallelGCFailedAllocation
Event: 3522.054 Executing VM operation: ParallelGCFailedAllocation done
Event: 3522.065 Executing VM operation: ParallelGCFailedAllocation
Event: 3522.067 Executing VM operation: ParallelGCFailedAllocation done
Event: 3522.307 Executing VM operation: ParallelGCFailedAllocation
Event: 3522.309 Executing VM operation: ParallelGCFailedAllocation done
Event: 3522.717 Executing VM operation: ParallelGCFailedAllocation
Event: 3522.718 Executing VM operation: ParallelGCFailedAllocation done
Event: 3523.472 Executing VM operation: ParallelGCFailedAllocation
Event: 3523.474 Executing VM operation: ParallelGCFailedAllocation done
Event: 3523.497 Executing VM operation: ParallelGCFailedAllocation
Event: 3523.506 Executing VM operation: ParallelGCFailedAllocation done
Event: 3523.575 Executing VM operation: ParallelGCFailedAllocation
Event: 3523.708 Executing VM operation: ParallelGCFailedAllocation done

Memory protections (0 events):
No events

Nmethod flushes (20 events):
Event: 3470.209 Thread 0x000002da7b08d2c0 flushing  nmethod 0x000002da02a0e090
Event: 3470.209 Thread 0x000002da7b08d2c0 flushing  nmethod 0x000002da02a25710
Event: 3470.209 Thread 0x000002da7b08d2c0 flushing  nmethod 0x000002da02a4f910
Event: 3470.210 Thread 0x000002da7b08d2c0 flushing  nmethod 0x000002da02a8e710
Event: 3470.210 Thread 0x000002da7b08d2c0 flushing  nmethod 0x000002da02a99510
Event: 3470.210 Thread 0x000002da7b08d2c0 flushing  nmethod 0x000002da02c4da90
Event: 3470.210 Thread 0x000002da7b08d2c0 flushing  nmethod 0x000002da02c76590
Event: 3470.210 Thread 0x000002da7b08d2c0 flushing  nmethod 0x000002da02cc7310
Event: 3470.210 Thread 0x000002da7b08d2c0 flushing  nmethod 0x000002da02d10b10
Event: 3470.210 Thread 0x000002da7b08d2c0 flushing  nmethod 0x000002da02d1bf90
Event: 3470.210 Thread 0x000002da7b08d2c0 flushing  nmethod 0x000002da02d20490
Event: 3470.210 Thread 0x000002da7b08d2c0 flushing  nmethod 0x000002da02d30d10
Event: 3470.210 Thread 0x000002da7b08d2c0 flushing  nmethod 0x000002da02d31b10
Event: 3470.210 Thread 0x000002da7b08d2c0 flushing  nmethod 0x000002da02d45110
Event: 3470.210 Thread 0x000002da7b08d2c0 flushing  nmethod 0x000002da02d59310
Event: 3470.210 Thread 0x000002da7b08d2c0 flushing  nmethod 0x000002da02d6a210
Event: 3470.211 Thread 0x000002da7b08d2c0 flushing  nmethod 0x000002da02de0910
Event: 3470.211 Thread 0x000002da7b08d2c0 flushing  nmethod 0x000002da02e19410
Event: 3470.211 Thread 0x000002da7b08d2c0 flushing  nmethod 0x000002da02e33a90
Event: 3470.211 Thread 0x000002da7b08d2c0 flushing  nmethod 0x000002da02e6b810

Events (20 events):
Event: 3394.860 Thread 0x000002da19935d60 Thread exited: 0x000002da19935d60
Event: 3454.789 Thread 0x000002da7ead6e40 Thread added: 0x000002da7f5cc730
Event: 3455.818 Thread 0x000002da7f5cc730 Thread added: 0x000002da7f5ce080
Event: 3455.819 Thread 0x000002da7f5ce080 Thread exited: 0x000002da7f5ce080
Event: 3455.885 Thread 0x000002da7ead6e40 Thread added: 0x000002da7f5cefb0
Event: 3455.924 Thread 0x000002da7f5cc730 Thread added: 0x000002da7f5ce080
Event: 3456.524 Thread 0x000002da7b08a9a0 Thread added: 0x000002da0f574a50
Event: 3456.660 Thread 0x000002da199371a0 Thread added: 0x000002da19935850
Event: 3456.965 Thread 0x000002da0f574a50 Thread exited: 0x000002da0f574a50
Event: 3460.943 Thread 0x000002da7f5ce080 Thread exited: 0x000002da7f5ce080
Event: 3470.087 Thread 0x000002da7e6febc0 Thread added: 0x000002da199376b0
Event: 3470.197 Thread 0x000002da7e6febc0 Thread added: 0x000002da199380d0
Event: 3470.206 Thread 0x000002da7e6febc0 Thread added: 0x000002da19937bc0
Event: 3470.232 Thread 0x000002da7e6febc0 Thread added: 0x000002da19936c90
Event: 3470.232 Thread 0x000002da7e6febc0 Thread added: 0x000002da7e6ff5e0
Event: 3470.232 Thread 0x000002da7e6febc0 Thread added: 0x000002da7e703cc0
Event: 3470.232 Thread 0x000002da7e6febc0 Thread added: 0x000002da7e7046e0
Event: 3500.759 Thread 0x000002da199371a0 Thread added: 0x000002da7e700000
Event: 3500.929 Thread 0x000002da199371a0 Thread added: 0x000002da7e701950
Event: 3515.888 Thread 0x000002da7f5cefb0 Thread exited: 0x000002da7f5cefb0


Dynamic libraries:
0x00007ff7be310000 - 0x00007ff7be31e000 	c:\Users\PMLS\.vscode\extensions\redhat.java-1.36.0-win32-x64\jre\17.0.13-win32-x86_64\bin\java.exe
0x00007ff87f6d0000 - 0x00007ff87f8c8000 	C:\Windows\SYSTEM32\ntdll.dll
0x00007ff87d7e0000 - 0x00007ff87d8a2000 	C:\Windows\System32\KERNEL32.DLL
0x00007ff87d360000 - 0x00007ff87d65e000 	C:\Windows\System32\KERNELBASE.dll
0x00007ff87d1c0000 - 0x00007ff87d2c0000 	C:\Windows\System32\ucrtbase.dll
0x00007ff870750000 - 0x00007ff87076e000 	c:\Users\PMLS\.vscode\extensions\redhat.java-1.36.0-win32-x64\jre\17.0.13-win32-x86_64\bin\VCRUNTIME140.dll
0x00007ff86fa30000 - 0x00007ff86fa47000 	c:\Users\PMLS\.vscode\extensions\redhat.java-1.36.0-win32-x64\jre\17.0.13-win32-x86_64\bin\jli.dll
0x00007ff87ded0000 - 0x00007ff87e06d000 	C:\Windows\System32\USER32.dll
0x00007ff87d190000 - 0x00007ff87d1b2000 	C:\Windows\System32\win32u.dll
0x00007ff85a100000 - 0x00007ff85a39a000 	C:\Windows\WinSxS\amd64_microsoft.windows.common-controls_6595b64144ccf1df_6.0.19041.4355_none_60b8b9eb71f62e16\COMCTL32.dll
0x00007ff87d6f0000 - 0x00007ff87d71b000 	C:\Windows\System32\GDI32.dll
0x00007ff87ee80000 - 0x00007ff87ef1e000 	C:\Windows\System32\msvcrt.dll
0x00007ff87d070000 - 0x00007ff87d187000 	C:\Windows\System32\gdi32full.dll
0x00007ff87cfd0000 - 0x00007ff87d06d000 	C:\Windows\System32\msvcp_win.dll
0x00007ff87e2e0000 - 0x00007ff87e30f000 	C:\Windows\System32\IMM32.DLL
0x00007ff874f80000 - 0x00007ff874f8c000 	c:\Users\PMLS\.vscode\extensions\redhat.java-1.36.0-win32-x64\jre\17.0.13-win32-x86_64\bin\vcruntime140_1.dll
0x00007ff851860000 - 0x00007ff8518ed000 	c:\Users\PMLS\.vscode\extensions\redhat.java-1.36.0-win32-x64\jre\17.0.13-win32-x86_64\bin\msvcp140.dll
0x00007ff81ba90000 - 0x00007ff81c6fb000 	c:\Users\PMLS\.vscode\extensions\redhat.java-1.36.0-win32-x64\jre\17.0.13-win32-x86_64\bin\server\jvm.dll
0x00007ff87d720000 - 0x00007ff87d7d1000 	C:\Windows\System32\ADVAPI32.dll
0x00007ff87ede0000 - 0x00007ff87ee7f000 	C:\Windows\System32\sechost.dll
0x00007ff87db90000 - 0x00007ff87dcb3000 	C:\Windows\System32\RPCRT4.dll
0x00007ff87d330000 - 0x00007ff87d357000 	C:\Windows\System32\bcrypt.dll
0x00007ff87ecf0000 - 0x00007ff87ed5b000 	C:\Windows\System32\WS2_32.dll
0x00007ff87cb20000 - 0x00007ff87cb6b000 	C:\Windows\SYSTEM32\POWRPROF.dll
0x00007ff867620000 - 0x00007ff86762a000 	C:\Windows\SYSTEM32\VERSION.dll
0x00007ff86cb60000 - 0x00007ff86cb87000 	C:\Windows\SYSTEM32\WINMM.dll
0x00007ff87cb00000 - 0x00007ff87cb12000 	C:\Windows\SYSTEM32\UMPDC.dll
0x00007ff87b550000 - 0x00007ff87b562000 	C:\Windows\SYSTEM32\kernel.appcore.dll
0x00007ff871290000 - 0x00007ff87129a000 	c:\Users\PMLS\.vscode\extensions\redhat.java-1.36.0-win32-x64\jre\17.0.13-win32-x86_64\bin\jimage.dll
0x00007ff87aaa0000 - 0x00007ff87ac84000 	C:\Windows\SYSTEM32\DBGHELP.DLL
0x00007ff8725c0000 - 0x00007ff8725f4000 	C:\Windows\SYSTEM32\dbgcore.DLL
0x00007ff87d660000 - 0x00007ff87d6e2000 	C:\Windows\System32\bcryptPrimitives.dll
0x00007ff8706d0000 - 0x00007ff8706de000 	c:\Users\PMLS\.vscode\extensions\redhat.java-1.36.0-win32-x64\jre\17.0.13-win32-x86_64\bin\instrument.dll
0x00007ff852e90000 - 0x00007ff852eb5000 	c:\Users\PMLS\.vscode\extensions\redhat.java-1.36.0-win32-x64\jre\17.0.13-win32-x86_64\bin\java.dll
0x00007ff86f920000 - 0x00007ff86f938000 	c:\Users\PMLS\.vscode\extensions\redhat.java-1.36.0-win32-x64\jre\17.0.13-win32-x86_64\bin\zip.dll
0x00007ff87ef20000 - 0x00007ff87f68d000 	C:\Windows\System32\SHELL32.dll
0x00007ff87ad90000 - 0x00007ff87b533000 	C:\Windows\SYSTEM32\windows.storage.dll
0x00007ff87e470000 - 0x00007ff87e7c3000 	C:\Windows\System32\combase.dll
0x00007ff87c5f0000 - 0x00007ff87c61e000 	C:\Windows\SYSTEM32\Wldp.dll
0x00007ff87d990000 - 0x00007ff87da5d000 	C:\Windows\System32\OLEAUT32.dll
0x00007ff87ec40000 - 0x00007ff87eced000 	C:\Windows\System32\SHCORE.dll
0x00007ff87e3a0000 - 0x00007ff87e3f5000 	C:\Windows\System32\shlwapi.dll
0x00007ff87cca0000 - 0x00007ff87ccc4000 	C:\Windows\SYSTEM32\profapi.dll
0x00007ff857b50000 - 0x00007ff857b69000 	C:\Users\PMLS\.vscode\extensions\redhat.java-1.36.0-win32-x64\jre\17.0.13-win32-x86_64\bin\net.dll
0x00007ff8772e0000 - 0x00007ff8773ed000 	C:\Windows\SYSTEM32\WINHTTP.dll
0x00007ff87c3d0000 - 0x00007ff87c43a000 	C:\Windows\system32\mswsock.dll
0x00007ff857520000 - 0x00007ff857536000 	C:\Users\PMLS\.vscode\extensions\redhat.java-1.36.0-win32-x64\jre\17.0.13-win32-x86_64\bin\nio.dll
0x00007ff86f090000 - 0x00007ff86f0a0000 	c:\Users\PMLS\.vscode\extensions\redhat.java-1.36.0-win32-x64\jre\17.0.13-win32-x86_64\bin\verify.dll
0x00007ff8517b0000 - 0x00007ff8517f5000 	C:\Users\PMLS\AppData\Roaming\Code\User\globalStorage\redhat.java\1.36.0\config_win\org.eclipse.equinox.launcher\org.eclipse.equinox.launcher.win32.win32.x86_64_1.2.1100.v20240722-2106\eclipse_11904.dll
0x00007ff87da60000 - 0x00007ff87db8b000 	C:\Windows\System32\ole32.dll
0x00007ff86f070000 - 0x00007ff86f07a000 	C:\Users\PMLS\.vscode\extensions\redhat.java-1.36.0-win32-x64\jre\17.0.13-win32-x86_64\bin\management.dll
0x00007ff85a440000 - 0x00007ff85a44b000 	C:\Users\PMLS\.vscode\extensions\redhat.java-1.36.0-win32-x64\jre\17.0.13-win32-x86_64\bin\management_ext.dll
0x00007ff87e070000 - 0x00007ff87e078000 	C:\Windows\System32\PSAPI.DLL
0x00007ff87c630000 - 0x00007ff87c648000 	C:\Windows\SYSTEM32\CRYPTSP.dll
0x00007ff87bd10000 - 0x00007ff87bd44000 	C:\Windows\system32\rsaenh.dll
0x00007ff87cc20000 - 0x00007ff87cc4e000 	C:\Windows\SYSTEM32\USERENV.dll
0x00007ff87c560000 - 0x00007ff87c56c000 	C:\Windows\SYSTEM32\CRYPTBASE.dll
0x00007ff87c0d0000 - 0x00007ff87c10b000 	C:\Windows\SYSTEM32\IPHLPAPI.DLL
0x00007ff87e400000 - 0x00007ff87e408000 	C:\Windows\System32\NSI.dll
0x00007ff8746c0000 - 0x00007ff8746d7000 	C:\Windows\SYSTEM32\dhcpcsvc6.DLL
0x00007ff8746a0000 - 0x00007ff8746bd000 	C:\Windows\SYSTEM32\dhcpcsvc.DLL
0x00007ff87c110000 - 0x00007ff87c1da000 	C:\Windows\SYSTEM32\DNSAPI.dll
0x00007ff851140000 - 0x00007ff851189000 	C:\Users\PMLS\AppData\Local\Temp\jna-76263555\jna12327120663647816746.dll
0x00007ff857bc0000 - 0x00007ff857bce000 	C:\Users\PMLS\.vscode\extensions\redhat.java-1.36.0-win32-x64\jre\17.0.13-win32-x86_64\bin\sunmscapi.dll
0x00007ff87cd70000 - 0x00007ff87cecc000 	C:\Windows\System32\CRYPT32.dll
0x00007ff87c7a0000 - 0x00007ff87c7c7000 	C:\Windows\SYSTEM32\ncrypt.dll
0x00007ff87c760000 - 0x00007ff87c79b000 	C:\Windows\SYSTEM32\NTASN1.dll
0x00007ff8740c0000 - 0x00007ff8740ca000 	C:\Windows\System32\rasadhlp.dll
0x00007ff872950000 - 0x00007ff8729d0000 	C:\Windows\System32\fwpuclnt.dll
0x00007ff854710000 - 0x00007ff854719000 	C:\Users\PMLS\.vscode\extensions\redhat.java-1.36.0-win32-x64\jre\17.0.13-win32-x86_64\bin\extnet.dll
0x00007ff87bf60000 - 0x00007ff87bf93000 	C:\Windows\SYSTEM32\ntmarta.dll
0x00007ff854540000 - 0x00007ff854547000 	C:\Windows\system32\wshunix.dll

dbghelp: loaded successfully - version: 4.0.5 - missing functions: none
symbol engine: initialized successfully - sym options: 0x614 - pdb path: .;c:\Users\PMLS\.vscode\extensions\redhat.java-1.36.0-win32-x64\jre\17.0.13-win32-x86_64\bin;C:\Windows\SYSTEM32;C:\Windows\WinSxS\amd64_microsoft.windows.common-controls_6595b64144ccf1df_6.0.19041.4355_none_60b8b9eb71f62e16;c:\Users\PMLS\.vscode\extensions\redhat.java-1.36.0-win32-x64\jre\17.0.13-win32-x86_64\bin\server;C:\Users\PMLS\AppData\Roaming\Code\User\globalStorage\redhat.java\1.36.0\config_win\org.eclipse.equinox.launcher\org.eclipse.equinox.launcher.win32.win32.x86_64_1.2.1100.v20240722-2106;C:\Users\PMLS\AppData\Local\Temp\jna-76263555

VM Arguments:
jvm_args: --add-modules=ALL-SYSTEM --add-opens=java.base/java.util=ALL-UNNAMED --add-opens=java.base/java.lang=ALL-UNNAMED --add-opens=java.base/sun.nio.fs=ALL-UNNAMED -Declipse.application=org.eclipse.jdt.ls.core.id1 -Dosgi.bundles.defaultStartLevel=4 -Declipse.product=org.eclipse.jdt.ls.core.product -Djava.import.generatesMetadataFilesAtProjectRoot=false -DDetectVMInstallationsJob.disabled=true -Dfile.encoding=utf8 -XX:+UseParallelGC -XX:GCTimeRatio=4 -XX:AdaptiveSizePolicyWeight=90 -Dsun.zip.disableMemoryMapping=true -Xmx1G -Xms100m -Xlog:disable -javaagent:c:\Users\PMLS\.vscode\extensions\redhat.java-1.36.0-win32-x64\lombok\lombok-1.18.35.jar -XX:+HeapDumpOnOutOfMemoryError -XX:HeapDumpPath=c:\Users\PMLS\AppData\Roaming\Code\User\workspaceStorage\517f850426764a345860a14730837554\redhat.java -Daether.dependencyCollector.impl=bf 
java_command: c:\Users\PMLS\.vscode\extensions\redhat.java-1.36.0-win32-x64\server\plugins\org.eclipse.equinox.launcher_1.6.900.v20240613-2009.jar -configuration c:\Users\PMLS\AppData\Roaming\Code\User\globalStorage\redhat.java\1.36.0\config_win -data c:\Users\PMLS\AppData\Roaming\Code\User\workspaceStorage\517f850426764a345860a14730837554\redhat.java\jdt_ws --pipe=\\.\pipe\lsp-e71789c38f7567b3277f8342328d0bfe-sock
java_class_path (initial): c:\Users\PMLS\.vscode\extensions\redhat.java-1.36.0-win32-x64\server\plugins\org.eclipse.equinox.launcher_1.6.900.v20240613-2009.jar
Launcher Type: SUN_STANDARD

[Global flags]
    uintx AdaptiveSizePolicyWeight                 = 90                                        {product} {command line}
     intx CICompilerCount                          = 4                                         {product} {ergonomic}
    uintx GCTimeRatio                              = 4                                         {product} {command line}
     bool HeapDumpOnOutOfMemoryError               = true                                   {manageable} {command line}
    ccstr HeapDumpPath                             = c:\Users\PMLS\AppData\Roaming\Code\User\workspaceStorage\517f850426764a345860a14730837554\redhat.java         {manageable} {command line}
   size_t InitialHeapSize                          = 104857600                                 {product} {command line}
   size_t MaxHeapSize                              = 1073741824                                {product} {command line}
   size_t MaxNewSize                               = 357564416                                 {product} {ergonomic}
   size_t MinHeapDeltaBytes                        = 524288                                    {product} {ergonomic}
   size_t MinHeapSize                              = 104857600                                 {product} {command line}
   size_t NewSize                                  = 34603008                                  {product} {ergonomic}
    uintx NonNMethodCodeHeapSize                   = 5839372                                {pd product} {ergonomic}
    uintx NonProfiledCodeHeapSize                  = 122909434                              {pd product} {ergonomic}
   size_t OldSize                                  = 70254592                                  {product} {ergonomic}
    uintx ProfiledCodeHeapSize                     = 122909434                              {pd product} {ergonomic}
    uintx ReservedCodeCacheSize                    = 251658240                              {pd product} {ergonomic}
     bool SegmentedCodeCache                       = true                                      {product} {ergonomic}
   size_t SoftMaxHeapSize                          = 1073741824                             {manageable} {ergonomic}
     bool UseCompressedClassPointers               = true                           {product lp64_product} {ergonomic}
     bool UseCompressedOops                        = true                           {product lp64_product} {ergonomic}
     bool UseLargePagesIndividualAllocation        = false                                  {pd product} {ergonomic}
     bool UseParallelGC                            = true                                      {product} {command line}

Logging:
Log output configuration:
 #0: stdout all=off uptime,level,tags
 #1: stderr all=off uptime,level,tags

Environment Variables:
JAVA_HOME=C:\Program Files\Java\jdk-18.0.2
CLASSPATH=C:\Users\PMLS\Desktop\projct\pak.jar
PATH=C:\app\PMYLS\product\21c\dbhomeXE\bin;C:\Program Files\Common Files\Oracle\Java\javapath;C:\Windows\system32;C:\Windows;C:\Windows\System32\Wbem;C:\Windows\System32\WindowsPowerShell\v1.0\;C:\Windows\System32\OpenSSH\;C:\Program Files\Git\cmd;C:\Program Files\nodejs\;C:\Program Files\MySQL\MySQL Server 8.0\bin;C:\msys64\ucrt64\bin;E:\data;C:\Program Files\Java\jdk-18.0.2\bin;C:\Users\PMLS\AppData\Local\Programs\Python\Python310;C:\Users\PMLS\Downloads\ngrok-v3-stable-windows-amd64;C:\Program Files\Docker\Docker\resources\bin;C:\Users\PMLS\AppData\Local\Programs\Python\Python310\Scripts\;C:\Users\PMLS\AppData\Local\Programs\Python\Python310\;C:\Program Files\MySQL\MySQL Shell 8.0\bin\;C:\Users\PMLS\AppData\Local\Microsoft\WindowsApps;C:\Users\PMLS\AppData\Local\Programs\Microsoft VS Code\bin;C:\Users\PMLS\AppData\Roaming\npm;C:\ngrok;
USERNAME=PMYLS
OS=Windows_NT
PROCESSOR_IDENTIFIER=Intel64 Family 6 Model 154 Stepping 4, GenuineIntel
TMP=C:\Users\PMLS\AppData\Local\Temp
TEMP=C:\Users\PMLS\AppData\Local\Temp



Periodic native trim disabled


---------------  S Y S T E M  ---------------

OS:
 Windows 10 , 64 bit Build 19041 (10.0.19041.5198)
OS uptime: 0 days 10:30 hours
Hyper-V role detected

CPU: total 12 (initial active 12) (6 cores per cpu, 2 threads per core) family 6 model 154 stepping 4 microcode 0x424, cx8, cmov, fxsr, ht, mmx, 3dnowpref, sse, sse2, sse3, ssse3, sse4.1, sse4.2, popcnt, lzcnt, tsc, tscinvbit, avx, avx2, aes, erms, clmul, bmi1, bmi2, adx, sha, fma, vzeroupper, clflush, clflushopt, clwb, hv
Processor Information for processor 0
  Max Mhz: 1300, Current Mhz: 1300, Mhz Limit: 1300
Processor Information for processor 1
  Max Mhz: 1300, Current Mhz: 1300, Mhz Limit: 1300
Processor Information for processor 2
  Max Mhz: 1300, Current Mhz: 1300, Mhz Limit: 1300
Processor Information for processor 3
  Max Mhz: 1300, Current Mhz: 1300, Mhz Limit: 1300
Processor Information for processor 4
  Max Mhz: 900, Current Mhz: 900, Mhz Limit: 900
Processor Information for processor 5
  Max Mhz: 900, Current Mhz: 900, Mhz Limit: 900
Processor Information for processor 6
  Max Mhz: 900, Current Mhz: 900, Mhz Limit: 900
Processor Information for processor 7
  Max Mhz: 900, Current Mhz: 900, Mhz Limit: 900
Processor Information for processor 8
  Max Mhz: 900, Current Mhz: 900, Mhz Limit: 900
Processor Information for processor 9
  Max Mhz: 900, Current Mhz: 900, Mhz Limit: 900
Processor Information for processor 10
  Max Mhz: 900, Current Mhz: 900, Mhz Limit: 900
Processor Information for processor 11
  Max Mhz: 900, Current Mhz: 900, Mhz Limit: 900

Memory: 4k page, system-wide physical 7916M (400M free)
TotalPageFile size 20533M (AvailPageFile size 3M)
current process WorkingSet (physical memory assigned to process): 500M, peak: 704M
current process commit charge ("private bytes"): 599M, peak: 1100M

vm_info: OpenJDK 64-Bit Server VM (17.0.13+11) for windows-amd64 JRE (17.0.13+11), built on Oct 16 2024 00:10:08 by "admin" with MS VC++ 17.7 (VS2022)

END.
