#
# There is insufficient memory for the Java Runtime Environment to continue.
# Native memory allocation (mmap) failed to map 19922944 bytes. Error detail: G1 virtual space
# Possible reasons:
#   The system is out of physical RAM or swap space
#   This process is running with CompressedOops enabled, and the Java Heap may be blocking the growth of the native heap
# Possible solutions:
#   Reduce memory load on the system
#   Increase physical memory or swap space
#   Check if swap backing store is full
#   Decrease Java heap size (-Xmx/-Xms)
#   Decrease number of Java threads
#   Decrease Java thread stack sizes (-Xss)
#   Set larger code cache with -XX:ReservedCodeCacheSize=
#   JVM is running with Unscaled Compressed Oops mode in which the Java heap is
#     placed in the first 4GB address space. The Java Heap base address is the
#     maximum limit for the native heap growth. Please use -XX:HeapBaseMinAddress
#     to set the Java Heap base and to place the Java Heap above 4GB virtual address.
# This output file may be truncated or incomplete.
#
#  Out of Memory Error (os_windows.cpp:3614), pid=29060, tid=6020
#
# JRE version: OpenJDK Runtime Environment Temurin-17.0.13+11 (17.0.13+11) (build 17.0.13+11)
# Java VM: OpenJDK 64-Bit Server VM Temurin-17.0.13+11 (17.0.13+11, mixed mode, tiered, compressed oops, compressed class ptrs, g1 gc, windows-amd64)
# No core dump will be written. Minidumps are not enabled by default on client versions of Windows
#

---------------  S U M M A R Y ------------

Command Line: -XX:+ShowCodeDetailsInExceptionMessages com.bot.watsappbot.WatsappbotApplication

Host: 12th Gen Intel(R) Core(TM) i5-1235U, 12 cores, 7G,  Windows 10 , 64 bit Build 19041 (10.0.19041.5198)
Time: Wed Nov 27 02:34:11 2024 Pakistan Standard Time elapsed time: 2754.114504 seconds (0d 0h 45m 54s)

---------------  T H R E A D  ---------------

Current thread (0x0000019effaab160):  VMThread "VM Thread" [stack: 0x0000007b59200000,0x0000007b59300000] [id=6020]

Stack: [0x0000007b59200000,0x0000007b59300000]
Native frames: (J=compiled Java code, j=interpreted, Vv=VM code, C=native code)
V  [jvm.dll+0x682a19]
V  [jvm.dll+0x839538]
V  [jvm.dll+0x83afe3]
V  [jvm.dll+0x83b653]
V  [jvm.dll+0x24704f]
V  [jvm.dll+0x67f809]
V  [jvm.dll+0x6746fa]
V  [jvm.dll+0x304a96]
V  [jvm.dll+0x30bf56]
V  [jvm.dll+0x35da5e]
V  [jvm.dll+0x35dc9d]
V  [jvm.dll+0x2dbe5c]
V  [jvm.dll+0x2da1ff]
V  [jvm.dll+0x2d996c]
V  [jvm.dll+0x31d14b]
V  [jvm.dll+0x83fe8d]
V  [jvm.dll+0x840bc3]
V  [jvm.dll+0x8410ef]
V  [jvm.dll+0x8414d4]
V  [jvm.dll+0x84159e]
V  [jvm.dll+0x7e8ffc]
V  [jvm.dll+0x6818f7]
C  [ucrtbase.dll+0x21bb2]
C  [KERNEL32.DLL+0x17374]
C  [ntdll.dll+0x4cc91]

VM_Operation (0x0000007b5b9fd8f0): G1CollectForAllocation, mode: safepoint, requested by thread 0x0000019e9b359e70


---------------  P R O C E S S  ---------------

Threads class SMR info:
_java_thread_list=0x0000019e95e4dcf0, length=47, elements={
0x0000019effac1780, 0x0000019effac2310, 0x0000019effae6130, 0x0000019effaf9db0,
0x0000019effafa680, 0x0000019effafaf50, 0x0000019effafbb50, 0x0000019effafe470,
0x0000019effb017b0, 0x0000019effc851a0, 0x0000019effc95d80, 0x0000019e95eb6b50,
0x0000019e99370eb0, 0x0000019e993709a0, 0x0000019e9b359450, 0x0000019e9b35d110,
0x0000019e9b35bcd0, 0x0000019e965c99c0, 0x0000019e9b359960, 0x0000019e9b356bd0,
0x0000019e9b35b2b0, 0x0000019e9b359e70, 0x0000019e965c8a90, 0x0000019e965c8580,
0x0000019e965c7140, 0x0000019e965c2f70, 0x0000019e965c7b60, 0x0000019e965c94b0,
0x0000019e965c7650, 0x0000019e9b35e550, 0x0000019e9b358010, 0x0000019e9b358a30,
0x0000019e9b35d620, 0x0000019e9b35a890, 0x0000019e9b35ada0, 0x0000019e9b3570e0,
0x0000019e9b35c6f0, 0x0000019e9b35a380, 0x0000019e9b35db30, 0x0000019e965c8070,
0x0000019e965c3990, 0x0000019e965c2a60, 0x0000019e965c8fa0, 0x0000019e965c9ed0,
0x0000019e965ca3e0, 0x0000019e965c3480, 0x0000019e965c3ea0
}

Java Threads: ( => current thread )
  0x0000019effac1780 JavaThread "Reference Handler" daemon [_thread_blocked, id=13192, stack(0x0000007b59300000,0x0000007b59400000)]
  0x0000019effac2310 JavaThread "Finalizer" daemon [_thread_blocked, id=35504, stack(0x0000007b59400000,0x0000007b59500000)]
  0x0000019effae6130 JavaThread "Signal Dispatcher" daemon [_thread_blocked, id=30336, stack(0x0000007b59500000,0x0000007b59600000)]
  0x0000019effaf9db0 JavaThread "Attach Listener" daemon [_thread_blocked, id=38156, stack(0x0000007b59600000,0x0000007b59700000)]
  0x0000019effafa680 JavaThread "Service Thread" daemon [_thread_blocked, id=37416, stack(0x0000007b59700000,0x0000007b59800000)]
  0x0000019effafaf50 JavaThread "Monitor Deflation Thread" daemon [_thread_blocked, id=17864, stack(0x0000007b59800000,0x0000007b59900000)]
  0x0000019effafbb50 JavaThread "C2 CompilerThread0" daemon [_thread_blocked, id=13228, stack(0x0000007b59900000,0x0000007b59a00000)]
  0x0000019effafe470 JavaThread "C1 CompilerThread0" daemon [_thread_blocked, id=27712, stack(0x0000007b59a00000,0x0000007b59b00000)]
  0x0000019effb017b0 JavaThread "Sweeper thread" daemon [_thread_blocked, id=33092, stack(0x0000007b59b00000,0x0000007b59c00000)]
  0x0000019effc851a0 JavaThread "Notification Thread" daemon [_thread_blocked, id=15696, stack(0x0000007b59c00000,0x0000007b59d00000)]
  0x0000019effc95d80 JavaThread "Common-Cleaner" daemon [_thread_blocked, id=8232, stack(0x0000007b59e00000,0x0000007b59f00000)]
  0x0000019e95eb6b50 JavaThread "oracle.jdbc.driver.BlockSource.ThreadedCachingBlockSource.BlockReleaser" daemon [_thread_blocked, id=17760, stack(0x0000007b5b100000,0x0000007b5b200000)]
  0x0000019e99370eb0 JavaThread "InterruptTimer" daemon [_thread_blocked, id=32660, stack(0x0000007b5b200000,0x0000007b5b300000)]
  0x0000019e993709a0 JavaThread "Live Reload Server" daemon [_thread_in_native, id=33980, stack(0x0000007b5b800000,0x0000007b5b900000)]
  0x0000019e9b359450 JavaThread "DestroyJavaVM" [_thread_blocked, id=31788, stack(0x0000007b58c00000,0x0000007b58d00000)]
  0x0000019e9b35d110 JavaThread "File Watcher" daemon [_thread_blocked, id=37100, stack(0x0000007b5a000000,0x0000007b5a100000)]
  0x0000019e9b35bcd0 JavaThread "File Watcher" daemon [_thread_blocked, id=34328, stack(0x0000007b5a700000,0x0000007b5a800000)]
  0x0000019e965c99c0 JavaThread "OkHttp TaskRunner" daemon [_thread_blocked, id=19064, stack(0x0000007b59f00000,0x0000007b5a000000)]
  0x0000019e9b359960 JavaThread "File Watcher" daemon [_thread_blocked, id=33360, stack(0x0000007b5ad00000,0x0000007b5ae00000)]
  0x0000019e9b356bd0 JavaThread "File Watcher" daemon [_thread_blocked, id=38804, stack(0x0000007b5b400000,0x0000007b5b500000)]
  0x0000019e9b35b2b0 JavaThread "File Watcher" daemon [_thread_blocked, id=28756, stack(0x0000007b5b700000,0x0000007b5b800000)]
  0x0000019e9b359e70 JavaThread "File Watcher" daemon [_thread_blocked, id=26928, stack(0x0000007b5b900000,0x0000007b5ba00000)]
  0x0000019e965c8a90 JavaThread "OkHttp TaskRunner" daemon [_thread_blocked, id=19140, stack(0x0000007b58900000,0x0000007b58a00000)]
  0x0000019e965c8580 JavaThread "Okio Watchdog" daemon [_thread_blocked, id=36772, stack(0x0000007b58b00000,0x0000007b58c00000)]
  0x0000019e965c7140 JavaThread "OkHttp TaskRunner" daemon [_thread_blocked, id=31268, stack(0x0000007b5a100000,0x0000007b5a200000)]
  0x0000019e965c2f70 JavaThread "OkHttp TaskRunner" daemon [_thread_blocked, id=35100, stack(0x0000007b5c800000,0x0000007b5c900000)]
  0x0000019e965c7b60 JavaThread "OkHttp TaskRunner" daemon [_thread_blocked, id=29580, stack(0x0000007b5af00000,0x0000007b5b000000)]
  0x0000019e965c94b0 JavaThread "OkHttp TaskRunner" daemon [_thread_blocked, id=30196, stack(0x0000007b5bd00000,0x0000007b5be00000)]
  0x0000019e965c7650 JavaThread "OJDBC-WORKER-THREAD-15" daemon [_thread_blocked, id=30176, stack(0x0000007b5be00000,0x0000007b5bf00000)]
  0x0000019e9b35e550 JavaThread "Catalina-utility-1" [_thread_blocked, id=37908, stack(0x0000007b5b600000,0x0000007b5b700000)]
  0x0000019e9b358010 JavaThread "Catalina-utility-2" [_thread_blocked, id=8684, stack(0x0000007b5ba00000,0x0000007b5bb00000)]
  0x0000019e9b358a30 JavaThread "container-6" [_thread_blocked, id=24156, stack(0x0000007b5bc00000,0x0000007b5bd00000)]
  0x0000019e9b35d620 JavaThread "HikariPool-35 housekeeper" daemon [_thread_blocked, id=12540, stack(0x0000007b5bf00000,0x0000007b5c000000)]
  0x0000019e9b35a890 JavaThread "HikariPool-35 connection adder" daemon [_thread_blocked, id=31700, stack(0x0000007b5c000000,0x0000007b5c100000)]
  0x0000019e9b35ada0 JavaThread "File Watcher" daemon [_thread_blocked, id=3816, stack(0x0000007b5c100000,0x0000007b5c200000)]
  0x0000019e9b3570e0 JavaThread "http-nio-8080-exec-1" daemon [_thread_blocked, id=34344, stack(0x0000007b5c200000,0x0000007b5c300000)]
  0x0000019e9b35c6f0 JavaThread "http-nio-8080-exec-2" daemon [_thread_blocked, id=38632, stack(0x0000007b5c300000,0x0000007b5c400000)]
  0x0000019e9b35a380 JavaThread "http-nio-8080-exec-3" daemon [_thread_blocked, id=38004, stack(0x0000007b5c400000,0x0000007b5c500000)]
  0x0000019e9b35db30 JavaThread "http-nio-8080-exec-4" daemon [_thread_blocked, id=17672, stack(0x0000007b5c500000,0x0000007b5c600000)]
  0x0000019e965c8070 JavaThread "http-nio-8080-exec-5" daemon [_thread_blocked, id=6444, stack(0x0000007b5c600000,0x0000007b5c700000)]
  0x0000019e965c3990 JavaThread "http-nio-8080-exec-6" daemon [_thread_blocked, id=31148, stack(0x0000007b5c700000,0x0000007b5c800000)]
  0x0000019e965c2a60 JavaThread "http-nio-8080-exec-7" daemon [_thread_blocked, id=11152, stack(0x0000007b5c900000,0x0000007b5ca00000)]
  0x0000019e965c8fa0 JavaThread "http-nio-8080-exec-8" daemon [_thread_blocked, id=33084, stack(0x0000007b5ca00000,0x0000007b5cb00000)]
  0x0000019e965c9ed0 JavaThread "http-nio-8080-exec-9" daemon [_thread_blocked, id=25640, stack(0x0000007b5cb00000,0x0000007b5cc00000)]
  0x0000019e965ca3e0 JavaThread "http-nio-8080-exec-10" daemon [_thread_blocked, id=34304, stack(0x0000007b5cc00000,0x0000007b5cd00000)]
  0x0000019e965c3480 JavaThread "http-nio-8080-Poller" daemon [_thread_in_native, id=5980, stack(0x0000007b5cd00000,0x0000007b5ce00000)]
  0x0000019e965c3ea0 JavaThread "http-nio-8080-Acceptor" daemon [_thread_in_native, id=14412, stack(0x0000007b5ce00000,0x0000007b5cf00000)]

Other Threads:
=>0x0000019effaab160 VMThread "VM Thread" [stack: 0x0000007b59200000,0x0000007b59300000] [id=6020]
  0x0000019effc88ac0 WatcherThread [stack: 0x0000007b59d00000,0x0000007b59e00000] [id=32464]
  0x0000019ef5345160 GCTaskThread "GC Thread#0" [stack: 0x0000007b58d00000,0x0000007b58e00000] [id=33876]
  0x0000019e957dee30 GCTaskThread "GC Thread#1" [stack: 0x0000007b5a200000,0x0000007b5a300000] [id=13712]
  0x0000019e957369f0 GCTaskThread "GC Thread#2" [stack: 0x0000007b5a300000,0x0000007b5a400000] [id=33444]
  0x0000019e95736cb0 GCTaskThread "GC Thread#3" [stack: 0x0000007b5a400000,0x0000007b5a500000] [id=35440]
  0x0000019e95736f70 GCTaskThread "GC Thread#4" [stack: 0x0000007b5a500000,0x0000007b5a600000] [id=30944]
  0x0000019e95737640 GCTaskThread "GC Thread#5" [stack: 0x0000007b5a600000,0x0000007b5a700000] [id=11292]
  0x0000019e95ded540 GCTaskThread "GC Thread#6" [stack: 0x0000007b5a800000,0x0000007b5a900000] [id=16380]
  0x0000019e95e65680 GCTaskThread "GC Thread#7" [stack: 0x0000007b5a900000,0x0000007b5aa00000] [id=38784]
  0x0000019e9613bc00 GCTaskThread "GC Thread#8" [stack: 0x0000007b5aa00000,0x0000007b5ab00000] [id=18612]
  0x0000019e9708d0e0 GCTaskThread "GC Thread#9" [stack: 0x0000007b5ae00000,0x0000007b5af00000] [id=27496]
  0x0000019ef5355740 ConcurrentGCThread "G1 Main Marker" [stack: 0x0000007b58e00000,0x0000007b58f00000] [id=37768]
  0x0000019ef5356070 ConcurrentGCThread "G1 Conc#0" [stack: 0x0000007b58f00000,0x0000007b59000000] [id=17692]
  0x0000019e95ce2830 ConcurrentGCThread "G1 Conc#1" [stack: 0x0000007b5ab00000,0x0000007b5ac00000] [id=27300]
  0x0000019e95c5c490 ConcurrentGCThread "G1 Conc#2" [stack: 0x0000007b5ac00000,0x0000007b5ad00000] [id=38340]
  0x0000019eff9140e0 ConcurrentGCThread "G1 Refine#0" [stack: 0x0000007b59000000,0x0000007b59100000] [id=16840]
  0x0000019eff914a20 ConcurrentGCThread "G1 Service" [stack: 0x0000007b59100000,0x0000007b59200000] [id=12584]

Threads with active compile tasks:

VM state: at safepoint (normal execution)

VM Mutex/Monitor currently owned by a thread:  ([mutex/lock_event])
[0x0000019ef52dfd50] Threads_lock - owner thread: 0x0000019effaab160
[0x0000019ef52dfc30] Heap_lock - owner thread: 0x0000019e9b359e70

Heap address: 0x0000000084400000, size: 1980 MB, Compressed Oops mode: 32-bit

CDS archive(s) not mapped
Compressed class space mapped at: 0x0000000100000000-0x0000000140000000, reserved size: 1073741824
Narrow klass base: 0x0000000000000000, Narrow klass shift: 3, Narrow klass range: 0x140000000

GC Precious Log:
 CPUs: 12 total, 12 available
 Memory: 7916M
 Large Page Support: Disabled
 NUMA Support: Disabled
 Compressed Oops: Enabled (32-bit)
 Heap Region Size: 1M
 Heap Min Capacity: 8M
 Heap Initial Capacity: 124M
 Heap Max Capacity: 1980M
 Pre-touch: Disabled
 Parallel Workers: 10
 Concurrent Workers: 3
 Concurrent Refinement Workers: 10
 Periodic GC: Disabled

Heap:
 garbage-first heap   total 96256K, used 40199K [0x0000000084400000, 0x0000000100000000)
  region size 1024K, 3 young (3072K), 3 survivors (3072K)
 Metaspace       used 105271K, committed 106624K, reserved 1179648K
  class space    used 12743K, committed 13376K, reserved 1048576K

Heap Regions: E=young(eden), S=young(survivor), O=old, HS=humongous(starts), HC=humongous(continues), CS=collection set, F=free, OA=open archive, CA=closed archive, TAMS=top-at-mark-start (previous, next)
|   0|0x0000000084400000, 0x0000000084500000, 0x0000000084500000|100%|HS|  |TAMS 0x0000000084500000, 0x0000000084400000| Untracked 
|   1|0x0000000084500000, 0x0000000084600000, 0x0000000084600000|100%| O|  |TAMS 0x0000000084600000, 0x0000000084500000| Untracked 
|   2|0x0000000084600000, 0x00000000846fffe8, 0x0000000084700000| 99%| O|  |TAMS 0x00000000846fffe8, 0x0000000084600000| Untracked 
|   3|0x0000000084700000, 0x00000000847fffe0, 0x0000000084800000| 99%| O|  |TAMS 0x00000000847fffe0, 0x0000000084700000| Untracked 
|   4|0x0000000084800000, 0x0000000084900000, 0x0000000084900000|100%| O|  |TAMS 0x0000000084900000, 0x0000000084800000| Untracked 
|   5|0x0000000084900000, 0x0000000084a00000, 0x0000000084a00000|100%| O|  |TAMS 0x0000000084a00000, 0x0000000084900000| Untracked 
|   6|0x0000000084a00000, 0x0000000084affff0, 0x0000000084b00000| 99%| O|  |TAMS 0x0000000084affff0, 0x0000000084a00000| Untracked 
|   7|0x0000000084b00000, 0x0000000084bffff0, 0x0000000084c00000| 99%| O|  |TAMS 0x0000000084bffff0, 0x0000000084b00000| Untracked 
|   8|0x0000000084c00000, 0x0000000084cffff8, 0x0000000084d00000| 99%| O|  |TAMS 0x0000000084cffff8, 0x0000000084c00000| Untracked 
|   9|0x0000000084d00000, 0x0000000084e00000, 0x0000000084e00000|100%| O|  |TAMS 0x0000000084e00000, 0x0000000084d00000| Untracked 
|  10|0x0000000084e00000, 0x0000000084efffc0, 0x0000000084f00000| 99%| O|  |TAMS 0x0000000084efffc0, 0x0000000084e00000| Untracked 
|  11|0x0000000084f00000, 0x0000000084fffff8, 0x0000000085000000| 99%| O|  |TAMS 0x0000000084fffff8, 0x0000000084f00000| Untracked 
|  12|0x0000000085000000, 0x00000000850ffff0, 0x0000000085100000| 99%| O|  |TAMS 0x00000000850ffff0, 0x0000000085000000| Untracked 
|  13|0x0000000085100000, 0x00000000851fffd8, 0x0000000085200000| 99%| O|  |TAMS 0x00000000851fffd8, 0x0000000085100000| Untracked 
|  14|0x0000000085200000, 0x00000000852f81e8, 0x0000000085300000| 96%| O|  |TAMS 0x00000000852f81e8, 0x0000000085200000| Untracked 
|  15|0x0000000085300000, 0x00000000853fffd0, 0x0000000085400000| 99%| O|  |TAMS 0x00000000853fffd0, 0x0000000085300000| Untracked 
|  16|0x0000000085400000, 0x00000000854fffc8, 0x0000000085500000| 99%| O|  |TAMS 0x00000000854fffc8, 0x0000000085400000| Untracked 
|  17|0x0000000085500000, 0x00000000855fffb0, 0x0000000085600000| 99%| O|  |TAMS 0x00000000855fffb0, 0x0000000085500000| Untracked 
|  18|0x0000000085600000, 0x00000000856ffff8, 0x0000000085700000| 99%| O|  |TAMS 0x00000000856ffff8, 0x0000000085600000| Untracked 
|  19|0x0000000085700000, 0x00000000857fee80, 0x0000000085800000| 99%| O|  |TAMS 0x00000000857fee80, 0x0000000085700000| Untracked 
|  20|0x0000000085800000, 0x0000000085900000, 0x0000000085900000|100%| O|  |TAMS 0x0000000085900000, 0x0000000085800000| Untracked 
|  21|0x0000000085900000, 0x00000000859fffe8, 0x0000000085a00000| 99%| O|  |TAMS 0x00000000859fffe8, 0x0000000085900000| Untracked 
|  22|0x0000000085a00000, 0x0000000085afffd0, 0x0000000085b00000| 99%| O|  |TAMS 0x0000000085afffd0, 0x0000000085a00000| Untracked 
|  23|0x0000000085b00000, 0x0000000085bfffd8, 0x0000000085c00000| 99%| O|  |TAMS 0x0000000085bfffd8, 0x0000000085b00000| Untracked 
|  24|0x0000000085c00000, 0x0000000085d00000, 0x0000000085d00000|100%| O|  |TAMS 0x0000000085d00000, 0x0000000085c00000| Untracked 
|  25|0x0000000085d00000, 0x0000000085e00000, 0x0000000085e00000|100%| O|  |TAMS 0x0000000085e00000, 0x0000000085d00000| Untracked 
|  26|0x0000000085e00000, 0x0000000085f00000, 0x0000000085f00000|100%| O|  |TAMS 0x0000000085f00000, 0x0000000085e00000| Untracked 
|  27|0x0000000085f00000, 0x0000000085ffff48, 0x0000000086000000| 99%| O|  |TAMS 0x0000000085ffff48, 0x0000000085f00000| Untracked 
|  28|0x0000000086000000, 0x00000000860fffe0, 0x0000000086100000| 99%| O|  |TAMS 0x00000000860fffe0, 0x0000000086000000| Untracked 
|  29|0x0000000086100000, 0x0000000086200000, 0x0000000086200000|100%| O|  |TAMS 0x0000000086100000, 0x0000000086100000| Untracked 
|  30|0x0000000086200000, 0x00000000862ffe50, 0x0000000086300000| 99%| O|  |TAMS 0x0000000086200000, 0x0000000086200000| Untracked 
|  31|0x0000000086300000, 0x00000000863e40c0, 0x0000000086400000| 89%| O|  |TAMS 0x0000000086300000, 0x0000000086300000| Untracked 
|  32|0x0000000086400000, 0x0000000086500000, 0x0000000086500000|100%| O|  |TAMS 0x0000000086400000, 0x0000000086400000| Untracked 
|  33|0x0000000086500000, 0x000000008651abe0, 0x0000000086600000| 10%| O|  |TAMS 0x0000000086500000, 0x0000000086500000| Untracked 
|  34|0x0000000086600000, 0x0000000086700000, 0x0000000086700000|100%| O|  |TAMS 0x0000000086600000, 0x0000000086600000| Untracked 
|  35|0x0000000086700000, 0x0000000086745ca0, 0x0000000086800000| 27%| O|  |TAMS 0x0000000086700000, 0x0000000086700000| Untracked 
|  36|0x0000000086800000, 0x00000000868d92f0, 0x0000000086900000| 84%| O|  |TAMS 0x0000000086800000, 0x0000000086800000| Untracked 
|  37|0x0000000086900000, 0x0000000086a00000, 0x0000000086a00000|100%| O|  |TAMS 0x0000000086900000, 0x0000000086900000| Untracked 
|  38|0x0000000086a00000, 0x0000000086a12200, 0x0000000086b00000|  7%| O|  |TAMS 0x0000000086a00000, 0x0000000086a00000| Untracked 
|  39|0x0000000086b00000, 0x0000000086b00000, 0x0000000086c00000|  0%| F|  |TAMS 0x0000000086b00000, 0x0000000086b00000| Untracked 
|  40|0x0000000086c00000, 0x0000000086c00000, 0x0000000086d00000|  0%| F|  |TAMS 0x0000000086c00000, 0x0000000086c00000| Untracked 
|  41|0x0000000086d00000, 0x0000000086d00000, 0x0000000086e00000|  0%| F|  |TAMS 0x0000000086d00000, 0x0000000086d00000| Untracked 
|  42|0x0000000086e00000, 0x0000000086e00000, 0x0000000086f00000|  0%| F|  |TAMS 0x0000000086e00000, 0x0000000086e00000| Untracked 
|  43|0x0000000086f00000, 0x0000000086f00000, 0x0000000087000000|  0%| F|  |TAMS 0x0000000086f00000, 0x0000000086f00000| Untracked 
|  44|0x0000000087000000, 0x0000000087000000, 0x0000000087100000|  0%| F|  |TAMS 0x0000000087000000, 0x0000000087000000| Untracked 
|  45|0x0000000087100000, 0x0000000087100000, 0x0000000087200000|  0%| F|  |TAMS 0x0000000087100000, 0x0000000087100000| Untracked 
|  46|0x0000000087200000, 0x0000000087200000, 0x0000000087300000|  0%| F|  |TAMS 0x0000000087200000, 0x0000000087200000| Untracked 
|  47|0x0000000087300000, 0x0000000087300000, 0x0000000087400000|  0%| F|  |TAMS 0x0000000087300000, 0x0000000087300000| Untracked 
|  48|0x0000000087400000, 0x0000000087400000, 0x0000000087500000|  0%| F|  |TAMS 0x0000000087400000, 0x0000000087400000| Untracked 
|  49|0x0000000087500000, 0x0000000087500000, 0x0000000087600000|  0%| F|  |TAMS 0x0000000087500000, 0x0000000087500000| Untracked 
|  50|0x0000000087600000, 0x0000000087600000, 0x0000000087700000|  0%| F|  |TAMS 0x0000000087600000, 0x0000000087600000| Untracked 
|  51|0x0000000087700000, 0x0000000087800000, 0x0000000087800000|100%| S|CS|TAMS 0x0000000087700000, 0x0000000087700000| Complete 
|  52|0x0000000087800000, 0x0000000087800000, 0x0000000087900000|  0%| F|  |TAMS 0x0000000087800000, 0x0000000087800000| Untracked 
|  53|0x0000000087900000, 0x0000000087900000, 0x0000000087a00000|  0%| F|  |TAMS 0x0000000087900000, 0x0000000087900000| Untracked 
|  54|0x0000000087a00000, 0x0000000087a00000, 0x0000000087b00000|  0%| F|  |TAMS 0x0000000087a00000, 0x0000000087a00000| Untracked 
|  55|0x0000000087b00000, 0x0000000087c00000, 0x0000000087c00000|100%| S|CS|TAMS 0x0000000087b00000, 0x0000000087b00000| Complete 
|  56|0x0000000087c00000, 0x0000000087c1b220, 0x0000000087d00000| 10%| O|  |TAMS 0x0000000087c00000, 0x0000000087c00000| Untracked 
|  57|0x0000000087d00000, 0x0000000087e00000, 0x0000000087e00000|100%| S|CS|TAMS 0x0000000087d00000, 0x0000000087d00000| Complete 
|  58|0x0000000087e00000, 0x0000000087e00000, 0x0000000087f00000|  0%| F|  |TAMS 0x0000000087e00000, 0x0000000087e00000| Untracked 
|  59|0x0000000087f00000, 0x0000000087f00000, 0x0000000088000000|  0%| F|  |TAMS 0x0000000087f00000, 0x0000000087f00000| Untracked 
|  60|0x0000000088000000, 0x0000000088000000, 0x0000000088100000|  0%| F|  |TAMS 0x0000000088000000, 0x0000000088000000| Untracked 
|  61|0x0000000088100000, 0x0000000088100000, 0x0000000088200000|  0%| F|  |TAMS 0x0000000088100000, 0x0000000088100000| Untracked 
|  62|0x0000000088200000, 0x0000000088200000, 0x0000000088300000|  0%| F|  |TAMS 0x0000000088200000, 0x0000000088200000| Untracked 
|  63|0x0000000088300000, 0x0000000088300000, 0x0000000088400000|  0%| F|  |TAMS 0x0000000088300000, 0x0000000088300000| Untracked 
|  64|0x0000000088400000, 0x0000000088400000, 0x0000000088500000|  0%| F|  |TAMS 0x0000000088400000, 0x0000000088400000| Untracked 
|  65|0x0000000088500000, 0x0000000088500000, 0x0000000088600000|  0%| F|  |TAMS 0x0000000088500000, 0x0000000088500000| Untracked 
|  66|0x0000000088600000, 0x0000000088600000, 0x0000000088700000|  0%| F|  |TAMS 0x0000000088600000, 0x0000000088600000| Untracked 
|  67|0x0000000088700000, 0x0000000088700000, 0x0000000088800000|  0%| F|  |TAMS 0x0000000088700000, 0x0000000088700000| Untracked 
|  68|0x0000000088800000, 0x0000000088800000, 0x0000000088900000|  0%| F|  |TAMS 0x0000000088800000, 0x0000000088800000| Untracked 
|  69|0x0000000088900000, 0x0000000088900000, 0x0000000088a00000|  0%| F|  |TAMS 0x0000000088900000, 0x0000000088900000| Untracked 
|  70|0x0000000088a00000, 0x0000000088a00000, 0x0000000088b00000|  0%| F|  |TAMS 0x0000000088a00000, 0x0000000088a00000| Untracked 
|  71|0x0000000088b00000, 0x0000000088b00000, 0x0000000088c00000|  0%| F|  |TAMS 0x0000000088b00000, 0x0000000088b00000| Untracked 
|  72|0x0000000088c00000, 0x0000000088c00000, 0x0000000088d00000|  0%| F|  |TAMS 0x0000000088c00000, 0x0000000088c00000| Untracked 
|  73|0x0000000088d00000, 0x0000000088d00000, 0x0000000088e00000|  0%| F|  |TAMS 0x0000000088d00000, 0x0000000088d00000| Untracked 
|  74|0x0000000088e00000, 0x0000000088e00000, 0x0000000088f00000|  0%| F|  |TAMS 0x0000000088e00000, 0x0000000088e00000| Untracked 
|  75|0x0000000088f00000, 0x0000000088f00000, 0x0000000089000000|  0%| F|  |TAMS 0x0000000088f00000, 0x0000000088f00000| Untracked 
|  76|0x0000000089000000, 0x0000000089000000, 0x0000000089100000|  0%| F|  |TAMS 0x0000000089000000, 0x0000000089000000| Untracked 
|  77|0x0000000089100000, 0x0000000089100000, 0x0000000089200000|  0%| F|  |TAMS 0x0000000089100000, 0x0000000089100000| Untracked 
|  78|0x0000000089200000, 0x0000000089200000, 0x0000000089300000|  0%| F|  |TAMS 0x0000000089200000, 0x0000000089200000| Untracked 
|  79|0x0000000089300000, 0x0000000089300000, 0x0000000089400000|  0%| F|  |TAMS 0x0000000089300000, 0x0000000089300000| Untracked 
|  80|0x0000000089400000, 0x0000000089400000, 0x0000000089500000|  0%| F|  |TAMS 0x0000000089400000, 0x0000000089400000| Untracked 
|  81|0x0000000089500000, 0x0000000089500000, 0x0000000089600000|  0%| F|  |TAMS 0x0000000089500000, 0x0000000089500000| Untracked 
|  82|0x0000000089600000, 0x0000000089600000, 0x0000000089700000|  0%| F|  |TAMS 0x0000000089600000, 0x0000000089600000| Untracked 
|  83|0x0000000089700000, 0x0000000089700000, 0x0000000089800000|  0%| F|  |TAMS 0x0000000089700000, 0x0000000089700000| Untracked 
|  84|0x0000000089800000, 0x0000000089800000, 0x0000000089900000|  0%| F|  |TAMS 0x0000000089800000, 0x0000000089800000| Untracked 
|  85|0x0000000089900000, 0x0000000089900000, 0x0000000089a00000|  0%| F|  |TAMS 0x0000000089900000, 0x0000000089900000| Untracked 
|  86|0x0000000089a00000, 0x0000000089a00000, 0x0000000089b00000|  0%| F|  |TAMS 0x0000000089a00000, 0x0000000089a00000| Untracked 
|  87|0x0000000089b00000, 0x0000000089b00000, 0x0000000089c00000|  0%| F|  |TAMS 0x0000000089b00000, 0x0000000089b00000| Untracked 
|  88|0x0000000089c00000, 0x0000000089c00000, 0x0000000089d00000|  0%| F|  |TAMS 0x0000000089c00000, 0x0000000089c00000| Untracked 
|  89|0x0000000089d00000, 0x0000000089d00000, 0x0000000089e00000|  0%| F|  |TAMS 0x0000000089d00000, 0x0000000089d00000| Untracked 
|  90|0x0000000089e00000, 0x0000000089e00000, 0x0000000089f00000|  0%| F|  |TAMS 0x0000000089e00000, 0x0000000089e00000| Untracked 
|  91|0x0000000089f00000, 0x0000000089f00000, 0x000000008a000000|  0%| F|  |TAMS 0x0000000089f00000, 0x0000000089f00000| Untracked 
|  92|0x000000008a000000, 0x000000008a000000, 0x000000008a100000|  0%| F|  |TAMS 0x000000008a000000, 0x000000008a000000| Untracked 
|  93|0x000000008a100000, 0x000000008a100000, 0x000000008a200000|  0%| F|  |TAMS 0x000000008a100000, 0x000000008a100000| Untracked 

Card table byte_map: [0x0000019efa800000,0x0000019efabe0000] _byte_map_base: 0x0000019efa3de000

Marking Bits (Prev, Next): (CMBitMap*) 0x0000019ef5345690, (CMBitMap*) 0x0000019ef53456d0
 Prev Bits: [0x0000019efafc0000, 0x0000019efceb0000)
 Next Bits: [0x0000019efceb0000, 0x0000019efeda0000)

Polling page: 0x0000019ef53a0000

Metaspace:

Usage:
  Non-class:     90.36 MB used.
      Class:     12.44 MB used.
       Both:    102.80 MB used.

Virtual space:
  Non-class space:      128.00 MB reserved,      91.06 MB ( 71%) committed,  2 nodes.
      Class space:        1.00 GB reserved,      13.06 MB (  1%) committed,  1 nodes.
             Both:        1.12 GB reserved,     104.12 MB (  9%) committed. 

Chunk freelists:
   Non-Class:  4.94 MB
       Class:  2.77 MB
        Both:  7.70 MB

MaxMetaspaceSize: unlimited
CompressedClassSpaceSize: 1.00 GB
Initial GC threshold: 21.00 MB
Current GC threshold: 173.12 MB
CDS: off
MetaspaceReclaimPolicy: balanced
 - commit_granule_bytes: 65536.
 - commit_granule_words: 8192.
 - virtual_space_node_default_size: 8388608.
 - enlarge_chunks_in_place: 1.
 - new_chunks_are_fully_committed: 0.
 - uncommit_free_chunks: 1.
 - use_allocation_guard: 0.
 - handle_deallocations: 1.


Internal statistics:

num_allocs_failed_limit: 9.
num_arena_births: 1960.
num_arena_deaths: 266.
num_vsnodes_births: 3.
num_vsnodes_deaths: 0.
num_space_committed: 1665.
num_space_uncommitted: 0.
num_chunks_returned_to_freelist: 296.
num_chunks_taken_from_freelist: 6156.
num_chunk_merges: 84.
num_chunk_splits: 3895.
num_chunks_enlarged: 2513.
num_inconsistent_stats: 0.

CodeHeap 'non-profiled nmethods': size=120000Kb used=14189Kb max_used=14189Kb free=105810Kb
 bounds [0x0000019e87ad0000, 0x0000019e888b0000, 0x0000019e8f000000]
CodeHeap 'profiled nmethods': size=120000Kb used=27343Kb max_used=27343Kb free=92656Kb
 bounds [0x0000019e80000000, 0x0000019e81ac0000, 0x0000019e87530000]
CodeHeap 'non-nmethods': size=5760Kb used=1433Kb max_used=1493Kb free=4326Kb
 bounds [0x0000019e87530000, 0x0000019e877a0000, 0x0000019e87ad0000]
 total_blobs=15368 nmethods=14586 adapters=692
 compilation: enabled
              stopped_count=0, restarted_count=0
 full_count=0

Compilation events (20 events):
Event: 2750.442 Thread 0x0000019effafe470 17629       3       oracle.net.ano.AnoComm::g (13 bytes)
Event: 2750.442 Thread 0x0000019effafe470 nmethod 17629 0x0000019e81aaf310 code [0x0000019e81aaf4e0, 0x0000019e81aaf7a8]
Event: 2750.442 Thread 0x0000019effafe470 17630       3       oracle.net.ano.Service::y (1 bytes)
Event: 2750.442 Thread 0x0000019effafe470 nmethod 17630 0x0000019e81aaf910 code [0x0000019e81aafaa0, 0x0000019e81aafbb8]
Event: 2750.443 Thread 0x0000019effafe470 17631   !   3       oracle.sql.converter.CharacterSetMetaData::isFixedWidth (32 bytes)
Event: 2750.443 Thread 0x0000019effafe470 nmethod 17631 0x0000019e81aafc90 code [0x0000019e81aafe80, 0x0000019e81ab0428]
Event: 2750.443 Thread 0x0000019effafe470 17632       3       oracle.jdbc.driver.DBConversion::isCharSetMultibyte (82 bytes)
Event: 2750.443 Thread 0x0000019effafe470 nmethod 17632 0x0000019e81ab0710 code [0x0000019e81ab08c0, 0x0000019e81ab0b18]
Event: 2750.443 Thread 0x0000019effafe470 17633       3       oracle.jdbc.driver.DBConversion::getClientCharSet (18 bytes)
Event: 2750.443 Thread 0x0000019effafe470 nmethod 17633 0x0000019e81ab0b90 code [0x0000019e81ab0d20, 0x0000019e81ab0e98]
Event: 2750.449 Thread 0x0000019effafe470 17634       3       com.sun.crypto.provider.PBKDF2KeyImpl::getEncoded (17 bytes)
Event: 2750.450 Thread 0x0000019effafe470 nmethod 17634 0x0000019e81ab0f10 code [0x0000019e81ab10c0, 0x0000019e81ab13c8]
Event: 2750.450 Thread 0x0000019effafe470 17635       3       oracle.net.aso.ac::g (102 bytes)
Event: 2750.450 Thread 0x0000019effafe470 nmethod 17635 0x0000019e81ab1510 code [0x0000019e81ab1720, 0x0000019e81ab1df8]
Event: 2750.450 Thread 0x0000019effafe470 17636       3       oracle.jdbc.driver.T4CKvaldfList::initializeList (44 bytes)
Event: 2750.450 Thread 0x0000019effafe470 nmethod 17636 0x0000019e81ab2110 code [0x0000019e81ab22c0, 0x0000019e81ab26b8]
Event: 2750.450 Thread 0x0000019effafe470 17637       3       oracle.jdbc.driver.T4CKvaldfList::add (15 bytes)
Event: 2750.450 Thread 0x0000019effafe470 nmethod 17637 0x0000019e81ab2790 code [0x0000019e81ab2940, 0x0000019e81ab2ad8]
Event: 2750.450 Thread 0x0000019effafe470 17638       3       oracle.jdbc.driver.T4CTTIoauthenticate::marshal (161 bytes)
Event: 2750.451 Thread 0x0000019effafe470 nmethod 17638 0x0000019e81ab2c10 code [0x0000019e81ab2ea0, 0x0000019e81ab38a8]

GC Heap History (20 events):
Event: 2635.514 GC heap after
{Heap after GC invocations=110 (full 27):
 garbage-first heap   total 96256K, used 33985K [0x0000000084400000, 0x0000000100000000)
  region size 1024K, 0 young (0K), 0 survivors (0K)
 Metaspace       used 103972K, committed 105280K, reserved 1179648K
  class space    used 12649K, committed 13248K, reserved 1048576K
}
Event: 2635.711 GC heap before
{Heap before GC invocations=110 (full 27):
 garbage-first heap   total 96256K, used 73921K [0x0000000084400000, 0x0000000100000000)
  region size 1024K, 40 young (40960K), 0 survivors (0K)
 Metaspace       used 104073K, committed 105344K, reserved 1179648K
  class space    used 12658K, committed 13248K, reserved 1048576K
}
Event: 2635.715 GC heap after
{Heap after GC invocations=111 (full 27):
 garbage-first heap   total 96256K, used 37173K [0x0000000084400000, 0x0000000100000000)
  region size 1024K, 4 young (4096K), 4 survivors (4096K)
 Metaspace       used 104073K, committed 105344K, reserved 1179648K
  class space    used 12658K, committed 13248K, reserved 1048576K
}
Event: 2639.472 GC heap before
{Heap before GC invocations=111 (full 27):
 garbage-first heap   total 96256K, used 71989K [0x0000000084400000, 0x0000000100000000)
  region size 1024K, 39 young (39936K), 4 survivors (4096K)
 Metaspace       used 104313K, committed 105664K, reserved 1179648K
  class space    used 12671K, committed 13312K, reserved 1048576K
}
Event: 2639.527 GC heap after
{Heap after GC invocations=112 (full 28):
 garbage-first heap   total 96256K, used 33620K [0x0000000084400000, 0x0000000100000000)
  region size 1024K, 0 young (0K), 0 survivors (0K)
 Metaspace       used 104313K, committed 105664K, reserved 1179648K
  class space    used 12671K, committed 13312K, reserved 1048576K
}
Event: 2639.773 GC heap before
{Heap before GC invocations=112 (full 28):
 garbage-first heap   total 96256K, used 74580K [0x0000000084400000, 0x0000000100000000)
  region size 1024K, 41 young (41984K), 0 survivors (0K)
 Metaspace       used 104397K, committed 105728K, reserved 1179648K
  class space    used 12681K, committed 13312K, reserved 1048576K
}
Event: 2639.775 GC heap after
{Heap after GC invocations=113 (full 28):
 garbage-first heap   total 96256K, used 37111K [0x0000000084400000, 0x0000000100000000)
  region size 1024K, 4 young (4096K), 4 survivors (4096K)
 Metaspace       used 104397K, committed 105728K, reserved 1179648K
  class space    used 12681K, committed 13312K, reserved 1048576K
}
Event: 2653.910 GC heap before
{Heap before GC invocations=113 (full 28):
 garbage-first heap   total 96256K, used 74999K [0x0000000084400000, 0x0000000100000000)
  region size 1024K, 42 young (43008K), 4 survivors (4096K)
 Metaspace       used 104628K, committed 105920K, reserved 1179648K
  class space    used 12696K, committed 13312K, reserved 1048576K
}
Event: 2653.915 GC heap after
{Heap after GC invocations=114 (full 28):
 garbage-first heap   total 96256K, used 39017K [0x0000000084400000, 0x0000000100000000)
  region size 1024K, 3 young (3072K), 3 survivors (3072K)
 Metaspace       used 104628K, committed 105920K, reserved 1179648K
  class space    used 12696K, committed 13312K, reserved 1048576K
}
Event: 2706.056 GC heap before
{Heap before GC invocations=114 (full 28):
 garbage-first heap   total 96256K, used 63593K [0x0000000084400000, 0x0000000100000000)
  region size 1024K, 28 young (28672K), 3 survivors (3072K)
 Metaspace       used 104646K, committed 106048K, reserved 1179648K
  class space    used 12697K, committed 13312K, reserved 1048576K
}
Event: 2706.124 GC heap after
{Heap after GC invocations=115 (full 29):
 garbage-first heap   total 96256K, used 34847K [0x0000000084400000, 0x0000000100000000)
  region size 1024K, 0 young (0K), 0 survivors (0K)
 Metaspace       used 104644K, committed 106048K, reserved 1179648K
  class space    used 12696K, committed 13312K, reserved 1048576K
}
Event: 2706.316 GC heap before
{Heap before GC invocations=115 (full 29):
 garbage-first heap   total 96256K, used 72735K [0x0000000084400000, 0x0000000100000000)
  region size 1024K, 38 young (38912K), 0 survivors (0K)
 Metaspace       used 104719K, committed 106048K, reserved 1179648K
  class space    used 12706K, committed 13312K, reserved 1048576K
}
Event: 2706.319 GC heap after
{Heap after GC invocations=116 (full 29):
 garbage-first heap   total 96256K, used 37919K [0x0000000084400000, 0x0000000100000000)
  region size 1024K, 3 young (3072K), 3 survivors (3072K)
 Metaspace       used 104719K, committed 106048K, reserved 1179648K
  class space    used 12706K, committed 13312K, reserved 1048576K
}
Event: 2710.593 GC heap before
{Heap before GC invocations=116 (full 29):
 garbage-first heap   total 96256K, used 74783K [0x0000000084400000, 0x0000000100000000)
  region size 1024K, 39 young (39936K), 3 survivors (3072K)
 Metaspace       used 104918K, committed 106304K, reserved 1179648K
  class space    used 12719K, committed 13376K, reserved 1048576K
}
Event: 2710.598 GC heap after
{Heap after GC invocations=117 (full 29):
 garbage-first heap   total 96256K, used 39980K [0x0000000084400000, 0x0000000100000000)
  region size 1024K, 3 young (3072K), 3 survivors (3072K)
 Metaspace       used 104918K, committed 106304K, reserved 1179648K
  class space    used 12719K, committed 13376K, reserved 1048576K
}
Event: 2749.486 GC heap before
{Heap before GC invocations=117 (full 29):
 garbage-first heap   total 96256K, used 57388K [0x0000000084400000, 0x0000000100000000)
  region size 1024K, 21 young (21504K), 3 survivors (3072K)
 Metaspace       used 104951K, committed 106368K, reserved 1179648K
  class space    used 12721K, committed 13376K, reserved 1048576K
}
Event: 2749.573 GC heap after
{Heap after GC invocations=118 (full 30):
 garbage-first heap   total 96256K, used 35006K [0x0000000084400000, 0x0000000100000000)
  region size 1024K, 0 young (0K), 0 survivors (0K)
 Metaspace       used 104948K, committed 106368K, reserved 1179648K
  class space    used 12720K, committed 13376K, reserved 1048576K
}
Event: 2749.783 GC heap before
{Heap before GC invocations=118 (full 30):
 garbage-first heap   total 96256K, used 73918K [0x0000000084400000, 0x0000000100000000)
  region size 1024K, 38 young (38912K), 0 survivors (0K)
 Metaspace       used 105037K, committed 106432K, reserved 1179648K
  class space    used 12730K, committed 13376K, reserved 1048576K
}
Event: 2749.785 GC heap after
{Heap after GC invocations=119 (full 30):
 garbage-first heap   total 96256K, used 38078K [0x0000000084400000, 0x0000000100000000)
  region size 1024K, 3 young (3072K), 3 survivors (3072K)
 Metaspace       used 105037K, committed 106432K, reserved 1179648K
  class space    used 12730K, committed 13376K, reserved 1048576K
}
Event: 2754.102 GC heap before
{Heap before GC invocations=119 (full 30):
 garbage-first heap   total 96256K, used 74942K [0x0000000084400000, 0x0000000100000000)
  region size 1024K, 39 young (39936K), 3 survivors (3072K)
 Metaspace       used 105271K, committed 106624K, reserved 1179648K
  class space    used 12743K, committed 13376K, reserved 1048576K
}

Dll operation events (10 events):
Event: 0.007 Loaded shared library C:\Users\PMLS\.vscode\extensions\redhat.java-1.36.0-win32-x64\jre\17.0.13-win32-x86_64\bin\java.dll
Event: 0.101 Loaded shared library C:\Users\PMLS\.vscode\extensions\redhat.java-1.36.0-win32-x64\jre\17.0.13-win32-x86_64\bin\net.dll
Event: 0.102 Loaded shared library C:\Users\PMLS\.vscode\extensions\redhat.java-1.36.0-win32-x64\jre\17.0.13-win32-x86_64\bin\nio.dll
Event: 0.105 Loaded shared library C:\Users\PMLS\.vscode\extensions\redhat.java-1.36.0-win32-x64\jre\17.0.13-win32-x86_64\bin\zip.dll
Event: 0.173 Loaded shared library C:\Users\PMLS\.vscode\extensions\redhat.java-1.36.0-win32-x64\jre\17.0.13-win32-x86_64\bin\jimage.dll
Event: 0.445 Loaded shared library C:\Users\PMLS\.vscode\extensions\redhat.java-1.36.0-win32-x64\jre\17.0.13-win32-x86_64\bin\management.dll
Event: 0.447 Loaded shared library C:\Users\PMLS\.vscode\extensions\redhat.java-1.36.0-win32-x64\jre\17.0.13-win32-x86_64\bin\management_ext.dll
Event: 1.574 Loaded shared library C:\Users\PMLS\.vscode\extensions\redhat.java-1.36.0-win32-x64\jre\17.0.13-win32-x86_64\bin\sunmscapi.dll
Event: 3.559 Loaded shared library C:\Users\PMLS\.vscode\extensions\redhat.java-1.36.0-win32-x64\jre\17.0.13-win32-x86_64\bin\verify.dll
Event: 3.903 Loaded shared library C:\Users\PMLS\.vscode\extensions\redhat.java-1.36.0-win32-x64\jre\17.0.13-win32-x86_64\bin\extnet.dll

Deoptimization events (20 events):
Event: 2616.694 Thread 0x0000019e965c7140 DEOPT PACKING pc=0x0000019e887c9fd0 sp=0x0000007b5a1fd0d0
Event: 2616.694 Thread 0x0000019e965c7140 DEOPT UNPACKING pc=0x0000019e875869a3 sp=0x0000007b5a1fd068 mode 2
Event: 2616.703 Thread 0x0000019e965c7140 Uncommon trap: trap_request=0xffffffbe fr.pc=0x0000019e887c9fd0 relative=0x0000000000007230
Event: 2616.703 Thread 0x0000019e965c7140 Uncommon trap: reason=profile_predicate action=maybe_recompile pc=0x0000019e887c9fd0 method=org.springframework.beans.factory.support.ConstructorResolver.instantiateUsingFactoryMethod(Ljava/lang/String;Lorg/springframework/beans/factory/support/RootBeanDe
Event: 2616.703 Thread 0x0000019e965c7140 DEOPT PACKING pc=0x0000019e887c9fd0 sp=0x0000007b5a1fe050
Event: 2616.703 Thread 0x0000019e965c7140 DEOPT UNPACKING pc=0x0000019e875869a3 sp=0x0000007b5a1fdfe8 mode 2
Event: 2616.703 Thread 0x0000019e965c7140 Uncommon trap: trap_request=0xffffffbe fr.pc=0x0000019e887c9fd0 relative=0x0000000000007230
Event: 2616.703 Thread 0x0000019e965c7140 Uncommon trap: reason=profile_predicate action=maybe_recompile pc=0x0000019e887c9fd0 method=org.springframework.beans.factory.support.ConstructorResolver.instantiateUsingFactoryMethod(Ljava/lang/String;Lorg/springframework/beans/factory/support/RootBeanDe
Event: 2616.703 Thread 0x0000019e965c7140 DEOPT PACKING pc=0x0000019e887c9fd0 sp=0x0000007b5a1fe050
Event: 2616.703 Thread 0x0000019e965c7140 DEOPT UNPACKING pc=0x0000019e875869a3 sp=0x0000007b5a1fdfe8 mode 2
Event: 2616.703 Thread 0x0000019e965c7140 Uncommon trap: trap_request=0xffffffbe fr.pc=0x0000019e887c9fd0 relative=0x0000000000007230
Event: 2616.703 Thread 0x0000019e965c7140 Uncommon trap: reason=profile_predicate action=maybe_recompile pc=0x0000019e887c9fd0 method=org.springframework.beans.factory.support.ConstructorResolver.instantiateUsingFactoryMethod(Ljava/lang/String;Lorg/springframework/beans/factory/support/RootBeanDe
Event: 2616.703 Thread 0x0000019e965c7140 DEOPT PACKING pc=0x0000019e887c9fd0 sp=0x0000007b5a1fe050
Event: 2616.703 Thread 0x0000019e965c7140 DEOPT UNPACKING pc=0x0000019e875869a3 sp=0x0000007b5a1fdfe8 mode 2
Event: 2617.135 Thread 0x0000019e965c8fa0 DEOPT PACKING pc=0x0000019e813843d3 sp=0x0000007b5bafe6b0
Event: 2617.135 Thread 0x0000019e965c8fa0 DEOPT UNPACKING pc=0x0000019e87587143 sp=0x0000007b5bafdcc8 mode 0
Event: 2635.621 Thread 0x0000019e965c9ed0 Uncommon trap: trap_request=0xffffff45 fr.pc=0x0000019e887e92b8 relative=0x0000000000000838
Event: 2635.621 Thread 0x0000019e965c9ed0 Uncommon trap: reason=unstable_if action=reinterpret pc=0x0000019e887e92b8 method=org.springframework.cglib.core.CodeEmitter.emit_invoke(ILorg/springframework/asm/Type;Lorg/springframework/cglib/core/Signature;Z)V @ 24 c2
Event: 2635.621 Thread 0x0000019e965c9ed0 DEOPT PACKING pc=0x0000019e887e92b8 sp=0x0000007b5affd450
Event: 2635.621 Thread 0x0000019e965c9ed0 DEOPT UNPACKING pc=0x0000019e875869a3 sp=0x0000007b5affd410 mode 2

Classes loaded (20 events):
Event: 1856.630 Loading class jdk/internal/event/TLSHandshakeEvent
Event: 1856.630 Loading class jdk/internal/event/TLSHandshakeEvent done
Event: 1856.873 Loading class sun/security/ssl/PostHandshakeContext
Event: 1856.874 Loading class sun/security/ssl/PostHandshakeContext done
Event: 1856.874 Loading class sun/security/ssl/NewSessionTicket$T13NewSessionTicketMessage
Event: 1856.874 Loading class sun/security/ssl/NewSessionTicket$NewSessionTicketMessage
Event: 1856.875 Loading class sun/security/ssl/NewSessionTicket$NewSessionTicketMessage done
Event: 1856.875 Loading class sun/security/ssl/NewSessionTicket$T13NewSessionTicketMessage done
Event: 1856.911 Loading class java/lang/Throwable$WrappedPrintStream
Event: 1856.911 Loading class java/lang/Throwable$WrappedPrintStream done
Event: 1866.997 Loading class sun/security/ssl/Alert
Event: 1866.998 Loading class sun/security/ssl/Alert done
Event: 1866.998 Loading class sun/security/ssl/Alert$AlertConsumer
Event: 1866.998 Loading class sun/security/ssl/Alert$AlertConsumer done
Event: 1866.998 Loading class sun/security/ssl/Alert$AlertMessage
Event: 1866.999 Loading class sun/security/ssl/Alert$AlertMessage done
Event: 1866.999 Loading class sun/security/ssl/Alert$Level
Event: 1866.999 Loading class sun/security/ssl/Alert$Level done
Event: 2487.823 Loading class jdk/internal/misc/ScopedMemoryAccess$Scope$Handle
Event: 2487.823 Loading class jdk/internal/misc/ScopedMemoryAccess$Scope$Handle done

Classes unloaded (20 events):
Event: 2185.804 Thread 0x0000019effaab160 Unloading class 0x000000010008dc00 'java/lang/invoke/LambdaForm$MH+0x000000010008dc00'
Event: 2185.804 Thread 0x0000019effaab160 Unloading class 0x000000010008d800 'java/lang/invoke/LambdaForm$MH+0x000000010008d800'
Event: 2185.804 Thread 0x0000019effaab160 Unloading class 0x000000010008d400 'java/lang/invoke/LambdaForm$MH+0x000000010008d400'
Event: 2185.804 Thread 0x0000019effaab160 Unloading class 0x000000010008d000 'java/lang/invoke/LambdaForm$MH+0x000000010008d000'
Event: 2185.804 Thread 0x0000019effaab160 Unloading class 0x000000010008c800 'java/lang/invoke/LambdaForm$MH+0x000000010008c800'
Event: 2185.804 Thread 0x0000019effaab160 Unloading class 0x000000010008c000 'java/lang/invoke/LambdaForm$MH+0x000000010008c000'
Event: 2192.938 Thread 0x0000019effaab160 Unloading class 0x0000000100ca8000 'org/apache/catalina/loader/JdbcLeakPrevention'
Event: 2224.326 Thread 0x0000019effaab160 Unloading class 0x00000001006e4000 'org/apache/catalina/loader/JdbcLeakPrevention'
Event: 2425.340 Thread 0x0000019effaab160 Unloading class 0x0000000100403800 'org/apache/catalina/loader/JdbcLeakPrevention'
Event: 2425.340 Thread 0x0000019effaab160 Unloading class 0x00000001004aa000 'org/apache/catalina/loader/JdbcLeakPrevention'
Event: 2455.824 Thread 0x0000019effaab160 Unloading class 0x00000001004a8400 'org/apache/catalina/loader/JdbcLeakPrevention'
Event: 2549.777 Thread 0x0000019effaab160 Unloading class 0x0000000100d08000 'org/apache/catalina/loader/JdbcLeakPrevention'
Event: 2549.777 Thread 0x0000019effaab160 Unloading class 0x0000000100d05800 'org/apache/catalina/loader/JdbcLeakPrevention'
Event: 2549.777 Thread 0x0000019effaab160 Unloading class 0x0000000100cbc000 'org/apache/catalina/loader/JdbcLeakPrevention'
Event: 2549.777 Thread 0x0000019effaab160 Unloading class 0x00000001001f4000 'org/apache/catalina/loader/JdbcLeakPrevention'
Event: 2616.106 Thread 0x0000019effaab160 Unloading class 0x0000000100d0e000 'org/apache/catalina/loader/JdbcLeakPrevention'
Event: 2616.106 Thread 0x0000019effaab160 Unloading class 0x0000000100d02000 'org/apache/catalina/loader/JdbcLeakPrevention'
Event: 2635.469 Thread 0x0000019effaab160 Unloading class 0x0000000100d08000 'org/apache/catalina/loader/JdbcLeakPrevention'
Event: 2706.068 Thread 0x0000019effaab160 Unloading class 0x0000000100d24000 'org/apache/catalina/loader/JdbcLeakPrevention'
Event: 2749.506 Thread 0x0000019effaab160 Unloading class 0x0000000100d2c000 'org/apache/catalina/loader/JdbcLeakPrevention'

Classes redefined (0 events):
No events

Internal exceptions (20 events):
Event: 2706.505 Thread 0x0000019e965c9ed0 Exception <a 'sun/nio/fs/WindowsException'{0x0000000088db18f0}> (0x0000000088db18f0) 
thrown [s\src\hotspot\share\prims\jni.cpp, line 516]
Event: 2712.478 Thread 0x0000019e965c2a60 Exception <a 'java/lang/reflect/InvocationTargetException'{0x000000008a042e80}> (0x000000008a042e80) 
thrown [s\src\hotspot\share\runtime\reflection.cpp, line 1128]
Event: 2749.485 Thread 0x0000019e965c4dd0 Exception <a 'java/lang/InterruptedException'{0x0000000089039778}: sleep interrupted> (0x0000000089039778) 
thrown [s\src\hotspot\share\prims\jvm.cpp, line 3064]
Event: 2749.587 Thread 0x0000019e9b35c1e0 Exception <a 'sun/nio/fs/WindowsException'{0x000000008a18b100}> (0x000000008a18b100) 
thrown [s\src\hotspot\share\prims\jni.cpp, line 516]
Event: 2749.604 Thread 0x0000019e9b35c1e0 Exception <a 'sun/nio/fs/WindowsException'{0x0000000089e1dd40}> (0x0000000089e1dd40) 
thrown [s\src\hotspot\share\prims\jni.cpp, line 516]
Event: 2749.703 Thread 0x0000019e9b35c1e0 Exception <a 'sun/nio/fs/WindowsException'{0x0000000088c35d48}> (0x0000000088c35d48) 
thrown [s\src\hotspot\share\prims\jni.cpp, line 516]
Event: 2749.707 Thread 0x0000019e9b35c1e0 Exception <a 'sun/nio/fs/WindowsException'{0x0000000088cbcc28}> (0x0000000088cbcc28) 
thrown [s\src\hotspot\share\prims\jni.cpp, line 516]
Event: 2749.729 Thread 0x0000019e9b35c1e0 Exception <a 'java/lang/NoClassDefFoundError'{0x0000000088845fa8}: org/flywaydb/core/Flyway> (0x0000000088845fa8) 
thrown [s\src\hotspot\share\oops\constantPool.cpp, line 837]
Event: 2749.729 Thread 0x0000019e9b35c1e0 Exception <a 'java/lang/NoClassDefFoundError'{0x00000000888465f8}: liquibase/integration/spring/SpringLiquibase> (0x00000000888465f8) 
thrown [s\src\hotspot\share\oops\constantPool.cpp, line 837]
Event: 2749.731 Thread 0x0000019e9b35c1e0 Exception <a 'java/lang/NoClassDefFoundError'{0x0000000088899570}: org/jooq/DSLContext> (0x0000000088899570) 
thrown [s\src\hotspot\share\oops\constantPool.cpp, line 837]
Event: 2749.731 Thread 0x0000019e9b35c1e0 Exception <a 'java/lang/NoClassDefFoundError'{0x00000000888a1078}: org/springframework/batch/core/repository/JobRepository> (0x00000000888a1078) 
thrown [s\src\hotspot\share\oops\constantPool.cpp, line 837]
Event: 2749.731 Thread 0x0000019e9b35c1e0 Exception <a 'java/lang/NoClassDefFoundError'{0x00000000888a16c0}: org/quartz/Scheduler> (0x00000000888a16c0) 
thrown [s\src\hotspot\share\oops\constantPool.cpp, line 837]
Event: 2749.731 Thread 0x0000019e9b35c1e0 Exception <a 'java/lang/NoClassDefFoundError'{0x00000000888a1d30}: org/springframework/session/jdbc/JdbcIndexedSessionRepository> (0x00000000888a1d30) 
thrown [s\src\hotspot\share\oops\constantPool.cpp, line 837]
Event: 2749.753 Thread 0x0000019e9b35c1e0 Exception <a 'sun/nio/fs/WindowsException'{0x00000000882eaee0}> (0x00000000882eaee0) 
thrown [s\src\hotspot\share\prims\jni.cpp, line 516]
Event: 2749.754 Thread 0x0000019e9b35c1e0 Exception <a 'sun/nio/fs/WindowsException'{0x00000000882eb4e8}> (0x00000000882eb4e8) 
thrown [s\src\hotspot\share\prims\jni.cpp, line 516]
Event: 2749.754 Thread 0x0000019e9b35c1e0 Exception <a 'sun/nio/fs/WindowsException'{0x00000000882efc08}> (0x00000000882efc08) 
thrown [s\src\hotspot\share\prims\jni.cpp, line 516]
Event: 2749.763 Thread 0x0000019e9b35c1e0 Exception <a 'java/io/FileNotFoundException'{0x000000008812db68}> (0x000000008812db68) 
thrown [s\src\hotspot\share\prims\jni.cpp, line 516]
Event: 2749.773 Thread 0x0000019e9b35c1e0 Exception <a 'java/io/FileNotFoundException'{0x00000000880da8c8}> (0x00000000880da8c8) 
thrown [s\src\hotspot\share\prims\jni.cpp, line 516]
Event: 2749.788 Thread 0x0000019e9b35c1e0 Exception <a 'sun/nio/fs/WindowsException'{0x000000008a1314c8}> (0x000000008a1314c8) 
thrown [s\src\hotspot\share\prims\jni.cpp, line 516]
Event: 2750.052 Thread 0x0000019e9b35c1e0 Exception <a 'sun/nio/fs/WindowsException'{0x0000000088cbc718}> (0x0000000088cbc718) 
thrown [s\src\hotspot\share\prims\jni.cpp, line 516]

VM Operations (20 events):
Event: 2705.745 Executing VM operation: Cleanup done
Event: 2706.056 Executing VM operation: G1CollectFull
Event: 2706.124 Executing VM operation: G1CollectFull done
Event: 2706.316 Executing VM operation: G1CollectForAllocation
Event: 2706.319 Executing VM operation: G1CollectForAllocation done
Event: 2707.319 Executing VM operation: Cleanup
Event: 2707.319 Executing VM operation: Cleanup done
Event: 2710.593 Executing VM operation: G1CollectForAllocation
Event: 2710.598 Executing VM operation: G1CollectForAllocation done
Event: 2712.598 Executing VM operation: Cleanup
Event: 2712.598 Executing VM operation: Cleanup done
Event: 2749.486 Executing VM operation: G1CollectFull
Event: 2749.573 Executing VM operation: G1CollectFull done
Event: 2749.783 Executing VM operation: G1CollectForAllocation
Event: 2749.785 Executing VM operation: G1CollectForAllocation done
Event: 2749.982 Executing VM operation: HandshakeAllThreads
Event: 2749.982 Executing VM operation: HandshakeAllThreads done
Event: 2750.982 Executing VM operation: Cleanup
Event: 2750.983 Executing VM operation: Cleanup done
Event: 2754.102 Executing VM operation: G1CollectForAllocation

Memory protections (0 events):
No events

Nmethod flushes (20 events):
Event: 2425.542 Thread 0x0000019effb017b0 flushing  nmethod 0x0000019e81089890
Event: 2425.542 Thread 0x0000019effb017b0 flushing  nmethod 0x0000019e81095b10
Event: 2425.542 Thread 0x0000019effb017b0 flushing  nmethod 0x0000019e8109e710
Event: 2425.542 Thread 0x0000019effb017b0 flushing  nmethod 0x0000019e8109f910
Event: 2425.543 Thread 0x0000019effb017b0 flushing  nmethod 0x0000019e81113810
Event: 2425.543 Thread 0x0000019effb017b0 flushing  nmethod 0x0000019e8122c610
Event: 2425.543 Thread 0x0000019effb017b0 flushing  nmethod 0x0000019e8123a390
Event: 2425.544 Thread 0x0000019effb017b0 flushing  nmethod 0x0000019e813c2910
Event: 2425.545 Thread 0x0000019effb017b0 flushing  nmethod 0x0000019e81631910
Event: 2425.545 Thread 0x0000019effb017b0 flushing  nmethod 0x0000019e81632b10
Event: 2425.545 Thread 0x0000019effb017b0 flushing  nmethod 0x0000019e8163b510
Event: 2425.545 Thread 0x0000019effb017b0 flushing  nmethod 0x0000019e8163e790
Event: 2425.545 Thread 0x0000019effb017b0 flushing  nmethod 0x0000019e8164da90
Event: 2425.545 Thread 0x0000019effb017b0 flushing  nmethod 0x0000019e81659d90
Event: 2425.545 Thread 0x0000019effb017b0 flushing  nmethod 0x0000019e8165af90
Event: 2425.545 Thread 0x0000019effb017b0 flushing  nmethod 0x0000019e81660c90
Event: 2425.545 Thread 0x0000019effb017b0 flushing  nmethod 0x0000019e81690990
Event: 2425.546 Thread 0x0000019effb017b0 flushing  nmethod 0x0000019e817fb690
Event: 2749.993 Thread 0x0000019effb017b0 flushing  nmethod 0x0000019e8075f390
Event: 2749.994 Thread 0x0000019effb017b0 flushing  nmethod 0x0000019e807c4e10

Events (20 events):
Event: 2749.850 Thread 0x0000019e9b35c1e0 Thread added: 0x0000019e9b3570e0
Event: 2749.851 Thread 0x0000019e9b3570e0 Thread exited: 0x0000019e9b3570e0
Event: 2749.851 Thread 0x0000019e9b35c1e0 Thread added: 0x0000019e9b35d620
Event: 2749.953 Thread 0x0000019e9b35d620 Thread added: 0x0000019e9b35a890
Event: 2750.073 Thread 0x0000019e9b35c1e0 Thread added: 0x0000019e9b35ada0
Event: 2750.077 Thread 0x0000019e9b35c1e0 Thread added: 0x0000019e9b3570e0
Event: 2750.077 Thread 0x0000019e9b35c1e0 Thread added: 0x0000019e9b35c6f0
Event: 2750.077 Thread 0x0000019e9b35c1e0 Thread added: 0x0000019e9b35a380
Event: 2750.077 Thread 0x0000019e9b35c1e0 Thread added: 0x0000019e9b35db30
Event: 2750.077 Thread 0x0000019e9b35c1e0 Thread added: 0x0000019e965c8070
Event: 2750.077 Thread 0x0000019e9b35c1e0 Thread added: 0x0000019e965c3990
Event: 2750.077 Thread 0x0000019e9b35c1e0 Thread added: 0x0000019e965c2a60
Event: 2750.077 Thread 0x0000019e9b35c1e0 Thread added: 0x0000019e965c8fa0
Event: 2750.077 Thread 0x0000019e9b35c1e0 Thread added: 0x0000019e965c9ed0
Event: 2750.077 Thread 0x0000019e9b35c1e0 Thread added: 0x0000019e965ca3e0
Event: 2750.078 Thread 0x0000019e9b35c1e0 Thread added: 0x0000019e965c3480
Event: 2750.078 Thread 0x0000019e9b35c1e0 Thread added: 0x0000019e965c3ea0
Event: 2750.083 Thread 0x0000019e9b35c1e0 Thread exited: 0x0000019e9b35c1e0
Event: 2750.083 Thread 0x0000019e9b358520 Thread exited: 0x0000019e9b358520
Event: 2750.427 Thread 0x0000019e979cfc90 Thread exited: 0x0000019e979cfc90


Dynamic libraries:
0x00007ff7be310000 - 0x00007ff7be31e000 	C:\Users\PMLS\.vscode\extensions\redhat.java-1.36.0-win32-x64\jre\17.0.13-win32-x86_64\bin\java.exe
0x00007ff87f6d0000 - 0x00007ff87f8c8000 	C:\Windows\SYSTEM32\ntdll.dll
0x00007ff87d7e0000 - 0x00007ff87d8a2000 	C:\Windows\System32\KERNEL32.DLL
0x00007ff87d360000 - 0x00007ff87d65e000 	C:\Windows\System32\KERNELBASE.dll
0x00007ff87d1c0000 - 0x00007ff87d2c0000 	C:\Windows\System32\ucrtbase.dll
0x00007ff86fa30000 - 0x00007ff86fa47000 	C:\Users\PMLS\.vscode\extensions\redhat.java-1.36.0-win32-x64\jre\17.0.13-win32-x86_64\bin\jli.dll
0x00007ff870750000 - 0x00007ff87076e000 	C:\Users\PMLS\.vscode\extensions\redhat.java-1.36.0-win32-x64\jre\17.0.13-win32-x86_64\bin\VCRUNTIME140.dll
0x00007ff87ded0000 - 0x00007ff87e06d000 	C:\Windows\System32\USER32.dll
0x00007ff87d190000 - 0x00007ff87d1b2000 	C:\Windows\System32\win32u.dll
0x00007ff85a100000 - 0x00007ff85a39a000 	C:\Windows\WinSxS\amd64_microsoft.windows.common-controls_6595b64144ccf1df_6.0.19041.4355_none_60b8b9eb71f62e16\COMCTL32.dll
0x00007ff87d6f0000 - 0x00007ff87d71b000 	C:\Windows\System32\GDI32.dll
0x00007ff87ee80000 - 0x00007ff87ef1e000 	C:\Windows\System32\msvcrt.dll
0x00007ff87d070000 - 0x00007ff87d187000 	C:\Windows\System32\gdi32full.dll
0x00007ff87cfd0000 - 0x00007ff87d06d000 	C:\Windows\System32\msvcp_win.dll
0x00007ff87e2e0000 - 0x00007ff87e30f000 	C:\Windows\System32\IMM32.DLL
0x00007ff874f80000 - 0x00007ff874f8c000 	C:\Users\PMLS\.vscode\extensions\redhat.java-1.36.0-win32-x64\jre\17.0.13-win32-x86_64\bin\vcruntime140_1.dll
0x00007ff851860000 - 0x00007ff8518ed000 	C:\Users\PMLS\.vscode\extensions\redhat.java-1.36.0-win32-x64\jre\17.0.13-win32-x86_64\bin\msvcp140.dll
0x00007ff81ba90000 - 0x00007ff81c6fb000 	C:\Users\PMLS\.vscode\extensions\redhat.java-1.36.0-win32-x64\jre\17.0.13-win32-x86_64\bin\server\jvm.dll
0x00007ff87d720000 - 0x00007ff87d7d1000 	C:\Windows\System32\ADVAPI32.dll
0x00007ff87ede0000 - 0x00007ff87ee7f000 	C:\Windows\System32\sechost.dll
0x00007ff87db90000 - 0x00007ff87dcb3000 	C:\Windows\System32\RPCRT4.dll
0x00007ff87d330000 - 0x00007ff87d357000 	C:\Windows\System32\bcrypt.dll
0x00007ff87ecf0000 - 0x00007ff87ed5b000 	C:\Windows\System32\WS2_32.dll
0x00007ff867620000 - 0x00007ff86762a000 	C:\Windows\SYSTEM32\VERSION.dll
0x00007ff87cb20000 - 0x00007ff87cb6b000 	C:\Windows\SYSTEM32\POWRPROF.dll
0x00007ff86cb60000 - 0x00007ff86cb87000 	C:\Windows\SYSTEM32\WINMM.dll
0x00007ff87cb00000 - 0x00007ff87cb12000 	C:\Windows\SYSTEM32\UMPDC.dll
0x00007ff87b550000 - 0x00007ff87b562000 	C:\Windows\SYSTEM32\kernel.appcore.dll
0x00007ff871290000 - 0x00007ff87129a000 	C:\Users\PMLS\.vscode\extensions\redhat.java-1.36.0-win32-x64\jre\17.0.13-win32-x86_64\bin\jimage.dll
0x00007ff87aaa0000 - 0x00007ff87ac84000 	C:\Windows\SYSTEM32\DBGHELP.DLL
0x00007ff8725c0000 - 0x00007ff8725f4000 	C:\Windows\SYSTEM32\dbgcore.DLL
0x00007ff87d660000 - 0x00007ff87d6e2000 	C:\Windows\System32\bcryptPrimitives.dll
0x00007ff852e90000 - 0x00007ff852eb5000 	C:\Users\PMLS\.vscode\extensions\redhat.java-1.36.0-win32-x64\jre\17.0.13-win32-x86_64\bin\java.dll
0x00007ff86f920000 - 0x00007ff86f938000 	C:\Users\PMLS\.vscode\extensions\redhat.java-1.36.0-win32-x64\jre\17.0.13-win32-x86_64\bin\zip.dll
0x00007ff87ef20000 - 0x00007ff87f68d000 	C:\Windows\System32\SHELL32.dll
0x00007ff87ad90000 - 0x00007ff87b533000 	C:\Windows\SYSTEM32\windows.storage.dll
0x00007ff87e470000 - 0x00007ff87e7c3000 	C:\Windows\System32\combase.dll
0x00007ff87c5f0000 - 0x00007ff87c61e000 	C:\Windows\SYSTEM32\Wldp.dll
0x00007ff87d990000 - 0x00007ff87da5d000 	C:\Windows\System32\OLEAUT32.dll
0x00007ff87ec40000 - 0x00007ff87eced000 	C:\Windows\System32\SHCORE.dll
0x00007ff87e3a0000 - 0x00007ff87e3f5000 	C:\Windows\System32\shlwapi.dll
0x00007ff87cca0000 - 0x00007ff87ccc4000 	C:\Windows\SYSTEM32\profapi.dll
0x00007ff857b50000 - 0x00007ff857b69000 	C:\Users\PMLS\.vscode\extensions\redhat.java-1.36.0-win32-x64\jre\17.0.13-win32-x86_64\bin\net.dll
0x00007ff8772e0000 - 0x00007ff8773ed000 	C:\Windows\SYSTEM32\WINHTTP.dll
0x00007ff87c3d0000 - 0x00007ff87c43a000 	C:\Windows\system32\mswsock.dll
0x00007ff857520000 - 0x00007ff857536000 	C:\Users\PMLS\.vscode\extensions\redhat.java-1.36.0-win32-x64\jre\17.0.13-win32-x86_64\bin\nio.dll
0x00007ff86f070000 - 0x00007ff86f07a000 	C:\Users\PMLS\.vscode\extensions\redhat.java-1.36.0-win32-x64\jre\17.0.13-win32-x86_64\bin\management.dll
0x00007ff85a440000 - 0x00007ff85a44b000 	C:\Users\PMLS\.vscode\extensions\redhat.java-1.36.0-win32-x64\jre\17.0.13-win32-x86_64\bin\management_ext.dll
0x00007ff87e070000 - 0x00007ff87e078000 	C:\Windows\System32\PSAPI.DLL
0x00007ff857bc0000 - 0x00007ff857bce000 	C:\Users\PMLS\.vscode\extensions\redhat.java-1.36.0-win32-x64\jre\17.0.13-win32-x86_64\bin\sunmscapi.dll
0x00007ff87cd70000 - 0x00007ff87cecc000 	C:\Windows\System32\CRYPT32.dll
0x00007ff87c7a0000 - 0x00007ff87c7c7000 	C:\Windows\SYSTEM32\ncrypt.dll
0x00007ff87c760000 - 0x00007ff87c79b000 	C:\Windows\SYSTEM32\NTASN1.dll
0x00007ff87c630000 - 0x00007ff87c648000 	C:\Windows\SYSTEM32\CRYPTSP.dll
0x00007ff87bd10000 - 0x00007ff87bd44000 	C:\Windows\system32\rsaenh.dll
0x00007ff87cc20000 - 0x00007ff87cc4e000 	C:\Windows\SYSTEM32\USERENV.dll
0x00007ff87c560000 - 0x00007ff87c56c000 	C:\Windows\SYSTEM32\CRYPTBASE.dll
0x00007ff87c0d0000 - 0x00007ff87c10b000 	C:\Windows\SYSTEM32\IPHLPAPI.DLL
0x00007ff87e400000 - 0x00007ff87e408000 	C:\Windows\System32\NSI.dll
0x00007ff8746c0000 - 0x00007ff8746d7000 	C:\Windows\SYSTEM32\dhcpcsvc6.DLL
0x00007ff8746a0000 - 0x00007ff8746bd000 	C:\Windows\SYSTEM32\dhcpcsvc.DLL
0x00007ff87c110000 - 0x00007ff87c1da000 	C:\Windows\SYSTEM32\DNSAPI.dll
0x00007ff86f090000 - 0x00007ff86f0a0000 	C:\Users\PMLS\.vscode\extensions\redhat.java-1.36.0-win32-x64\jre\17.0.13-win32-x86_64\bin\verify.dll
0x00007ff8740c0000 - 0x00007ff8740ca000 	C:\Windows\System32\rasadhlp.dll
0x00007ff872950000 - 0x00007ff8729d0000 	C:\Windows\System32\fwpuclnt.dll
0x00007ff854710000 - 0x00007ff854719000 	C:\Users\PMLS\.vscode\extensions\redhat.java-1.36.0-win32-x64\jre\17.0.13-win32-x86_64\bin\extnet.dll
0x00007ff858860000 - 0x00007ff858877000 	C:\Windows\system32\napinsp.dll
0x00007ff859dc0000 - 0x00007ff859ddb000 	C:\Windows\system32\pnrpnsp.dll
0x00007ff858af0000 - 0x00007ff858b05000 	C:\Windows\system32\wshbth.dll
0x00007ff8772c0000 - 0x00007ff8772dd000 	C:\Windows\system32\NLAapi.dll
0x00007ff8586d0000 - 0x00007ff8586e2000 	C:\Windows\System32\winrnr.dll
0x00007ff854540000 - 0x00007ff854547000 	C:\Windows\system32\wshunix.dll

dbghelp: loaded successfully - version: 4.0.5 - missing functions: none
symbol engine: initialized successfully - sym options: 0x614 - pdb path: .;C:\Users\PMLS\.vscode\extensions\redhat.java-1.36.0-win32-x64\jre\17.0.13-win32-x86_64\bin;C:\Windows\SYSTEM32;C:\Windows\WinSxS\amd64_microsoft.windows.common-controls_6595b64144ccf1df_6.0.19041.4355_none_60b8b9eb71f62e16;C:\Users\PMLS\.vscode\extensions\redhat.java-1.36.0-win32-x64\jre\17.0.13-win32-x86_64\bin\server

VM Arguments:
jvm_args: -XX:+ShowCodeDetailsInExceptionMessages 
java_command: com.bot.watsappbot.WatsappbotApplication
java_class_path (initial): C:\Users\PMLS\OneDrive - Dawood University of Engineering Technology\Desktop\backup1\watsappbot-main\watsappbot-main\target\classes;C:\Users\PMLS\.m2\repository\org\springframework\boot\spring-boot-starter-web\3.3.4\spring-boot-starter-web-3.3.4.jar;C:\Users\PMLS\.m2\repository\org\springframework\boot\spring-boot-starter\3.3.4\spring-boot-starter-3.3.4.jar;C:\Users\PMLS\.m2\repository\org\springframework\boot\spring-boot-starter-logging\3.3.4\spring-boot-starter-logging-3.3.4.jar;C:\Users\PMLS\.m2\repository\ch\qos\logback\logback-classic\1.5.8\logback-classic-1.5.8.jar;C:\Users\PMLS\.m2\repository\ch\qos\logback\logback-core\1.5.8\logback-core-1.5.8.jar;C:\Users\PMLS\.m2\repository\org\apache\logging\log4j\log4j-to-slf4j\2.23.1\log4j-to-slf4j-2.23.1.jar;C:\Users\PMLS\.m2\repository\org\apache\logging\log4j\log4j-api\2.23.1\log4j-api-2.23.1.jar;C:\Users\PMLS\.m2\repository\org\slf4j\jul-to-slf4j\2.0.16\jul-to-slf4j-2.0.16.jar;C:\Users\PMLS\.m2\repository\jakarta\annotation\jakarta.annotation-api\2.1.1\jakarta.annotation-api-2.1.1.jar;C:\Users\PMLS\.m2\repository\org\yaml\snakeyaml\2.2\snakeyaml-2.2.jar;C:\Users\PMLS\.m2\repository\org\springframework\boot\spring-boot-starter-json\3.3.4\spring-boot-starter-json-3.3.4.jar;C:\Users\PMLS\.m2\repository\com\fasterxml\jackson\datatype\jackson-datatype-jdk8\2.17.2\jackson-datatype-jdk8-2.17.2.jar;C:\Users\PMLS\.m2\repository\com\fasterxml\jackson\datatype\jackson-datatype-jsr310\2.17.2\jackson-datatype-jsr310-2.17.2.jar;C:\Users\PMLS\.m2\repository\com\fasterxml\jackson\module\jackson-module-parameter-names\2.17.2\jackson-module-parameter-names-2.17.2.jar;C:\Users\PMLS\.m2\repository\org\springframework\boot\spring-boot-starter-tomcat\3.3.4\spring-boot-starter-tomcat-3.3.4.jar;C:\Users\PMLS\.m2\repository\org\apache\tomcat\embed\tomcat-embed-core\10.1.30\tomcat-embed-core-10.1.30.jar;C:\Users\PMLS\.m2\repository\org\apache\tomcat\embed\tomcat-embed-websocket\10.1.30\tomcat-embed-websocket-10.1
Launcher Type: SUN_STANDARD

[Global flags]
     intx CICompilerCount                          = 4                                         {product} {ergonomic}
     uint ConcGCThreads                            = 3                                         {product} {ergonomic}
     uint G1ConcRefinementThreads                  = 10                                        {product} {ergonomic}
   size_t G1HeapRegionSize                         = 1048576                                   {product} {ergonomic}
    uintx GCDrainStackTargetSize                   = 64                                        {product} {ergonomic}
   size_t InitialHeapSize                          = 130023424                                 {product} {ergonomic}
   size_t MarkStackSize                            = 4194304                                   {product} {ergonomic}
   size_t MaxHeapSize                              = 2076180480                                {product} {ergonomic}
   size_t MaxNewSize                               = 1245708288                                {product} {ergonomic}
   size_t MinHeapDeltaBytes                        = 1048576                                   {product} {ergonomic}
   size_t MinHeapSize                              = 8388608                                   {product} {ergonomic}
    uintx NonNMethodCodeHeapSize                   = 5839372                                {pd product} {ergonomic}
    uintx NonProfiledCodeHeapSize                  = 122909434                              {pd product} {ergonomic}
    uintx ProfiledCodeHeapSize                     = 122909434                              {pd product} {ergonomic}
    uintx ReservedCodeCacheSize                    = 251658240                              {pd product} {ergonomic}
     bool SegmentedCodeCache                       = true                                      {product} {ergonomic}
     bool ShowCodeDetailsInExceptionMessages       = true                                   {manageable} {command line}
   size_t SoftMaxHeapSize                          = 2076180480                             {manageable} {ergonomic}
     bool UseCompressedClassPointers               = true                           {product lp64_product} {ergonomic}
     bool UseCompressedOops                        = true                           {product lp64_product} {ergonomic}
     bool UseG1GC                                  = true                                      {product} {ergonomic}
     bool UseLargePagesIndividualAllocation        = false                                  {pd product} {ergonomic}

Logging:
Log output configuration:
 #0: stdout all=warning uptime,level,tags
 #1: stderr all=off uptime,level,tags

Environment Variables:
JAVA_HOME=C:\Program Files\Java\jdk-18.0.2
CLASSPATH=C:\Users\PMLS\Desktop\projct\pak.jar
PATH=C:\app\PMYLS\product\21c\dbhomeXE\bin;C:\Program Files\Common Files\Oracle\Java\javapath;C:\Windows\system32;C:\Windows;C:\Windows\System32\Wbem;C:\Windows\System32\WindowsPowerShell\v1.0\;C:\Windows\System32\OpenSSH\;C:\Program Files\Git\cmd;C:\Program Files\nodejs\;C:\Program Files\MySQL\MySQL Server 8.0\bin;C:\msys64\ucrt64\bin;E:\data;C:\Program Files\Java\jdk-18.0.2\bin;C:\Users\PMLS\AppData\Local\Programs\Python\Python310;C:\Users\PMLS\Downloads\ngrok-v3-stable-windows-amd64;C:\Program Files\Docker\Docker\resources\bin;C:\Users\PMLS\AppData\Local\Programs\Python\Python310\Scripts\;C:\Users\PMLS\AppData\Local\Programs\Python\Python310\;C:\Program Files\MySQL\MySQL Shell 8.0\bin\;C:\Users\PMLS\AppData\Local\Microsoft\WindowsApps;C:\Users\PMLS\AppData\Local\Programs\Microsoft VS Code\bin;C:\Users\PMLS\AppData\Roaming\npm;C:\ngrok;
USERNAME=PMYLS
LANG=en_US.UTF-8
OS=Windows_NT
PROCESSOR_IDENTIFIER=Intel64 Family 6 Model 154 Stepping 4, GenuineIntel
TMP=C:\Users\PMLS\AppData\Local\Temp
TEMP=C:\Users\PMLS\AppData\Local\Temp



Periodic native trim disabled


---------------  S Y S T E M  ---------------

OS:
 Windows 10 , 64 bit Build 19041 (10.0.19041.5198)
OS uptime: 0 days 10:35 hours
Hyper-V role detected

CPU: total 12 (initial active 12) (6 cores per cpu, 2 threads per core) family 6 model 154 stepping 4 microcode 0x424, cx8, cmov, fxsr, ht, mmx, 3dnowpref, sse, sse2, sse3, ssse3, sse4.1, sse4.2, popcnt, lzcnt, tsc, tscinvbit, avx, avx2, aes, erms, clmul, bmi1, bmi2, adx, sha, fma, vzeroupper, clflush, clflushopt, clwb, hv
Processor Information for processor 0
  Max Mhz: 1300, Current Mhz: 1300, Mhz Limit: 1300
Processor Information for processor 1
  Max Mhz: 1300, Current Mhz: 1300, Mhz Limit: 1300
Processor Information for processor 2
  Max Mhz: 1300, Current Mhz: 1300, Mhz Limit: 1300
Processor Information for processor 3
  Max Mhz: 1300, Current Mhz: 1300, Mhz Limit: 1300
Processor Information for processor 4
  Max Mhz: 900, Current Mhz: 900, Mhz Limit: 900
Processor Information for processor 5
  Max Mhz: 900, Current Mhz: 900, Mhz Limit: 900
Processor Information for processor 6
  Max Mhz: 900, Current Mhz: 900, Mhz Limit: 900
Processor Information for processor 7
  Max Mhz: 900, Current Mhz: 900, Mhz Limit: 900
Processor Information for processor 8
  Max Mhz: 900, Current Mhz: 900, Mhz Limit: 900
Processor Information for processor 9
  Max Mhz: 900, Current Mhz: 900, Mhz Limit: 900
Processor Information for processor 10
  Max Mhz: 900, Current Mhz: 900, Mhz Limit: 900
Processor Information for processor 11
  Max Mhz: 900, Current Mhz: 900, Mhz Limit: 900

Memory: 4k page, system-wide physical 7916M (598M free)
TotalPageFile size 20533M (AvailPageFile size 16M)
current process WorkingSet (physical memory assigned to process): 334M, peak: 345M
current process commit charge ("private bytes"): 402M, peak: 462M

vm_info: OpenJDK 64-Bit Server VM (17.0.13+11) for windows-amd64 JRE (17.0.13+11), built on Oct 16 2024 00:10:08 by "admin" with MS VC++ 17.7 (VS2022)

END.
