#
# There is insufficient memory for the Java Runtime Environment to continue.
# Native memory allocation (malloc) failed to allocate 2023312 bytes. Error detail: Chunk::new
# Possible reasons:
#   The system is out of physical RAM or swap space
#   This process is running with CompressedOops enabled, and the Java Heap may be blocking the growth of the native heap
# Possible solutions:
#   Reduce memory load on the system
#   Increase physical memory or swap space
#   Check if swap backing store is full
#   Decrease Java heap size (-Xmx/-Xms)
#   Decrease number of Java threads
#   Decrease Java thread stack sizes (-Xss)
#   Set larger code cache with -XX:ReservedCodeCacheSize=
#   JVM is running with Unscaled Compressed Oops mode in which the Java heap is
#     placed in the first 4GB address space. The Java Heap base address is the
#     maximum limit for the native heap growth. Please use -XX:HeapBaseMinAddress
#     to set the Java Heap base and to place the Java Heap above 4GB virtual address.
# This output file may be truncated or incomplete.
#
#  Out of Memory Error (arena.cpp:191), pid=25740, tid=5944
#
# JRE version: OpenJDK Runtime Environment Temurin-17.0.13+11 (17.0.13+11) (build 17.0.13+11)
# Java VM: OpenJDK 64-Bit Server VM Temurin-17.0.13+11 (17.0.13+11, mixed mode, tiered, compressed oops, compressed class ptrs, g1 gc, windows-amd64)
# No core dump will be written. Minidumps are not enabled by default on client versions of Windows
#

---------------  S U M M A R Y ------------

Command Line: -agentlib:jdwp=transport=dt_socket,server=n,suspend=y,address=localhost:62721 -XX:+ShowCodeDetailsInExceptionMessages com.bot.watsappbot.WatsappbotApplication

Host: 12th Gen Intel(R) Core(TM) i5-1235U, 12 cores, 7G,  Windows 10 , 64 bit Build 19041 (10.0.19041.5198)
Time: Sun Dec 15 22:19:46 2024 Pakistan Standard Time elapsed time: 113.388862 seconds (0d 0h 1m 53s)

---------------  T H R E A D  ---------------

Current thread (0x000001b419ebb030):  JavaThread "C2 CompilerThread2" daemon [_thread_in_native, id=5944, stack(0x0000001100500000,0x0000001100600000)]


Current CompileTask:
C2: 113388 6747       4       org.springframework.transaction.annotation.AnnotationTransactionAttributeSource::determineTransactionAttribute (51 bytes)

Stack: [0x0000001100500000,0x0000001100600000]
Native frames: (J=compiled Java code, j=interpreted, Vv=VM code, C=native code)
V  [jvm.dll+0x682a19]
V  [jvm.dll+0x839538]
V  [jvm.dll+0x83afe3]
V  [jvm.dll+0x83b653]
V  [jvm.dll+0x24704f]
V  [jvm.dll+0xace34]
V  [jvm.dll+0xad4cc]
V  [jvm.dll+0x36597e]
V  [jvm.dll+0x1ba793]
V  [jvm.dll+0x2181a7]
V  [jvm.dll+0x21748f]
V  [jvm.dll+0x1a3070]
V  [jvm.dll+0x22788c]
V  [jvm.dll+0x2259eb]
V  [jvm.dll+0x7eec98]
V  [jvm.dll+0x7e8ffc]
V  [jvm.dll+0x6818f7]
C  [ucrtbase.dll+0x21bb2]
C  [KERNEL32.DLL+0x17374]
C  [ntdll.dll+0x4cc91]


---------------  P R O C E S S  ---------------

Threads class SMR info:
_java_thread_list=0x000001b41ba263f0, length=39, elements={
0x000001b413883770, 0x000001b413885400, 0x000001b4138b7e50, 0x000001b4138b8810,
0x000001b4138b91d0, 0x000001b4138b9b90, 0x000001b4138ba930, 0x000001b4138bb3e0,
0x000001b4138d0240, 0x000001b413a7d730, 0x000001b413a84940, 0x000001b413a85e50,
0x000001b413a88850, 0x000001b413a8afe0, 0x000001b418d03020, 0x000001b418d04460,
0x000001b41a40ebf0, 0x000001b4189664a0, 0x000001b41f45a850, 0x000001b419ebb030,
0x000001b418968d20, 0x000001b4189678e0, 0x000001b41896c4d0, 0x000001b4189669b0,
0x000001b4189673d0, 0x000001b41896b5a0, 0x000001b418965060, 0x000001b418969c50,
0x000001b418968300, 0x000001b418968810, 0x000001b418969740, 0x000001b418965570,
0x000001b418965f90, 0x000001b41896a670, 0x000001b41896ab80, 0x000001b41896c9e0,
0x000001b418965a80, 0x000001b41a40cd90, 0x000001b41a40e6e0
}

Java Threads: ( => current thread )
  0x000001b413883770 JavaThread "Reference Handler" daemon [_thread_blocked, id=29264, stack(0x000000117ed00000,0x000000117ee00000)]
  0x000001b413885400 JavaThread "Finalizer" daemon [_thread_blocked, id=15164, stack(0x000000117ee00000,0x000000117ef00000)]
  0x000001b4138b7e50 JavaThread "Signal Dispatcher" daemon [_thread_blocked, id=28004, stack(0x000000117ef00000,0x000000117f000000)]
  0x000001b4138b8810 JavaThread "Attach Listener" daemon [_thread_blocked, id=28668, stack(0x000000117f000000,0x000000117f100000)]
  0x000001b4138b91d0 JavaThread "Service Thread" daemon [_thread_blocked, id=10628, stack(0x000000117f100000,0x000000117f200000)]
  0x000001b4138b9b90 JavaThread "Monitor Deflation Thread" daemon [_thread_blocked, id=15836, stack(0x000000117f200000,0x000000117f300000)]
  0x000001b4138ba930 JavaThread "C2 CompilerThread0" daemon [_thread_in_native, id=28552, stack(0x000000117f300000,0x000000117f400000)]
  0x000001b4138bb3e0 JavaThread "C1 CompilerThread0" daemon [_thread_blocked, id=18236, stack(0x000000117f400000,0x000000117f500000)]
  0x000001b4138d0240 JavaThread "Sweeper thread" daemon [_thread_blocked, id=28180, stack(0x000000117f500000,0x000000117f600000)]
  0x000001b413a7d730 JavaThread "JDWP Transport Listener: dt_socket" daemon [_thread_blocked, id=29368, stack(0x000000117f600000,0x000000117f700000)]
  0x000001b413a84940 JavaThread "JDWP Event Helper Thread" daemon [_thread_blocked, id=27820, stack(0x000000117f700000,0x000000117f800000)]
  0x000001b413a85e50 JavaThread "JDWP Command Reader" daemon [_thread_in_native, id=26020, stack(0x000000117f800000,0x000000117f900000)]
  0x000001b413a88850 JavaThread "Notification Thread" daemon [_thread_blocked, id=27728, stack(0x000000117f900000,0x000000117fa00000)]
  0x000001b413a8afe0 JavaThread "Common-Cleaner" daemon [_thread_blocked, id=29256, stack(0x000000117fb00000,0x000000117fc00000)]
  0x000001b418d03020 JavaThread "oracle.jdbc.driver.BlockSource.ThreadedCachingBlockSource.BlockReleaser" daemon [_thread_blocked, id=3204, stack(0x0000001100d00000,0x0000001100e00000)]
  0x000001b418d04460 JavaThread "InterruptTimer" daemon [_thread_blocked, id=7676, stack(0x0000001100e00000,0x0000001100f00000)]
  0x000001b41a40ebf0 JavaThread "Live Reload Server" daemon [_thread_in_native, id=29276, stack(0x0000001101500000,0x0000001101600000)]
  0x000001b4189664a0 JavaThread "DestroyJavaVM" [_thread_blocked, id=27140, stack(0x000000117e600000,0x000000117e700000)]
  0x000001b41f45a850 JavaThread "C2 CompilerThread1" daemon [_thread_in_native, id=27092, stack(0x0000001101300000,0x0000001101400000)]
=>0x000001b419ebb030 JavaThread "C2 CompilerThread2" daemon [_thread_in_native, id=5944, stack(0x0000001100500000,0x0000001100600000)]
  0x000001b418968d20 JavaThread "Catalina-utility-1" [_thread_blocked, id=7944, stack(0x0000001100c00000,0x0000001100d00000)]
  0x000001b4189678e0 JavaThread "Catalina-utility-2" [_thread_blocked, id=22480, stack(0x0000001101000000,0x0000001101100000)]
  0x000001b41896c4d0 JavaThread "container-0" [_thread_blocked, id=26984, stack(0x0000001101400000,0x0000001101500000)]
  0x000001b4189669b0 JavaThread "OJDBC-WORKER-THREAD-2" daemon [_thread_blocked, id=28860, stack(0x0000001101600000,0x0000001101700000)]
  0x000001b4189673d0 JavaThread "HikariPool-2 housekeeper" daemon [_thread_blocked, id=29536, stack(0x0000001101800000,0x0000001101900000)]
  0x000001b41896b5a0 JavaThread "HikariPool-2 connection adder" daemon [_thread_blocked, id=28904, stack(0x0000001101700000,0x0000001101800000)]
  0x000001b418965060 JavaThread "File Watcher" daemon [_thread_blocked, id=16596, stack(0x0000001101900000,0x0000001101a00000)]
  0x000001b418969c50 JavaThread "http-nio-8080-exec-1" daemon [_thread_blocked, id=25856, stack(0x0000001101a00000,0x0000001101b00000)]
  0x000001b418968300 JavaThread "http-nio-8080-exec-2" daemon [_thread_blocked, id=27816, stack(0x0000001101b00000,0x0000001101c00000)]
  0x000001b418968810 JavaThread "http-nio-8080-exec-3" daemon [_thread_blocked, id=27416, stack(0x0000001101c00000,0x0000001101d00000)]
  0x000001b418969740 JavaThread "http-nio-8080-exec-4" daemon [_thread_blocked, id=27588, stack(0x0000001101d00000,0x0000001101e00000)]
  0x000001b418965570 JavaThread "http-nio-8080-exec-5" daemon [_thread_blocked, id=27740, stack(0x0000001101e00000,0x0000001101f00000)]
  0x000001b418965f90 JavaThread "http-nio-8080-exec-6" daemon [_thread_blocked, id=4964, stack(0x0000001101f00000,0x0000001102000000)]
  0x000001b41896a670 JavaThread "http-nio-8080-exec-7" daemon [_thread_blocked, id=28256, stack(0x0000001102000000,0x0000001102100000)]
  0x000001b41896ab80 JavaThread "http-nio-8080-exec-8" daemon [_thread_blocked, id=22688, stack(0x0000001102200000,0x0000001102300000)]
  0x000001b41896c9e0 JavaThread "http-nio-8080-exec-9" daemon [_thread_blocked, id=26828, stack(0x0000001102300000,0x0000001102400000)]
  0x000001b418965a80 JavaThread "http-nio-8080-exec-10" daemon [_thread_blocked, id=14584, stack(0x0000001102400000,0x0000001102500000)]
  0x000001b41a40cd90 JavaThread "http-nio-8080-Poller" daemon [_thread_in_native, id=19932, stack(0x0000001102500000,0x0000001102600000)]
  0x000001b41a40e6e0 JavaThread "http-nio-8080-Acceptor" daemon [_thread_in_native, id=25400, stack(0x0000001102600000,0x0000001102700000)]

Other Threads:
  0x000001b41352eb70 VMThread "VM Thread" [stack: 0x000000117ec00000,0x000000117ed00000] [id=20376]
  0x000001b413a88d30 WatcherThread [stack: 0x000000117fa00000,0x000000117fb00000] [id=28644]
  0x000001b479fd89d0 GCTaskThread "GC Thread#0" [stack: 0x000000117e700000,0x000000117e800000] [id=27668]
  0x000001b418eb9b90 GCTaskThread "GC Thread#1" [stack: 0x000000117ff00000,0x0000001180000000] [id=28604]
  0x000001b418e12340 GCTaskThread "GC Thread#2" [stack: 0x0000001100000000,0x0000001100100000] [id=2556]
  0x000001b418e12600 GCTaskThread "GC Thread#3" [stack: 0x0000001100100000,0x0000001100200000] [id=28564]
  0x000001b418e128c0 GCTaskThread "GC Thread#4" [stack: 0x0000001100200000,0x0000001100300000] [id=2912]
  0x000001b418e13390 GCTaskThread "GC Thread#5" [stack: 0x0000001100300000,0x0000001100400000] [id=14404]
  0x000001b418dd5950 GCTaskThread "GC Thread#6" [stack: 0x0000001100400000,0x0000001100500000] [id=28972]
  0x000001b419039860 GCTaskThread "GC Thread#7" [stack: 0x0000001100600000,0x0000001100700000] [id=26600]
  0x000001b418fcb030 GCTaskThread "GC Thread#8" [stack: 0x0000001100700000,0x0000001100800000] [id=28572]
  0x000001b4193467a0 GCTaskThread "GC Thread#9" [stack: 0x0000001100800000,0x0000001100900000] [id=26008]
  0x000001b479fe9fb0 ConcurrentGCThread "G1 Main Marker" [stack: 0x000000117e800000,0x000000117e900000] [id=15316]
  0x000001b479fea8d0 ConcurrentGCThread "G1 Conc#0" [stack: 0x000000117e900000,0x000000117ea00000] [id=8740]
  0x000001b4194c8aa0 ConcurrentGCThread "G1 Conc#1" [stack: 0x0000001100900000,0x0000001100a00000] [id=27188]
  0x000001b4194a02b0 ConcurrentGCThread "G1 Conc#2" [stack: 0x0000001100a00000,0x0000001100b00000] [id=14832]
  0x000001b47a02c150 ConcurrentGCThread "G1 Refine#0" [stack: 0x000000117ea00000,0x000000117eb00000] [id=29340]
  0x000001b47a02ca80 ConcurrentGCThread "G1 Service" [stack: 0x000000117eb00000,0x000000117ec00000] [id=27568]

Threads with active compile tasks:
C2 CompilerThread0   113417 6664   !   4       org.springframework.core.annotation.AnnotationsScanner::processClassHierarchy (234 bytes)
C2 CompilerThread1   113418 6191       4       org.springframework.boot.context.properties.source.ConfigurationPropertyName::isAncestorOf (25 bytes)
C2 CompilerThread2   113418 6747       4       org.springframework.transaction.annotation.AnnotationTransactionAttributeSource::determineTransactionAttribute (51 bytes)

VM state: not at safepoint (normal execution)

VM Mutex/Monitor currently owned by a thread: None

Heap address: 0x0000000084400000, size: 1980 MB, Compressed Oops mode: 32-bit

CDS archive(s) not mapped
Compressed class space mapped at: 0x0000000100000000-0x0000000140000000, reserved size: 1073741824
Narrow klass base: 0x0000000000000000, Narrow klass shift: 3, Narrow klass range: 0x140000000

GC Precious Log:
 CPUs: 12 total, 12 available
 Memory: 7916M
 Large Page Support: Disabled
 NUMA Support: Disabled
 Compressed Oops: Enabled (32-bit)
 Heap Region Size: 1M
 Heap Min Capacity: 8M
 Heap Initial Capacity: 124M
 Heap Max Capacity: 1980M
 Pre-touch: Disabled
 Parallel Workers: 10
 Concurrent Workers: 3
 Concurrent Refinement Workers: 10
 Periodic GC: Disabled

Heap:
 garbage-first heap   total 60416K, used 32585K [0x0000000084400000, 0x0000000100000000)
  region size 1024K, 3 young (3072K), 1 survivors (1024K)
 Metaspace       used 81036K, committed 81600K, reserved 1179648K
  class space    used 10747K, committed 11008K, reserved 1048576K

Heap Regions: E=young(eden), S=young(survivor), O=old, HS=humongous(starts), HC=humongous(continues), CS=collection set, F=free, OA=open archive, CA=closed archive, TAMS=top-at-mark-start (previous, next)
|   0|0x0000000084400000, 0x0000000084500000, 0x0000000084500000|100%|HS|  |TAMS 0x0000000084500000, 0x0000000084400000| Complete 
|   1|0x0000000084500000, 0x0000000084600000, 0x0000000084600000|100%| O|  |TAMS 0x0000000084600000, 0x0000000084500000| Untracked 
|   2|0x0000000084600000, 0x0000000084700000, 0x0000000084700000|100%| O|  |TAMS 0x0000000084700000, 0x0000000084600000| Untracked 
|   3|0x0000000084700000, 0x00000000847fffe0, 0x0000000084800000| 99%| O|  |TAMS 0x00000000847fffe0, 0x0000000084700000| Untracked 
|   4|0x0000000084800000, 0x00000000848ffff0, 0x0000000084900000| 99%| O|  |TAMS 0x00000000848ffff0, 0x0000000084800000| Untracked 
|   5|0x0000000084900000, 0x0000000084a00000, 0x0000000084a00000|100%| O|  |TAMS 0x0000000084a00000, 0x0000000084900000| Untracked 
|   6|0x0000000084a00000, 0x0000000084afffa8, 0x0000000084b00000| 99%| O|  |TAMS 0x0000000084afffa8, 0x0000000084a00000| Untracked 
|   7|0x0000000084b00000, 0x0000000084bfffc8, 0x0000000084c00000| 99%| O|  |TAMS 0x0000000084bfffc8, 0x0000000084b00000| Untracked 
|   8|0x0000000084c00000, 0x0000000084cffff8, 0x0000000084d00000| 99%| O|  |TAMS 0x0000000084cffff8, 0x0000000084c00000| Untracked 
|   9|0x0000000084d00000, 0x0000000084dffff8, 0x0000000084e00000| 99%| O|  |TAMS 0x0000000084dffff8, 0x0000000084d00000| Untracked 
|  10|0x0000000084e00000, 0x0000000084effff8, 0x0000000084f00000| 99%| O|  |TAMS 0x0000000084effff8, 0x0000000084e00000| Untracked 
|  11|0x0000000084f00000, 0x0000000084ffffd8, 0x0000000085000000| 99%| O|  |TAMS 0x0000000084ffffd8, 0x0000000084f00000| Untracked 
|  12|0x0000000085000000, 0x00000000850ffff0, 0x0000000085100000| 99%| O|  |TAMS 0x00000000850ffff0, 0x0000000085000000| Untracked 
|  13|0x0000000085100000, 0x0000000085200000, 0x0000000085200000|100%| O|  |TAMS 0x0000000085200000, 0x0000000085100000| Untracked 
|  14|0x0000000085200000, 0x00000000852ffff8, 0x0000000085300000| 99%| O|  |TAMS 0x00000000852ffff8, 0x0000000085200000| Untracked 
|  15|0x0000000085300000, 0x00000000853fffd8, 0x0000000085400000| 99%| O|  |TAMS 0x00000000853fffd8, 0x0000000085300000| Untracked 
|  16|0x0000000085400000, 0x00000000854fffe8, 0x0000000085500000| 99%| O|  |TAMS 0x00000000854fffe8, 0x0000000085400000| Untracked 
|  17|0x0000000085500000, 0x00000000855ffff0, 0x0000000085600000| 99%| O|  |TAMS 0x00000000855ffff0, 0x0000000085500000| Untracked 
|  18|0x0000000085600000, 0x00000000856f9568, 0x0000000085700000| 97%| O|  |TAMS 0x00000000856f9568, 0x0000000085600000| Untracked 
|  19|0x0000000085700000, 0x00000000857fffc0, 0x0000000085800000| 99%| O|  |TAMS 0x00000000857fffc0, 0x0000000085700000| Untracked 
|  20|0x0000000085800000, 0x00000000858ffff0, 0x0000000085900000| 99%| O|  |TAMS 0x00000000858ffff0, 0x0000000085800000| Untracked 
|  21|0x0000000085900000, 0x00000000859fffe0, 0x0000000085a00000| 99%| O|  |TAMS 0x00000000859fffe0, 0x0000000085900000| Untracked 
|  22|0x0000000085a00000, 0x0000000085affdb0, 0x0000000085b00000| 99%| O|  |TAMS 0x0000000085affdb0, 0x0000000085a00000| Untracked 
|  23|0x0000000085b00000, 0x0000000085ba5f78, 0x0000000085c00000| 64%| O|  |TAMS 0x0000000085ba5f78, 0x0000000085b00000| Untracked 
|  24|0x0000000085c00000, 0x0000000085c0f670, 0x0000000085d00000|  6%| O|  |TAMS 0x0000000085c0f670, 0x0000000085c00000| Complete 
|  25|0x0000000085d00000, 0x0000000085df9bf0, 0x0000000085e00000| 97%| O|  |TAMS 0x0000000085df9bf0, 0x0000000085d00000| Untracked 
|  26|0x0000000085e00000, 0x0000000085e1bd38, 0x0000000085f00000| 10%| O|  |TAMS 0x0000000085e1bd38, 0x0000000085e00000| Complete 
|  27|0x0000000085f00000, 0x0000000086000000, 0x0000000086000000|100%| O|  |TAMS 0x0000000086000000, 0x0000000085f00000| Untracked 
|  28|0x0000000086000000, 0x0000000086100000, 0x0000000086100000|100%| O|  |TAMS 0x0000000086100000, 0x0000000086000000| Untracked 
|  29|0x0000000086100000, 0x0000000086200000, 0x0000000086200000|100%| O|  |TAMS 0x0000000086200000, 0x0000000086100000| Untracked 
|  30|0x0000000086200000, 0x0000000086300000, 0x0000000086300000|100%| O|  |TAMS 0x00000000862ac600, 0x0000000086200000| Untracked 
|  31|0x0000000086300000, 0x0000000086400000, 0x0000000086400000|100%| O|  |TAMS 0x0000000086300000, 0x0000000086300000| Untracked 
|  32|0x0000000086400000, 0x000000008641fa00, 0x0000000086500000| 12%| O|  |TAMS 0x0000000086400000, 0x0000000086400000| Untracked 
|  33|0x0000000086500000, 0x0000000086500000, 0x0000000086600000|  0%| F|  |TAMS 0x0000000086500000, 0x0000000086500000| Untracked 
|  34|0x0000000086600000, 0x0000000086600000, 0x0000000086700000|  0%| F|  |TAMS 0x0000000086600000, 0x0000000086600000| Untracked 
|  35|0x0000000086700000, 0x0000000086700000, 0x0000000086800000|  0%| F|  |TAMS 0x0000000086700000, 0x0000000086700000| Untracked 
|  36|0x0000000086800000, 0x0000000086800000, 0x0000000086900000|  0%| F|  |TAMS 0x0000000086800000, 0x0000000086800000| Untracked 
|  37|0x0000000086900000, 0x0000000086900000, 0x0000000086a00000|  0%| F|  |TAMS 0x0000000086900000, 0x0000000086900000| Untracked 
|  38|0x0000000086a00000, 0x0000000086a00000, 0x0000000086b00000|  0%| F|  |TAMS 0x0000000086a00000, 0x0000000086a00000| Untracked 
|  39|0x0000000086b00000, 0x0000000086b00000, 0x0000000086c00000|  0%| F|  |TAMS 0x0000000086b00000, 0x0000000086b00000| Untracked 
|  40|0x0000000086c00000, 0x0000000086c00000, 0x0000000086d00000|  0%| F|  |TAMS 0x0000000086c00000, 0x0000000086c00000| Untracked 
|  41|0x0000000086d00000, 0x0000000086d00000, 0x0000000086e00000|  0%| F|  |TAMS 0x0000000086d00000, 0x0000000086d00000| Untracked 
|  42|0x0000000086e00000, 0x0000000086e00000, 0x0000000086f00000|  0%| F|  |TAMS 0x0000000086e00000, 0x0000000086e00000| Untracked 
|  43|0x0000000086f00000, 0x0000000086feed30, 0x0000000087000000| 93%| S|CS|TAMS 0x0000000086f00000, 0x0000000086f00000| Complete 
|  44|0x0000000087000000, 0x0000000087000000, 0x0000000087100000|  0%| F|  |TAMS 0x0000000087000000, 0x0000000087000000| Untracked 
|  45|0x0000000087100000, 0x0000000087100000, 0x0000000087200000|  0%| F|  |TAMS 0x0000000087100000, 0x0000000087100000| Untracked 
|  46|0x0000000087200000, 0x0000000087200000, 0x0000000087300000|  0%| F|  |TAMS 0x0000000087200000, 0x0000000087200000| Untracked 
|  47|0x0000000087300000, 0x0000000087300000, 0x0000000087400000|  0%| F|  |TAMS 0x0000000087300000, 0x0000000087300000| Untracked 
|  48|0x0000000087400000, 0x0000000087400000, 0x0000000087500000|  0%| F|  |TAMS 0x0000000087400000, 0x0000000087400000| Untracked 
|  49|0x0000000087500000, 0x0000000087500000, 0x0000000087600000|  0%| F|  |TAMS 0x0000000087500000, 0x0000000087500000| Untracked 
|  50|0x0000000087600000, 0x0000000087600000, 0x0000000087700000|  0%| F|  |TAMS 0x0000000087600000, 0x0000000087600000| Untracked 
|  51|0x0000000087700000, 0x0000000087700000, 0x0000000087800000|  0%| F|  |TAMS 0x0000000087700000, 0x0000000087700000| Untracked 
|  52|0x0000000087800000, 0x0000000087800000, 0x0000000087900000|  0%| F|  |TAMS 0x0000000087800000, 0x0000000087800000| Untracked 
|  53|0x0000000087900000, 0x0000000087900000, 0x0000000087a00000|  0%| F|  |TAMS 0x0000000087900000, 0x0000000087900000| Untracked 
|  54|0x0000000087a00000, 0x0000000087a00000, 0x0000000087b00000|  0%| F|  |TAMS 0x0000000087a00000, 0x0000000087a00000| Untracked 
| 113|0x000000008b500000, 0x000000008b500000, 0x000000008b600000|  0%| F|  |TAMS 0x000000008b500000, 0x000000008b500000| Untracked 
| 114|0x000000008b600000, 0x000000008b600000, 0x000000008b700000|  0%| F|  |TAMS 0x000000008b600000, 0x000000008b600000| Untracked 
| 115|0x000000008b700000, 0x000000008b71a198, 0x000000008b800000| 10%| E|  |TAMS 0x000000008b700000, 0x000000008b700000| Complete 
| 123|0x000000008bf00000, 0x000000008c000000, 0x000000008c000000|100%| E|CS|TAMS 0x000000008bf00000, 0x000000008bf00000| Complete 

Card table byte_map: [0x000001b47d540000,0x000001b47d920000] _byte_map_base: 0x000001b47d11e000

Marking Bits (Prev, Next): (CMBitMap*) 0x000001b479fd9f40, (CMBitMap*) 0x000001b479fd9f00
 Prev Bits: [0x000001b40f000000, 0x000001b410ef0000)
 Next Bits: [0x000001b47dd00000, 0x000001b47fbf0000)

Polling page: 0x000001b477f70000

Metaspace:

Usage:
  Non-class:     68.64 MB used.
      Class:     10.50 MB used.
       Both:     79.14 MB used.

Virtual space:
  Non-class space:      128.00 MB reserved,      68.94 MB ( 54%) committed,  2 nodes.
      Class space:        1.00 GB reserved,      10.75 MB (  1%) committed,  1 nodes.
             Both:        1.12 GB reserved,      79.69 MB (  7%) committed. 

Chunk freelists:
   Non-Class:  11.11 MB
       Class:  5.13 MB
        Both:  16.24 MB

MaxMetaspaceSize: unlimited
CompressedClassSpaceSize: 1.00 GB
Initial GC threshold: 21.00 MB
Current GC threshold: 132.81 MB
CDS: off
MetaspaceReclaimPolicy: balanced
 - commit_granule_bytes: 65536.
 - commit_granule_words: 8192.
 - virtual_space_node_default_size: 8388608.
 - enlarge_chunks_in_place: 1.
 - new_chunks_are_fully_committed: 0.
 - uncommit_free_chunks: 1.
 - use_allocation_guard: 0.
 - handle_deallocations: 1.


Internal statistics:

num_allocs_failed_limit: 11.
num_arena_births: 816.
num_arena_deaths: 2.
num_vsnodes_births: 3.
num_vsnodes_deaths: 0.
num_space_committed: 1275.
num_space_uncommitted: 0.
num_chunks_returned_to_freelist: 13.
num_chunks_taken_from_freelist: 3497.
num_chunk_merges: 6.
num_chunk_splits: 2524.
num_chunks_enlarged: 2003.
num_inconsistent_stats: 0.

CodeHeap 'non-profiled nmethods': size=120000Kb used=5015Kb max_used=5015Kb free=114985Kb
 bounds [0x000001b407ad0000, 0x000001b407fc0000, 0x000001b40f000000]
CodeHeap 'profiled nmethods': size=120000Kb used=12028Kb max_used=12028Kb free=107971Kb
 bounds [0x000001b400000000, 0x000001b400bc0000, 0x000001b407530000]
CodeHeap 'non-nmethods': size=5760Kb used=1444Kb max_used=1527Kb free=4315Kb
 bounds [0x000001b407530000, 0x000001b4077a0000, 0x000001b407ad0000]
 total_blobs=6871 nmethods=6151 adapters=632
 compilation: enabled
              stopped_count=0, restarted_count=0
 full_count=0

Compilation events (20 events):
Event: 113.288 Thread 0x000001b4138bb3e0 6911   !   2       sun.nio.ch.IOUtil::read (133 bytes)
Event: 113.289 Thread 0x000001b4138bb3e0 nmethod 6911 0x000001b400bb4890 code [0x000001b400bb4ac0, 0x000001b400bb4f88]
Event: 113.289 Thread 0x000001b4138bb3e0 6912   !   2       sun.nio.ch.IOUtil::readIntoNativeBuffer (173 bytes)
Event: 113.291 Thread 0x000001b4138bb3e0 nmethod 6912 0x000001b400bb5290 code [0x000001b400bb54e0, 0x000001b400bb5ad8]
Event: 113.302 Thread 0x000001b4138bb3e0 6913 %     3       oracle.sql.CharacterSet::convertAL32UTF8BytesToJavaChars @ 131 (592 bytes)
Event: 113.307 Thread 0x000001b4138bb3e0 nmethod 6913% 0x000001b400bb5f10 code [0x000001b400bb62a0, 0x000001b400bb8678]
Event: 113.307 Thread 0x000001b4138bb3e0 6914   !   3       java.util.regex.Pattern::matcher (44 bytes)
Event: 113.308 Thread 0x000001b4138bb3e0 nmethod 6914 0x000001b400bb9a10 code [0x000001b400bb9be0, 0x000001b400bb9f58]
Event: 113.335 Thread 0x000001b4138bb3e0 6915       2       oracle.jdbc.internal.OpaqueString::newOpaqueString (30 bytes)
Event: 113.336 Thread 0x000001b4138bb3e0 nmethod 6915 0x000001b400bba090 code [0x000001b400bba240, 0x000001b400bba458]
Event: 113.336 Thread 0x000001b4138bb3e0 6916       2       java.util.regex.Pattern::createGroup (86 bytes)
Event: 113.337 Thread 0x000001b4138bb3e0 nmethod 6916 0x000001b400bba510 code [0x000001b400bba6e0, 0x000001b400bbab78]
Event: 113.337 Thread 0x000001b4138bb3e0 6917       2       java.util.regex.Pattern::accept (43 bytes)
Event: 113.337 Thread 0x000001b4138bb3e0 nmethod 6917 0x000001b400bbad10 code [0x000001b400bbaec0, 0x000001b400bbb0b8]
Event: 113.337 Thread 0x000001b4138bb3e0 6918       2       java.util.ResourceBundle$CacheKey::getModule (11 bytes)
Event: 113.338 Thread 0x000001b4138bb3e0 nmethod 6918 0x000001b400bbb210 code [0x000001b400bbb3a0, 0x000001b400bbb4f8]
Event: 113.338 Thread 0x000001b4138bb3e0 6919       2       java.util.concurrent.atomic.AtomicLong::compareAndSet (13 bytes)
Event: 113.338 Thread 0x000001b4138bb3e0 nmethod 6919 0x000001b400bbb610 code [0x000001b400bbb7a0, 0x000001b400bbb8b8]
Event: 113.341 Thread 0x000001b4138bb3e0 6920       2       java.nio.ByteBuffer::allocate (20 bytes)
Event: 113.342 Thread 0x000001b4138bb3e0 nmethod 6920 0x000001b400bbb990 code [0x000001b400bbbb40, 0x000001b400bbbd18]

GC Heap History (20 events):
Event: 8.856 GC heap before
{Heap before GC invocations=22 (full 0):
 garbage-first heap   total 47104K, used 37690K [0x0000000084400000, 0x0000000100000000)
  region size 1024K, 14 young (14336K), 1 survivors (1024K)
 Metaspace       used 69663K, committed 70208K, reserved 1114112K
  class space    used 9346K, committed 9600K, reserved 1048576K
}
Event: 8.859 GC heap after
{Heap after GC invocations=23 (full 0):
 garbage-first heap   total 57344K, used 25887K [0x0000000084400000, 0x0000000100000000)
  region size 1024K, 2 young (2048K), 2 survivors (2048K)
 Metaspace       used 69663K, committed 70208K, reserved 1114112K
  class space    used 9346K, committed 9600K, reserved 1048576K
}
Event: 9.516 GC heap before
{Heap before GC invocations=23 (full 0):
 garbage-first heap   total 57344K, used 45343K [0x0000000084400000, 0x0000000100000000)
  region size 1024K, 22 young (22528K), 2 survivors (2048K)
 Metaspace       used 73423K, committed 73984K, reserved 1114112K
  class space    used 9825K, committed 10112K, reserved 1048576K
}
Event: 9.519 GC heap after
{Heap after GC invocations=24 (full 0):
 garbage-first heap   total 57344K, used 27745K [0x0000000084400000, 0x0000000100000000)
  region size 1024K, 3 young (3072K), 3 survivors (3072K)
 Metaspace       used 73423K, committed 73984K, reserved 1114112K
  class space    used 9825K, committed 10112K, reserved 1048576K
}
Event: 10.021 GC heap before
{Heap before GC invocations=24 (full 0):
 garbage-first heap   total 57344K, used 46177K [0x0000000084400000, 0x0000000100000000)
  region size 1024K, 21 young (21504K), 3 survivors (3072K)
 Metaspace       used 75443K, committed 75968K, reserved 1179648K
  class space    used 10105K, committed 10368K, reserved 1048576K
}
Event: 10.025 GC heap after
{Heap after GC invocations=25 (full 0):
 garbage-first heap   total 57344K, used 30221K [0x0000000084400000, 0x0000000100000000)
  region size 1024K, 3 young (3072K), 3 survivors (3072K)
 Metaspace       used 75443K, committed 75968K, reserved 1179648K
  class space    used 10105K, committed 10368K, reserved 1048576K
}
Event: 15.993 GC heap before
{Heap before GC invocations=25 (full 0):
 garbage-first heap   total 57344K, used 45581K [0x0000000084400000, 0x0000000100000000)
  region size 1024K, 18 young (18432K), 3 survivors (3072K)
 Metaspace       used 77814K, committed 78336K, reserved 1179648K
  class space    used 10409K, committed 10624K, reserved 1048576K
}
Event: 16.006 GC heap after
{Heap after GC invocations=26 (full 0):
 garbage-first heap   total 57344K, used 31525K [0x0000000084400000, 0x0000000100000000)
  region size 1024K, 2 young (2048K), 2 survivors (2048K)
 Metaspace       used 77814K, committed 78336K, reserved 1179648K
  class space    used 10409K, committed 10624K, reserved 1048576K
}
Event: 111.463 GC heap before
{Heap before GC invocations=27 (full 0):
 garbage-first heap   total 57344K, used 44837K [0x0000000084400000, 0x0000000100000000)
  region size 1024K, 16 young (16384K), 2 survivors (2048K)
 Metaspace       used 79861K, committed 80384K, reserved 1179648K
  class space    used 10697K, committed 10944K, reserved 1048576K
}
Event: 111.521 GC heap after
{Heap after GC invocations=28 (full 1):
 garbage-first heap   total 57344K, used 25360K [0x0000000084400000, 0x0000000100000000)
  region size 1024K, 0 young (0K), 0 survivors (0K)
 Metaspace       used 79861K, committed 80384K, reserved 1179648K
  class space    used 10697K, committed 10944K, reserved 1048576K
}
Event: 111.977 GC heap before
{Heap before GC invocations=28 (full 1):
 garbage-first heap   total 57344K, used 43792K [0x0000000084400000, 0x0000000100000000)
  region size 1024K, 18 young (18432K), 0 survivors (0K)
 Metaspace       used 80030K, committed 80704K, reserved 1179648K
  class space    used 10704K, committed 11008K, reserved 1048576K
}
Event: 111.980 GC heap after
{Heap after GC invocations=29 (full 1):
 garbage-first heap   total 57344K, used 27205K [0x0000000084400000, 0x0000000100000000)
  region size 1024K, 2 young (2048K), 2 survivors (2048K)
 Metaspace       used 80030K, committed 80704K, reserved 1179648K
  class space    used 10704K, committed 11008K, reserved 1048576K
}
Event: 112.318 GC heap before
{Heap before GC invocations=30 (full 1):
 garbage-first heap   total 57344K, used 43589K [0x0000000084400000, 0x0000000100000000)
  region size 1024K, 18 young (18432K), 2 survivors (2048K)
 Metaspace       used 80271K, committed 80832K, reserved 1179648K
  class space    used 10712K, committed 11008K, reserved 1048576K
}
Event: 112.322 GC heap after
{Heap after GC invocations=31 (full 1):
 garbage-first heap   total 57344K, used 28427K [0x0000000084400000, 0x0000000100000000)
  region size 1024K, 2 young (2048K), 2 survivors (2048K)
 Metaspace       used 80271K, committed 80832K, reserved 1179648K
  class space    used 10712K, committed 11008K, reserved 1048576K
}
Event: 112.750 GC heap before
{Heap before GC invocations=31 (full 1):
 garbage-first heap   total 57344K, used 43787K [0x0000000084400000, 0x0000000100000000)
  region size 1024K, 17 young (17408K), 2 survivors (2048K)
 Metaspace       used 80542K, committed 81152K, reserved 1179648K
  class space    used 10728K, committed 11008K, reserved 1048576K
}
Event: 112.753 GC heap after
{Heap after GC invocations=32 (full 1):
 garbage-first heap   total 57344K, used 30265K [0x0000000084400000, 0x0000000100000000)
  region size 1024K, 3 young (3072K), 3 survivors (3072K)
 Metaspace       used 80542K, committed 81152K, reserved 1179648K
  class space    used 10728K, committed 11008K, reserved 1048576K
}
Event: 113.007 GC heap before
{Heap before GC invocations=33 (full 1):
 garbage-first heap   total 57344K, used 43577K [0x0000000084400000, 0x0000000100000000)
  region size 1024K, 16 young (16384K), 3 survivors (3072K)
 Metaspace       used 80899K, committed 81472K, reserved 1179648K
  class space    used 10746K, committed 11008K, reserved 1048576K
}
Event: 113.010 GC heap after
{Heap after GC invocations=34 (full 1):
 garbage-first heap   total 57344K, used 30819K [0x0000000084400000, 0x0000000100000000)
  region size 1024K, 2 young (2048K), 2 survivors (2048K)
 Metaspace       used 80899K, committed 81472K, reserved 1179648K
  class space    used 10746K, committed 11008K, reserved 1048576K
}
Event: 113.275 GC heap before
{Heap before GC invocations=34 (full 1):
 garbage-first heap   total 57344K, used 43107K [0x0000000084400000, 0x0000000100000000)
  region size 1024K, 14 young (14336K), 2 survivors (2048K)
 Metaspace       used 81027K, committed 81600K, reserved 1179648K
  class space    used 10748K, committed 11008K, reserved 1048576K
}
Event: 113.279 GC heap after
{Heap after GC invocations=35 (full 1):
 garbage-first heap   total 57344K, used 31561K [0x0000000084400000, 0x0000000100000000)
  region size 1024K, 1 young (1024K), 1 survivors (1024K)
 Metaspace       used 81027K, committed 81600K, reserved 1179648K
  class space    used 10748K, committed 11008K, reserved 1048576K
}

Dll operation events (10 events):
Event: 0.016 Loaded shared library C:\Users\PMLS\.vscode\extensions\redhat.java-1.37.0-win32-x64\jre\17.0.13-win32-x86_64\bin\java.dll
Event: 0.558 Loaded shared library C:\Users\PMLS\.vscode\extensions\redhat.java-1.37.0-win32-x64\jre\17.0.13-win32-x86_64\bin\net.dll
Event: 0.560 Loaded shared library C:\Users\PMLS\.vscode\extensions\redhat.java-1.37.0-win32-x64\jre\17.0.13-win32-x86_64\bin\nio.dll
Event: 0.576 Loaded shared library C:\Users\PMLS\.vscode\extensions\redhat.java-1.37.0-win32-x64\jre\17.0.13-win32-x86_64\bin\zip.dll
Event: 0.704 Loaded shared library C:\Users\PMLS\.vscode\extensions\redhat.java-1.37.0-win32-x64\jre\17.0.13-win32-x86_64\bin\jimage.dll
Event: 1.052 Loaded shared library C:\Users\PMLS\.vscode\extensions\redhat.java-1.37.0-win32-x64\jre\17.0.13-win32-x86_64\bin\management.dll
Event: 1.054 Loaded shared library C:\Users\PMLS\.vscode\extensions\redhat.java-1.37.0-win32-x64\jre\17.0.13-win32-x86_64\bin\management_ext.dll
Event: 2.953 Loaded shared library C:\Users\PMLS\.vscode\extensions\redhat.java-1.37.0-win32-x64\jre\17.0.13-win32-x86_64\bin\sunmscapi.dll
Event: 5.809 Loaded shared library C:\Users\PMLS\.vscode\extensions\redhat.java-1.37.0-win32-x64\jre\17.0.13-win32-x86_64\bin\verify.dll
Event: 6.337 Loaded shared library C:\Users\PMLS\.vscode\extensions\redhat.java-1.37.0-win32-x64\jre\17.0.13-win32-x86_64\bin\extnet.dll

Deoptimization events (20 events):
Event: 113.132 Thread 0x000001b418966ec0 DEOPT PACKING pc=0x000001b4001f395c sp=0x0000001100bfd9b0
Event: 113.132 Thread 0x000001b418966ec0 DEOPT UNPACKING pc=0x000001b407587143 sp=0x0000001100bfce70 mode 1
Event: 113.156 Thread 0x000001b418966ec0 DEOPT PACKING pc=0x000001b4003f5bc9 sp=0x0000001100bfd6b0
Event: 113.156 Thread 0x000001b418966ec0 DEOPT UNPACKING pc=0x000001b407587143 sp=0x0000001100bfcb98 mode 1
Event: 113.156 Thread 0x000001b418966ec0 DEOPT PACKING pc=0x000001b4003e3d44 sp=0x0000001100bfd750
Event: 113.156 Thread 0x000001b418966ec0 DEOPT UNPACKING pc=0x000001b407587143 sp=0x0000001100bfcd00 mode 1
Event: 113.156 Thread 0x000001b418966ec0 DEOPT PACKING pc=0x000001b4003d6004 sp=0x0000001100bfd8c0
Event: 113.156 Thread 0x000001b418966ec0 DEOPT UNPACKING pc=0x000001b407587143 sp=0x0000001100bfce90 mode 1
Event: 113.156 Thread 0x000001b418966ec0 DEOPT PACKING pc=0x000001b4003f5bc9 sp=0x0000001100bfd660
Event: 113.156 Thread 0x000001b418966ec0 DEOPT UNPACKING pc=0x000001b407587143 sp=0x0000001100bfcb48 mode 1
Event: 113.156 Thread 0x000001b418966ec0 DEOPT PACKING pc=0x000001b4003e3d44 sp=0x0000001100bfd700
Event: 113.156 Thread 0x000001b418966ec0 DEOPT UNPACKING pc=0x000001b407587143 sp=0x0000001100bfccb0 mode 1
Event: 113.156 Thread 0x000001b418966ec0 DEOPT PACKING pc=0x000001b4003d6004 sp=0x0000001100bfd870
Event: 113.156 Thread 0x000001b418966ec0 DEOPT UNPACKING pc=0x000001b407587143 sp=0x0000001100bfce40 mode 1
Event: 113.158 Thread 0x000001b41896b5a0 DEOPT PACKING pc=0x000001b400953a01 sp=0x00000011017fea90
Event: 113.159 Thread 0x000001b41896b5a0 DEOPT UNPACKING pc=0x000001b407587143 sp=0x00000011017fdf50 mode 1
Event: 113.227 Thread 0x000001b41896b5a0 DEOPT PACKING pc=0x000001b400953a01 sp=0x00000011017fea90
Event: 113.227 Thread 0x000001b41896b5a0 DEOPT UNPACKING pc=0x000001b407587143 sp=0x00000011017fdf50 mode 1
Event: 113.336 Thread 0x000001b41896b5a0 DEOPT PACKING pc=0x000001b400953a01 sp=0x00000011017fea90
Event: 113.337 Thread 0x000001b41896b5a0 DEOPT UNPACKING pc=0x000001b407587143 sp=0x00000011017fdf50 mode 1

Classes loaded (20 events):
Event: 111.408 Loading class java/util/AbstractMap$2
Event: 111.408 Loading class java/util/AbstractMap$2 done
Event: 111.409 Loading class java/util/AbstractMap$2$1
Event: 111.409 Loading class java/util/AbstractMap$2$1 done
Event: 111.412 Loading class jdk/internal/reflect/UnsafeQualifiedObjectFieldAccessorImpl
Event: 111.412 Loading class jdk/internal/reflect/UnsafeQualifiedFieldAccessorImpl
Event: 111.412 Loading class jdk/internal/reflect/UnsafeQualifiedFieldAccessorImpl done
Event: 111.412 Loading class jdk/internal/reflect/UnsafeQualifiedObjectFieldAccessorImpl done
Event: 111.461 Loading class java/util/WeakHashMap$KeyIterator
Event: 111.461 Loading class java/util/WeakHashMap$HashIterator
Event: 111.461 Loading class java/util/WeakHashMap$HashIterator done
Event: 111.461 Loading class java/util/WeakHashMap$KeyIterator done
Event: 111.521 Loading class java/lang/ref/Finalizer$2
Event: 111.521 Loading class java/lang/ref/Finalizer$2 done
Event: 111.523 Loading class java/lang/ref/Finalizer$1
Event: 111.523 Loading class java/lang/ref/Finalizer$1 done
Event: 112.158 Loading class java/util/WeakHashMap$EntrySet
Event: 112.158 Loading class java/util/WeakHashMap$EntrySet done
Event: 112.158 Loading class java/util/WeakHashMap$EntryIterator
Event: 112.158 Loading class java/util/WeakHashMap$EntryIterator done

Classes unloaded (1 events):
Event: 113.311 Thread 0x000001b41352eb70 Unloading class 0x0000000100acc800 'org/apache/catalina/loader/JdbcLeakPrevention'

Classes redefined (0 events):
No events

Internal exceptions (20 events):
Event: 111.542 Thread 0x000001b418966ec0 Exception <a 'sun/nio/fs/WindowsException'{0x000000008bf71780}> (0x000000008bf71780) 
thrown [s\src\hotspot\share\prims\jni.cpp, line 516]
Event: 111.592 Thread 0x000001b418966ec0 Exception <a 'sun/nio/fs/WindowsException'{0x000000008b6f3e90}> (0x000000008b6f3e90) 
thrown [s\src\hotspot\share\prims\jni.cpp, line 516]
Event: 112.073 Thread 0x000001b418966ec0 Exception <a 'sun/nio/fs/WindowsException'{0x000000008b630d40}> (0x000000008b630d40) 
thrown [s\src\hotspot\share\prims\jni.cpp, line 516]
Event: 112.086 Thread 0x000001b418966ec0 Exception <a 'sun/nio/fs/WindowsException'{0x000000008b6c4ff0}> (0x000000008b6c4ff0) 
thrown [s\src\hotspot\share\prims\jni.cpp, line 516]
Event: 112.187 Thread 0x000001b418966ec0 Exception <a 'java/lang/NoClassDefFoundError'{0x000000008755bd18}: org/flywaydb/core/Flyway> (0x000000008755bd18) 
thrown [s\src\hotspot\share\oops\constantPool.cpp, line 837]
Event: 112.187 Thread 0x000001b418966ec0 Exception <a 'java/lang/NoClassDefFoundError'{0x000000008755c5b0}: liquibase/integration/spring/SpringLiquibase> (0x000000008755c5b0) 
thrown [s\src\hotspot\share\oops\constantPool.cpp, line 837]
Event: 112.193 Thread 0x000001b418966ec0 Exception <a 'java/lang/NoClassDefFoundError'{0x00000000875aece0}: org/jooq/DSLContext> (0x00000000875aece0) 
thrown [s\src\hotspot\share\oops\constantPool.cpp, line 837]
Event: 112.193 Thread 0x000001b418966ec0 Exception <a 'java/lang/NoClassDefFoundError'{0x00000000875b70f0}: org/springframework/batch/core/repository/JobRepository> (0x00000000875b70f0) 
thrown [s\src\hotspot\share\oops\constantPool.cpp, line 837]
Event: 112.193 Thread 0x000001b418966ec0 Exception <a 'java/lang/NoClassDefFoundError'{0x00000000875b7738}: org/quartz/Scheduler> (0x00000000875b7738) 
thrown [s\src\hotspot\share\oops\constantPool.cpp, line 837]
Event: 112.193 Thread 0x000001b418966ec0 Exception <a 'java/lang/NoClassDefFoundError'{0x00000000875b7da8}: org/springframework/session/jdbc/JdbcIndexedSessionRepository> (0x00000000875b7da8) 
thrown [s\src\hotspot\share\oops\constantPool.cpp, line 837]
Event: 112.258 Thread 0x000001b418966ec0 Exception <a 'sun/nio/fs/WindowsException'{0x0000000086e19888}> (0x0000000086e19888) 
thrown [s\src\hotspot\share\prims\jni.cpp, line 516]
Event: 112.259 Thread 0x000001b418966ec0 Exception <a 'sun/nio/fs/WindowsException'{0x0000000086e19e90}> (0x0000000086e19e90) 
thrown [s\src\hotspot\share\prims\jni.cpp, line 516]
Event: 112.259 Thread 0x000001b418966ec0 Exception <a 'sun/nio/fs/WindowsException'{0x0000000086e1a568}> (0x0000000086e1a568) 
thrown [s\src\hotspot\share\prims\jni.cpp, line 516]
Event: 112.275 Thread 0x000001b418966ec0 Exception <a 'java/io/FileNotFoundException'{0x0000000086e52138}> (0x0000000086e52138) 
thrown [s\src\hotspot\share\prims\jni.cpp, line 516]
Event: 112.306 Thread 0x000001b418966ec0 Exception <a 'java/io/FileNotFoundException'{0x0000000086c01608}> (0x0000000086c01608) 
thrown [s\src\hotspot\share\prims\jni.cpp, line 516]
Event: 112.344 Thread 0x000001b418966ec0 Exception <a 'sun/nio/fs/WindowsException'{0x000000008b563de8}> (0x000000008b563de8) 
thrown [s\src\hotspot\share\prims\jni.cpp, line 516]
Event: 112.904 Thread 0x000001b418966ec0 Exception <a 'java/lang/reflect/InvocationTargetException'{0x00000000875c7280}> (0x00000000875c7280) 
thrown [s\src\hotspot\share\runtime\reflection.cpp, line 1128]
Event: 112.920 Thread 0x000001b418966ec0 Exception <a 'java/lang/reflect/InvocationTargetException'{0x0000000087301088}> (0x0000000087301088) 
thrown [s\src\hotspot\share\runtime\reflection.cpp, line 1128]
Event: 112.921 Thread 0x000001b418966ec0 Exception <a 'java/lang/reflect/InvocationTargetException'{0x000000008730e8d8}> (0x000000008730e8d8) 
thrown [s\src\hotspot\share\runtime\reflection.cpp, line 1128]
Event: 113.029 Thread 0x000001b418966ec0 Exception <a 'sun/nio/fs/WindowsException'{0x000000008b7647e8}> (0x000000008b7647e8) 
thrown [s\src\hotspot\share\prims\jni.cpp, line 516]

VM Operations (20 events):
Event: 112.006 Executing VM operation: G1PauseRemark
Event: 112.013 Executing VM operation: G1PauseRemark done
Event: 112.025 Executing VM operation: G1PauseCleanup
Event: 112.025 Executing VM operation: G1PauseCleanup done
Event: 112.318 Executing VM operation: G1CollectForAllocation
Event: 112.322 Executing VM operation: G1CollectForAllocation done
Event: 112.749 Executing VM operation: G1CollectForAllocation
Event: 112.753 Executing VM operation: G1CollectForAllocation done
Event: 112.783 Executing VM operation: G1PauseRemark
Event: 112.788 Executing VM operation: G1PauseRemark done
Event: 112.795 Executing VM operation: G1PauseCleanup
Event: 112.796 Executing VM operation: G1PauseCleanup done
Event: 113.007 Executing VM operation: G1CollectForAllocation
Event: 113.010 Executing VM operation: G1CollectForAllocation done
Event: 113.275 Executing VM operation: G1CollectForAllocation
Event: 113.280 Executing VM operation: G1CollectForAllocation done
Event: 113.310 Executing VM operation: G1PauseRemark
Event: 113.332 Executing VM operation: G1PauseRemark done
Event: 113.351 Executing VM operation: G1PauseCleanup
Event: 113.352 Executing VM operation: G1PauseCleanup done

Memory protections (0 events):
No events

Nmethod flushes (20 events):
Event: 7.491 Thread 0x000001b4138d0240 flushing  nmethod 0x000001b400893510
Event: 7.491 Thread 0x000001b4138d0240 flushing  nmethod 0x000001b40089b110
Event: 7.491 Thread 0x000001b4138d0240 flushing  nmethod 0x000001b40089c110
Event: 7.491 Thread 0x000001b4138d0240 flushing osr nmethod 0x000001b4008a5490
Event: 7.491 Thread 0x000001b4138d0240 flushing  nmethod 0x000001b4008a8f10
Event: 7.491 Thread 0x000001b4138d0240 flushing  nmethod 0x000001b4008ac790
Event: 7.491 Thread 0x000001b4138d0240 flushing  nmethod 0x000001b4008af110
Event: 7.491 Thread 0x000001b4138d0240 flushing  nmethod 0x000001b4008b0710
Event: 7.491 Thread 0x000001b4138d0240 flushing  nmethod 0x000001b4008b0e10
Event: 7.491 Thread 0x000001b4138d0240 flushing  nmethod 0x000001b4008b1710
Event: 7.491 Thread 0x000001b4138d0240 flushing  nmethod 0x000001b4008b3010
Event: 7.491 Thread 0x000001b4138d0240 flushing  nmethod 0x000001b4008c5490
Event: 7.491 Thread 0x000001b4138d0240 flushing  nmethod 0x000001b4008c6410
Event: 7.491 Thread 0x000001b4138d0240 flushing  nmethod 0x000001b4008ccf90
Event: 7.491 Thread 0x000001b4138d0240 flushing  nmethod 0x000001b4008d1490
Event: 7.491 Thread 0x000001b4138d0240 flushing  nmethod 0x000001b4008d1890
Event: 7.491 Thread 0x000001b4138d0240 flushing  nmethod 0x000001b4008df090
Event: 7.491 Thread 0x000001b4138d0240 flushing  nmethod 0x000001b4008df910
Event: 7.491 Thread 0x000001b4138d0240 flushing  nmethod 0x000001b4008fb790
Event: 111.596 Thread 0x000001b4138d0240 flushing  nmethod 0x000001b40080ac10

Events (20 events):
Event: 112.495 Thread 0x000001b418966ec0 Thread added: 0x000001b4189669b0
Event: 112.496 Thread 0x000001b418966ec0 Thread added: 0x000001b41896b5a0
Event: 112.497 Thread 0x000001b41896b5a0 Thread exited: 0x000001b41896b5a0
Event: 112.498 Thread 0x000001b418966ec0 Thread added: 0x000001b4189673d0
Event: 112.602 Thread 0x000001b4189673d0 Thread added: 0x000001b41896b5a0
Event: 113.126 Thread 0x000001b418966ec0 Thread added: 0x000001b418965060
Event: 113.135 Thread 0x000001b418966ec0 Thread added: 0x000001b418969c50
Event: 113.135 Thread 0x000001b418966ec0 Thread added: 0x000001b418968300
Event: 113.136 Thread 0x000001b418966ec0 Thread added: 0x000001b418968810
Event: 113.136 Thread 0x000001b418966ec0 Thread added: 0x000001b418969740
Event: 113.136 Thread 0x000001b418966ec0 Thread added: 0x000001b418965570
Event: 113.136 Thread 0x000001b418966ec0 Thread added: 0x000001b418965f90
Event: 113.136 Thread 0x000001b418966ec0 Thread added: 0x000001b41896a670
Event: 113.137 Thread 0x000001b418966ec0 Thread added: 0x000001b41896ab80
Event: 113.137 Thread 0x000001b418966ec0 Thread added: 0x000001b41896c9e0
Event: 113.138 Thread 0x000001b418966ec0 Thread added: 0x000001b418965a80
Event: 113.142 Thread 0x000001b418966ec0 Thread added: 0x000001b41a40cd90
Event: 113.143 Thread 0x000001b418966ec0 Thread added: 0x000001b41a40e6e0
Event: 113.157 Thread 0x000001b418966ec0 Thread exited: 0x000001b418966ec0
Event: 113.157 Thread 0x000001b41896a160 Thread exited: 0x000001b41896a160


Dynamic libraries:
0x00007ff71ebe0000 - 0x00007ff71ebee000 	C:\Users\PMLS\.vscode\extensions\redhat.java-1.37.0-win32-x64\jre\17.0.13-win32-x86_64\bin\java.exe
0x00007ffe5c710000 - 0x00007ffe5c908000 	C:\Windows\SYSTEM32\ntdll.dll
0x00007ffe5b060000 - 0x00007ffe5b122000 	C:\Windows\System32\KERNEL32.DLL
0x00007ffe5a240000 - 0x00007ffe5a53e000 	C:\Windows\System32\KERNELBASE.dll
0x00007ffe59db0000 - 0x00007ffe59eb0000 	C:\Windows\System32\ucrtbase.dll
0x00007ffe2e280000 - 0x00007ffe2e29e000 	C:\Users\PMLS\.vscode\extensions\redhat.java-1.37.0-win32-x64\jre\17.0.13-win32-x86_64\bin\VCRUNTIME140.dll
0x00007ffe2ffe0000 - 0x00007ffe2fff7000 	C:\Users\PMLS\.vscode\extensions\redhat.java-1.37.0-win32-x64\jre\17.0.13-win32-x86_64\bin\jli.dll
0x00007ffe5c480000 - 0x00007ffe5c61d000 	C:\Windows\System32\USER32.dll
0x00007ffe34f40000 - 0x00007ffe351da000 	C:\Windows\WinSxS\amd64_microsoft.windows.common-controls_6595b64144ccf1df_6.0.19041.4355_none_60b8b9eb71f62e16\COMCTL32.dll
0x00007ffe5a690000 - 0x00007ffe5a6b2000 	C:\Windows\System32\win32u.dll
0x00007ffe5b9b0000 - 0x00007ffe5ba4e000 	C:\Windows\System32\msvcrt.dll
0x00007ffe5bb30000 - 0x00007ffe5bb5b000 	C:\Windows\System32\GDI32.dll
0x00007ffe5a540000 - 0x00007ffe5a657000 	C:\Windows\System32\gdi32full.dll
0x00007ffe5a1a0000 - 0x00007ffe5a23d000 	C:\Windows\System32\msvcp_win.dll
0x00007ffe5ae20000 - 0x00007ffe5ae4f000 	C:\Windows\System32\IMM32.DLL
0x00007ffe53eb0000 - 0x00007ffe53ebc000 	C:\Users\PMLS\.vscode\extensions\redhat.java-1.37.0-win32-x64\jre\17.0.13-win32-x86_64\bin\vcruntime140_1.dll
0x00007ffdee880000 - 0x00007ffdee90d000 	C:\Users\PMLS\.vscode\extensions\redhat.java-1.37.0-win32-x64\jre\17.0.13-win32-x86_64\bin\msvcp140.dll
0x00007ffde5220000 - 0x00007ffde5e8b000 	C:\Users\PMLS\.vscode\extensions\redhat.java-1.37.0-win32-x64\jre\17.0.13-win32-x86_64\bin\server\jvm.dll
0x00007ffe5acd0000 - 0x00007ffe5ad81000 	C:\Windows\System32\ADVAPI32.dll
0x00007ffe5b760000 - 0x00007ffe5b7ff000 	C:\Windows\System32\sechost.dll
0x00007ffe5aba0000 - 0x00007ffe5acc3000 	C:\Windows\System32\RPCRT4.dll
0x00007ffe5a660000 - 0x00007ffe5a687000 	C:\Windows\System32\bcrypt.dll
0x00007ffe5b930000 - 0x00007ffe5b99b000 	C:\Windows\System32\WS2_32.dll
0x00007ffe59b60000 - 0x00007ffe59bab000 	C:\Windows\SYSTEM32\POWRPROF.dll
0x00007ffe43ba0000 - 0x00007ffe43baa000 	C:\Windows\SYSTEM32\VERSION.dll
0x00007ffe4d240000 - 0x00007ffe4d267000 	C:\Windows\SYSTEM32\WINMM.dll
0x00007ffe59b40000 - 0x00007ffe59b52000 	C:\Windows\SYSTEM32\UMPDC.dll
0x00007ffe58590000 - 0x00007ffe585a2000 	C:\Windows\SYSTEM32\kernel.appcore.dll
0x00007ffe35940000 - 0x00007ffe3594a000 	C:\Users\PMLS\.vscode\extensions\redhat.java-1.37.0-win32-x64\jre\17.0.13-win32-x86_64\bin\jimage.dll
0x00007ffe57950000 - 0x00007ffe57b34000 	C:\Windows\SYSTEM32\DBGHELP.DLL
0x00007ffe37240000 - 0x00007ffe37274000 	C:\Windows\SYSTEM32\dbgcore.DLL
0x00007ffe5a010000 - 0x00007ffe5a092000 	C:\Windows\System32\bcryptPrimitives.dll
0x00007ffe21dc0000 - 0x00007ffe21dfb000 	C:\Users\PMLS\.vscode\extensions\redhat.java-1.37.0-win32-x64\jre\17.0.13-win32-x86_64\bin\jdwp.dll
0x00007ffe2aa70000 - 0x00007ffe2aa95000 	C:\Users\PMLS\.vscode\extensions\redhat.java-1.37.0-win32-x64\jre\17.0.13-win32-x86_64\bin\java.dll
0x00007ffe2c7d0000 - 0x00007ffe2c7e8000 	C:\Users\PMLS\.vscode\extensions\redhat.java-1.37.0-win32-x64\jre\17.0.13-win32-x86_64\bin\zip.dll
0x00007ffe5bd10000 - 0x00007ffe5c47d000 	C:\Windows\System32\SHELL32.dll
0x00007ffe57dd0000 - 0x00007ffe58574000 	C:\Windows\SYSTEM32\windows.storage.dll
0x00007ffe5b130000 - 0x00007ffe5b483000 	C:\Windows\System32\combase.dll
0x00007ffe59630000 - 0x00007ffe5965e000 	C:\Windows\SYSTEM32\Wldp.dll
0x00007ffe5bc40000 - 0x00007ffe5bd0d000 	C:\Windows\System32\OLEAUT32.dll
0x00007ffe5b650000 - 0x00007ffe5b6fd000 	C:\Windows\System32\SHCORE.dll
0x00007ffe5bad0000 - 0x00007ffe5bb25000 	C:\Windows\System32\shlwapi.dll
0x00007ffe59ce0000 - 0x00007ffe59d04000 	C:\Windows\SYSTEM32\profapi.dll
0x00007ffe27b80000 - 0x00007ffe27b8c000 	C:\Users\PMLS\.vscode\extensions\redhat.java-1.37.0-win32-x64\jre\17.0.13-win32-x86_64\bin\dt_socket.dll
0x00007ffe59110000 - 0x00007ffe5914b000 	C:\Windows\SYSTEM32\IPHLPAPI.DLL
0x00007ffe59410000 - 0x00007ffe5947a000 	C:\Windows\system32\mswsock.dll
0x00007ffe59150000 - 0x00007ffe5921a000 	C:\Windows\SYSTEM32\DNSAPI.dll
0x00007ffe5b9a0000 - 0x00007ffe5b9a8000 	C:\Windows\System32\NSI.dll
0x00007ffe50dd0000 - 0x00007ffe50dda000 	C:\Windows\System32\rasadhlp.dll
0x00007ffe4f640000 - 0x00007ffe4f6c0000 	C:\Windows\System32\fwpuclnt.dll
0x00007ffe2c0c0000 - 0x00007ffe2c0d9000 	C:\Users\PMLS\.vscode\extensions\redhat.java-1.37.0-win32-x64\jre\17.0.13-win32-x86_64\bin\net.dll
0x00007ffe568f0000 - 0x00007ffe569fd000 	C:\Windows\SYSTEM32\WINHTTP.dll
0x00007ffe2bf50000 - 0x00007ffe2bf66000 	C:\Users\PMLS\.vscode\extensions\redhat.java-1.37.0-win32-x64\jre\17.0.13-win32-x86_64\bin\nio.dll
0x00007ffe253d0000 - 0x00007ffe253da000 	C:\Users\PMLS\.vscode\extensions\redhat.java-1.37.0-win32-x64\jre\17.0.13-win32-x86_64\bin\management.dll
0x00007ffe24930000 - 0x00007ffe2493b000 	C:\Users\PMLS\.vscode\extensions\redhat.java-1.37.0-win32-x64\jre\17.0.13-win32-x86_64\bin\management_ext.dll
0x00007ffe5b640000 - 0x00007ffe5b648000 	C:\Windows\System32\PSAPI.DLL
0x00007ffe2c2b0000 - 0x00007ffe2c2be000 	C:\Users\PMLS\.vscode\extensions\redhat.java-1.37.0-win32-x64\jre\17.0.13-win32-x86_64\bin\sunmscapi.dll
0x00007ffe59eb0000 - 0x00007ffe5a00c000 	C:\Windows\System32\CRYPT32.dll
0x00007ffe597e0000 - 0x00007ffe59807000 	C:\Windows\SYSTEM32\ncrypt.dll
0x00007ffe597a0000 - 0x00007ffe597db000 	C:\Windows\SYSTEM32\NTASN1.dll
0x00007ffe59670000 - 0x00007ffe59688000 	C:\Windows\SYSTEM32\CRYPTSP.dll
0x00007ffe58d50000 - 0x00007ffe58d84000 	C:\Windows\system32\rsaenh.dll
0x00007ffe59c60000 - 0x00007ffe59c8e000 	C:\Windows\SYSTEM32\USERENV.dll
0x00007ffe595a0000 - 0x00007ffe595ac000 	C:\Windows\SYSTEM32\CRYPTBASE.dll
0x00007ffe519e0000 - 0x00007ffe519f7000 	C:\Windows\SYSTEM32\dhcpcsvc6.DLL
0x00007ffe519c0000 - 0x00007ffe519dd000 	C:\Windows\SYSTEM32\dhcpcsvc.DLL
0x00007ffe2eb70000 - 0x00007ffe2eb80000 	C:\Users\PMLS\.vscode\extensions\redhat.java-1.37.0-win32-x64\jre\17.0.13-win32-x86_64\bin\verify.dll
0x00007ffe56d90000 - 0x00007ffe56d99000 	C:\Users\PMLS\.vscode\extensions\redhat.java-1.37.0-win32-x64\jre\17.0.13-win32-x86_64\bin\extnet.dll
0x00007ffe2c910000 - 0x00007ffe2c927000 	C:\Windows\system32\napinsp.dll
0x00007ffe2c8f0000 - 0x00007ffe2c90b000 	C:\Windows\system32\pnrpnsp.dll
0x00007ffe2c6e0000 - 0x00007ffe2c6f5000 	C:\Windows\system32\wshbth.dll
0x00007ffe568c0000 - 0x00007ffe568dd000 	C:\Windows\system32\NLAapi.dll
0x00007ffe2c6c0000 - 0x00007ffe2c6d2000 	C:\Windows\System32\winrnr.dll
0x00007ffe2b4b0000 - 0x00007ffe2b4b7000 	C:\Windows\system32\wshunix.dll

dbghelp: loaded successfully - version: 4.0.5 - missing functions: none
symbol engine: initialized successfully - sym options: 0x614 - pdb path: .;C:\Users\PMLS\.vscode\extensions\redhat.java-1.37.0-win32-x64\jre\17.0.13-win32-x86_64\bin;C:\Windows\SYSTEM32;C:\Windows\WinSxS\amd64_microsoft.windows.common-controls_6595b64144ccf1df_6.0.19041.4355_none_60b8b9eb71f62e16;C:\Users\PMLS\.vscode\extensions\redhat.java-1.37.0-win32-x64\jre\17.0.13-win32-x86_64\bin\server

VM Arguments:
jvm_args: -agentlib:jdwp=transport=dt_socket,server=n,suspend=y,address=localhost:62721 -XX:+ShowCodeDetailsInExceptionMessages 
java_command: com.bot.watsappbot.WatsappbotApplication
java_class_path (initial): E:\FYP\backup2.0\watsappbot-main-main\target\classes;C:\Users\PMLS\.m2\repository\org\springframework\boot\spring-boot-starter-web\3.3.4\spring-boot-starter-web-3.3.4.jar;C:\Users\PMLS\.m2\repository\org\springframework\boot\spring-boot-starter\3.3.4\spring-boot-starter-3.3.4.jar;C:\Users\PMLS\.m2\repository\org\springframework\boot\spring-boot-starter-logging\3.3.4\spring-boot-starter-logging-3.3.4.jar;C:\Users\PMLS\.m2\repository\ch\qos\logback\logback-classic\1.5.8\logback-classic-1.5.8.jar;C:\Users\PMLS\.m2\repository\ch\qos\logback\logback-core\1.5.8\logback-core-1.5.8.jar;C:\Users\PMLS\.m2\repository\org\apache\logging\log4j\log4j-to-slf4j\2.23.1\log4j-to-slf4j-2.23.1.jar;C:\Users\PMLS\.m2\repository\org\apache\logging\log4j\log4j-api\2.23.1\log4j-api-2.23.1.jar;C:\Users\PMLS\.m2\repository\org\slf4j\jul-to-slf4j\2.0.16\jul-to-slf4j-2.0.16.jar;C:\Users\PMLS\.m2\repository\jakarta\annotation\jakarta.annotation-api\2.1.1\jakarta.annotation-api-2.1.1.jar;C:\Users\PMLS\.m2\repository\org\yaml\snakeyaml\2.2\snakeyaml-2.2.jar;C:\Users\PMLS\.m2\repository\org\springframework\boot\spring-boot-starter-json\3.3.4\spring-boot-starter-json-3.3.4.jar;C:\Users\PMLS\.m2\repository\com\fasterxml\jackson\datatype\jackson-datatype-jdk8\2.17.2\jackson-datatype-jdk8-2.17.2.jar;C:\Users\PMLS\.m2\repository\com\fasterxml\jackson\datatype\jackson-datatype-jsr310\2.17.2\jackson-datatype-jsr310-2.17.2.jar;C:\Users\PMLS\.m2\repository\com\fasterxml\jackson\module\jackson-module-parameter-names\2.17.2\jackson-module-parameter-names-2.17.2.jar;C:\Users\PMLS\.m2\repository\org\springframework\boot\spring-boot-starter-tomcat\3.3.4\spring-boot-starter-tomcat-3.3.4.jar;C:\Users\PMLS\.m2\repository\org\apache\tomcat\embed\tomcat-embed-core\10.1.30\tomcat-embed-core-10.1.30.jar;C:\Users\PMLS\.m2\repository\org\apache\tomcat\embed\tomcat-embed-websocket\10.1.30\tomcat-embed-websocket-10.1.30.jar;C:\Users\PMLS\.m2\repository\org\springframework\spring-webmvc\6.1.13\s
Launcher Type: SUN_STANDARD

[Global flags]
     intx CICompilerCount                          = 4                                         {product} {ergonomic}
     uint ConcGCThreads                            = 3                                         {product} {ergonomic}
     uint G1ConcRefinementThreads                  = 10                                        {product} {ergonomic}
   size_t G1HeapRegionSize                         = 1048576                                   {product} {ergonomic}
    uintx GCDrainStackTargetSize                   = 64                                        {product} {ergonomic}
   size_t InitialHeapSize                          = 130023424                                 {product} {ergonomic}
   size_t MarkStackSize                            = 4194304                                   {product} {ergonomic}
   size_t MaxHeapSize                              = 2076180480                                {product} {ergonomic}
   size_t MaxNewSize                               = 1245708288                                {product} {ergonomic}
   size_t MinHeapDeltaBytes                        = 1048576                                   {product} {ergonomic}
   size_t MinHeapSize                              = 8388608                                   {product} {ergonomic}
    uintx NonNMethodCodeHeapSize                   = 5839372                                {pd product} {ergonomic}
    uintx NonProfiledCodeHeapSize                  = 122909434                              {pd product} {ergonomic}
    uintx ProfiledCodeHeapSize                     = 122909434                              {pd product} {ergonomic}
    uintx ReservedCodeCacheSize                    = 251658240                              {pd product} {ergonomic}
     bool SegmentedCodeCache                       = true                                      {product} {ergonomic}
     bool ShowCodeDetailsInExceptionMessages       = true                                   {manageable} {command line}
   size_t SoftMaxHeapSize                          = 2076180480                             {manageable} {ergonomic}
     bool UseCompressedClassPointers               = true                           {product lp64_product} {ergonomic}
     bool UseCompressedOops                        = true                           {product lp64_product} {ergonomic}
     bool UseG1GC                                  = true                                      {product} {ergonomic}
     bool UseLargePagesIndividualAllocation        = false                                  {pd product} {ergonomic}

Logging:
Log output configuration:
 #0: stdout all=warning uptime,level,tags
 #1: stderr all=off uptime,level,tags

Environment Variables:
JAVA_HOME=C:\Program Files\Java\jdk-18.0.2
CLASSPATH=C:\Users\PMLS\Desktop\projct\pak.jar
PATH=C:\app\PMYLS\product\21c\dbhomeXE\bin;C:\Program Files\Common Files\Oracle\Java\javapath;C:\Windows\system32;C:\Windows;C:\Windows\System32\Wbem;C:\Windows\System32\WindowsPowerShell\v1.0\;C:\Windows\System32\OpenSSH\;C:\Program Files\Git\cmd;C:\Program Files\nodejs\;C:\Program Files\MySQL\MySQL Server 8.0\bin;C:\msys64\ucrt64\bin;E:\data;C:\Program Files\Java\jdk-18.0.2\bin;C:\Users\PMLS\AppData\Local\Programs\Python\Python310;C:\Users\PMLS\Downloads\ngrok-v3-stable-windows-amd64;C:\Program Files\Docker\Docker\resources\bin;C:\Users\PMLS\AppData\Local\Programs\Python\Python310\Scripts\;C:\Users\PMLS\AppData\Local\Programs\Python\Python310\;C:\Program Files\MySQL\MySQL Shell 8.0\bin\;C:\Users\PMLS\AppData\Local\Microsoft\WindowsApps;C:\Users\PMLS\AppData\Local\Programs\Microsoft VS Code\bin;C:\Users\PMLS\AppData\Roaming\npm;C:\ngrok;
USERNAME=PMYLS
LANG=en_US.UTF-8
OS=Windows_NT
PROCESSOR_IDENTIFIER=Intel64 Family 6 Model 154 Stepping 4, GenuineIntel
TMP=C:\Users\PMLS\AppData\Local\Temp
TEMP=C:\Users\PMLS\AppData\Local\Temp



Periodic native trim disabled


---------------  S Y S T E M  ---------------

OS:
 Windows 10 , 64 bit Build 19041 (10.0.19041.5198)
OS uptime: 0 days 9:30 hours
Hyper-V role detected

CPU: total 12 (initial active 12) (6 cores per cpu, 2 threads per core) family 6 model 154 stepping 4 microcode 0x424, cx8, cmov, fxsr, ht, mmx, 3dnowpref, sse, sse2, sse3, ssse3, sse4.1, sse4.2, popcnt, lzcnt, tsc, tscinvbit, avx, avx2, aes, erms, clmul, bmi1, bmi2, adx, sha, fma, vzeroupper, clflush, clflushopt, clwb, hv
Processor Information for processor 0
  Max Mhz: 1300, Current Mhz: 1300, Mhz Limit: 1300
Processor Information for processor 1
  Max Mhz: 1300, Current Mhz: 1300, Mhz Limit: 1300
Processor Information for processor 2
  Max Mhz: 1300, Current Mhz: 1300, Mhz Limit: 1300
Processor Information for processor 3
  Max Mhz: 1300, Current Mhz: 1300, Mhz Limit: 1300
Processor Information for processor 4
  Max Mhz: 900, Current Mhz: 900, Mhz Limit: 900
Processor Information for processor 5
  Max Mhz: 900, Current Mhz: 900, Mhz Limit: 900
Processor Information for processor 6
  Max Mhz: 900, Current Mhz: 900, Mhz Limit: 900
Processor Information for processor 7
  Max Mhz: 900, Current Mhz: 900, Mhz Limit: 900
Processor Information for processor 8
  Max Mhz: 900, Current Mhz: 900, Mhz Limit: 900
Processor Information for processor 9
  Max Mhz: 900, Current Mhz: 900, Mhz Limit: 900
Processor Information for processor 10
  Max Mhz: 900, Current Mhz: 900, Mhz Limit: 900
Processor Information for processor 11
  Max Mhz: 900, Current Mhz: 900, Mhz Limit: 900

Memory: 4k page, system-wide physical 7916M (676M free)
TotalPageFile size 20533M (AvailPageFile size 8M)
current process WorkingSet (physical memory assigned to process): 333M, peak: 348M
current process commit charge ("private bytes"): 377M, peak: 387M

vm_info: OpenJDK 64-Bit Server VM (17.0.13+11) for windows-amd64 JRE (17.0.13+11), built on Oct 16 2024 00:10:08 by "admin" with MS VC++ 17.7 (VS2022)

END.
